| distributed init (rank 3): env://
Namespace(data_path='./data/datasets/imagenet', model='mobilenet_v2', device='cuda', batch_size=128, epochs=60, workers=16, opt='sgd', lr=0.0001, momentum=0.9, weight_decay=4e-05, norm_weight_decay=None, bias_weight_decay=None, transformer_embedding_decay=None, label_smoothing=0.0, mixup_alpha=0.0, cutmix_alpha=0.0, lr_scheduler='cosineannealinglr', lr_warmup_epochs=0, lr_warmup_method='constant', lr_warmup_decay=0.01, lr_step_size=30, lr_gamma=0.1, lr_min=0.0, print_freq=100, output_dir='./data/checkpoints/20230712_102107_imagenet_classification_mobilenet_v2', resume='', start_epoch=0, cache_dataset=False, sync_bn=False, test_only=False, auto_augment=None, ra_magnitude=9, augmix_severity=3, random_erase=0.0, amp=False, world_size=4, dist_url='env://', model_ema=False, model_ema_steps=32, model_ema_decay=0.99998, use_deterministic_algorithms=False, interpolation='bilinear', val_resize_size=256, val_crop_size=224, train_crop_size=224, clip_grad_norm=None, ra_sampler=False, ra_reps=3, weights='MobileNet_V2_Weights.IMAGENET1K_V1', lite_model=0, quantization=1, quantization_type='W8C_A8T', pruning=0, pruning_ratio=0.5, pruning_type=1, compile_model=0, opset_version=None, train_epoch_size_factor=0.1, val_epoch_size_factor=0.0, rank=0, gpu=0, distributed=True, dist_backend='nccl')
Loading data
Loading training data
Took 2.6332814693450928
Loading validation data
Creating data loaders
Creating model
Start training
Epoch: [0]  [   0/2503]  eta: 12:45:31  lr: 0.0001  img/s: 15.22313340704387  loss: 1.5655 (1.5655)  acc1: 64.0625 (64.0625)  acc5: 82.0312 (82.0312)  time: 18.3504  data: 9.9421  max mem: 15029
Epoch: [0]  [ 100/2503]  eta: 1:16:34  lr: 0.0001  img/s: 67.35407492903853  loss: 1.4012 (1.4986)  acc1: 67.9688 (64.9134)  acc5: 85.9375 (85.0944)  time: 1.8394  data: 0.0002  max mem: 15029
Epoch: [0]  [ 200/2503]  eta: 1:12:03  lr: 0.0001  img/s: 71.85363816059174  loss: 1.4312 (1.4542)  acc1: 66.4062 (65.9554)  acc5: 86.7188 (85.6926)  time: 1.8379  data: 0.0003  max mem: 15029
Test:   [ 0/98]  eta: 0:13:52  loss: 0.7716 (0.7716)  acc1: 78.1250 (78.1250)  acc5: 95.3125 (95.3125)  time: 8.4985  data: 8.0627  max mem: 15029
Test:  Total time: 0:00:32
Test:  Acc@1 69.660 Acc@5 89.478
============= Diagnostic Run torch.onnx.export version 2.0.1+cu117 =============
verbose: False, log level: Level.ERROR
======================= 0 NONE 0 NOTE 0 WARNING 0 ERROR ========================

============= Diagnostic Run torch.onnx.export version 2.0.1+cu117 =============
verbose: False, log level: Level.ERROR
======================= 0 NONE 0 NOTE 0 WARNING 0 ERROR ========================

Epoch: [1]  [   0/2503]  eta: 2:34:20  lr: 9.99314767377287e-05  img/s: 107.74313800177327  loss: 1.0629 (1.0629)  acc1: 78.1250 (78.1250)  acc5: 89.8438 (89.8438)  time: 3.6999  data: 2.5119  max mem: 15029
Epoch: [1]  [ 100/2503]  eta: 1:13:27  lr: 9.99314767377287e-05  img/s: 72.70034770496711  loss: 1.2764 (1.3469)  acc1: 67.9688 (67.6129)  acc5: 87.5000 (86.5176)  time: 1.8197  data: 0.0002  max mem: 15029
Epoch: [1]  [ 200/2503]  eta: 1:10:10  lr: 9.99314767377287e-05  img/s: 72.14289609287897  loss: 1.2555 (1.3254)  acc1: 67.9688 (67.8638)  acc5: 87.5000 (87.1074)  time: 1.8278  data: 0.0002  max mem: 15029
Test:   [ 0/98]  eta: 0:12:17  loss: 0.7060 (0.7060)  acc1: 81.2500 (81.2500)  acc5: 92.9688 (92.9688)  time: 7.5267  data: 7.3154  max mem: 15029
Test:  Total time: 0:00:31
Test:  Acc@1 70.280 Acc@5 89.756
============= Diagnostic Run torch.onnx.export version 2.0.1+cu117 =============
verbose: False, log level: Level.ERROR
======================= 0 NONE 0 NOTE 0 WARNING 0 ERROR ========================

Epoch: [2]  [   0/2503]  eta: 2:33:12  lr: 9.972609476841367e-05  img/s: 118.41858661557048  loss: 1.4882 (1.4882)  acc1: 64.0625 (64.0625)  acc5: 86.7188 (86.7188)  time: 3.6727  data: 2.5917  max mem: 15029
Epoch: [2]  [ 100/2503]  eta: 1:13:12  lr: 9.972609476841367e-05  img/s: 73.8175303377751  loss: 1.2449 (1.2820)  acc1: 68.7500 (69.0439)  acc5: 89.8438 (88.0879)  time: 1.8302  data: 0.0002  max mem: 15029
Epoch: [2]  [ 200/2503]  eta: 1:09:59  lr: 9.972609476841367e-05  img/s: 63.051033469358224  loss: 1.3057 (1.2786)  acc1: 68.7500 (69.0415)  acc5: 86.7188 (87.9470)  time: 1.8260  data: 0.0002  max mem: 15029
Test:   [ 0/98]  eta: 0:14:42  loss: 0.6552 (0.6552)  acc1: 80.4688 (80.4688)  acc5: 95.3125 (95.3125)  time: 9.0078  data: 8.5330  max mem: 15029
Test:  Total time: 0:00:32
Test:  Acc@1 70.198 Acc@5 89.724
Epoch: [3]  [   0/2503]  eta: 6:49:34  lr: 9.93844170297569e-05  img/s: 25.494637098440084  loss: 1.0573 (1.0573)  acc1: 73.4375 (73.4375)  acc5: 92.9688 (92.9688)  time: 9.8178  data: 4.7971  max mem: 15029
Epoch: [3]  [ 100/2503]  eta: 1:15:30  lr: 9.93844170297569e-05  img/s: 75.72133265482742  loss: 1.2672 (1.3064)  acc1: 71.0938 (68.5025)  acc5: 89.0625 (87.7243)  time: 1.8091  data: 0.0002  max mem: 15029
Epoch: [3]  [ 200/2503]  eta: 1:10:57  lr: 9.93844170297569e-05  img/s: 70.60064852490699  loss: 1.2526 (1.2824)  acc1: 68.7500 (68.9366)  acc5: 88.2812 (87.9081)  time: 1.8175  data: 0.0002  max mem: 15029
Test:   [ 0/98]  eta: 0:13:34  loss: 0.6401 (0.6401)  acc1: 81.2500 (81.2500)  acc5: 94.5312 (94.5312)  time: 8.3128  data: 7.7275  max mem: 15029
Test:  Total time: 0:00:31
Test:  Acc@1 70.732 Acc@5 89.922
============= Diagnostic Run torch.onnx.export version 2.0.1+cu117 =============
verbose: False, log level: Level.ERROR
======================= 0 NONE 0 NOTE 0 WARNING 0 ERROR ========================

Epoch: [4]  [   0/2503]  eta: 2:29:56  lr: 9.89073800366903e-05  img/s: 151.67074618761464  loss: 1.4517 (1.4517)  acc1: 68.7500 (68.7500)  acc5: 84.3750 (84.3750)  time: 3.5942  data: 2.7502  max mem: 15029
Epoch: [4]  [ 100/2503]  eta: 1:13:08  lr: 9.89073800366903e-05  img/s: 74.9424168445174  loss: 1.2081 (1.2769)  acc1: 69.5312 (69.1290)  acc5: 87.5000 (87.6547)  time: 1.8244  data: 0.0002  max mem: 15029
Epoch: [4]  [ 200/2503]  eta: 1:10:07  lr: 9.89073800366903e-05  img/s: 73.79232732635734  loss: 1.2615 (1.2836)  acc1: 67.9688 (69.0337)  acc5: 87.5000 (87.6866)  time: 1.8222  data: 0.0002  max mem: 15029
Test:   [ 0/98]  eta: 0:13:34  loss: 0.6493 (0.6493)  acc1: 84.3750 (84.3750)  acc5: 93.7500 (93.7500)  time: 8.3156  data: 7.9017  max mem: 15029
Test:  Total time: 0:00:31
Test:  Acc@1 70.864 Acc@5 89.996
============= Diagnostic Run torch.onnx.export version 2.0.1+cu117 =============
verbose: False, log level: Level.ERROR
======================= 0 NONE 0 NOTE 0 WARNING 0 ERROR ========================

Epoch: [5]  [   0/2503]  eta: 2:30:27  lr: 9.829629131445343e-05  img/s: 157.08236167064635  loss: 1.6260 (1.6260)  acc1: 60.9375 (60.9375)  acc5: 82.8125 (82.8125)  time: 3.6066  data: 2.7917  max mem: 15029
Epoch: [5]  [ 100/2503]  eta: 1:13:31  lr: 9.829629131445343e-05  img/s: 62.48260505944491  loss: 1.2672 (1.2755)  acc1: 69.5312 (69.6241)  acc5: 89.0625 (87.8171)  time: 1.8303  data: 0.0002  max mem: 15029
Epoch: [5]  [ 200/2503]  eta: 1:09:56  lr: 9.829629131445343e-05  img/s: 71.40174200962706  loss: 1.3207 (1.2798)  acc1: 68.7500 (69.3991)  acc5: 86.7188 (87.7371)  time: 1.8043  data: 0.0002  max mem: 15029
Test:   [ 0/98]  eta: 0:14:13  loss: 0.6336 (0.6336)  acc1: 82.0312 (82.0312)  acc5: 96.0938 (96.0938)  time: 8.7118  data: 8.1795  max mem: 15029
Test:  Total time: 0:00:31
Test:  Acc@1 70.704 Acc@5 89.994
Epoch: [6]  [   0/2503]  eta: 7:25:34  lr: 9.75528258147577e-05  img/s: 38.886556647506026  loss: 1.5640 (1.5640)  acc1: 64.8438 (64.8438)  acc5: 85.9375 (85.9375)  time: 10.6811  data: 7.3893  max mem: 15029
Epoch: [6]  [ 100/2503]  eta: 1:16:42  lr: 9.75528258147577e-05  img/s: 73.57068787181316  loss: 1.2026 (1.2773)  acc1: 68.7500 (69.3765)  acc5: 89.0625 (87.6470)  time: 1.8082  data: 0.0002  max mem: 15029
Epoch: [6]  [ 200/2503]  eta: 1:11:39  lr: 9.75528258147577e-05  img/s: 66.0120734004515  loss: 1.2196 (1.2639)  acc1: 70.3125 (69.5973)  acc5: 89.0625 (87.9159)  time: 1.8024  data: 0.0002  max mem: 15029
Test:   [ 0/98]  eta: 0:13:56  loss: 0.6297 (0.6297)  acc1: 81.2500 (81.2500)  acc5: 94.5312 (94.5312)  time: 8.5323  data: 7.9675  max mem: 15029
Test:  Total time: 0:00:31
Test:  Acc@1 70.690 Acc@5 89.894
Epoch: [7]  [   0/2503]  eta: 7:22:33  lr: 9.66790213248601e-05  img/s: 30.241951650588014  loss: 1.5981 (1.5981)  acc1: 60.1562 (60.1562)  acc5: 81.2500 (81.2500)  time: 10.6088  data: 6.3763  max mem: 15029
Epoch: [7]  [ 100/2503]  eta: 1:15:27  lr: 9.66790213248601e-05  img/s: 73.82506211321905  loss: 1.2625 (1.2693)  acc1: 68.7500 (69.5158)  acc5: 89.0625 (88.0415)  time: 1.8029  data: 0.0002  max mem: 15029
Epoch: [7]  [ 200/2503]  eta: 1:11:04  lr: 9.66790213248601e-05  img/s: 73.19936201711232  loss: 1.2333 (1.2456)  acc1: 71.0938 (70.0093)  acc5: 88.2812 (88.3162)  time: 1.8231  data: 0.0002  max mem: 15029
Test:   [ 0/98]  eta: 0:14:56  loss: 0.6554 (0.6554)  acc1: 82.8125 (82.8125)  acc5: 93.7500 (93.7500)  time: 9.1509  data: 8.8304  max mem: 15029
Test:  Total time: 0:00:31
Test:  Acc@1 70.758 Acc@5 89.982
Epoch: [8]  [   0/2503]  eta: 7:23:48  lr: 9.567727288213006e-05  img/s: 33.50522538836401  loss: 1.6728 (1.6728)  acc1: 56.2500 (56.2500)  acc5: 82.8125 (82.8125)  time: 10.6385  data: 6.8181  max mem: 15029
Epoch: [8]  [ 100/2503]  eta: 1:16:48  lr: 9.567727288213006e-05  img/s: 73.61495359908734  loss: 1.1723 (1.2780)  acc1: 68.7500 (69.3533)  acc5: 89.0625 (87.5851)  time: 1.8245  data: 0.0002  max mem: 15029
Epoch: [8]  [ 200/2503]  eta: 1:11:32  lr: 9.567727288213006e-05  img/s: 62.49791617701104  loss: 1.3042 (1.2666)  acc1: 69.5312 (69.5274)  acc5: 86.7188 (87.8459)  time: 1.8121  data: 0.0003  max mem: 15029
Test:   [ 0/98]  eta: 0:13:47  loss: 0.6715 (0.6715)  acc1: 82.0312 (82.0312)  acc5: 92.9688 (92.9688)  time: 8.4472  data: 7.9190  max mem: 15029
Test:  Total time: 0:00:32
Test:  Acc@1 71.086 Acc@5 90.136
============= Diagnostic Run torch.onnx.export version 2.0.1+cu117 =============
verbose: False, log level: Level.ERROR
======================= 0 NONE 0 NOTE 0 WARNING 0 ERROR ========================

Epoch: [9]  [   0/2503]  eta: 2:31:30  lr: 9.455032620941841e-05  img/s: 156.00739833034854  loss: 1.2831 (1.2831)  acc1: 72.6562 (72.6562)  acc5: 86.7188 (86.7188)  time: 3.6319  data: 2.8114  max mem: 15029
Epoch: [9]  [ 100/2503]  eta: 1:13:33  lr: 9.455032620941841e-05  img/s: 70.54057478770328  loss: 1.2458 (1.2398)  acc1: 70.3125 (70.3821)  acc5: 88.2812 (88.4824)  time: 1.8298  data: 0.0003  max mem: 15029
Epoch: [9]  [ 200/2503]  eta: 1:10:04  lr: 9.455032620941841e-05  img/s: 72.14220780285311  loss: 1.3133 (1.2622)  acc1: 68.7500 (69.7373)  acc5: 86.7188 (88.0519)  time: 1.8210  data: 0.0003  max mem: 15029
Test:   [ 0/98]  eta: 0:11:37  loss: 0.6186 (0.6186)  acc1: 82.8125 (82.8125)  acc5: 95.3125 (95.3125)  time: 7.1146  data: 6.9660  max mem: 15029
Test:  Total time: 0:00:47
Test:  Acc@1 70.660 Acc@5 89.910
Epoch: [10]  [   0/2503]  eta: 7:52:40  lr: 9.330127018922197e-05  img/s: 153.72412855114388  loss: 1.3574 (1.3574)  acc1: 68.7500 (68.7500)  acc5: 85.9375 (85.9375)  time: 11.3307  data: 10.4980  max mem: 15029
Epoch: [10]  [ 100/2503]  eta: 1:16:29  lr: 9.330127018922197e-05  img/s: 69.14667707679561  loss: 1.2431 (1.2653)  acc1: 69.5312 (69.3920)  acc5: 88.2812 (87.9486)  time: 1.8313  data: 0.0003  max mem: 15029
Epoch: [10]  [ 200/2503]  eta: 1:11:42  lr: 9.330127018922197e-05  img/s: 62.33720063982403  loss: 1.2884 (1.2596)  acc1: 70.3125 (69.7645)  acc5: 86.7188 (87.9742)  time: 1.8376  data: 0.0002  max mem: 15029
Test:   [ 0/98]  eta: 0:12:35  loss: 0.6467 (0.6467)  acc1: 81.2500 (81.2500)  acc5: 93.7500 (93.7500)  time: 7.7060  data: 7.3787  max mem: 15029
Test:  Total time: 0:00:32
Test:  Acc@1 70.922 Acc@5 90.124
Epoch: [11]  [   0/2503]  eta: 6:33:00  lr: 9.193352839727123e-05  img/s: 49.89391156282722  loss: 1.4841 (1.4841)  acc1: 64.8438 (64.8438)  acc5: 85.1562 (85.1562)  time: 9.4209  data: 6.8554  max mem: 15029
Epoch: [11]  [ 100/2503]  eta: 1:15:34  lr: 9.193352839727123e-05  img/s: 63.477956620297306  loss: 1.1798 (1.2264)  acc1: 71.0938 (70.7998)  acc5: 88.2812 (88.6757)  time: 1.8249  data: 0.0002  max mem: 15029
Epoch: [11]  [ 200/2503]  eta: 1:10:58  lr: 9.193352839727123e-05  img/s: 72.75750178752737  loss: 1.2271 (1.2331)  acc1: 70.3125 (70.4330)  acc5: 88.2812 (88.5339)  time: 1.8184  data: 0.0003  max mem: 15029
Test:   [ 0/98]  eta: 0:13:04  loss: 0.6065 (0.6065)  acc1: 82.8125 (82.8125)  acc5: 93.7500 (93.7500)  time: 8.0038  data: 7.4866  max mem: 15029
Test:  Total time: 0:00:31
Test:  Acc@1 70.984 Acc@5 90.094
Epoch: [12]  [   0/2503]  eta: 7:20:25  lr: 9.04508497187474e-05  img/s: 41.848256967363994  loss: 1.3128 (1.3128)  acc1: 67.9688 (67.9688)  acc5: 85.9375 (85.9375)  time: 10.5575  data: 7.4988  max mem: 15029
Epoch: [12]  [ 100/2503]  eta: 1:15:44  lr: 9.04508497187474e-05  img/s: 61.28510865825485  loss: 1.2118 (1.2384)  acc1: 71.8750 (70.7070)  acc5: 88.2812 (88.3122)  time: 1.8236  data: 0.0002  max mem: 15029
Epoch: [12]  [ 200/2503]  eta: 1:11:27  lr: 9.04508497187474e-05  img/s: 70.57527446842857  loss: 1.2705 (1.2443)  acc1: 68.7500 (70.2153)  acc5: 88.2812 (88.1258)  time: 1.8360  data: 0.0002  max mem: 15029
Test:   [ 0/98]  eta: 0:13:25  loss: 0.6464 (0.6464)  acc1: 82.8125 (82.8125)  acc5: 93.7500 (93.7500)  time: 8.2184  data: 7.6571  max mem: 15029
Test:  Total time: 0:00:32
Test:  Acc@1 71.106 Acc@5 90.080
============= Diagnostic Run torch.onnx.export version 2.0.1+cu117 =============
verbose: False, log level: Level.ERROR
======================= 0 NONE 0 NOTE 0 WARNING 0 ERROR ========================

Epoch: [13]  [   0/2503]  eta: 2:32:35  lr: 8.885729807284857e-05  img/s: 121.72345444895103  loss: 1.1869 (1.1869)  acc1: 68.7500 (68.7500)  acc5: 86.7188 (86.7188)  time: 3.6578  data: 2.6062  max mem: 15029
Epoch: [13]  [ 100/2503]  eta: 1:13:16  lr: 8.885729807284857e-05  img/s: 73.01288681315005  loss: 1.1891 (1.2571)  acc1: 71.0938 (69.9180)  acc5: 88.2812 (88.2116)  time: 1.7988  data: 0.0003  max mem: 15029
Epoch: [13]  [ 200/2503]  eta: 1:10:08  lr: 8.885729807284857e-05  img/s: 73.89473785629234  loss: 1.2523 (1.2507)  acc1: 69.5312 (69.9122)  acc5: 88.2812 (88.3901)  time: 1.8383  data: 0.0003  max mem: 15029
Test:   [ 0/98]  eta: 0:14:49  loss: 0.6856 (0.6856)  acc1: 82.0312 (82.0312)  acc5: 94.5312 (94.5312)  time: 9.0806  data: 8.5825  max mem: 15029
Test:  Total time: 0:00:32
Test:  Acc@1 70.648 Acc@5 89.878
Epoch: [14]  [   0/2503]  eta: 7:24:22  lr: 8.715724127386973e-05  img/s: 24.14159531754483  loss: 1.4801 (1.4801)  acc1: 65.6250 (65.6250)  acc5: 85.1562 (85.1562)  time: 10.6523  data: 5.3502  max mem: 15029
Epoch: [14]  [ 100/2503]  eta: 1:16:53  lr: 8.715724127386973e-05  img/s: 74.45846347627665  loss: 1.2469 (1.2909)  acc1: 71.0938 (69.4926)  acc5: 88.2812 (87.7088)  time: 1.8099  data: 0.0005  max mem: 15029
Epoch: [14]  [ 200/2503]  eta: 1:12:03  lr: 8.715724127386973e-05  img/s: 72.04467145836433  loss: 1.2040 (1.2707)  acc1: 71.0938 (69.9083)  acc5: 89.0625 (87.9548)  time: 1.8417  data: 0.0004  max mem: 15029
Test:   [ 0/98]  eta: 0:14:39  loss: 0.6221 (0.6221)  acc1: 84.3750 (84.3750)  acc5: 93.7500 (93.7500)  time: 8.9722  data: 8.6308  max mem: 15029
Test:  Total time: 0:00:32
Test:  Acc@1 71.056 Acc@5 90.020
Epoch: [15]  [   0/2503]  eta: 7:37:18  lr: 8.535533905932739e-05  img/s: 48.05568137276446  loss: 1.2357 (1.2357)  acc1: 70.3125 (70.3125)  acc5: 85.9375 (85.9375)  time: 10.9624  data: 8.2987  max mem: 15029
Epoch: [15]  [ 100/2503]  eta: 1:16:54  lr: 8.535533905932739e-05  img/s: 71.42836965525463  loss: 1.2148 (1.2400)  acc1: 69.5312 (69.7478)  acc5: 88.2812 (88.1884)  time: 1.8776  data: 0.0004  max mem: 15029
Epoch: [15]  [ 200/2503]  eta: 1:12:10  lr: 8.535533905932739e-05  img/s: 72.57463189258102  loss: 1.2054 (1.2541)  acc1: 68.7500 (69.7956)  acc5: 88.2812 (88.0053)  time: 1.8349  data: 0.0003  max mem: 15029
Test:   [ 0/98]  eta: 0:15:23  loss: 0.6945 (0.6945)  acc1: 83.5938 (83.5938)  acc5: 94.5312 (94.5312)  time: 9.4241  data: 8.9832  max mem: 15029
Test:  Total time: 0:00:33
Test:  Acc@1 70.696 Acc@5 89.870
Epoch: [16]  [   0/2503]  eta: 7:14:57  lr: 8.345653031794293e-05  img/s: 26.6056524885562  loss: 1.0794 (1.0794)  acc1: 73.4375 (73.4375)  acc5: 91.4062 (91.4062)  time: 10.4265  data: 5.6154  max mem: 15029
Epoch: [16]  [ 100/2503]  eta: 1:16:54  lr: 8.345653031794293e-05  img/s: 61.539472506275494  loss: 1.1778 (1.2585)  acc1: 71.0938 (69.6241)  acc5: 89.0625 (88.2271)  time: 1.8586  data: 0.0003  max mem: 15029
Epoch: [16]  [ 200/2503]  eta: 1:11:44  lr: 8.345653031794293e-05  img/s: 74.19338643927352  loss: 1.1770 (1.2511)  acc1: 70.3125 (69.4768)  acc5: 89.8438 (88.4212)  time: 1.8175  data: 0.0004  max mem: 15029
Test:   [ 0/98]  eta: 0:11:42  loss: 0.6305 (0.6305)  acc1: 82.8125 (82.8125)  acc5: 93.7500 (93.7500)  time: 7.1647  data: 6.5867  max mem: 15029
Test:  Total time: 0:00:32
Test:  Acc@1 71.180 Acc@5 90.196
============= Diagnostic Run torch.onnx.export version 2.0.1+cu117 =============
verbose: False, log level: Level.ERROR
======================= 0 NONE 0 NOTE 0 WARNING 0 ERROR ========================

Epoch: [17]  [   0/2503]  eta: 2:46:23  lr: 8.146601955249189e-05  img/s: 100.36227191068788  loss: 1.0942 (1.0942)  acc1: 75.0000 (75.0000)  acc5: 91.4062 (91.4062)  time: 3.9884  data: 2.7130  max mem: 15029
Epoch: [17]  [ 100/2503]  eta: 1:14:01  lr: 8.146601955249189e-05  img/s: 63.483308448278166  loss: 1.2896 (1.2650)  acc1: 67.1875 (68.9821)  acc5: 87.5000 (87.9409)  time: 1.8189  data: 0.0003  max mem: 15029
Epoch: [17]  [ 200/2503]  eta: 1:10:25  lr: 8.146601955249189e-05  img/s: 71.42954807619387  loss: 1.2173 (1.2743)  acc1: 68.7500 (69.0182)  acc5: 89.0625 (87.8226)  time: 1.8300  data: 0.0003  max mem: 15029
Test:   [ 0/98]  eta: 0:10:27  loss: 0.6338 (0.6338)  acc1: 82.8125 (82.8125)  acc5: 94.5312 (94.5312)  time: 6.4006  data: 5.7444  max mem: 15029
Test:  Total time: 0:00:34
Test:  Acc@1 71.060 Acc@5 90.146
Epoch: [18]  [   0/2503]  eta: 6:49:48  lr: 7.938926261462367e-05  img/s: 34.26312840651483  loss: 1.3085 (1.3085)  acc1: 67.9688 (67.9688)  acc5: 86.7188 (86.7188)  time: 9.8235  data: 6.0876  max mem: 15029
Epoch: [18]  [ 100/2503]  eta: 1:15:39  lr: 7.938926261462367e-05  img/s: 71.76764257590418  loss: 1.2867 (1.2391)  acc1: 68.7500 (69.7246)  acc5: 85.9375 (88.0879)  time: 1.7977  data: 0.0003  max mem: 15029
Epoch: [18]  [ 200/2503]  eta: 1:11:16  lr: 7.938926261462367e-05  img/s: 72.72579535025484  loss: 1.2513 (1.2496)  acc1: 69.5312 (69.5079)  acc5: 88.2812 (88.2113)  time: 1.8190  data: 0.0003  max mem: 15029
Test:   [ 0/98]  eta: 0:10:38  loss: 0.6819 (0.6819)  acc1: 81.2500 (81.2500)  acc5: 94.5312 (94.5312)  time: 6.5115  data: 6.1167  max mem: 15029
Test:  Total time: 0:00:40
Test:  Acc@1 70.876 Acc@5 89.926
Epoch: [19]  [   0/2503]  eta: 6:09:53  lr: 7.723195175075138e-05  img/s: 32.29055155779528  loss: 1.2674 (1.2674)  acc1: 69.5312 (69.5312)  acc5: 86.7188 (86.7188)  time: 8.8666  data: 4.9025  max mem: 15029
Epoch: [19]  [ 100/2503]  eta: 1:16:15  lr: 7.723195175075138e-05  img/s: 74.28864827601285  loss: 1.2198 (1.2535)  acc1: 69.5312 (70.0495)  acc5: 87.5000 (88.2348)  time: 1.8263  data: 0.0003  max mem: 15029
Epoch: [19]  [ 200/2503]  eta: 1:11:27  lr: 7.723195175075138e-05  img/s: 68.30567331681135  loss: 1.1911 (1.2514)  acc1: 68.7500 (70.1881)  acc5: 89.8438 (88.2307)  time: 1.8038  data: 0.0003  max mem: 15029
Test:   [ 0/98]  eta: 0:14:26  loss: 0.6833 (0.6833)  acc1: 81.2500 (81.2500)  acc5: 93.7500 (93.7500)  time: 8.8462  data: 8.3372  max mem: 15029
Test:  Total time: 0:00:33
Test:  Acc@1 70.792 Acc@5 89.924
Epoch: [20]  [   0/2503]  eta: 7:09:32  lr: 7.500000000000002e-05  img/s: 29.819671029383716  loss: 1.1492 (1.1492)  acc1: 72.6562 (72.6562)  acc5: 92.1875 (92.1875)  time: 10.2966  data: 6.0041  max mem: 15029
Epoch: [20]  [ 100/2503]  eta: 1:16:04  lr: 7.500000000000002e-05  img/s: 73.37709299714444  loss: 1.2383 (1.2640)  acc1: 69.5312 (69.6163)  acc5: 87.5000 (87.7939)  time: 1.8198  data: 0.0002  max mem: 15029
Epoch: [20]  [ 200/2503]  eta: 1:11:28  lr: 7.500000000000002e-05  img/s: 72.82172860940807  loss: 1.1833 (1.2636)  acc1: 69.5312 (69.5079)  acc5: 89.0625 (87.8576)  time: 1.8133  data: 0.0003  max mem: 15029
Test:   [ 0/98]  eta: 0:14:00  loss: 0.6450 (0.6450)  acc1: 82.8125 (82.8125)  acc5: 93.7500 (93.7500)  time: 8.5788  data: 8.2265  max mem: 15029
Test:  Total time: 0:00:33
Test:  Acc@1 71.178 Acc@5 90.112
Epoch: [21]  [   0/2503]  eta: 6:46:53  lr: 7.269952498697736e-05  img/s: 37.63116946474138  loss: 1.2041 (1.2041)  acc1: 71.8750 (71.8750)  acc5: 89.8438 (89.8438)  time: 9.7537  data: 6.3522  max mem: 15029
Epoch: [21]  [ 100/2503]  eta: 1:15:50  lr: 7.269952498697736e-05  img/s: 72.72443585388383  loss: 1.2625 (1.2541)  acc1: 70.3125 (69.7633)  acc5: 87.5000 (88.0105)  time: 1.8317  data: 0.0003  max mem: 15029
Epoch: [21]  [ 200/2503]  eta: 1:11:25  lr: 7.269952498697736e-05  img/s: 71.82463618161741  loss: 1.1879 (1.2592)  acc1: 70.3125 (69.8228)  acc5: 88.2812 (88.0325)  time: 1.8188  data: 0.0003  max mem: 15029
Test:   [ 0/98]  eta: 0:09:48  loss: 0.6974 (0.6974)  acc1: 82.0312 (82.0312)  acc5: 94.5312 (94.5312)  time: 6.0040  data: 5.6033  max mem: 15029
Test:  Total time: 0:00:34
Test:  Acc@1 70.738 Acc@5 89.978
Epoch: [22]  [   0/2503]  eta: 9:58:56  lr: 7.033683215379003e-05  img/s: 33.66968332602498  loss: 1.1909 (1.1909)  acc1: 73.4375 (73.4375)  acc5: 86.7188 (86.7188)  time: 14.3574  data: 10.5557  max mem: 15029
Epoch: [22]  [ 100/2503]  eta: 1:17:58  lr: 7.033683215379003e-05  img/s: 66.63000250077722  loss: 1.1294 (1.2454)  acc1: 71.0938 (69.9954)  acc5: 88.2812 (88.0724)  time: 1.8297  data: 0.0003  max mem: 15029
Epoch: [22]  [ 200/2503]  eta: 1:12:26  lr: 7.033683215379003e-05  img/s: 71.1514492078489  loss: 1.2091 (1.2463)  acc1: 67.9688 (69.7606)  acc5: 88.2812 (88.0752)  time: 1.8268  data: 0.0002  max mem: 15029
Test:   [ 0/98]  eta: 0:14:33  loss: 0.6132 (0.6132)  acc1: 82.8125 (82.8125)  acc5: 94.5312 (94.5312)  time: 8.9133  data: 8.4858  max mem: 15029
Test:  Total time: 0:00:32
Test:  Acc@1 71.198 Acc@5 90.052
============= Diagnostic Run torch.onnx.export version 2.0.1+cu117 =============
verbose: False, log level: Level.ERROR
======================= 0 NONE 0 NOTE 0 WARNING 0 ERROR ========================

Epoch: [23]  [   0/2503]  eta: 2:28:08  lr: 6.791839747726505e-05  img/s: 129.95353032118828  loss: 1.0220 (1.0220)  acc1: 71.0938 (71.0938)  acc5: 92.9688 (92.9688)  time: 3.5510  data: 2.5660  max mem: 15029
Epoch: [23]  [ 100/2503]  eta: 1:13:42  lr: 6.791839747726505e-05  img/s: 59.46087934435983  loss: 1.1552 (1.2412)  acc1: 69.5312 (70.4053)  acc5: 89.0625 (88.4127)  time: 1.8707  data: 0.0002  max mem: 15029
Epoch: [23]  [ 200/2503]  eta: 1:11:02  lr: 6.791839747726505e-05  img/s: 72.74338472211308  loss: 1.2609 (1.2389)  acc1: 69.5312 (70.2348)  acc5: 87.5000 (88.3590)  time: 1.8751  data: 0.0002  max mem: 15029
Test:   [ 0/98]  eta: 0:13:53  loss: 0.6289 (0.6289)  acc1: 81.2500 (81.2500)  acc5: 95.3125 (95.3125)  time: 8.5018  data: 7.8911  max mem: 15029
Test:  Total time: 0:00:31
Test:  Acc@1 71.018 Acc@5 90.112
Epoch: [24]  [   0/2503]  eta: 7:08:36  lr: 6.54508497187474e-05  img/s: 27.583891737454945  loss: 1.0002 (1.0002)  acc1: 74.2188 (74.2188)  acc5: 91.4062 (91.4062)  time: 10.2742  data: 5.6338  max mem: 15029
Epoch: [24]  [ 100/2503]  eta: 1:17:22  lr: 6.54508497187474e-05  img/s: 69.60777439998776  loss: 1.2339 (1.2593)  acc1: 68.7500 (69.8639)  acc5: 88.2812 (87.7011)  time: 1.8785  data: 0.0002  max mem: 15029
Epoch: [24]  [ 200/2503]  eta: 1:12:36  lr: 6.54508497187474e-05  img/s: 70.69976702973646  loss: 1.2581 (1.2357)  acc1: 69.5312 (70.1920)  acc5: 87.5000 (88.2113)  time: 1.8628  data: 0.0002  max mem: 15029
Test:   [ 0/98]  eta: 0:12:49  loss: 0.6825 (0.6825)  acc1: 82.8125 (82.8125)  acc5: 94.5312 (94.5312)  time: 7.8532  data: 7.2571  max mem: 15029
Test:  Total time: 0:00:32
Test:  Acc@1 70.960 Acc@5 89.966
Epoch: [25]  [   0/2503]  eta: 7:15:44  lr: 6.294095225512606e-05  img/s: 78.64659470652933  loss: 1.2298 (1.2298)  acc1: 71.0938 (71.0938)  acc5: 89.8438 (89.8438)  time: 10.4452  data: 8.8176  max mem: 15029
Epoch: [25]  [ 100/2503]  eta: 1:16:08  lr: 6.294095225512606e-05  img/s: 72.15295050192628  loss: 1.2008 (1.2590)  acc1: 71.0938 (70.0108)  acc5: 88.2812 (88.0105)  time: 1.8343  data: 0.0002  max mem: 15029
Epoch: [25]  [ 200/2503]  eta: 1:11:44  lr: 6.294095225512606e-05  img/s: 62.667054509867825  loss: 1.2709 (1.2693)  acc1: 69.5312 (69.6984)  acc5: 87.5000 (87.9586)  time: 1.8403  data: 0.0002  max mem: 15029
Test:   [ 0/98]  eta: 0:14:35  loss: 0.6017 (0.6017)  acc1: 84.3750 (84.3750)  acc5: 95.3125 (95.3125)  time: 8.9354  data: 8.5183  max mem: 15029
Test:  Total time: 0:00:31
Test:  Acc@1 71.010 Acc@5 90.066
Epoch: [26]  [   0/2503]  eta: 7:04:06  lr: 6.0395584540887984e-05  img/s: 44.49443060162729  loss: 1.3516 (1.3516)  acc1: 62.5000 (62.5000)  acc5: 87.5000 (87.5000)  time: 10.1662  data: 7.2894  max mem: 15029
Epoch: [26]  [ 100/2503]  eta: 1:16:12  lr: 6.0395584540887984e-05  img/s: 72.15391051973387  loss: 1.1930 (1.2603)  acc1: 71.8750 (69.9954)  acc5: 87.5000 (87.6470)  time: 1.8373  data: 0.0002  max mem: 15029
Epoch: [26]  [ 200/2503]  eta: 1:12:22  lr: 6.0395584540887984e-05  img/s: 71.82433830467451  loss: 1.2884 (1.2530)  acc1: 68.7500 (69.9860)  acc5: 87.5000 (87.8731)  time: 1.8765  data: 0.0002  max mem: 15029
Test:   [ 0/98]  eta: 0:14:59  loss: 0.6236 (0.6236)  acc1: 82.8125 (82.8125)  acc5: 93.7500 (93.7500)  time: 9.1819  data: 8.8376  max mem: 15029
Test:  Total time: 0:00:31
Test:  Acc@1 71.130 Acc@5 90.152
Epoch: [27]  [   0/2503]  eta: 6:43:59  lr: 5.782172325201157e-05  img/s: 30.432966385253707  loss: 1.1489 (1.1489)  acc1: 69.5312 (69.5312)  acc5: 89.8438 (89.8438)  time: 9.6843  data: 5.4782  max mem: 15029
Epoch: [27]  [ 100/2503]  eta: 1:15:10  lr: 5.782172325201157e-05  img/s: 72.64154360751579  loss: 1.1289 (1.2127)  acc1: 71.8750 (70.6993)  acc5: 89.0625 (88.7454)  time: 1.7954  data: 0.0004  max mem: 15029
Epoch: [27]  [ 200/2503]  eta: 1:10:29  lr: 5.782172325201157e-05  img/s: 74.2011079216773  loss: 1.1150 (1.2215)  acc1: 70.3125 (70.6429)  acc5: 89.0625 (88.4562)  time: 1.8069  data: 0.0003  max mem: 15029
Test:   [ 0/98]  eta: 0:12:47  loss: 0.6144 (0.6144)  acc1: 82.0312 (82.0312)  acc5: 95.3125 (95.3125)  time: 7.8280  data: 7.2508  max mem: 15029
Test:  Total time: 0:00:35
Test:  Acc@1 71.150 Acc@5 90.160
Epoch: [28]  [   0/2503]  eta: 8:20:59  lr: 5.52264231633827e-05  img/s: 36.23993337269158  loss: 1.2416 (1.2416)  acc1: 73.4375 (73.4375)  acc5: 86.7188 (86.7188)  time: 12.0094  data: 8.4773  max mem: 15029
Epoch: [28]  [ 100/2503]  eta: 1:16:50  lr: 5.52264231633827e-05  img/s: 60.53316859541797  loss: 1.2634 (1.2497)  acc1: 71.0938 (70.3125)  acc5: 88.2812 (88.1730)  time: 1.8480  data: 0.0003  max mem: 15029
Epoch: [28]  [ 200/2503]  eta: 1:11:27  lr: 5.52264231633827e-05  img/s: 69.99388964172503  loss: 1.2027 (1.2431)  acc1: 67.9688 (70.1026)  acc5: 88.2812 (88.1919)  time: 1.8033  data: 0.0004  max mem: 15029
Test:   [ 0/98]  eta: 0:12:52  loss: 0.6148 (0.6148)  acc1: 82.8125 (82.8125)  acc5: 93.7500 (93.7500)  time: 7.8844  data: 7.2815  max mem: 15029
Test:  Total time: 0:00:34
Test:  Acc@1 71.158 Acc@5 90.102
Epoch: [29]  [   0/2503]  eta: 6:21:49  lr: 5.261679781214721e-05  img/s: 53.88648196055043  loss: 0.9978 (0.9978)  acc1: 72.6562 (72.6562)  acc5: 92.1875 (92.1875)  time: 9.1528  data: 6.7774  max mem: 15029
Epoch: [29]  [ 100/2503]  eta: 1:13:26  lr: 5.261679781214721e-05  img/s: 75.06750177087245  loss: 1.1651 (1.2091)  acc1: 69.5312 (70.8075)  acc5: 89.0625 (88.7840)  time: 1.7343  data: 0.0003  max mem: 15029
Epoch: [29]  [ 200/2503]  eta: 1:08:48  lr: 5.261679781214721e-05  img/s: 77.73591783669012  loss: 1.2699 (1.2249)  acc1: 70.3125 (70.6273)  acc5: 89.0625 (88.5883)  time: 1.7435  data: 0.0002  max mem: 15029
Test:   [ 0/98]  eta: 0:15:00  loss: 0.6401 (0.6401)  acc1: 82.8125 (82.8125)  acc5: 94.5312 (94.5312)  time: 9.1873  data: 8.7201  max mem: 15029
Test:  Total time: 0:00:32
Test:  Acc@1 71.246 Acc@5 90.114
============= Diagnostic Run torch.onnx.export version 2.0.1+cu117 =============
verbose: False, log level: Level.ERROR
======================= 0 NONE 0 NOTE 0 WARNING 0 ERROR ========================

Epoch: [30]  [   0/2503]  eta: 2:44:34  lr: 5.0000000000000036e-05  img/s: 157.16660650744234  loss: 1.0715 (1.0715)  acc1: 74.2188 (74.2188)  acc5: 89.0625 (89.0625)  time: 3.9453  data: 3.1308  max mem: 15029
Epoch: [30]  [ 100/2503]  eta: 1:11:17  lr: 5.0000000000000036e-05  img/s: 75.7755077297605  loss: 1.1684 (1.2137)  acc1: 71.0938 (71.0473)  acc5: 89.0625 (88.6912)  time: 1.7705  data: 0.0002  max mem: 15029
Epoch: [30]  [ 200/2503]  eta: 1:07:48  lr: 5.0000000000000036e-05  img/s: 73.4547180966029  loss: 1.1217 (1.2064)  acc1: 73.4375 (70.9033)  acc5: 89.8438 (88.7282)  time: 1.7468  data: 0.0002  max mem: 15029
Test:   [ 0/98]  eta: 0:12:53  loss: 0.6463 (0.6463)  acc1: 83.5938 (83.5938)  acc5: 93.7500 (93.7500)  time: 7.8951  data: 7.5167  max mem: 15029
Test:  Total time: 0:00:31
Test:  Acc@1 71.432 Acc@5 90.254
============= Diagnostic Run torch.onnx.export version 2.0.1+cu117 =============
verbose: False, log level: Level.ERROR
======================= 0 NONE 0 NOTE 0 WARNING 0 ERROR ========================

Epoch: [31]  [   0/2503]  eta: 2:11:41  lr: 4.738320218785284e-05  img/s: 429.480924701971  loss: 1.2859 (1.2859)  acc1: 74.2188 (74.2188)  acc5: 86.7188 (86.7188)  time: 3.1566  data: 2.8586  max mem: 15029
Epoch: [31]  [ 100/2503]  eta: 0:41:14  lr: 4.738320218785284e-05  img/s: 127.42737788714958  loss: 1.2386 (1.2318)  acc1: 71.0938 (70.9236)  acc5: 88.2812 (88.1962)  time: 1.0089  data: 0.0002  max mem: 15029
Epoch: [31]  [ 200/2503]  eta: 0:39:09  lr: 4.738320218785284e-05  img/s: 127.08375436496814  loss: 1.1456 (1.2288)  acc1: 71.0938 (70.7051)  acc5: 89.8438 (88.4600)  time: 1.0117  data: 0.0003  max mem: 15029
Test:   [ 0/98]  eta: 0:14:09  loss: 0.6429 (0.6429)  acc1: 82.8125 (82.8125)  acc5: 93.7500 (93.7500)  time: 8.6734  data: 8.2718  max mem: 15029
Test:  Total time: 0:00:31
Test:  Acc@1 71.254 Acc@5 90.132
Epoch: [32]  [   0/2503]  eta: 5:20:45  lr: 4.477357683661736e-05  img/s: 115.11317187741552  loss: 1.0139 (1.0139)  acc1: 71.8750 (71.8750)  acc5: 91.4062 (91.4062)  time: 7.6891  data: 6.5771  max mem: 15029
Epoch: [32]  [ 100/2503]  eta: 0:43:26  lr: 4.477357683661736e-05  img/s: 126.8096658340567  loss: 1.2091 (1.2120)  acc1: 70.3125 (71.1943)  acc5: 89.8438 (88.7222)  time: 1.0109  data: 0.0002  max mem: 15029
Epoch: [32]  [ 200/2503]  eta: 0:40:13  lr: 4.477357683661736e-05  img/s: 125.80451931938622  loss: 1.1873 (1.2107)  acc1: 71.8750 (71.0821)  acc5: 89.0625 (88.6039)  time: 1.0110  data: 0.0002  max mem: 15029
Test:   [ 0/98]  eta: 0:14:01  loss: 0.5863 (0.5863)  acc1: 83.5938 (83.5938)  acc5: 95.3125 (95.3125)  time: 8.5831  data: 8.1947  max mem: 15029
Test:  Total time: 0:00:32
Test:  Acc@1 71.324 Acc@5 90.224
Epoch: [33]  [   0/2503]  eta: 5:32:58  lr: 4.217827674798848e-05  img/s: 117.91637828411282  loss: 1.0009 (1.0009)  acc1: 75.0000 (75.0000)  acc5: 93.7500 (93.7500)  time: 7.9818  data: 6.8963  max mem: 15029
Epoch: [33]  [ 100/2503]  eta: 0:43:52  lr: 4.217827674798848e-05  img/s: 126.52512681478773  loss: 1.2274 (1.2053)  acc1: 71.0938 (70.6142)  acc5: 88.2812 (88.8537)  time: 1.0119  data: 0.0003  max mem: 15029
Epoch: [33]  [ 200/2503]  eta: 0:40:29  lr: 4.217827674798848e-05  img/s: 126.45101200442897  loss: 1.2373 (1.2159)  acc1: 69.5312 (70.6429)  acc5: 88.2812 (88.6427)  time: 1.0145  data: 0.0003  max mem: 15029
Test:   [ 0/98]  eta: 0:13:48  loss: 0.6267 (0.6267)  acc1: 83.5938 (83.5938)  acc5: 93.7500 (93.7500)  time: 8.4529  data: 8.1699  max mem: 15029
Test:  Total time: 0:00:34
Test:  Acc@1 71.412 Acc@5 90.260
Epoch: [34]  [   0/2503]  eta: 5:28:25  lr: 3.9604415459112055e-05  img/s: 140.40737658571643  loss: 1.1886 (1.1886)  acc1: 71.8750 (71.8750)  acc5: 87.5000 (87.5000)  time: 7.8726  data: 6.9608  max mem: 15029
Epoch: [34]  [ 100/2503]  eta: 0:43:44  lr: 3.9604415459112055e-05  img/s: 125.4151520177539  loss: 1.1958 (1.1979)  acc1: 70.3125 (71.3877)  acc5: 88.2812 (88.8304)  time: 1.0174  data: 0.0003  max mem: 15029
Epoch: [34]  [ 200/2503]  eta: 0:40:26  lr: 3.9604415459112055e-05  img/s: 125.21428849638389  loss: 1.1161 (1.2101)  acc1: 71.0938 (71.0082)  acc5: 89.8438 (88.5766)  time: 1.0152  data: 0.0003  max mem: 15029
Test:   [ 0/98]  eta: 0:12:49  loss: 0.6085 (0.6085)  acc1: 85.1562 (85.1562)  acc5: 95.3125 (95.3125)  time: 7.8514  data: 7.4720  max mem: 15029
Test:  Total time: 0:00:34
Test:  Acc@1 71.182 Acc@5 90.196
Epoch: [35]  [   0/2503]  eta: 6:03:54  lr: 3.705904774487399e-05  img/s: 37.73037575066889  loss: 1.5741 (1.5741)  acc1: 63.2812 (63.2812)  acc5: 84.3750 (84.3750)  time: 8.7234  data: 5.3308  max mem: 15029
Epoch: [35]  [ 100/2503]  eta: 0:43:59  lr: 3.705904774487399e-05  img/s: 126.19058702133886  loss: 1.1462 (1.2064)  acc1: 70.3125 (70.6606)  acc5: 89.0625 (88.6757)  time: 1.0173  data: 0.0003  max mem: 15029
Epoch: [35]  [ 200/2503]  eta: 0:40:35  lr: 3.705904774487399e-05  img/s: 125.23149184003464  loss: 1.1137 (1.1962)  acc1: 75.0000 (71.0782)  acc5: 89.8438 (88.7243)  time: 1.0168  data: 0.0003  max mem: 15029
Test:   [ 0/98]  eta: 0:11:24  loss: 0.6222 (0.6222)  acc1: 82.8125 (82.8125)  acc5: 93.7500 (93.7500)  time: 6.9796  data: 6.5892  max mem: 15029
Test:  Total time: 0:00:34
Test:  Acc@1 71.448 Acc@5 90.258
============= Diagnostic Run torch.onnx.export version 2.0.1+cu117 =============
verbose: False, log level: Level.ERROR
======================= 0 NONE 0 NOTE 0 WARNING 0 ERROR ========================

Epoch: [36]  [   0/2503]  eta: 2:20:31  lr: 3.4549150281252656e-05  img/s: 434.493403743045  loss: 1.1458 (1.1458)  acc1: 70.3125 (70.3125)  acc5: 92.1875 (92.1875)  time: 3.3684  data: 3.0738  max mem: 15029
Epoch: [36]  [ 100/2503]  eta: 0:41:40  lr: 3.4549150281252656e-05  img/s: 124.85817212988559  loss: 1.2019 (1.2247)  acc1: 71.0938 (70.6838)  acc5: 87.5000 (88.5829)  time: 1.0152  data: 0.0003  max mem: 15029
Epoch: [36]  [ 200/2503]  eta: 0:39:28  lr: 3.4549150281252656e-05  img/s: 126.01260616826282  loss: 1.1383 (1.2191)  acc1: 71.0938 (70.7167)  acc5: 88.2812 (88.5106)  time: 1.0177  data: 0.0004  max mem: 15029
Test:   [ 0/98]  eta: 0:15:20  loss: 0.6288 (0.6288)  acc1: 82.8125 (82.8125)  acc5: 93.7500 (93.7500)  time: 9.3947  data: 9.0236  max mem: 15029
Test:  Total time: 0:00:31
Test:  Acc@1 71.480 Acc@5 90.338
============= Diagnostic Run torch.onnx.export version 2.0.1+cu117 =============
verbose: False, log level: Level.ERROR
======================= 0 NONE 0 NOTE 0 WARNING 0 ERROR ========================

Epoch: [37]  [   0/2503]  eta: 4:55:31  lr: 3.2081602522735006e-05  img/s: 451.18766692495035  loss: 1.2342 (1.2342)  acc1: 68.7500 (68.7500)  acc5: 89.8438 (89.8438)  time: 7.0841  data: 6.8004  max mem: 15029
Epoch: [37]  [ 100/2503]  eta: 0:42:56  lr: 3.2081602522735006e-05  img/s: 125.792993824586  loss: 1.1861 (1.2166)  acc1: 71.0938 (70.7689)  acc5: 87.5000 (88.4050)  time: 1.0100  data: 0.0003  max mem: 15029
Epoch: [37]  [ 200/2503]  eta: 0:40:01  lr: 3.2081602522735006e-05  img/s: 128.21544992711216  loss: 1.2212 (1.2167)  acc1: 71.0938 (70.7206)  acc5: 88.2812 (88.5494)  time: 1.0111  data: 0.0003  max mem: 15029
Test:   [ 0/98]  eta: 0:13:30  loss: 0.6306 (0.6306)  acc1: 81.2500 (81.2500)  acc5: 93.7500 (93.7500)  time: 8.2736  data: 7.6671  max mem: 15029
Test:  Total time: 0:00:41
Test:  Acc@1 71.320 Acc@5 90.212
Epoch: [38]  [   0/2503]  eta: 6:56:29  lr: 2.9663167846210015e-05  img/s: 171.41713101972059  loss: 1.6347 (1.6347)  acc1: 61.7188 (61.7188)  acc5: 85.1562 (85.1562)  time: 9.9839  data: 9.2371  max mem: 15029
Epoch: [38]  [ 100/2503]  eta: 0:44:19  lr: 2.9663167846210015e-05  img/s: 126.98326894734888  loss: 1.1922 (1.2381)  acc1: 70.3125 (70.2042)  acc5: 89.0625 (88.2348)  time: 1.0165  data: 0.0004  max mem: 15029
Epoch: [38]  [ 200/2503]  eta: 0:40:45  lr: 2.9663167846210015e-05  img/s: 127.33625399563158  loss: 1.1985 (1.2345)  acc1: 71.0938 (70.3436)  acc5: 88.2812 (88.3085)  time: 1.0150  data: 0.0004  max mem: 15029
Test:   [ 0/98]  eta: 0:09:21  loss: 0.6142 (0.6142)  acc1: 83.5938 (83.5938)  acc5: 94.5312 (94.5312)  time: 5.7265  data: 5.1675  max mem: 15029
Test:  Total time: 0:00:31
Test:  Acc@1 71.452 Acc@5 90.182
Epoch: [39]  [   0/2503]  eta: 5:40:26  lr: 2.7300475013022676e-05  img/s: 140.7066619526027  loss: 1.1837 (1.1837)  acc1: 68.7500 (68.7500)  acc5: 85.1562 (85.1562)  time: 8.1608  data: 7.2511  max mem: 15029
Epoch: [39]  [ 100/2503]  eta: 0:43:49  lr: 2.7300475013022676e-05  img/s: 127.38169386259352  loss: 1.3621 (1.2267)  acc1: 67.9688 (70.1114)  acc5: 86.7188 (88.1730)  time: 1.0085  data: 0.0004  max mem: 15029
Epoch: [39]  [ 200/2503]  eta: 0:40:24  lr: 2.7300475013022676e-05  img/s: 127.99597180645979  loss: 1.2331 (1.2245)  acc1: 70.3125 (70.5146)  acc5: 89.0625 (88.3862)  time: 1.0094  data: 0.0003  max mem: 15029
Test:   [ 0/98]  eta: 0:11:05  loss: 0.6419 (0.6419)  acc1: 82.8125 (82.8125)  acc5: 93.7500 (93.7500)  time: 6.7926  data: 6.5339  max mem: 15029
Test:  Total time: 0:00:37
Test:  Acc@1 71.322 Acc@5 90.160
Epoch: [40]  [   0/2503]  eta: 5:54:00  lr: 2.5000000000000025e-05  img/s: 112.01302250626078  loss: 1.3482 (1.3482)  acc1: 70.3125 (70.3125)  acc5: 85.9375 (85.9375)  time: 8.4859  data: 7.3431  max mem: 15029
Epoch: [40]  [ 100/2503]  eta: 0:43:44  lr: 2.5000000000000025e-05  img/s: 127.37057260077091  loss: 1.1965 (1.1979)  acc1: 69.5312 (71.0396)  acc5: 88.2812 (88.6293)  time: 1.0106  data: 0.0004  max mem: 15029
Epoch: [40]  [ 200/2503]  eta: 0:40:24  lr: 2.5000000000000025e-05  img/s: 125.27883272724557  loss: 1.2162 (1.2075)  acc1: 71.0938 (71.0121)  acc5: 89.0625 (88.5261)  time: 1.0117  data: 0.0004  max mem: 15029
Test:   [ 0/98]  eta: 0:16:00  loss: 0.6193 (0.6193)  acc1: 84.3750 (84.3750)  acc5: 93.7500 (93.7500)  time: 9.7999  data: 9.6954  max mem: 15029
Test:  Total time: 0:00:37
Test:  Acc@1 71.546 Acc@5 90.250
============= Diagnostic Run torch.onnx.export version 2.0.1+cu117 =============
verbose: False, log level: Level.ERROR
======================= 0 NONE 0 NOTE 0 WARNING 0 ERROR ========================

Epoch: [41]  [   0/2503]  eta: 2:10:17  lr: 2.2768048249248675e-05  img/s: 390.8378622944423  loss: 1.1045 (1.1045)  acc1: 72.6562 (72.6562)  acc5: 91.4062 (91.4062)  time: 3.1234  data: 2.7958  max mem: 15029
Epoch: [41]  [ 100/2503]  eta: 0:41:44  lr: 2.2768048249248675e-05  img/s: 127.31668617190937  loss: 1.2236 (1.2052)  acc1: 70.3125 (70.9158)  acc5: 89.0625 (88.6061)  time: 1.0150  data: 0.0004  max mem: 15029
Epoch: [41]  [ 200/2503]  eta: 0:39:27  lr: 2.2768048249248675e-05  img/s: 127.60443666327099  loss: 1.1746 (1.2058)  acc1: 71.8750 (70.8955)  acc5: 88.2812 (88.4950)  time: 1.0124  data: 0.0004  max mem: 15029
Test:   [ 0/98]  eta: 0:13:38  loss: 0.6415 (0.6415)  acc1: 81.2500 (81.2500)  acc5: 93.7500 (93.7500)  time: 8.3512  data: 8.1310  max mem: 15029
Test:  Total time: 0:00:37
Test:  Acc@1 71.468 Acc@5 90.232
Epoch: [42]  [   0/2503]  eta: 5:42:32  lr: 2.0610737385376362e-05  img/s: 444.8969256611457  loss: 1.2416 (1.2416)  acc1: 71.0938 (71.0938)  acc5: 87.5000 (87.5000)  time: 8.2110  data: 7.9233  max mem: 15029
Epoch: [42]  [ 100/2503]  eta: 0:43:32  lr: 2.0610737385376362e-05  img/s: 127.49443639133912  loss: 1.1280 (1.2212)  acc1: 71.8750 (71.0319)  acc5: 89.0625 (88.6216)  time: 1.0112  data: 0.0004  max mem: 15029
Epoch: [42]  [ 200/2503]  eta: 0:40:17  lr: 2.0610737385376362e-05  img/s: 126.24883820789836  loss: 1.2023 (1.2064)  acc1: 70.3125 (71.0471)  acc5: 88.2812 (88.8410)  time: 1.0123  data: 0.0004  max mem: 15029
Test:   [ 0/98]  eta: 0:10:56  loss: 0.6031 (0.6031)  acc1: 83.5938 (83.5938)  acc5: 95.3125 (95.3125)  time: 6.6973  data: 6.5760  max mem: 15029
Test:  Total time: 0:00:36
Test:  Acc@1 71.496 Acc@5 90.282
Epoch: [43]  [   0/2503]  eta: 5:39:15  lr: 1.8533980447508148e-05  img/s: 181.18518608514174  loss: 1.1050 (1.1050)  acc1: 73.4375 (73.4375)  acc5: 89.0625 (89.0625)  time: 8.1323  data: 7.4258  max mem: 15029
Epoch: [43]  [ 100/2503]  eta: 0:43:42  lr: 1.8533980447508148e-05  img/s: 126.64251121008533  loss: 1.1745 (1.1950)  acc1: 69.5312 (71.0628)  acc5: 88.2812 (88.8459)  time: 1.0119  data: 0.0004  max mem: 15029
Epoch: [43]  [ 200/2503]  eta: 0:40:23  lr: 1.8533980447508148e-05  img/s: 125.91466327436201  loss: 1.1983 (1.1913)  acc1: 70.3125 (71.1870)  acc5: 88.2812 (88.8954)  time: 1.0167  data: 0.0005  max mem: 15029
Test:   [ 0/98]  eta: 0:11:31  loss: 0.6324 (0.6324)  acc1: 82.0312 (82.0312)  acc5: 93.7500 (93.7500)  time: 7.0603  data: 6.5289  max mem: 15029
Test:  Total time: 0:00:34
Test:  Acc@1 71.468 Acc@5 90.302
Epoch: [44]  [   0/2503]  eta: 5:22:45  lr: 1.6543469682057116e-05  img/s: 174.38347343666766  loss: 0.8814 (0.8814)  acc1: 79.6875 (79.6875)  acc5: 92.1875 (92.1875)  time: 7.7371  data: 7.0030  max mem: 15029
Epoch: [44]  [ 100/2503]  eta: 0:43:55  lr: 1.6543469682057116e-05  img/s: 127.34449964823594  loss: 1.1816 (1.1852)  acc1: 71.0938 (70.9390)  acc5: 88.2812 (88.9697)  time: 1.0175  data: 0.0004  max mem: 15029
Epoch: [44]  [ 200/2503]  eta: 0:40:30  lr: 1.6543469682057116e-05  img/s: 125.84789886615893  loss: 1.2074 (1.1875)  acc1: 71.0938 (71.2298)  acc5: 88.2812 (88.8759)  time: 1.0126  data: 0.0004  max mem: 15029
Test:   [ 0/98]  eta: 0:12:18  loss: 0.6437 (0.6437)  acc1: 82.0312 (82.0312)  acc5: 93.7500 (93.7500)  time: 7.5309  data: 6.9693  max mem: 15029
Test:  Total time: 0:00:35
Test:  Acc@1 71.478 Acc@5 90.284
Epoch: [45]  [   0/2503]  eta: 6:08:03  lr: 1.4644660940672637e-05  img/s: 216.37856087765223  loss: 1.2063 (1.2063)  acc1: 71.0938 (71.0938)  acc5: 90.6250 (90.6250)  time: 8.8227  data: 8.2310  max mem: 15029
Epoch: [45]  [ 100/2503]  eta: 0:43:45  lr: 1.4644660940672637e-05  img/s: 127.80163844435864  loss: 1.1948 (1.2010)  acc1: 68.7500 (70.7921)  acc5: 88.2812 (88.8072)  time: 1.0134  data: 0.0004  max mem: 15029
Epoch: [45]  [ 200/2503]  eta: 0:40:26  lr: 1.4644660940672637e-05  img/s: 126.2437617176854  loss: 1.1730 (1.2112)  acc1: 71.8750 (70.6040)  acc5: 89.8438 (88.7749)  time: 1.0168  data: 0.0004  max mem: 15029
Test:   [ 0/98]  eta: 0:14:55  loss: 0.6214 (0.6214)  acc1: 82.0312 (82.0312)  acc5: 93.7500 (93.7500)  time: 9.1362  data: 8.7400  max mem: 15029
Test:  Total time: 0:00:36
Test:  Acc@1 71.486 Acc@5 90.150
Epoch: [46]  [   0/2503]  eta: 5:48:57  lr: 1.2842758726130309e-05  img/s: 52.032615333502164  loss: 0.9826 (0.9826)  acc1: 76.5625 (76.5625)  acc5: 92.1875 (92.1875)  time: 8.3648  data: 5.9046  max mem: 15029
Epoch: [46]  [ 100/2503]  eta: 0:44:02  lr: 1.2842758726130309e-05  img/s: 127.29410609871151  loss: 1.2568 (1.2241)  acc1: 70.3125 (70.9236)  acc5: 86.7188 (88.2890)  time: 1.0104  data: 0.0004  max mem: 15029
Epoch: [46]  [ 200/2503]  eta: 0:40:32  lr: 1.2842758726130309e-05  img/s: 127.33954608783846  loss: 1.1412 (1.2020)  acc1: 71.0938 (71.3114)  acc5: 89.8438 (88.6350)  time: 1.0130  data: 0.0004  max mem: 15029
Test:   [ 0/98]  eta: 0:14:21  loss: 0.6082 (0.6082)  acc1: 84.3750 (84.3750)  acc5: 94.5312 (94.5312)  time: 8.7917  data: 8.4666  max mem: 15029
Test:  Total time: 0:00:32
Test:  Acc@1 71.534 Acc@5 90.286
Epoch: [47]  [   0/2503]  eta: 6:12:06  lr: 1.1142701927151465e-05  img/s: 48.36178194311575  loss: 1.0453 (1.0453)  acc1: 78.1250 (78.1250)  acc5: 90.6250 (90.6250)  time: 8.9198  data: 6.2730  max mem: 15029
Epoch: [47]  [ 100/2503]  eta: 0:43:51  lr: 1.1142701927151465e-05  img/s: 126.66749055722795  loss: 1.2440 (1.2250)  acc1: 70.3125 (71.0628)  acc5: 88.2812 (88.2967)  time: 1.0121  data: 0.0004  max mem: 15029
Epoch: [47]  [ 200/2503]  eta: 0:40:27  lr: 1.1142701927151465e-05  img/s: 126.04224956637614  loss: 1.2231 (1.2131)  acc1: 70.3125 (71.1793)  acc5: 87.5000 (88.4289)  time: 1.0129  data: 0.0004  max mem: 15029
Test:   [ 0/98]  eta: 0:10:46  loss: 0.6176 (0.6176)  acc1: 82.0312 (82.0312)  acc5: 93.7500 (93.7500)  time: 6.5930  data: 5.9619  max mem: 15029
Test:  Total time: 0:00:32
Test:  Acc@1 71.540 Acc@5 90.338
Epoch: [48]  [   0/2503]  eta: 5:49:41  lr: 9.549150281252641e-06  img/s: 190.47114165058625  loss: 1.2097 (1.2097)  acc1: 70.3125 (70.3125)  acc5: 85.9375 (85.9375)  time: 8.3827  data: 7.7106  max mem: 15029
Epoch: [48]  [ 100/2503]  eta: 0:43:59  lr: 9.549150281252641e-06  img/s: 125.678590432038  loss: 1.1406 (1.1716)  acc1: 71.8750 (71.8131)  acc5: 89.0625 (88.9542)  time: 1.0120  data: 0.0003  max mem: 15029
Epoch: [48]  [ 200/2503]  eta: 0:40:30  lr: 9.549150281252641e-06  img/s: 125.85040641639777  loss: 1.2572 (1.1979)  acc1: 69.5312 (71.3308)  acc5: 88.2812 (88.5883)  time: 1.0126  data: 0.0004  max mem: 15029
Test:   [ 0/98]  eta: 0:14:51  loss: 0.6228 (0.6228)  acc1: 83.5938 (83.5938)  acc5: 93.7500 (93.7500)  time: 9.0979  data: 8.7471  max mem: 15029
Test:  Total time: 0:00:31
Test:  Acc@1 71.602 Acc@5 90.302
============= Diagnostic Run torch.onnx.export version 2.0.1+cu117 =============
verbose: False, log level: Level.ERROR
======================= 0 NONE 0 NOTE 0 WARNING 0 ERROR ========================

Epoch: [49]  [   0/2503]  eta: 2:04:55  lr: 8.06647160272881e-06  img/s: 431.53356804115424  loss: 1.2050 (1.2050)  acc1: 70.3125 (70.3125)  acc5: 89.0625 (89.0625)  time: 2.9947  data: 2.6981  max mem: 15029
Epoch: [49]  [ 100/2503]  eta: 0:41:17  lr: 8.06647160272881e-06  img/s: 126.87022899320219  loss: 1.2205 (1.1953)  acc1: 71.0938 (71.4650)  acc5: 88.2812 (88.6525)  time: 1.0116  data: 0.0003  max mem: 15029
Epoch: [49]  [ 200/2503]  eta: 0:39:12  lr: 8.06647160272881e-06  img/s: 125.70354412353846  loss: 1.2092 (1.2028)  acc1: 71.0938 (71.2376)  acc5: 88.2812 (88.6427)  time: 1.0127  data: 0.0003  max mem: 15029
Test:   [ 0/98]  eta: 0:13:47  loss: 0.6071 (0.6071)  acc1: 84.3750 (84.3750)  acc5: 93.7500 (93.7500)  time: 8.4411  data: 7.8250  max mem: 15029
Test:  Total time: 0:00:32
Test:  Acc@1 71.470 Acc@5 90.242
Epoch: [50]  [   0/2503]  eta: 5:28:26  lr: 6.69872981077807e-06  img/s: 177.5129618926572  loss: 1.3476 (1.3476)  acc1: 71.0938 (71.0938)  acc5: 83.5938 (83.5938)  time: 7.8733  data: 7.1521  max mem: 15029
Epoch: [50]  [ 100/2503]  eta: 0:43:28  lr: 6.69872981077807e-06  img/s: 126.65798768267494  loss: 1.1938 (1.2099)  acc1: 71.8750 (70.7147)  acc5: 87.5000 (88.8614)  time: 1.0106  data: 0.0003  max mem: 15029
Epoch: [50]  [ 200/2503]  eta: 0:40:16  lr: 6.69872981077807e-06  img/s: 126.00580376296388  loss: 1.1831 (1.2118)  acc1: 71.0938 (70.5962)  acc5: 89.0625 (88.6077)  time: 1.0132  data: 0.0003  max mem: 15029
Test:   [ 0/98]  eta: 0:14:57  loss: 0.6123 (0.6123)  acc1: 83.5938 (83.5938)  acc5: 94.5312 (94.5312)  time: 9.1565  data: 8.6569  max mem: 15029
Test:  Total time: 0:00:31
Test:  Acc@1 71.458 Acc@5 90.244
============= Diagnostic Run torch.onnx.export version 2.0.1+cu117 =============
verbose: False, log level: Level.ERROR
======================= 0 NONE 0 NOTE 0 WARNING 0 ERROR ========================

Epoch: [51]  [   0/2503]  eta: 2:14:08  lr: 5.449673790581616e-06  img/s: 399.7984233580121  loss: 1.3074 (1.3074)  acc1: 68.7500 (68.7500)  acc5: 85.9375 (85.9375)  time: 3.2155  data: 2.8952  max mem: 15029
Epoch: [51]  [ 100/2503]  eta: 0:41:22  lr: 5.449673790581616e-06  img/s: 127.1425923763833  loss: 1.1921 (1.1972)  acc1: 70.3125 (71.2871)  acc5: 88.2812 (88.9001)  time: 1.0117  data: 0.0003  max mem: 15029
Epoch: [51]  [ 200/2503]  eta: 0:39:14  lr: 5.449673790581616e-06  img/s: 126.44201804763794  loss: 1.1293 (1.1985)  acc1: 71.8750 (71.1754)  acc5: 89.0625 (88.7477)  time: 1.0121  data: 0.0002  max mem: 15029
Test:   [ 0/98]  eta: 0:13:28  loss: 0.6323 (0.6323)  acc1: 82.0312 (82.0312)  acc5: 93.7500 (93.7500)  time: 8.2463  data: 7.6549  max mem: 15029
Test:  Total time: 0:00:31
Test:  Acc@1 71.484 Acc@5 90.188
============= Diagnostic Run torch.onnx.export version 2.0.1+cu117 =============
verbose: False, log level: Level.ERROR
======================= 0 NONE 0 NOTE 0 WARNING 0 ERROR ========================

Epoch: [52]  [   0/2503]  eta: 2:03:48  lr: 4.322727117869955e-06  img/s: 412.8956807033681  loss: 1.1411 (1.1411)  acc1: 74.2188 (74.2188)  acc5: 87.5000 (87.5000)  time: 2.9677  data: 2.6576  max mem: 15029
Epoch: [52]  [ 100/2503]  eta: 0:41:20  lr: 4.322727117869955e-06  img/s: 126.36502617820764  loss: 1.1276 (1.2091)  acc1: 70.3125 (70.3744)  acc5: 88.2812 (88.8691)  time: 1.0153  data: 0.0003  max mem: 15029
Epoch: [52]  [ 200/2503]  eta: 0:39:20  lr: 4.322727117869955e-06  img/s: 125.44463220229996  loss: 1.1705 (1.2025)  acc1: 69.5312 (70.8256)  acc5: 89.0625 (88.9070)  time: 1.0162  data: 0.0002  max mem: 15029
Test:   [ 0/98]  eta: 0:12:37  loss: 0.5990 (0.5990)  acc1: 84.3750 (84.3750)  acc5: 95.3125 (95.3125)  time: 7.7333  data: 7.1021  max mem: 15029
Test:  Total time: 0:00:32
Test:  Acc@1 71.596 Acc@5 90.306
============= Diagnostic Run torch.onnx.export version 2.0.1+cu117 =============
verbose: False, log level: Level.ERROR
======================= 0 NONE 0 NOTE 0 WARNING 0 ERROR ========================

Epoch: [53]  [   0/2503]  eta: 2:21:12  lr: 3.3209786751399153e-06  img/s: 410.84816696231377  loss: 1.4564 (1.4564)  acc1: 64.8438 (64.8438)  acc5: 85.1562 (85.1562)  time: 3.3850  data: 3.0733  max mem: 15029
Epoch: [53]  [ 100/2503]  eta: 0:41:29  lr: 3.3209786751399153e-06  img/s: 126.52670720736963  loss: 1.2318 (1.2166)  acc1: 70.3125 (70.7843)  acc5: 88.2812 (88.3663)  time: 1.0136  data: 0.0002  max mem: 15029
Epoch: [53]  [ 200/2503]  eta: 0:39:21  lr: 3.3209786751399153e-06  img/s: 125.70757648698415  loss: 1.2190 (1.2019)  acc1: 69.5312 (71.0199)  acc5: 88.2812 (88.5261)  time: 1.0135  data: 0.0002  max mem: 15029
Test:   [ 0/98]  eta: 0:15:01  loss: 0.6323 (0.6323)  acc1: 82.8125 (82.8125)  acc5: 93.7500 (93.7500)  time: 9.2017  data: 8.7607  max mem: 15029
Test:  Total time: 0:00:32
Test:  Acc@1 71.564 Acc@5 90.260
============= Diagnostic Run torch.onnx.export version 2.0.1+cu117 =============
verbose: False, log level: Level.ERROR
======================= 0 NONE 0 NOTE 0 WARNING 0 ERROR ========================

Epoch: [54]  [   0/2503]  eta: 2:12:22  lr: 2.447174185242325e-06  img/s: 411.99043215679353  loss: 1.1902 (1.1902)  acc1: 69.5312 (69.5312)  acc5: 89.0625 (89.0625)  time: 3.1733  data: 2.8625  max mem: 15029
Epoch: [54]  [ 100/2503]  eta: 0:41:21  lr: 2.447174185242325e-06  img/s: 126.84043464044258  loss: 1.1377 (1.1912)  acc1: 72.6562 (71.2639)  acc5: 89.8438 (88.9233)  time: 1.0115  data: 0.0003  max mem: 15029
Epoch: [54]  [ 200/2503]  eta: 0:39:13  lr: 2.447174185242325e-06  img/s: 127.37033085577619  loss: 1.1758 (1.1867)  acc1: 70.3125 (71.4008)  acc5: 88.2812 (88.9031)  time: 1.0123  data: 0.0003  max mem: 15029
Test:   [ 0/98]  eta: 0:15:21  loss: 0.6281 (0.6281)  acc1: 82.8125 (82.8125)  acc5: 93.7500 (93.7500)  time: 9.3983  data: 8.9567  max mem: 15029
Test:  Total time: 0:00:31
Test:  Acc@1 71.588 Acc@5 90.296
============= Diagnostic Run torch.onnx.export version 2.0.1+cu117 =============
verbose: False, log level: Level.ERROR
======================= 0 NONE 0 NOTE 0 WARNING 0 ERROR ========================

Epoch: [55]  [   0/2503]  eta: 2:07:24  lr: 1.7037086855465854e-06  img/s: 401.3396994984664  loss: 1.3581 (1.3581)  acc1: 67.9688 (67.9688)  acc5: 88.2812 (88.2812)  time: 3.0539  data: 2.7350  max mem: 15029
Epoch: [55]  [ 100/2503]  eta: 0:41:23  lr: 1.7037086855465854e-06  img/s: 127.21568147960161  loss: 1.1973 (1.1914)  acc1: 72.6562 (70.6296)  acc5: 87.5000 (89.1321)  time: 1.0117  data: 0.0002  max mem: 15029
Epoch: [55]  [ 200/2503]  eta: 0:39:15  lr: 1.7037086855465854e-06  img/s: 126.9365221527936  loss: 1.2187 (1.2090)  acc1: 70.3125 (70.6740)  acc5: 87.5000 (88.7360)  time: 1.0115  data: 0.0002  max mem: 15029
Test:   [ 0/98]  eta: 0:14:18  loss: 0.6515 (0.6515)  acc1: 81.2500 (81.2500)  acc5: 93.7500 (93.7500)  time: 8.7633  data: 8.3099  max mem: 15029
Test:  Total time: 0:00:32
Test:  Acc@1 71.516 Acc@5 90.208
============= Diagnostic Run torch.onnx.export version 2.0.1+cu117 =============
verbose: False, log level: Level.ERROR
======================= 0 NONE 0 NOTE 0 WARNING 0 ERROR ========================

Epoch: [56]  [   0/2503]  eta: 2:16:41  lr: 1.0926199633097164e-06  img/s: 423.8630806228259  loss: 1.1696 (1.1696)  acc1: 71.0938 (71.0938)  acc5: 88.2812 (88.2812)  time: 3.2766  data: 2.9746  max mem: 15029
Epoch: [56]  [ 100/2503]  eta: 0:41:23  lr: 1.0926199633097164e-06  img/s: 127.24881916937026  loss: 1.1583 (1.1919)  acc1: 71.8750 (71.0396)  acc5: 89.0625 (88.5984)  time: 1.0104  data: 0.0002  max mem: 15029
Epoch: [56]  [ 200/2503]  eta: 0:39:14  lr: 1.0926199633097164e-06  img/s: 126.78295372348578  loss: 1.1759 (1.1899)  acc1: 72.6562 (71.6651)  acc5: 88.2812 (88.7865)  time: 1.0104  data: 0.0002  max mem: 15029
Test:   [ 0/98]  eta: 0:12:39  loss: 0.6177 (0.6177)  acc1: 81.2500 (81.2500)  acc5: 93.7500 (93.7500)  time: 7.7546  data: 7.3225  max mem: 15029
Test:  Total time: 0:00:31
Test:  Acc@1 71.530 Acc@5 90.322
============= Diagnostic Run torch.onnx.export version 2.0.1+cu117 =============
verbose: False, log level: Level.ERROR
======================= 0 NONE 0 NOTE 0 WARNING 0 ERROR ========================

Epoch: [57]  [   0/2503]  eta: 2:04:18  lr: 6.155829702431174e-07  img/s: 417.1076318749961  loss: 1.1673 (1.1673)  acc1: 71.8750 (71.8750)  acc5: 90.6250 (90.6250)  time: 2.9797  data: 2.6728  max mem: 15029
Epoch: [57]  [ 100/2503]  eta: 0:41:12  lr: 6.155829702431174e-07  img/s: 127.16906466810842  loss: 1.1051 (1.2009)  acc1: 71.0938 (71.2330)  acc5: 89.8438 (88.9929)  time: 1.0101  data: 0.0003  max mem: 15029
Epoch: [57]  [ 200/2503]  eta: 0:39:08  lr: 6.155829702431174e-07  img/s: 126.62470898206756  loss: 1.2152 (1.2059)  acc1: 71.0938 (71.1559)  acc5: 88.2812 (88.7749)  time: 1.0103  data: 0.0003  max mem: 15029
Test:   [ 0/98]  eta: 0:13:32  loss: 0.6419 (0.6419)  acc1: 82.8125 (82.8125)  acc5: 93.7500 (93.7500)  time: 8.2873  data: 7.8884  max mem: 15029
Test:  Total time: 0:00:31
Test:  Acc@1 71.508 Acc@5 90.284
============= Diagnostic Run torch.onnx.export version 2.0.1+cu117 =============
verbose: False, log level: Level.ERROR
======================= 0 NONE 0 NOTE 0 WARNING 0 ERROR ========================

Epoch: [58]  [   0/2503]  eta: 2:05:03  lr: 2.7390523158633014e-07  img/s: 413.5639310191294  loss: 1.1627 (1.1627)  acc1: 71.0938 (71.0938)  acc5: 89.0625 (89.0625)  time: 2.9979  data: 2.6883  max mem: 15029
Epoch: [58]  [ 100/2503]  eta: 0:41:11  lr: 2.7390523158633014e-07  img/s: 126.2613085133754  loss: 1.2147 (1.2088)  acc1: 70.3125 (70.7457)  acc5: 87.5000 (88.5520)  time: 1.0100  data: 0.0002  max mem: 15029
Epoch: [58]  [ 200/2503]  eta: 0:39:07  lr: 2.7390523158633014e-07  img/s: 127.04886854356103  loss: 1.2605 (1.2085)  acc1: 69.5312 (70.7789)  acc5: 87.5000 (88.6622)  time: 1.0101  data: 0.0003  max mem: 15029
Test:   [ 0/98]  eta: 0:14:32  loss: 0.6221 (0.6221)  acc1: 82.8125 (82.8125)  acc5: 93.7500 (93.7500)  time: 8.9081  data: 8.3343  max mem: 15029
Test:  Total time: 0:00:32
Test:  Acc@1 71.480 Acc@5 90.304
============= Diagnostic Run torch.onnx.export version 2.0.1+cu117 =============
verbose: False, log level: Level.ERROR
======================= 0 NONE 0 NOTE 0 WARNING 0 ERROR ========================

Epoch: [59]  [   0/2503]  eta: 2:08:43  lr: 6.85232622713084e-08  img/s: 398.36468853672994  loss: 1.5381 (1.5381)  acc1: 60.1562 (60.1562)  acc5: 85.1562 (85.1562)  time: 3.0859  data: 2.7645  max mem: 15029
Epoch: [59]  [ 100/2503]  eta: 0:41:23  lr: 6.85232622713084e-08  img/s: 126.68641090152093  loss: 1.2035 (1.1997)  acc1: 71.8750 (71.3800)  acc5: 88.2812 (88.8923)  time: 1.0104  data: 0.0002  max mem: 15029
Epoch: [59]  [ 200/2503]  eta: 0:39:14  lr: 6.85232622713084e-08  img/s: 127.18292259401836  loss: 1.2254 (1.1970)  acc1: 71.0938 (71.0860)  acc5: 88.2812 (88.8604)  time: 1.0098  data: 0.0002  max mem: 15029
Test:   [ 0/98]  eta: 0:13:57  loss: 0.6141 (0.6141)  acc1: 82.8125 (82.8125)  acc5: 93.7500 (93.7500)  time: 8.5474  data: 8.1509  max mem: 15029
Test:  Total time: 0:00:31
Test:  Acc@1 71.598 Acc@5 90.310
============= Diagnostic Run torch.onnx.export version 2.0.1+cu117 =============
verbose: False, log level: Level.ERROR
======================= 0 NONE 0 NOTE 0 WARNING 0 ERROR ========================

Training time 6:58:55
