| distributed init (rank 0): env://
Namespace(data_path='./data/datasets/imagenet', dataset='folder', annotation_prefix='instances', model='mobilenet_v2_lite', device='cuda', gpus=1, batch_size=64, epochs=25, workers=16, opt='sgd', lr=0.0001, momentum=0.9, weight_decay=4e-05, norm_weight_decay=None, bias_weight_decay=None, transformer_embedding_decay=None, label_smoothing=0.0, mixup_alpha=0.0, cutmix_alpha=0.0, lr_scheduler='cosineannealinglr', lr_warmup_epochs=0, lr_warmup_method='constant', lr_warmup_decay=0.01, lr_step_size=30, lr_gamma=0.1, lr_min=0.0, print_freq=100, output_dir='./data/checkpoints/torchvision/20231121-180507_imagenet_classification_mobilenet_v2_lite', resume='', start_epoch=0, cache_dataset=False, sync_bn=False, test_only=False, auto_augment=None, ra_magnitude=9, augmix_severity=3, random_erase=0.0, amp=False, world_size=4, dist_url='env://', distributed=True, parallel=0, model_ema=False, model_ema_steps=32, model_ema_decay=0.99998, use_deterministic_algorithms=False, interpolation='bilinear', val_resize_size=256, val_crop_size=224, train_crop_size=224, clip_grad_norm=None, ra_sampler=False, ra_reps=3, weights='../edgeai-modelzoo/models/vision/classification/imagenet1k/edgeai-tv2/mobilenet_v2_lite_wt-v2_20231101_checkpoint.pth,MobileNet_V2_Weights.IMAGENET1K_V2', weights_state_dict_name='model', model_surgery=2, quantization=2, quantization_type='WC8_AT8', pruning=0, pruning_type=1, pruning_ratio=0.5, compile_model=0, opset_version=18, train_epoch_size_factor=0.2, val_epoch_size_factor=0.0, weights_url='../edgeai-modelzoo/models/vision/classification/imagenet1k/edgeai-tv2/mobilenet_v2_lite_wt-v2_20231101_checkpoint.pth', weights_enum='MobileNet_V2_Weights.IMAGENET1K_V2', rank=0, gpu=0, dist_backend='nccl')
Loading data
Loading training data
Took 4.729089260101318
Loading validation data
Creating data loaders
Creating model
loading pretrained checkpoint for training: ../edgeai-modelzoo/models/vision/classification/imagenet1k/edgeai-tv2/mobilenet_v2_lite_wt-v2_20231101_checkpoint.pth
Start training
Epoch: [0]  [   0/5005]  eta: 19:47:15  lr: 0.0001  img/s: 10.981364418762464  loss: 1.8604 (1.8604)  acc1: 56.2500 (56.2500)  acc5: 82.8125 (82.8125)  time: 14.2329  data: 8.4048  max mem: 8009
Epoch: [0]  [ 100/5005]  eta: 1:20:19  lr: 0.0001  img/s: 75.30994787635201  loss: 1.6845 (1.6327)  acc1: 62.5000 (61.7729)  acc5: 82.8125 (83.3540)  time: 0.8668  data: 0.0003  max mem: 8009
Epoch: [0]  [ 200/5005]  eta: 1:12:59  lr: 0.0001  img/s: 78.99282037157035  loss: 1.5850 (1.5911)  acc1: 64.0625 (62.9431)  acc5: 84.3750 (83.7920)  time: 0.8482  data: 0.0002  max mem: 8009
Epoch: [0]  [ 300/5005]  eta: 1:09:33  lr: 0.0001  img/s: 77.87832683514286  loss: 1.5934 (1.5666)  acc1: 64.0625 (63.6109)  acc5: 82.8125 (84.1466)  time: 0.8293  data: 0.0002  max mem: 8009
Epoch: [0]  [ 400/5005]  eta: 1:07:05  lr: 0.0001  img/s: 75.74735779916959  loss: 1.5322 (1.5627)  acc1: 62.5000 (63.7157)  acc5: 84.3750 (84.1568)  time: 0.8409  data: 0.0002  max mem: 8009
Epoch: [0]  [ 500/5005]  eta: 1:05:08  lr: 0.0001  img/s: 76.68326851539204  loss: 1.3857 (1.5473)  acc1: 65.6250 (64.1155)  acc5: 85.9375 (84.4187)  time: 0.8353  data: 0.0002  max mem: 8009
Epoch: [0]  [ 600/5005]  eta: 1:03:20  lr: 0.0001  img/s: 73.65080466045949  loss: 1.4744 (1.5318)  acc1: 62.5000 (64.3589)  acc5: 84.3750 (84.5960)  time: 0.8441  data: 0.0002  max mem: 8009
Epoch: [0]  [ 700/5005]  eta: 1:01:41  lr: 0.0001  img/s: 77.24770215562837  loss: 1.4361 (1.5219)  acc1: 65.6250 (64.5818)  acc5: 85.9375 (84.7160)  time: 0.8511  data: 0.0002  max mem: 8009
Epoch: [0]  [ 800/5005]  eta: 1:00:01  lr: 0.0001  img/s: 77.97580629231604  loss: 1.4305 (1.5080)  acc1: 67.1875 (64.8857)  acc5: 85.9375 (84.9270)  time: 0.8297  data: 0.0002  max mem: 8009
Epoch: [0]  [ 900/5005]  eta: 0:58:26  lr: 0.0001  img/s: 76.74088050530226  loss: 1.4567 (1.5013)  acc1: 65.6250 (65.0128)  acc5: 85.9375 (85.0392)  time: 0.8384  data: 0.0002  max mem: 8009
Epoch: [0]  [1000/5005]  eta: 0:56:55  lr: 0.0001  img/s: 75.33640981859627  loss: 1.3616 (1.4936)  acc1: 67.1875 (65.0990)  acc5: 85.9375 (85.1258)  time: 0.8409  data: 0.0002  max mem: 8009
Test:   [  0/196]  eta: 0:16:14  loss: 0.6372 (0.6372)  acc1: 81.2500 (81.2500)  acc5: 95.3125 (95.3125)  time: 4.9713  data: 4.4659  max mem: 8009
Test:   [100/196]  eta: 0:00:27  loss: 1.4138 (0.9415)  acc1: 64.0625 (74.4431)  acc5: 87.5000 (93.4561)  time: 0.1758  data: 0.0020  max mem: 8009
Test:  Total time: 0:00:45
Test:  Acc@1 71.258 Acc@5 90.892
============= Diagnostic Run torch.onnx.export version 2.0.1+cu118 =============
verbose: False, log level: Level.ERROR
======================= 0 NONE 0 NOTE 0 WARNING 0 ERROR ========================

============= Diagnostic Run torch.onnx.export version 2.0.1+cu118 =============
verbose: False, log level: Level.ERROR
======================= 0 NONE 0 NOTE 0 WARNING 0 ERROR ========================

Epoch: [1]  [   0/5005]  eta: 3:38:19  lr: 9.96057350657239e-05  img/s: 68.35908327399815  loss: 1.4300 (1.4300)  acc1: 68.7500 (68.7500)  acc5: 85.9375 (85.9375)  time: 2.6172  data: 1.6809  max mem: 8009
Epoch: [1]  [ 100/5005]  eta: 1:09:39  lr: 9.96057350657239e-05  img/s: 76.77667944678898  loss: 1.3297 (1.3998)  acc1: 68.7500 (66.5223)  acc5: 85.9375 (86.2624)  time: 0.8344  data: 0.0002  max mem: 8009
Epoch: [1]  [ 200/5005]  eta: 1:07:40  lr: 9.96057350657239e-05  img/s: 76.60440080384045  loss: 1.3276 (1.4220)  acc1: 68.7500 (66.2858)  acc5: 85.9375 (85.8909)  time: 0.8414  data: 0.0002  max mem: 8009
Epoch: [1]  [ 300/5005]  eta: 1:06:03  lr: 9.96057350657239e-05  img/s: 77.05262021807259  loss: 1.3713 (1.4160)  acc1: 67.1875 (66.3310)  acc5: 85.9375 (86.0102)  time: 0.8197  data: 0.0002  max mem: 8009
Epoch: [1]  [ 400/5005]  eta: 1:04:33  lr: 9.96057350657239e-05  img/s: 80.20868715064603  loss: 1.4065 (1.4133)  acc1: 65.6250 (66.4472)  acc5: 85.9375 (86.1557)  time: 0.8292  data: 0.0002  max mem: 8009
Epoch: [1]  [ 500/5005]  eta: 1:03:01  lr: 9.96057350657239e-05  img/s: 75.67168240132831  loss: 1.4330 (1.4184)  acc1: 67.1875 (66.3735)  acc5: 85.9375 (86.0623)  time: 0.8293  data: 0.0002  max mem: 8009
Epoch: [1]  [ 600/5005]  eta: 1:01:34  lr: 9.96057350657239e-05  img/s: 79.18368276433723  loss: 1.3218 (1.4087)  acc1: 65.6250 (66.4985)  acc5: 87.5000 (86.1897)  time: 0.8460  data: 0.0002  max mem: 8009
Epoch: [1]  [ 700/5005]  eta: 1:00:07  lr: 9.96057350657239e-05  img/s: 76.7409682607659  loss: 1.3990 (1.4075)  acc1: 64.0625 (66.5411)  acc5: 85.9375 (86.2273)  time: 0.8284  data: 0.0002  max mem: 8009
Epoch: [1]  [ 800/5005]  eta: 0:58:43  lr: 9.96057350657239e-05  img/s: 79.474076635576  loss: 1.4010 (1.4082)  acc1: 64.0625 (66.4872)  acc5: 85.9375 (86.2555)  time: 0.8426  data: 0.0002  max mem: 8009
Epoch: [1]  [ 900/5005]  eta: 0:57:20  lr: 9.96057350657239e-05  img/s: 78.0651292426676  loss: 1.4368 (1.4103)  acc1: 64.0625 (66.4002)  acc5: 85.9375 (86.2288)  time: 0.8426  data: 0.0002  max mem: 8009
Epoch: [1]  [1000/5005]  eta: 0:55:58  lr: 9.96057350657239e-05  img/s: 75.74118108469956  loss: 1.3067 (1.4115)  acc1: 65.6250 (66.3961)  acc5: 85.9375 (86.2450)  time: 0.8502  data: 0.0003  max mem: 8009
Test:   [  0/196]  eta: 0:12:56  loss: 0.6492 (0.6492)  acc1: 81.2500 (81.2500)  acc5: 93.7500 (93.7500)  time: 3.9593  data: 3.5743  max mem: 8009
Test:   [100/196]  eta: 0:00:27  loss: 1.3873 (0.9400)  acc1: 64.0625 (74.9072)  acc5: 87.5000 (93.4561)  time: 0.2447  data: 0.0047  max mem: 8009
Test:  Total time: 0:00:45
Test:  Acc@1 71.504 Acc@5 90.950
============= Diagnostic Run torch.onnx.export version 2.0.1+cu118 =============
verbose: False, log level: Level.ERROR
======================= 0 NONE 0 NOTE 0 WARNING 0 ERROR ========================

Epoch: [2]  [   0/5005]  eta: 3:23:24  lr: 9.842915805643155e-05  img/s: 72.47680414110806  loss: 1.5865 (1.5865)  acc1: 67.1875 (67.1875)  acc5: 79.6875 (79.6875)  time: 2.4385  data: 1.5554  max mem: 8009
Epoch: [2]  [ 100/5005]  eta: 1:10:05  lr: 9.842915805643155e-05  img/s: 76.55382628740453  loss: 1.2548 (1.3704)  acc1: 67.1875 (67.5433)  acc5: 87.5000 (87.1442)  time: 0.8519  data: 0.0002  max mem: 8009
Epoch: [2]  [ 200/5005]  eta: 1:08:02  lr: 9.842915805643155e-05  img/s: 76.48128179829216  loss: 1.2846 (1.4012)  acc1: 65.6250 (66.8221)  acc5: 85.9375 (86.3340)  time: 0.8475  data: 0.0003  max mem: 8009
Epoch: [2]  [ 300/5005]  eta: 1:06:34  lr: 9.842915805643155e-05  img/s: 72.45029848063398  loss: 1.3041 (1.3879)  acc1: 68.7500 (67.2394)  acc5: 87.5000 (86.6539)  time: 0.8403  data: 0.0002  max mem: 8009
Epoch: [2]  [ 400/5005]  eta: 1:05:00  lr: 9.842915805643155e-05  img/s: 71.25168642993917  loss: 1.3239 (1.3789)  acc1: 67.1875 (67.3122)  acc5: 87.5000 (86.6545)  time: 0.8485  data: 0.0002  max mem: 8009
Epoch: [2]  [ 500/5005]  eta: 1:03:38  lr: 9.842915805643155e-05  img/s: 78.91834294545858  loss: 1.3115 (1.3821)  acc1: 67.1875 (67.0409)  acc5: 87.5000 (86.7141)  time: 0.8342  data: 0.0002  max mem: 8009
Epoch: [2]  [ 600/5005]  eta: 1:02:11  lr: 9.842915805643155e-05  img/s: 79.3792722083271  loss: 1.4471 (1.3920)  acc1: 65.6250 (66.9171)  acc5: 85.9375 (86.5225)  time: 0.8456  data: 0.0002  max mem: 8009
Epoch: [2]  [ 700/5005]  eta: 1:00:41  lr: 9.842915805643155e-05  img/s: 76.41357283338206  loss: 1.4239 (1.3960)  acc1: 64.0625 (66.8710)  acc5: 87.5000 (86.4970)  time: 0.8323  data: 0.0002  max mem: 8009
Epoch: [2]  [ 800/5005]  eta: 0:59:15  lr: 9.842915805643155e-05  img/s: 76.97703066773916  loss: 1.4363 (1.3976)  acc1: 65.6250 (66.7935)  acc5: 84.3750 (86.5051)  time: 0.8444  data: 0.0002  max mem: 8009
Epoch: [2]  [ 900/5005]  eta: 0:57:49  lr: 9.842915805643155e-05  img/s: 73.00557940252662  loss: 1.4811 (1.3998)  acc1: 64.0625 (66.6863)  acc5: 85.9375 (86.4439)  time: 0.8257  data: 0.0002  max mem: 8009
Epoch: [2]  [1000/5005]  eta: 0:56:27  lr: 9.842915805643155e-05  img/s: 76.83236470746164  loss: 1.2967 (1.3992)  acc1: 65.6250 (66.7099)  acc5: 85.9375 (86.4823)  time: 0.8406  data: 0.0002  max mem: 8009
Test:   [  0/196]  eta: 0:14:54  loss: 0.6315 (0.6315)  acc1: 82.8125 (82.8125)  acc5: 95.3125 (95.3125)  time: 4.5651  data: 4.2501  max mem: 8009
Test:   [100/196]  eta: 0:00:21  loss: 1.4121 (0.9314)  acc1: 62.5000 (75.2011)  acc5: 87.5000 (93.4406)  time: 0.1718  data: 0.0012  max mem: 8009
Test:  Total time: 0:00:39
Test:  Acc@1 71.534 Acc@5 91.066
============= Diagnostic Run torch.onnx.export version 2.0.1+cu118 =============
verbose: False, log level: Level.ERROR
======================= 0 NONE 0 NOTE 0 WARNING 0 ERROR ========================

Epoch: [3]  [   0/5005]  eta: 3:31:40  lr: 9.648882429441257e-05  img/s: 64.94222888870073  loss: 1.4015 (1.4015)  acc1: 70.3125 (70.3125)  acc5: 87.5000 (87.5000)  time: 2.5376  data: 1.5521  max mem: 8009
Epoch: [3]  [ 100/5005]  eta: 1:10:20  lr: 9.648882429441257e-05  img/s: 78.51627812969913  loss: 1.5047 (1.4206)  acc1: 64.0625 (66.2902)  acc5: 84.3750 (86.0303)  time: 0.8411  data: 0.0002  max mem: 8009
Epoch: [3]  [ 200/5005]  eta: 1:08:19  lr: 9.648882429441257e-05  img/s: 75.69955195394104  loss: 1.4125 (1.4170)  acc1: 68.7500 (66.6123)  acc5: 85.9375 (85.9764)  time: 0.8515  data: 0.0002  max mem: 8009
Epoch: [3]  [ 300/5005]  eta: 1:06:34  lr: 9.648882429441257e-05  img/s: 74.69396105074178  loss: 1.3819 (1.4094)  acc1: 60.9375 (66.4192)  acc5: 85.9375 (86.1503)  time: 0.8325  data: 0.0002  max mem: 8009
Epoch: [3]  [ 400/5005]  eta: 1:05:07  lr: 9.648882429441257e-05  img/s: 74.56629509741366  loss: 1.3407 (1.4075)  acc1: 68.7500 (66.4121)  acc5: 89.0625 (86.1596)  time: 0.8477  data: 0.0002  max mem: 8009
Epoch: [3]  [ 500/5005]  eta: 1:03:44  lr: 9.648882429441257e-05  img/s: 74.74196156699047  loss: 1.4086 (1.4069)  acc1: 65.6250 (66.3829)  acc5: 85.9375 (86.2244)  time: 0.8602  data: 0.0002  max mem: 8009
Epoch: [3]  [ 600/5005]  eta: 1:02:09  lr: 9.648882429441257e-05  img/s: 74.85905990108978  loss: 1.3139 (1.4048)  acc1: 68.7500 (66.4543)  acc5: 87.5000 (86.2963)  time: 0.8550  data: 0.0002  max mem: 8009
Epoch: [3]  [ 700/5005]  eta: 1:00:42  lr: 9.648882429441257e-05  img/s: 76.24961006770945  loss: 1.3313 (1.4046)  acc1: 68.7500 (66.4898)  acc5: 85.9375 (86.3142)  time: 0.8462  data: 0.0002  max mem: 8009
Epoch: [3]  [ 800/5005]  eta: 0:59:17  lr: 9.648882429441257e-05  img/s: 77.92252319514459  loss: 1.4776 (1.4091)  acc1: 64.0625 (66.3311)  acc5: 84.3750 (86.2418)  time: 0.8446  data: 0.0002  max mem: 8009
Epoch: [3]  [ 900/5005]  eta: 0:57:49  lr: 9.648882429441257e-05  img/s: 77.60883490525399  loss: 1.3864 (1.4098)  acc1: 65.6250 (66.3343)  acc5: 87.5000 (86.2410)  time: 0.8424  data: 0.0002  max mem: 8009
Epoch: [3]  [1000/5005]  eta: 0:56:26  lr: 9.648882429441257e-05  img/s: 76.53398612420247  loss: 1.4245 (1.4073)  acc1: 65.6250 (66.4304)  acc5: 82.8125 (86.2216)  time: 0.8510  data: 0.0002  max mem: 8009
Test:   [  0/196]  eta: 0:15:38  loss: 0.6172 (0.6172)  acc1: 81.2500 (81.2500)  acc5: 95.3125 (95.3125)  time: 4.7906  data: 4.6205  max mem: 8009
Test:   [100/196]  eta: 0:00:26  loss: 1.4387 (0.9410)  acc1: 64.0625 (74.9381)  acc5: 85.9375 (93.3323)  time: 0.2221  data: 0.0034  max mem: 8009
Test:  Total time: 0:00:43
Test:  Acc@1 71.534 Acc@5 90.914
============= Diagnostic Run torch.onnx.export version 2.0.1+cu118 =============
verbose: False, log level: Level.ERROR
======================= 0 NONE 0 NOTE 0 WARNING 0 ERROR ========================

Epoch: [4]  [   0/5005]  eta: 3:33:04  lr: 9.381533400219318e-05  img/s: 75.30063144311822  loss: 1.6765 (1.6765)  acc1: 59.3750 (59.3750)  acc5: 84.3750 (84.3750)  time: 2.5544  data: 1.7044  max mem: 8009
Epoch: [4]  [ 100/5005]  eta: 1:09:57  lr: 9.381533400219318e-05  img/s: 74.71335764629457  loss: 1.3837 (1.3786)  acc1: 67.1875 (67.4350)  acc5: 87.5000 (87.1132)  time: 0.8298  data: 0.0002  max mem: 8009
Epoch: [4]  [ 200/5005]  eta: 1:08:08  lr: 9.381533400219318e-05  img/s: 73.9597358410197  loss: 1.2613 (1.3775)  acc1: 67.1875 (67.5840)  acc5: 89.0625 (86.9636)  time: 0.8514  data: 0.0002  max mem: 8009
Epoch: [4]  [ 300/5005]  eta: 1:06:33  lr: 9.381533400219318e-05  img/s: 75.9362434798647  loss: 1.3598 (1.3891)  acc1: 67.1875 (67.0266)  acc5: 85.9375 (86.9134)  time: 0.8415  data: 0.0002  max mem: 8009
Epoch: [4]  [ 400/5005]  eta: 1:05:03  lr: 9.381533400219318e-05  img/s: 78.48519489328856  loss: 1.4838 (1.3951)  acc1: 64.0625 (66.8368)  acc5: 84.3750 (86.7480)  time: 0.8419  data: 0.0002  max mem: 8009
Epoch: [4]  [ 500/5005]  eta: 1:03:35  lr: 9.381533400219318e-05  img/s: 77.52966504330286  loss: 1.5426 (1.4037)  acc1: 65.6250 (66.7010)  acc5: 84.3750 (86.5488)  time: 0.8420  data: 0.0002  max mem: 8009
Epoch: [4]  [ 600/5005]  eta: 1:02:08  lr: 9.381533400219318e-05  img/s: 75.58340797288366  loss: 1.4153 (1.4057)  acc1: 65.6250 (66.6987)  acc5: 85.9375 (86.4627)  time: 0.8442  data: 0.0002  max mem: 8009
Epoch: [4]  [ 700/5005]  eta: 1:00:39  lr: 9.381533400219318e-05  img/s: 77.75126242219383  loss: 1.2416 (1.4021)  acc1: 68.7500 (66.6726)  acc5: 87.5000 (86.4992)  time: 0.8360  data: 0.0002  max mem: 8009
Epoch: [4]  [ 800/5005]  eta: 0:59:16  lr: 9.381533400219318e-05  img/s: 76.5530403427435  loss: 1.4704 (1.4054)  acc1: 67.1875 (66.6452)  acc5: 85.9375 (86.4661)  time: 0.8410  data: 0.0002  max mem: 8009
Epoch: [4]  [ 900/5005]  eta: 0:57:52  lr: 9.381533400219318e-05  img/s: 74.46452569671587  loss: 1.4095 (1.4049)  acc1: 67.1875 (66.7193)  acc5: 85.9375 (86.4369)  time: 0.8572  data: 0.0002  max mem: 8009
Epoch: [4]  [1000/5005]  eta: 0:56:28  lr: 9.381533400219318e-05  img/s: 76.42673511896966  loss: 1.3408 (1.4030)  acc1: 65.6250 (66.6833)  acc5: 87.5000 (86.4823)  time: 0.8483  data: 0.0003  max mem: 8009
Test:   [  0/196]  eta: 0:16:45  loss: 0.6489 (0.6489)  acc1: 81.2500 (81.2500)  acc5: 95.3125 (95.3125)  time: 5.1298  data: 4.5720  max mem: 8009
Test:   [100/196]  eta: 0:00:27  loss: 1.3973 (0.9354)  acc1: 64.0625 (75.2321)  acc5: 87.5000 (93.4406)  time: 0.2538  data: 0.0072  max mem: 8009
Test:  Total time: 0:00:44
Test:  Acc@1 71.560 Acc@5 90.904
============= Diagnostic Run torch.onnx.export version 2.0.1+cu118 =============
verbose: False, log level: Level.ERROR
======================= 0 NONE 0 NOTE 0 WARNING 0 ERROR ========================

Epoch: [5]  [   0/5005]  eta: 3:18:14  lr: 9.045084971874738e-05  img/s: 69.64460671950552  loss: 1.2890 (1.2890)  acc1: 67.1875 (67.1875)  acc5: 89.0625 (89.0625)  time: 2.3765  data: 1.4575  max mem: 8009
Epoch: [5]  [ 100/5005]  eta: 1:10:12  lr: 9.045084971874738e-05  img/s: 77.18515434416811  loss: 1.3542 (1.4063)  acc1: 65.6250 (66.8007)  acc5: 85.9375 (86.0922)  time: 0.8402  data: 0.0002  max mem: 8009
Epoch: [5]  [ 200/5005]  eta: 1:08:32  lr: 9.045084971874738e-05  img/s: 79.81031676705067  loss: 1.3610 (1.4255)  acc1: 68.7500 (66.5112)  acc5: 85.9375 (85.9686)  time: 0.8391  data: 0.0002  max mem: 8009
Epoch: [5]  [ 300/5005]  eta: 1:06:52  lr: 9.045084971874738e-05  img/s: 78.0790029546265  loss: 1.3157 (1.4165)  acc1: 67.1875 (66.6476)  acc5: 85.9375 (86.1815)  time: 0.8311  data: 0.0002  max mem: 8009
Epoch: [5]  [ 400/5005]  eta: 1:05:21  lr: 9.045084971874738e-05  img/s: 74.97947861509631  loss: 1.3803 (1.4209)  acc1: 65.6250 (66.5173)  acc5: 84.3750 (86.0622)  time: 0.8584  data: 0.0003  max mem: 8009
Epoch: [5]  [ 500/5005]  eta: 1:03:49  lr: 9.045084971874738e-05  img/s: 80.24777143048469  loss: 1.3605 (1.4215)  acc1: 65.6250 (66.4733)  acc5: 85.9375 (86.0155)  time: 0.8603  data: 0.0002  max mem: 8009
Epoch: [5]  [ 600/5005]  eta: 1:02:19  lr: 9.045084971874738e-05  img/s: 75.76724126251518  loss: 1.3812 (1.4201)  acc1: 65.6250 (66.5323)  acc5: 87.5000 (86.0805)  time: 0.8365  data: 0.0002  max mem: 8009
Epoch: [5]  [ 700/5005]  eta: 1:00:47  lr: 9.045084971874738e-05  img/s: 75.5446094755437  loss: 1.2977 (1.4159)  acc1: 68.7500 (66.6057)  acc5: 87.5000 (86.1493)  time: 0.8392  data: 0.0002  max mem: 8009
Epoch: [5]  [ 800/5005]  eta: 0:59:23  lr: 9.045084971874738e-05  img/s: 75.58198210373975  loss: 1.3165 (1.4114)  acc1: 68.7500 (66.5828)  acc5: 87.5000 (86.2340)  time: 0.8556  data: 0.0002  max mem: 8009
Epoch: [5]  [ 900/5005]  eta: 0:57:55  lr: 9.045084971874738e-05  img/s: 74.24996583956934  loss: 1.4424 (1.4083)  acc1: 64.0625 (66.5753)  acc5: 85.9375 (86.2670)  time: 0.8478  data: 0.0002  max mem: 8009
Epoch: [5]  [1000/5005]  eta: 0:56:27  lr: 9.045084971874738e-05  img/s: 78.20971653596531  loss: 1.4055 (1.4070)  acc1: 67.1875 (66.6006)  acc5: 85.9375 (86.2918)  time: 0.8409  data: 0.0002  max mem: 8009
Test:   [  0/196]  eta: 0:16:06  loss: 0.6187 (0.6187)  acc1: 85.9375 (85.9375)  acc5: 96.8750 (96.8750)  time: 4.9305  data: 4.2515  max mem: 8009
Test:   [100/196]  eta: 0:00:24  loss: 1.4040 (0.9320)  acc1: 65.6250 (75.2939)  acc5: 87.5000 (93.5179)  time: 0.1701  data: 0.0021  max mem: 8009
Test:  Total time: 0:00:42
Test:  Acc@1 71.596 Acc@5 90.930
============= Diagnostic Run torch.onnx.export version 2.0.1+cu118 =============
verbose: False, log level: Level.ERROR
======================= 0 NONE 0 NOTE 0 WARNING 0 ERROR ========================

Epoch: [6]  [   0/5005]  eta: 3:33:05  lr: 8.644843137107059e-05  img/s: 77.65286061214424  loss: 1.3864 (1.3864)  acc1: 70.3125 (70.3125)  acc5: 87.5000 (87.5000)  time: 2.5546  data: 1.7303  max mem: 8009
Epoch: [6]  [ 100/5005]  eta: 1:10:59  lr: 8.644843137107059e-05  img/s: 77.06268496979479  loss: 1.4305 (1.4274)  acc1: 65.6250 (66.6151)  acc5: 87.5000 (86.1541)  time: 0.8620  data: 0.0002  max mem: 8009
Epoch: [6]  [ 200/5005]  eta: 1:09:01  lr: 8.644843137107059e-05  img/s: 74.30434850004761  loss: 1.4129 (1.4192)  acc1: 64.0625 (66.5034)  acc5: 85.9375 (86.2795)  time: 0.8477  data: 0.0002  max mem: 8009
Epoch: [6]  [ 300/5005]  eta: 1:07:12  lr: 8.644843137107059e-05  img/s: 76.43058676074777  loss: 1.4148 (1.4168)  acc1: 67.1875 (66.4971)  acc5: 84.3750 (86.2334)  time: 0.8345  data: 0.0002  max mem: 8009
Epoch: [6]  [ 400/5005]  eta: 1:05:35  lr: 8.644843137107059e-05  img/s: 76.11931686548935  loss: 1.4723 (1.4141)  acc1: 67.1875 (66.5446)  acc5: 87.5000 (86.2999)  time: 0.8440  data: 0.0002  max mem: 8009
Epoch: [6]  [ 500/5005]  eta: 1:04:03  lr: 8.644843137107059e-05  img/s: 76.42497263271177  loss: 1.3766 (1.4146)  acc1: 67.1875 (66.4328)  acc5: 85.9375 (86.3211)  time: 0.8463  data: 0.0002  max mem: 8009
Epoch: [6]  [ 600/5005]  eta: 1:02:37  lr: 8.644843137107059e-05  img/s: 74.89632135764296  loss: 1.3840 (1.4102)  acc1: 67.1875 (66.5817)  acc5: 87.5000 (86.3639)  time: 0.8604  data: 0.0002  max mem: 8009
Epoch: [6]  [ 700/5005]  eta: 1:01:08  lr: 8.644843137107059e-05  img/s: 77.89195340796122  loss: 1.3612 (1.4046)  acc1: 67.1875 (66.7016)  acc5: 85.9375 (86.4100)  time: 0.8536  data: 0.0002  max mem: 8009
Epoch: [6]  [ 800/5005]  eta: 0:59:42  lr: 8.644843137107059e-05  img/s: 78.41874930435924  loss: 1.3530 (1.4048)  acc1: 70.3125 (66.6569)  acc5: 85.9375 (86.3862)  time: 0.8628  data: 0.0002  max mem: 8009
Epoch: [6]  [ 900/5005]  eta: 0:58:15  lr: 8.644843137107059e-05  img/s: 79.0329388980012  loss: 1.3525 (1.4048)  acc1: 67.1875 (66.6499)  acc5: 87.5000 (86.3971)  time: 0.8478  data: 0.0002  max mem: 8009
Epoch: [6]  [1000/5005]  eta: 0:56:53  lr: 8.644843137107059e-05  img/s: 76.34607050271116  loss: 1.4115 (1.4069)  acc1: 67.1875 (66.6084)  acc5: 85.9375 (86.3371)  time: 0.8638  data: 0.0002  max mem: 8009
Test:   [  0/196]  eta: 0:13:22  loss: 0.5798 (0.5798)  acc1: 81.2500 (81.2500)  acc5: 95.3125 (95.3125)  time: 4.0936  data: 3.3798  max mem: 8009
Test:   [100/196]  eta: 0:00:23  loss: 1.3732 (0.9371)  acc1: 64.0625 (74.9381)  acc5: 89.0625 (93.4251)  time: 0.2069  data: 0.0025  max mem: 8009
Test:  Total time: 0:00:42
Test:  Acc@1 71.558 Acc@5 90.964
Epoch: [7]  [   0/5005]  eta: 8:59:09  lr: 8.18711994874345e-05  img/s: 30.894368909914643  loss: 1.5178 (1.5178)  acc1: 60.9375 (60.9375)  acc5: 90.6250 (90.6250)  time: 6.4634  data: 4.3918  max mem: 8009
Epoch: [7]  [ 100/5005]  eta: 1:14:10  lr: 8.18711994874345e-05  img/s: 72.82293369837654  loss: 1.4056 (1.4013)  acc1: 67.1875 (67.0792)  acc5: 84.3750 (86.3243)  time: 0.8457  data: 0.0003  max mem: 8009
Epoch: [7]  [ 200/5005]  eta: 1:10:05  lr: 8.18711994874345e-05  img/s: 78.64696338008362  loss: 1.3759 (1.3989)  acc1: 64.0625 (66.9543)  acc5: 85.9375 (86.4350)  time: 0.8364  data: 0.0002  max mem: 8009
Epoch: [7]  [ 300/5005]  eta: 1:07:52  lr: 8.18711994874345e-05  img/s: 77.94263726646793  loss: 1.5960 (1.4012)  acc1: 67.1875 (66.8916)  acc5: 85.9375 (86.4255)  time: 0.8390  data: 0.0002  max mem: 8009
Epoch: [7]  [ 400/5005]  eta: 1:06:03  lr: 8.18711994874345e-05  img/s: 74.12620666992514  loss: 1.3308 (1.3989)  acc1: 68.7500 (66.8719)  acc5: 89.0625 (86.4557)  time: 0.8567  data: 0.0002  max mem: 8009
Epoch: [7]  [ 500/5005]  eta: 1:04:21  lr: 8.18711994874345e-05  img/s: 76.43726821267484  loss: 1.2987 (1.4014)  acc1: 67.1875 (66.8164)  acc5: 87.5000 (86.3741)  time: 0.8464  data: 0.0002  max mem: 8009
Epoch: [7]  [ 600/5005]  eta: 1:02:49  lr: 8.18711994874345e-05  img/s: 74.58912793096694  loss: 1.3666 (1.4020)  acc1: 67.1875 (66.7715)  acc5: 85.9375 (86.3041)  time: 0.8359  data: 0.0002  max mem: 8009
Epoch: [7]  [ 700/5005]  eta: 1:01:24  lr: 8.18711994874345e-05  img/s: 73.3126741253279  loss: 1.3929 (1.4035)  acc1: 65.6250 (66.7595)  acc5: 85.9375 (86.3008)  time: 0.8555  data: 0.0002  max mem: 8009
Epoch: [7]  [ 800/5005]  eta: 0:59:54  lr: 8.18711994874345e-05  img/s: 73.80746330254671  loss: 1.4475 (1.4063)  acc1: 64.0625 (66.6530)  acc5: 85.9375 (86.2594)  time: 0.8471  data: 0.0002  max mem: 8009
Epoch: [7]  [ 900/5005]  eta: 0:58:25  lr: 8.18711994874345e-05  img/s: 72.29986799744775  loss: 1.5413 (1.4064)  acc1: 64.0625 (66.6811)  acc5: 85.9375 (86.2219)  time: 0.8381  data: 0.0002  max mem: 8009
Epoch: [7]  [1000/5005]  eta: 0:56:56  lr: 8.18711994874345e-05  img/s: 76.66872574786404  loss: 1.2924 (1.4082)  acc1: 65.6250 (66.6490)  acc5: 89.0625 (86.2263)  time: 0.8432  data: 0.0002  max mem: 8009
Test:   [  0/196]  eta: 0:15:09  loss: 0.6120 (0.6120)  acc1: 82.8125 (82.8125)  acc5: 95.3125 (95.3125)  time: 4.6427  data: 4.2149  max mem: 8009
Test:   [100/196]  eta: 0:00:28  loss: 1.3676 (0.9276)  acc1: 65.6250 (75.4641)  acc5: 87.5000 (93.5334)  time: 0.2246  data: 0.0052  max mem: 8009
Test:  Total time: 0:00:44
Test:  Acc@1 71.662 Acc@5 90.972
============= Diagnostic Run torch.onnx.export version 2.0.1+cu118 =============
verbose: False, log level: Level.ERROR
======================= 0 NONE 0 NOTE 0 WARNING 0 ERROR ========================

Epoch: [8]  [   0/5005]  eta: 3:20:57  lr: 7.679133974894983e-05  img/s: 74.33877443072855  loss: 1.8955 (1.8955)  acc1: 56.2500 (56.2500)  acc5: 82.8125 (82.8125)  time: 2.4092  data: 1.5482  max mem: 8009
Epoch: [8]  [ 100/5005]  eta: 1:11:15  lr: 7.679133974894983e-05  img/s: 76.03208447397081  loss: 1.4818 (1.4266)  acc1: 65.6250 (66.1200)  acc5: 82.8125 (86.3088)  time: 0.8533  data: 0.0002  max mem: 8009
Epoch: [8]  [ 200/5005]  eta: 1:08:55  lr: 7.679133974894983e-05  img/s: 72.59699735856476  loss: 1.3455 (1.4087)  acc1: 68.7500 (66.6822)  acc5: 87.5000 (86.4428)  time: 0.8542  data: 0.0003  max mem: 8009
Epoch: [8]  [ 300/5005]  eta: 1:07:17  lr: 7.679133974894983e-05  img/s: 75.67298366169962  loss: 1.2604 (1.4047)  acc1: 67.1875 (66.5698)  acc5: 87.5000 (86.4566)  time: 0.8634  data: 0.0002  max mem: 8009
Epoch: [8]  [ 400/5005]  eta: 1:05:48  lr: 7.679133974894983e-05  img/s: 76.30908830928048  loss: 1.3876 (1.4051)  acc1: 65.6250 (66.6420)  acc5: 85.9375 (86.3817)  time: 0.8594  data: 0.0002  max mem: 8009
Epoch: [8]  [ 500/5005]  eta: 1:04:12  lr: 7.679133974894983e-05  img/s: 75.23670393530722  loss: 1.4018 (1.4016)  acc1: 65.6250 (66.6355)  acc5: 85.9375 (86.3960)  time: 0.8429  data: 0.0002  max mem: 8009
Epoch: [8]  [ 600/5005]  eta: 1:02:41  lr: 7.679133974894983e-05  img/s: 74.98134261444737  loss: 1.3512 (1.3999)  acc1: 68.7500 (66.6155)  acc5: 87.5000 (86.4809)  time: 0.8543  data: 0.0002  max mem: 8009
Epoch: [8]  [ 700/5005]  eta: 1:01:14  lr: 7.679133974894983e-05  img/s: 73.34306084320265  loss: 1.2288 (1.3930)  acc1: 67.1875 (66.7484)  acc5: 89.0625 (86.5638)  time: 0.8575  data: 0.0002  max mem: 8009
Epoch: [8]  [ 800/5005]  eta: 0:59:46  lr: 7.679133974894983e-05  img/s: 74.29731496627447  loss: 1.4256 (1.3963)  acc1: 65.6250 (66.7252)  acc5: 84.3750 (86.4856)  time: 0.8483  data: 0.0002  max mem: 8009
Epoch: [8]  [ 900/5005]  eta: 0:58:16  lr: 7.679133974894983e-05  img/s: 77.28635649871102  loss: 1.2667 (1.3978)  acc1: 67.1875 (66.7418)  acc5: 85.9375 (86.4352)  time: 0.8490  data: 0.0002  max mem: 8009
Epoch: [8]  [1000/5005]  eta: 0:56:48  lr: 7.679133974894983e-05  img/s: 79.2255152741316  loss: 1.3306 (1.3992)  acc1: 65.6250 (66.6942)  acc5: 85.9375 (86.4011)  time: 0.8347  data: 0.0002  max mem: 8009
Test:   [  0/196]  eta: 0:14:02  loss: 0.5868 (0.5868)  acc1: 84.3750 (84.3750)  acc5: 96.8750 (96.8750)  time: 4.3005  data: 3.5499  max mem: 8009
Test:   [100/196]  eta: 0:00:26  loss: 1.4029 (0.9297)  acc1: 67.1875 (75.1083)  acc5: 89.0625 (93.3632)  time: 0.2217  data: 0.0026  max mem: 8009
Test:  Total time: 0:00:44
Test:  Acc@1 71.536 Acc@5 90.962
Epoch: [9]  [   0/5005]  eta: 8:59:23  lr: 7.128896457825363e-05  img/s: 24.30942865717565  loss: 1.2214 (1.2214)  acc1: 67.1875 (67.1875)  acc5: 92.1875 (92.1875)  time: 6.4662  data: 3.8334  max mem: 8009
Epoch: [9]  [ 100/5005]  eta: 1:14:24  lr: 7.128896457825363e-05  img/s: 74.58230976799186  loss: 1.3351 (1.3881)  acc1: 70.3125 (67.0173)  acc5: 85.9375 (86.4635)  time: 0.8615  data: 0.0002  max mem: 8009
Epoch: [9]  [ 200/5005]  eta: 1:10:36  lr: 7.128896457825363e-05  img/s: 76.80444605815481  loss: 1.3741 (1.4043)  acc1: 65.6250 (66.7833)  acc5: 85.9375 (86.0541)  time: 0.8556  data: 0.0002  max mem: 8009
Epoch: [9]  [ 300/5005]  eta: 1:08:11  lr: 7.128896457825363e-05  img/s: 75.99469579525136  loss: 1.3062 (1.3995)  acc1: 64.0625 (66.8605)  acc5: 89.0625 (86.1659)  time: 0.8471  data: 0.0002  max mem: 8009
Epoch: [9]  [ 400/5005]  eta: 1:06:23  lr: 7.128896457825363e-05  img/s: 77.32783391115099  loss: 1.4199 (1.4069)  acc1: 67.1875 (66.8290)  acc5: 84.3750 (86.1128)  time: 0.8460  data: 0.0002  max mem: 8009
Epoch: [9]  [ 500/5005]  eta: 1:04:38  lr: 7.128896457825363e-05  img/s: 75.27727655641293  loss: 1.3839 (1.4010)  acc1: 67.1875 (66.8663)  acc5: 87.5000 (86.2213)  time: 0.8370  data: 0.0002  max mem: 8009
Epoch: [9]  [ 600/5005]  eta: 1:03:06  lr: 7.128896457825363e-05  img/s: 78.27142601382224  loss: 1.2884 (1.4069)  acc1: 68.7500 (66.7611)  acc5: 87.5000 (86.1273)  time: 0.8436  data: 0.0002  max mem: 8009
Epoch: [9]  [ 700/5005]  eta: 1:01:35  lr: 7.128896457825363e-05  img/s: 74.56716505806386  loss: 1.4010 (1.4043)  acc1: 67.1875 (66.7707)  acc5: 85.9375 (86.1938)  time: 0.8583  data: 0.0003  max mem: 8009
Epoch: [9]  [ 800/5005]  eta: 1:00:05  lr: 7.128896457825363e-05  img/s: 75.0545726215051  loss: 1.2619 (1.3997)  acc1: 70.3125 (66.7701)  acc5: 87.5000 (86.2652)  time: 0.8306  data: 0.0002  max mem: 8009
Epoch: [9]  [ 900/5005]  eta: 0:58:34  lr: 7.128896457825363e-05  img/s: 73.98803062655782  loss: 1.3181 (1.3956)  acc1: 67.1875 (66.7973)  acc5: 87.5000 (86.3242)  time: 0.8440  data: 0.0002  max mem: 8009
Epoch: [9]  [1000/5005]  eta: 0:57:08  lr: 7.128896457825363e-05  img/s: 75.61755977406744  loss: 1.3499 (1.3937)  acc1: 68.7500 (66.8019)  acc5: 87.5000 (86.3621)  time: 0.8562  data: 0.0003  max mem: 8009
Test:   [  0/196]  eta: 0:17:11  loss: 0.6077 (0.6077)  acc1: 82.8125 (82.8125)  acc5: 96.8750 (96.8750)  time: 5.2609  data: 4.6700  max mem: 8009
Test:   [100/196]  eta: 0:00:26  loss: 1.4156 (0.9328)  acc1: 64.0625 (74.9226)  acc5: 87.5000 (93.5334)  time: 0.2168  data: 0.0026  max mem: 8009
Test:  Total time: 0:00:44
Test:  Acc@1 71.326 Acc@5 90.958
Epoch: [10]  [   0/5005]  eta: 8:48:41  lr: 6.545084971874737e-05  img/s: 38.26288575518665  loss: 1.2176 (1.2176)  acc1: 70.3125 (70.3125)  acc5: 89.0625 (89.0625)  time: 6.3380  data: 4.6653  max mem: 8009
Epoch: [10]  [ 100/5005]  eta: 1:14:09  lr: 6.545084971874737e-05  img/s: 77.70431335133458  loss: 1.4561 (1.4060)  acc1: 65.6250 (66.6460)  acc5: 85.9375 (86.3707)  time: 0.8393  data: 0.0002  max mem: 8009
Epoch: [10]  [ 200/5005]  eta: 1:10:12  lr: 6.545084971874737e-05  img/s: 74.8212098474451  loss: 1.3393 (1.3917)  acc1: 65.6250 (67.0165)  acc5: 87.5000 (86.6060)  time: 0.8493  data: 0.0002  max mem: 8009
Epoch: [10]  [ 300/5005]  eta: 1:08:00  lr: 6.545084971874737e-05  img/s: 79.34989449986314  loss: 1.4724 (1.3934)  acc1: 64.0625 (66.6476)  acc5: 85.9375 (86.6331)  time: 0.8466  data: 0.0002  max mem: 8009
Epoch: [10]  [ 400/5005]  eta: 1:06:08  lr: 6.545084971874737e-05  img/s: 75.3517205797274  loss: 1.3676 (1.3985)  acc1: 67.1875 (66.4783)  acc5: 85.9375 (86.5259)  time: 0.8501  data: 0.0002  max mem: 8009
Epoch: [10]  [ 500/5005]  eta: 1:04:30  lr: 6.545084971874737e-05  img/s: 76.22384474651679  loss: 1.3377 (1.3935)  acc1: 65.6250 (66.6448)  acc5: 87.5000 (86.5145)  time: 0.8415  data: 0.0002  max mem: 8009
Epoch: [10]  [ 600/5005]  eta: 1:02:53  lr: 6.545084971874737e-05  img/s: 77.87170735245057  loss: 1.4324 (1.3999)  acc1: 67.1875 (66.4803)  acc5: 87.5000 (86.4835)  time: 0.8430  data: 0.0002  max mem: 8009
Epoch: [10]  [ 700/5005]  eta: 1:01:22  lr: 6.545084971874737e-05  img/s: 79.29237534959066  loss: 1.2838 (1.4013)  acc1: 68.7500 (66.5188)  acc5: 87.5000 (86.4167)  time: 0.8436  data: 0.0003  max mem: 8009
Epoch: [10]  [ 800/5005]  eta: 0:59:55  lr: 6.545084971874737e-05  img/s: 76.94997736811372  loss: 1.3725 (1.3998)  acc1: 68.7500 (66.6062)  acc5: 85.9375 (86.4466)  time: 0.8687  data: 0.0002  max mem: 8009
Epoch: [10]  [ 900/5005]  eta: 0:58:26  lr: 6.545084971874737e-05  img/s: 74.51552044325882  loss: 1.4027 (1.3978)  acc1: 65.6250 (66.5875)  acc5: 84.3750 (86.4924)  time: 0.8431  data: 0.0002  max mem: 8009
Epoch: [10]  [1000/5005]  eta: 0:56:58  lr: 6.545084971874737e-05  img/s: 74.97476667046519  loss: 1.4659 (1.4059)  acc1: 62.5000 (66.4367)  acc5: 84.3750 (86.3668)  time: 0.8598  data: 0.0003  max mem: 8009
Test:   [  0/196]  eta: 0:18:42  loss: 0.5611 (0.5611)  acc1: 85.9375 (85.9375)  acc5: 96.8750 (96.8750)  time: 5.7271  data: 4.9702  max mem: 8009
Test:   [100/196]  eta: 0:00:26  loss: 1.4542 (0.9407)  acc1: 65.6250 (75.0619)  acc5: 87.5000 (93.4251)  time: 0.1862  data: 0.0044  max mem: 8009
Test:  Total time: 0:00:43
Test:  Acc@1 71.240 Acc@5 90.804
Freezing BN for subsequent epochs
Epoch: [11]  [   0/5005]  eta: 8:38:39  lr: 5.936906572928624e-05  img/s: 27.17725511556401  loss: 1.5361 (1.5361)  acc1: 70.3125 (70.3125)  acc5: 84.3750 (84.3750)  time: 6.2176  data: 3.8626  max mem: 8009
Epoch: [11]  [ 100/5005]  eta: 1:12:55  lr: 5.936906572928624e-05  img/s: 77.26257660836185  loss: 1.3171 (1.2778)  acc1: 67.1875 (70.2042)  acc5: 87.5000 (87.9332)  time: 0.8506  data: 0.0003  max mem: 8009
Epoch: [11]  [ 200/5005]  eta: 1:09:35  lr: 5.936906572928624e-05  img/s: 71.24476510380616  loss: 1.2302 (1.2656)  acc1: 71.8750 (69.9394)  acc5: 87.5000 (87.9742)  time: 0.8480  data: 0.0002  max mem: 8009
Epoch: [11]  [ 300/5005]  eta: 1:07:36  lr: 5.936906572928624e-05  img/s: 74.14172567207612  loss: 1.2327 (1.2748)  acc1: 70.3125 (69.8401)  acc5: 87.5000 (87.7959)  time: 0.8496  data: 0.0002  max mem: 8009
Epoch: [11]  [ 400/5005]  eta: 1:05:48  lr: 5.936906572928624e-05  img/s: 74.41653004184407  loss: 1.1466 (1.2627)  acc1: 70.3125 (70.0086)  acc5: 89.0625 (88.0299)  time: 0.8487  data: 0.0002  max mem: 8009
Epoch: [11]  [ 500/5005]  eta: 1:04:12  lr: 5.936906572928624e-05  img/s: 76.45198458402969  loss: 1.2236 (1.2639)  acc1: 71.8750 (69.8634)  acc5: 89.0625 (87.9928)  time: 0.8530  data: 0.0003  max mem: 8009
Epoch: [11]  [ 600/5005]  eta: 1:02:36  lr: 5.936906572928624e-05  img/s: 73.89428017098045  loss: 1.2447 (1.2601)  acc1: 68.7500 (69.9199)  acc5: 89.0625 (87.9992)  time: 0.8336  data: 0.0002  max mem: 8009
Epoch: [11]  [ 700/5005]  eta: 1:01:02  lr: 5.936906572928624e-05  img/s: 76.8230855505533  loss: 1.2164 (1.2613)  acc1: 70.3125 (69.8623)  acc5: 89.0625 (87.9748)  time: 0.8295  data: 0.0002  max mem: 8009
Epoch: [11]  [ 800/5005]  eta: 0:59:32  lr: 5.936906572928624e-05  img/s: 76.30711432900397  loss: 1.2200 (1.2632)  acc1: 70.3125 (69.7624)  acc5: 89.0625 (87.9682)  time: 0.8512  data: 0.0003  max mem: 8009
Epoch: [11]  [ 900/5005]  eta: 0:58:03  lr: 5.936906572928624e-05  img/s: 78.65498288513143  loss: 1.1126 (1.2620)  acc1: 71.8750 (69.7402)  acc5: 89.0625 (87.9474)  time: 0.8352  data: 0.0002  max mem: 8009
Epoch: [11]  [1000/5005]  eta: 0:56:37  lr: 5.936906572928624e-05  img/s: 74.85928953862484  loss: 1.1699 (1.2603)  acc1: 70.3125 (69.6803)  acc5: 89.0625 (87.9730)  time: 0.8512  data: 0.0002  max mem: 8009
Test:   [  0/196]  eta: 0:17:48  loss: 0.6227 (0.6227)  acc1: 82.8125 (82.8125)  acc5: 96.8750 (96.8750)  time: 5.4494  data: 4.8068  max mem: 8009
Test:   [100/196]  eta: 0:00:25  loss: 1.4756 (0.9369)  acc1: 64.0625 (75.5569)  acc5: 87.5000 (93.4406)  time: 0.2203  data: 0.0029  max mem: 8009
Test:  Total time: 0:00:43
Test:  Acc@1 71.984 Acc@5 90.936
============= Diagnostic Run torch.onnx.export version 2.0.1+cu118 =============
verbose: False, log level: Level.ERROR
======================= 0 NONE 0 NOTE 0 WARNING 0 ERROR ========================

Epoch: [12]  [   0/5005]  eta: 3:20:41  lr: 5.313952597646568e-05  img/s: 71.03090653525038  loss: 1.3358 (1.3358)  acc1: 70.3125 (70.3125)  acc5: 84.3750 (84.3750)  time: 2.4058  data: 1.5048  max mem: 8009
Epoch: [12]  [ 100/5005]  eta: 1:10:20  lr: 5.313952597646568e-05  img/s: 75.13187793410148  loss: 1.2076 (1.2759)  acc1: 70.3125 (69.4616)  acc5: 85.9375 (87.6547)  time: 0.8539  data: 0.0002  max mem: 8009
Epoch: [12]  [ 200/5005]  eta: 1:08:22  lr: 5.313952597646568e-05  img/s: 77.59059716924223  loss: 1.2798 (1.2570)  acc1: 67.1875 (69.8772)  acc5: 85.9375 (87.9431)  time: 0.8531  data: 0.0002  max mem: 8009
Epoch: [12]  [ 300/5005]  eta: 1:06:38  lr: 5.313952597646568e-05  img/s: 73.45840666117353  loss: 1.2817 (1.2580)  acc1: 68.7500 (69.8453)  acc5: 87.5000 (87.9672)  time: 0.8358  data: 0.0002  max mem: 8009
Epoch: [12]  [ 400/5005]  eta: 1:05:01  lr: 5.313952597646568e-05  img/s: 73.70842120061859  loss: 1.2465 (1.2615)  acc1: 70.3125 (69.7709)  acc5: 89.0625 (87.8858)  time: 0.8429  data: 0.0002  max mem: 8009
Epoch: [12]  [ 500/5005]  eta: 1:03:36  lr: 5.313952597646568e-05  img/s: 78.13279598420203  loss: 1.3574 (1.2652)  acc1: 67.1875 (69.7012)  acc5: 89.0625 (87.9054)  time: 0.8323  data: 0.0002  max mem: 8009
Epoch: [12]  [ 600/5005]  eta: 1:02:04  lr: 5.313952597646568e-05  img/s: 76.8590052597371  loss: 1.2753 (1.2660)  acc1: 67.1875 (69.6235)  acc5: 87.5000 (87.8328)  time: 0.8419  data: 0.0002  max mem: 8009
Epoch: [12]  [ 700/5005]  eta: 1:00:36  lr: 5.313952597646568e-05  img/s: 72.44349425143425  loss: 1.3514 (1.2654)  acc1: 70.3125 (69.5948)  acc5: 89.0625 (87.8566)  time: 0.8520  data: 0.0002  max mem: 8009
Epoch: [12]  [ 800/5005]  eta: 0:59:10  lr: 5.313952597646568e-05  img/s: 75.71627072720047  loss: 1.3011 (1.2689)  acc1: 71.8750 (69.5537)  acc5: 89.0625 (87.8492)  time: 0.8268  data: 0.0002  max mem: 8009
Epoch: [12]  [ 900/5005]  eta: 0:57:44  lr: 5.313952597646568e-05  img/s: 73.76288474807559  loss: 1.1124 (1.2690)  acc1: 70.3125 (69.5165)  acc5: 90.6250 (87.8191)  time: 0.8295  data: 0.0002  max mem: 8009
Epoch: [12]  [1000/5005]  eta: 0:56:18  lr: 5.313952597646568e-05  img/s: 80.69506914239145  loss: 1.1305 (1.2648)  acc1: 71.8750 (69.5445)  acc5: 89.0625 (87.8809)  time: 0.8449  data: 0.0002  max mem: 8009
Test:   [  0/196]  eta: 0:20:42  loss: 0.5721 (0.5721)  acc1: 82.8125 (82.8125)  acc5: 98.4375 (98.4375)  time: 6.3408  data: 6.1407  max mem: 8009
Test:   [100/196]  eta: 0:00:26  loss: 1.4248 (0.9318)  acc1: 64.0625 (75.3868)  acc5: 89.0625 (93.5489)  time: 0.1892  data: 0.0016  max mem: 8009
Test:  Total time: 0:00:45
Test:  Acc@1 72.108 Acc@5 91.074
============= Diagnostic Run torch.onnx.export version 2.0.1+cu118 =============
verbose: False, log level: Level.ERROR
======================= 0 NONE 0 NOTE 0 WARNING 0 ERROR ========================

Freezing ranges for subsequent epochs
Epoch: [13]  [   0/5005]  eta: 2:30:13  lr: 4.6860474023534335e-05  img/s: 159.59833145455497  loss: 1.1708 (1.1708)  acc1: 73.4375 (73.4375)  acc5: 90.6250 (90.6250)  time: 1.8009  data: 1.3998  max mem: 8009
Epoch: [13]  [ 100/5005]  eta: 0:31:40  lr: 4.6860474023534335e-05  img/s: 181.40067968965928  loss: 1.2003 (1.2569)  acc1: 70.3125 (69.6937)  acc5: 87.5000 (88.1033)  time: 0.3577  data: 0.0003  max mem: 8009
Epoch: [13]  [ 200/5005]  eta: 0:30:28  lr: 4.6860474023534335e-05  img/s: 178.21807851315114  loss: 1.1659 (1.2467)  acc1: 73.4375 (69.6206)  acc5: 89.0625 (88.4717)  time: 0.4058  data: 0.0003  max mem: 8009
Epoch: [13]  [ 300/5005]  eta: 0:29:43  lr: 4.6860474023534335e-05  img/s: 177.0538775547894  loss: 1.1648 (1.2488)  acc1: 70.3125 (69.5287)  acc5: 89.0625 (88.4188)  time: 0.3747  data: 0.0003  max mem: 8009
Epoch: [13]  [ 400/5005]  eta: 0:28:51  lr: 4.6860474023534335e-05  img/s: 179.83179239272647  loss: 1.2583 (1.2533)  acc1: 67.1875 (69.3851)  acc5: 87.5000 (88.2481)  time: 0.3562  data: 0.0003  max mem: 8009
Epoch: [13]  [ 500/5005]  eta: 0:28:12  lr: 4.6860474023534335e-05  img/s: 179.3602921770087  loss: 1.0839 (1.2473)  acc1: 71.8750 (69.4361)  acc5: 90.6250 (88.3296)  time: 0.3613  data: 0.0005  max mem: 8009
Epoch: [13]  [ 600/5005]  eta: 0:27:34  lr: 4.6860474023534335e-05  img/s: 179.1166232835534  loss: 1.2964 (1.2476)  acc1: 70.3125 (69.5481)  acc5: 85.9375 (88.2436)  time: 0.4135  data: 0.0002  max mem: 8009
Epoch: [13]  [ 700/5005]  eta: 0:26:51  lr: 4.6860474023534335e-05  img/s: 182.3449396452759  loss: 1.1345 (1.2461)  acc1: 68.7500 (69.6304)  acc5: 90.6250 (88.2512)  time: 0.3680  data: 0.0003  max mem: 8009
Epoch: [13]  [ 800/5005]  eta: 0:26:22  lr: 4.6860474023534335e-05  img/s: 175.82954908690755  loss: 1.3011 (1.2503)  acc1: 65.6250 (69.5049)  acc5: 87.5000 (88.2588)  time: 0.3943  data: 0.0003  max mem: 8009
Epoch: [13]  [ 900/5005]  eta: 0:25:42  lr: 4.6860474023534335e-05  img/s: 166.93487725626156  loss: 1.1305 (1.2526)  acc1: 71.8750 (69.5286)  acc5: 87.5000 (88.2197)  time: 0.3609  data: 0.0002  max mem: 8009
Epoch: [13]  [1000/5005]  eta: 0:24:59  lr: 4.6860474023534335e-05  img/s: 170.019606675745  loss: 1.2376 (1.2577)  acc1: 67.1875 (69.5008)  acc5: 87.5000 (88.0900)  time: 0.3792  data: 0.0004  max mem: 8009
Test:   [  0/196]  eta: 0:17:07  loss: 0.5937 (0.5937)  acc1: 81.2500 (81.2500)  acc5: 93.7500 (93.7500)  time: 5.2435  data: 4.8170  max mem: 8009
Test:   [100/196]  eta: 0:00:26  loss: 1.4433 (0.9235)  acc1: 67.1875 (75.6807)  acc5: 87.5000 (93.3787)  time: 0.1907  data: 0.0009  max mem: 8009
Test:  Total time: 0:00:43
Test:  Acc@1 72.210 Acc@5 91.062
============= Diagnostic Run torch.onnx.export version 2.0.1+cu118 =============
verbose: False, log level: Level.ERROR
======================= 0 NONE 0 NOTE 0 WARNING 0 ERROR ========================

Epoch: [14]  [   0/5005]  eta: 2:48:06  lr: 4.0630934270713774e-05  img/s: 149.27377999817602  loss: 1.2431 (1.2431)  acc1: 68.7500 (68.7500)  acc5: 87.5000 (87.5000)  time: 2.0152  data: 1.5864  max mem: 8009
Epoch: [14]  [ 100/5005]  eta: 0:31:58  lr: 4.0630934270713774e-05  img/s: 180.70815314272173  loss: 1.1818 (1.2646)  acc1: 68.7500 (68.6881)  acc5: 89.0625 (87.7785)  time: 0.3872  data: 0.0004  max mem: 8009
Epoch: [14]  [ 200/5005]  eta: 0:30:48  lr: 4.0630934270713774e-05  img/s: 177.9503647699513  loss: 1.1615 (1.2618)  acc1: 70.3125 (69.2631)  acc5: 87.5000 (87.7177)  time: 0.4146  data: 0.0003  max mem: 8009
Epoch: [14]  [ 300/5005]  eta: 0:29:57  lr: 4.0630934270713774e-05  img/s: 178.5570029799915  loss: 1.2442 (1.2573)  acc1: 71.8750 (69.4975)  acc5: 87.5000 (87.8063)  time: 0.3668  data: 0.0003  max mem: 8009
Epoch: [14]  [ 400/5005]  eta: 0:29:10  lr: 4.0630934270713774e-05  img/s: 178.0038195475958  loss: 1.2779 (1.2583)  acc1: 70.3125 (69.4163)  acc5: 87.5000 (87.8624)  time: 0.3910  data: 0.0003  max mem: 8009
Epoch: [14]  [ 500/5005]  eta: 0:28:31  lr: 4.0630934270713774e-05  img/s: 179.79782516234255  loss: 1.2326 (1.2581)  acc1: 68.7500 (69.4923)  acc5: 87.5000 (87.8555)  time: 0.3968  data: 0.0002  max mem: 8009
Epoch: [14]  [ 600/5005]  eta: 0:27:53  lr: 4.0630934270713774e-05  img/s: 173.99182398294016  loss: 1.2049 (1.2539)  acc1: 70.3125 (69.6989)  acc5: 89.0625 (87.9706)  time: 0.3889  data: 0.0004  max mem: 8009
Epoch: [14]  [ 700/5005]  eta: 0:27:15  lr: 4.0630934270713774e-05  img/s: 176.52423139243703  loss: 1.2086 (1.2585)  acc1: 70.3125 (69.5368)  acc5: 87.5000 (87.9436)  time: 0.3830  data: 0.0003  max mem: 8009
Epoch: [14]  [ 800/5005]  eta: 0:26:32  lr: 4.0630934270713774e-05  img/s: 182.38185879910208  loss: 1.1967 (1.2574)  acc1: 68.7500 (69.5888)  acc5: 87.5000 (87.9213)  time: 0.3646  data: 0.0002  max mem: 8009
Epoch: [14]  [ 900/5005]  eta: 0:25:56  lr: 4.0630934270713774e-05  img/s: 178.09203700693632  loss: 1.3444 (1.2604)  acc1: 67.1875 (69.4627)  acc5: 87.5000 (87.8833)  time: 0.3845  data: 0.0003  max mem: 8009
Epoch: [14]  [1000/5005]  eta: 0:25:16  lr: 4.0630934270713774e-05  img/s: 179.47073555899354  loss: 1.2897 (1.2615)  acc1: 68.7500 (69.4524)  acc5: 87.5000 (87.8434)  time: 0.3617  data: 0.0003  max mem: 8009
Test:   [  0/196]  eta: 0:17:55  loss: 0.5898 (0.5898)  acc1: 84.3750 (84.3750)  acc5: 96.8750 (96.8750)  time: 5.4889  data: 4.8294  max mem: 8009
Test:   [100/196]  eta: 0:00:28  loss: 1.4312 (0.9185)  acc1: 67.1875 (75.7426)  acc5: 87.5000 (93.4870)  time: 0.2411  data: 0.0051  max mem: 8009
Test:  Total time: 0:00:45
Test:  Acc@1 72.178 Acc@5 91.006
Epoch: [15]  [   0/5005]  eta: 7:49:19  lr: 3.454915028125265e-05  img/s: 98.49291836257704  loss: 0.9570 (0.9570)  acc1: 73.4375 (73.4375)  acc5: 90.6250 (90.6250)  time: 5.6263  data: 4.9764  max mem: 8009
Epoch: [15]  [ 100/5005]  eta: 0:34:44  lr: 3.454915028125265e-05  img/s: 165.14348852145966  loss: 1.1507 (1.2528)  acc1: 70.3125 (69.5545)  acc5: 90.6250 (88.1962)  time: 0.3663  data: 0.0003  max mem: 8009
Epoch: [15]  [ 200/5005]  eta: 0:31:59  lr: 3.454915028125265e-05  img/s: 171.51132119111787  loss: 1.2572 (1.2479)  acc1: 68.7500 (69.5818)  acc5: 89.0625 (88.2463)  time: 0.3937  data: 0.0003  max mem: 8009
Epoch: [15]  [ 300/5005]  eta: 0:30:50  lr: 3.454915028125265e-05  img/s: 180.88276921625572  loss: 1.2506 (1.2515)  acc1: 68.7500 (69.6584)  acc5: 89.0625 (88.1022)  time: 0.3922  data: 0.0003  max mem: 8009
Epoch: [15]  [ 400/5005]  eta: 0:29:56  lr: 3.454915028125265e-05  img/s: 178.62888894064568  loss: 1.1987 (1.2491)  acc1: 71.8750 (69.7397)  acc5: 87.5000 (88.0923)  time: 0.3605  data: 0.0004  max mem: 8009
Epoch: [15]  [ 500/5005]  eta: 0:29:05  lr: 3.454915028125265e-05  img/s: 187.07933164909835  loss: 1.2039 (1.2468)  acc1: 70.3125 (69.8073)  acc5: 89.0625 (88.1393)  time: 0.3581  data: 0.0003  max mem: 8009
Epoch: [15]  [ 600/5005]  eta: 0:28:24  lr: 3.454915028125265e-05  img/s: 110.19866227298647  loss: 1.3379 (1.2499)  acc1: 67.1875 (69.6417)  acc5: 85.9375 (88.0590)  time: 0.3786  data: 0.0003  max mem: 8009
Epoch: [15]  [ 700/5005]  eta: 0:27:38  lr: 3.454915028125265e-05  img/s: 180.5462592043562  loss: 1.2125 (1.2494)  acc1: 70.3125 (69.6438)  acc5: 87.5000 (88.0773)  time: 0.3905  data: 0.0003  max mem: 8009
Epoch: [15]  [ 800/5005]  eta: 0:26:50  lr: 3.454915028125265e-05  img/s: 179.97249546775942  loss: 1.1801 (1.2490)  acc1: 68.7500 (69.6376)  acc5: 89.0625 (88.0676)  time: 0.3624  data: 0.0003  max mem: 8009
Epoch: [15]  [ 900/5005]  eta: 0:26:06  lr: 3.454915028125265e-05  img/s: 176.56034060331723  loss: 1.2498 (1.2493)  acc1: 68.7500 (69.6639)  acc5: 87.5000 (88.0844)  time: 0.3698  data: 0.0003  max mem: 8009
Epoch: [15]  [1000/5005]  eta: 0:25:27  lr: 3.454915028125265e-05  img/s: 180.3290341780494  loss: 1.2525 (1.2517)  acc1: 70.3125 (69.6319)  acc5: 89.0625 (88.0932)  time: 0.3562  data: 0.0003  max mem: 8009
Test:   [  0/196]  eta: 0:16:31  loss: 0.5647 (0.5647)  acc1: 82.8125 (82.8125)  acc5: 96.8750 (96.8750)  time: 5.0561  data: 4.7771  max mem: 8009
Test:   [100/196]  eta: 0:00:21  loss: 1.4200 (0.9180)  acc1: 65.6250 (75.4796)  acc5: 87.5000 (93.6726)  time: 0.1727  data: 0.0016  max mem: 8009
Test:  Total time: 0:00:40
Test:  Acc@1 72.256 Acc@5 91.078
============= Diagnostic Run torch.onnx.export version 2.0.1+cu118 =============
verbose: False, log level: Level.ERROR
======================= 0 NONE 0 NOTE 0 WARNING 0 ERROR ========================

============= Diagnostic Run torch.onnx.export version 2.0.1+cu118 =============
verbose: False, log level: Level.ERROR
======================= 0 NONE 0 NOTE 0 WARNING 0 ERROR ========================

Epoch: [16]  [   0/5005]  eta: 2:45:20  lr: 2.871103542174637e-05  img/s: 162.46297162659997  loss: 1.0222 (1.0222)  acc1: 71.8750 (71.8750)  acc5: 90.6250 (90.6250)  time: 1.9822  data: 1.5882  max mem: 8009
Epoch: [16]  [ 100/5005]  eta: 0:31:02  lr: 2.871103542174637e-05  img/s: 177.102471651843  loss: 1.1936 (1.2342)  acc1: 70.3125 (69.5699)  acc5: 87.5000 (88.4746)  time: 0.3590  data: 0.0003  max mem: 8009
Epoch: [16]  [ 200/5005]  eta: 0:30:25  lr: 2.871103542174637e-05  img/s: 180.24645379713135  loss: 1.1359 (1.2428)  acc1: 70.3125 (69.4496)  acc5: 89.0625 (88.1219)  time: 0.3892  data: 0.0002  max mem: 8009
Epoch: [16]  [ 300/5005]  eta: 0:29:23  lr: 2.871103542174637e-05  img/s: 177.93385102328278  loss: 1.1584 (1.2510)  acc1: 71.8750 (69.2691)  acc5: 89.0625 (88.0502)  time: 0.3638  data: 0.0003  max mem: 8009
Epoch: [16]  [ 400/5005]  eta: 0:28:44  lr: 2.871103542174637e-05  img/s: 125.09294800101404  loss: 1.0996 (1.2418)  acc1: 70.3125 (69.5683)  acc5: 89.0625 (88.2014)  time: 0.3957  data: 0.0003  max mem: 8009
Epoch: [16]  [ 500/5005]  eta: 0:28:14  lr: 2.871103542174637e-05  img/s: 179.6967221729453  loss: 1.2476 (1.2501)  acc1: 68.7500 (69.3987)  acc5: 89.0625 (88.1393)  time: 0.3921  data: 0.0003  max mem: 8009
Epoch: [16]  [ 600/5005]  eta: 0:27:36  lr: 2.871103542174637e-05  img/s: 178.96639623020147  loss: 1.2815 (1.2528)  acc1: 65.6250 (69.4572)  acc5: 87.5000 (88.0928)  time: 0.3978  data: 0.0003  max mem: 8009
Epoch: [16]  [ 700/5005]  eta: 0:26:56  lr: 2.871103542174637e-05  img/s: 177.8264685307273  loss: 1.2872 (1.2570)  acc1: 70.3125 (69.5324)  acc5: 87.5000 (88.0416)  time: 0.3605  data: 0.0003  max mem: 8009
Epoch: [16]  [ 800/5005]  eta: 0:26:15  lr: 2.871103542174637e-05  img/s: 169.95103853339722  loss: 1.2950 (1.2630)  acc1: 68.7500 (69.4542)  acc5: 87.5000 (87.9604)  time: 0.3713  data: 0.0003  max mem: 8009
Epoch: [16]  [ 900/5005]  eta: 0:25:38  lr: 2.871103542174637e-05  img/s: 170.89385671895303  loss: 1.1897 (1.2589)  acc1: 71.8750 (69.5529)  acc5: 87.5000 (88.0012)  time: 0.3686  data: 0.0003  max mem: 8009
Epoch: [16]  [1000/5005]  eta: 0:24:59  lr: 2.871103542174637e-05  img/s: 162.23468462696994  loss: 1.2180 (1.2611)  acc1: 70.3125 (69.5508)  acc5: 89.0625 (87.9901)  time: 0.3728  data: 0.0003  max mem: 8009
Test:   [  0/196]  eta: 0:21:52  loss: 0.6076 (0.6076)  acc1: 81.2500 (81.2500)  acc5: 96.8750 (96.8750)  time: 6.6978  data: 6.5081  max mem: 8009
Test:   [100/196]  eta: 0:00:26  loss: 1.4425 (0.9159)  acc1: 65.6250 (75.5724)  acc5: 87.5000 (93.4870)  time: 0.2279  data: 0.0044  max mem: 8009
Test:  Total time: 0:00:44
Test:  Acc@1 72.276 Acc@5 91.116
============= Diagnostic Run torch.onnx.export version 2.0.1+cu118 =============
verbose: False, log level: Level.ERROR
======================= 0 NONE 0 NOTE 0 WARNING 0 ERROR ========================

============= Diagnostic Run torch.onnx.export version 2.0.1+cu118 =============
verbose: False, log level: Level.ERROR
======================= 0 NONE 0 NOTE 0 WARNING 0 ERROR ========================

Epoch: [17]  [   0/5005]  eta: 2:54:03  lr: 2.3208660251050158e-05  img/s: 170.0140072024736  loss: 1.2492 (1.2492)  acc1: 68.7500 (68.7500)  acc5: 87.5000 (87.5000)  time: 2.0866  data: 1.7100  max mem: 8009
Epoch: [17]  [ 100/5005]  eta: 0:30:48  lr: 2.3208660251050158e-05  img/s: 174.99063297955215  loss: 1.2612 (1.2446)  acc1: 70.3125 (69.1213)  acc5: 89.0625 (87.9950)  time: 0.3571  data: 0.0003  max mem: 8009
Epoch: [17]  [ 200/5005]  eta: 0:30:24  lr: 2.3208660251050158e-05  img/s: 177.4590975770513  loss: 1.2108 (1.2497)  acc1: 68.7500 (69.3486)  acc5: 89.0625 (88.1919)  time: 0.4025  data: 0.0002  max mem: 8009
Epoch: [17]  [ 300/5005]  eta: 0:29:47  lr: 2.3208660251050158e-05  img/s: 182.70286664044005  loss: 1.2428 (1.2595)  acc1: 68.7500 (69.3106)  acc5: 87.5000 (88.0035)  time: 0.3746  data: 0.0002  max mem: 8009
Epoch: [17]  [ 400/5005]  eta: 0:29:05  lr: 2.3208660251050158e-05  img/s: 186.28078605104974  loss: 1.1994 (1.2659)  acc1: 68.7500 (69.1591)  acc5: 87.5000 (87.9793)  time: 0.3691  data: 0.0003  max mem: 8009
Epoch: [17]  [ 500/5005]  eta: 0:28:25  lr: 2.3208660251050158e-05  img/s: 177.27299539243546  loss: 1.1791 (1.2680)  acc1: 71.8750 (69.2428)  acc5: 89.0625 (87.9086)  time: 0.3662  data: 0.0003  max mem: 8009
Epoch: [17]  [ 600/5005]  eta: 0:27:49  lr: 2.3208660251050158e-05  img/s: 177.40467971912432  loss: 1.1609 (1.2631)  acc1: 70.3125 (69.4104)  acc5: 87.5000 (87.9186)  time: 0.3952  data: 0.0003  max mem: 8009
Epoch: [17]  [ 700/5005]  eta: 0:27:10  lr: 2.3208660251050158e-05  img/s: 177.5272842706735  loss: 1.2656 (1.2678)  acc1: 68.7500 (69.2783)  acc5: 89.0625 (87.8700)  time: 0.3842  data: 0.0002  max mem: 8009
Epoch: [17]  [ 800/5005]  eta: 0:26:28  lr: 2.3208660251050158e-05  img/s: 184.56630995893875  loss: 1.2108 (1.2650)  acc1: 68.7500 (69.3528)  acc5: 89.0625 (87.9389)  time: 0.3617  data: 0.0003  max mem: 8009
Epoch: [17]  [ 900/5005]  eta: 0:25:56  lr: 2.3208660251050158e-05  img/s: 170.65082612316513  loss: 1.1972 (1.2632)  acc1: 71.8750 (69.4055)  acc5: 87.5000 (87.9700)  time: 0.4096  data: 0.0002  max mem: 8009
Epoch: [17]  [1000/5005]  eta: 0:25:18  lr: 2.3208660251050158e-05  img/s: 178.662653721769  loss: 1.1582 (1.2600)  acc1: 68.7500 (69.5008)  acc5: 89.0625 (88.0042)  time: 0.3939  data: 0.0003  max mem: 8009
Test:   [  0/196]  eta: 0:12:52  loss: 0.6091 (0.6091)  acc1: 84.3750 (84.3750)  acc5: 95.3125 (95.3125)  time: 3.9393  data: 3.4190  max mem: 8009
Test:   [100/196]  eta: 0:00:24  loss: 1.4106 (0.9169)  acc1: 65.6250 (76.0829)  acc5: 89.0625 (93.6881)  time: 0.2181  data: 0.0021  max mem: 8009
Test:  Total time: 0:00:42
Test:  Acc@1 72.318 Acc@5 91.108
============= Diagnostic Run torch.onnx.export version 2.0.1+cu118 =============
verbose: False, log level: Level.ERROR
======================= 0 NONE 0 NOTE 0 WARNING 0 ERROR ========================

============= Diagnostic Run torch.onnx.export version 2.0.1+cu118 =============
verbose: False, log level: Level.ERROR
======================= 0 NONE 0 NOTE 0 WARNING 0 ERROR ========================

Epoch: [18]  [   0/5005]  eta: 2:46:20  lr: 1.8128800512565513e-05  img/s: 176.88027827948005  loss: 1.5367 (1.5367)  acc1: 65.6250 (65.6250)  acc5: 85.9375 (85.9375)  time: 1.9941  data: 1.6322  max mem: 8009
Epoch: [18]  [ 100/5005]  eta: 0:31:31  lr: 1.8128800512565513e-05  img/s: 176.64597031897364  loss: 1.2349 (1.2493)  acc1: 71.8750 (70.5291)  acc5: 87.5000 (88.1807)  time: 0.3903  data: 0.0003  max mem: 8009
Epoch: [18]  [ 200/5005]  eta: 0:30:54  lr: 1.8128800512565513e-05  img/s: 179.09857794229305  loss: 1.3768 (1.2535)  acc1: 65.6250 (69.8383)  acc5: 87.5000 (88.1530)  time: 0.3690  data: 0.0003  max mem: 8009
Epoch: [18]  [ 300/5005]  eta: 0:30:02  lr: 1.8128800512565513e-05  img/s: 170.1110810449423  loss: 1.2194 (1.2494)  acc1: 68.7500 (69.8816)  acc5: 87.5000 (88.2994)  time: 0.3694  data: 0.0003  max mem: 8009
Epoch: [18]  [ 400/5005]  eta: 0:29:19  lr: 1.8128800512565513e-05  img/s: 173.8930880149461  loss: 1.1115 (1.2566)  acc1: 68.7500 (69.6345)  acc5: 89.0625 (88.1663)  time: 0.3588  data: 0.0003  max mem: 8009
Epoch: [18]  [ 500/5005]  eta: 0:28:35  lr: 1.8128800512565513e-05  img/s: 175.0747465208164  loss: 1.2748 (1.2500)  acc1: 68.7500 (69.5827)  acc5: 85.9375 (88.2423)  time: 0.3942  data: 0.0003  max mem: 8009
Epoch: [18]  [ 600/5005]  eta: 0:27:50  lr: 1.8128800512565513e-05  img/s: 171.40235474707126  loss: 1.1807 (1.2500)  acc1: 70.3125 (69.6651)  acc5: 87.5000 (88.2540)  time: 0.3695  data: 0.0002  max mem: 8009
Epoch: [18]  [ 700/5005]  eta: 0:27:05  lr: 1.8128800512565513e-05  img/s: 178.64814756890254  loss: 1.1247 (1.2440)  acc1: 71.8750 (69.8021)  acc5: 89.0625 (88.2980)  time: 0.3605  data: 0.0003  max mem: 8009
Epoch: [18]  [ 800/5005]  eta: 0:26:24  lr: 1.8128800512565513e-05  img/s: 72.71500944032549  loss: 1.2953 (1.2476)  acc1: 68.7500 (69.7078)  acc5: 85.9375 (88.2315)  time: 0.3830  data: 0.0003  max mem: 8009
Epoch: [18]  [ 900/5005]  eta: 0:25:50  lr: 1.8128800512565513e-05  img/s: 173.9634089991491  loss: 1.2684 (1.2497)  acc1: 70.3125 (69.6761)  acc5: 87.5000 (88.1885)  time: 0.4048  data: 0.0003  max mem: 8009
Epoch: [18]  [1000/5005]  eta: 0:25:11  lr: 1.8128800512565513e-05  img/s: 177.79643407597476  loss: 1.3246 (1.2466)  acc1: 68.7500 (69.7022)  acc5: 87.5000 (88.2617)  time: 0.3602  data: 0.0003  max mem: 8009
Test:   [  0/196]  eta: 0:14:58  loss: 0.5589 (0.5589)  acc1: 82.8125 (82.8125)  acc5: 95.3125 (95.3125)  time: 4.5818  data: 3.7756  max mem: 8009
Test:   [100/196]  eta: 0:00:24  loss: 1.4300 (0.9100)  acc1: 65.6250 (75.9282)  acc5: 87.5000 (93.5025)  time: 0.2075  data: 0.0029  max mem: 8009
Test:  Total time: 0:00:44
Test:  Acc@1 72.410 Acc@5 91.124
============= Diagnostic Run torch.onnx.export version 2.0.1+cu118 =============
verbose: False, log level: Level.ERROR
======================= 0 NONE 0 NOTE 0 WARNING 0 ERROR ========================

============= Diagnostic Run torch.onnx.export version 2.0.1+cu118 =============
verbose: False, log level: Level.ERROR
======================= 0 NONE 0 NOTE 0 WARNING 0 ERROR ========================

Epoch: [19]  [   0/5005]  eta: 2:35:27  lr: 1.3551568628929434e-05  img/s: 157.9834092248006  loss: 1.3305 (1.3305)  acc1: 67.1875 (67.1875)  acc5: 87.5000 (87.5000)  time: 1.8636  data: 1.4584  max mem: 8009
Epoch: [19]  [ 100/5005]  eta: 0:31:51  lr: 1.3551568628929434e-05  img/s: 180.32540001894375  loss: 1.2253 (1.2242)  acc1: 70.3125 (70.2506)  acc5: 87.5000 (88.5984)  time: 0.4042  data: 0.0003  max mem: 8009
Epoch: [19]  [ 200/5005]  eta: 0:30:21  lr: 1.3551568628929434e-05  img/s: 179.8378162908593  loss: 1.1491 (1.2497)  acc1: 70.3125 (69.5740)  acc5: 89.0625 (87.9820)  time: 0.3745  data: 0.0003  max mem: 8009
Epoch: [19]  [ 300/5005]  eta: 0:29:35  lr: 1.3551568628929434e-05  img/s: 173.5235997124698  loss: 1.3047 (1.2430)  acc1: 67.1875 (69.7726)  acc5: 84.3750 (88.0970)  time: 0.3582  data: 0.0003  max mem: 8009
Epoch: [19]  [ 400/5005]  eta: 0:28:58  lr: 1.3551568628929434e-05  img/s: 173.43839227564533  loss: 1.2974 (1.2483)  acc1: 68.7500 (69.9190)  acc5: 87.5000 (87.9052)  time: 0.3735  data: 0.0003  max mem: 8009
Epoch: [19]  [ 500/5005]  eta: 0:28:12  lr: 1.3551568628929434e-05  img/s: 177.8110377984019  loss: 1.1404 (1.2464)  acc1: 70.3125 (69.8696)  acc5: 89.0625 (88.0894)  time: 0.3614  data: 0.0003  max mem: 8009
Epoch: [19]  [ 600/5005]  eta: 0:27:32  lr: 1.3551568628929434e-05  img/s: 180.81941059580345  loss: 1.2023 (1.2563)  acc1: 70.3125 (69.7899)  acc5: 87.5000 (87.9810)  time: 0.3618  data: 0.0002  max mem: 8009
Epoch: [19]  [ 700/5005]  eta: 0:26:56  lr: 1.3551568628929434e-05  img/s: 182.39462292310608  loss: 1.2327 (1.2546)  acc1: 70.3125 (69.8377)  acc5: 89.0625 (88.0082)  time: 0.3833  data: 0.0003  max mem: 8009
Epoch: [19]  [ 800/5005]  eta: 0:26:22  lr: 1.3551568628929434e-05  img/s: 178.5460766289845  loss: 1.2124 (1.2538)  acc1: 68.7500 (69.9419)  acc5: 89.0625 (88.0033)  time: 0.3890  data: 0.0003  max mem: 8009
Epoch: [19]  [ 900/5005]  eta: 0:25:49  lr: 1.3551568628929434e-05  img/s: 181.35104627894376  loss: 1.2880 (1.2558)  acc1: 70.3125 (69.8859)  acc5: 87.5000 (87.9821)  time: 0.3918  data: 0.0002  max mem: 8009
Epoch: [19]  [1000/5005]  eta: 0:25:13  lr: 1.3551568628929434e-05  img/s: 159.23743175168886  loss: 1.1732 (1.2531)  acc1: 70.3125 (69.9363)  acc5: 90.6250 (88.0463)  time: 0.4054  data: 0.0003  max mem: 8009
Test:   [  0/196]  eta: 0:19:38  loss: 0.5756 (0.5756)  acc1: 82.8125 (82.8125)  acc5: 95.3125 (95.3125)  time: 6.0110  data: 5.8360  max mem: 8009
Test:   [100/196]  eta: 0:00:25  loss: 1.4184 (0.9110)  acc1: 65.6250 (75.6807)  acc5: 89.0625 (93.6417)  time: 0.2277  data: 0.0061  max mem: 8009
Test:  Total time: 0:00:43
Test:  Acc@1 72.344 Acc@5 91.184
============= Diagnostic Run torch.onnx.export version 2.0.1+cu118 =============
verbose: False, log level: Level.ERROR
======================= 0 NONE 0 NOTE 0 WARNING 0 ERROR ========================

Epoch: [20]  [   0/5005]  eta: 2:42:45  lr: 9.549150281252635e-06  img/s: 158.38619413552857  loss: 1.2777 (1.2777)  acc1: 70.3125 (70.3125)  acc5: 87.5000 (87.5000)  time: 1.9512  data: 1.5470  max mem: 8009
Epoch: [20]  [ 100/5005]  eta: 0:31:31  lr: 9.549150281252635e-06  img/s: 182.40057186306  loss: 1.2432 (1.2570)  acc1: 68.7500 (69.5854)  acc5: 89.0625 (88.2735)  time: 0.3759  data: 0.0004  max mem: 8009
Epoch: [20]  [ 200/5005]  eta: 0:30:39  lr: 9.549150281252635e-06  img/s: 180.46226658635229  loss: 1.1506 (1.2600)  acc1: 70.3125 (69.3408)  acc5: 87.5000 (88.1919)  time: 0.3711  data: 0.0003  max mem: 8009
Epoch: [20]  [ 300/5005]  eta: 0:29:56  lr: 9.549150281252635e-06  img/s: 178.33031792946252  loss: 1.2400 (1.2418)  acc1: 70.3125 (69.7363)  acc5: 87.5000 (88.3202)  time: 0.3632  data: 0.0003  max mem: 8009
Epoch: [20]  [ 400/5005]  eta: 0:29:23  lr: 9.549150281252635e-06  img/s: 175.83196771512172  loss: 1.1700 (1.2375)  acc1: 70.3125 (69.8254)  acc5: 87.5000 (88.3300)  time: 0.3850  data: 0.0002  max mem: 8009
Epoch: [20]  [ 500/5005]  eta: 0:28:37  lr: 9.549150281252635e-06  img/s: 173.43379793754752  loss: 1.1742 (1.2365)  acc1: 70.3125 (69.9133)  acc5: 89.0625 (88.3701)  time: 0.3653  data: 0.0003  max mem: 8009
Epoch: [20]  [ 600/5005]  eta: 0:27:55  lr: 9.549150281252635e-06  img/s: 169.91435523360772  loss: 1.3089 (1.2443)  acc1: 68.7500 (69.8003)  acc5: 87.5000 (88.2748)  time: 0.3626  data: 0.0002  max mem: 8009
Epoch: [20]  [ 700/5005]  eta: 0:27:13  lr: 9.549150281252635e-06  img/s: 128.55851776856872  loss: 1.3729 (1.2436)  acc1: 68.7500 (69.8288)  acc5: 87.5000 (88.3225)  time: 0.3919  data: 0.0003  max mem: 8009
Epoch: [20]  [ 800/5005]  eta: 0:26:31  lr: 9.549150281252635e-06  img/s: 179.4233517656896  loss: 1.1869 (1.2425)  acc1: 70.3125 (69.8307)  acc5: 87.5000 (88.3115)  time: 0.3610  data: 0.0002  max mem: 8009
Epoch: [20]  [ 900/5005]  eta: 0:25:54  lr: 9.549150281252635e-06  img/s: 173.5136171453282  loss: 1.2572 (1.2476)  acc1: 67.1875 (69.7714)  acc5: 87.5000 (88.2734)  time: 0.4241  data: 0.0002  max mem: 8009
Epoch: [20]  [1000/5005]  eta: 0:25:18  lr: 9.549150281252635e-06  img/s: 137.41904200249002  loss: 1.1949 (1.2470)  acc1: 73.4375 (69.8239)  acc5: 89.0625 (88.3117)  time: 0.3883  data: 0.0003  max mem: 8009
Test:   [  0/196]  eta: 0:19:56  loss: 0.5704 (0.5704)  acc1: 82.8125 (82.8125)  acc5: 96.8750 (96.8750)  time: 6.1046  data: 5.9044  max mem: 8009
Test:   [100/196]  eta: 0:00:25  loss: 1.4169 (0.9052)  acc1: 65.6250 (75.8663)  acc5: 87.5000 (93.6572)  time: 0.1922  data: 0.0030  max mem: 8009
Test:  Total time: 0:00:42
Test:  Acc@1 72.452 Acc@5 91.128
============= Diagnostic Run torch.onnx.export version 2.0.1+cu118 =============
verbose: False, log level: Level.ERROR
======================= 0 NONE 0 NOTE 0 WARNING 0 ERROR ========================

============= Diagnostic Run torch.onnx.export version 2.0.1+cu118 =============
verbose: False, log level: Level.ERROR
======================= 0 NONE 0 NOTE 0 WARNING 0 ERROR ========================

Epoch: [21]  [   0/5005]  eta: 2:51:58  lr: 6.184665997806822e-06  img/s: 183.49830915381128  loss: 1.2757 (1.2757)  acc1: 64.0625 (64.0625)  acc5: 90.6250 (90.6250)  time: 2.0617  data: 1.7128  max mem: 8009
Epoch: [21]  [ 100/5005]  eta: 0:31:43  lr: 6.184665997806822e-06  img/s: 171.28379903738968  loss: 1.2027 (1.2280)  acc1: 70.3125 (69.1677)  acc5: 90.6250 (88.6757)  time: 0.3659  data: 0.0003  max mem: 8009
Epoch: [21]  [ 200/5005]  eta: 0:31:11  lr: 6.184665997806822e-06  img/s: 179.46737588367986  loss: 1.2970 (1.2681)  acc1: 68.7500 (68.9988)  acc5: 87.5000 (87.9198)  time: 0.4135  data: 0.0002  max mem: 8009
Epoch: [21]  [ 300/5005]  eta: 0:30:15  lr: 6.184665997806822e-06  img/s: 185.69304787605313  loss: 1.1337 (1.2630)  acc1: 75.0000 (69.2431)  acc5: 89.0625 (87.8582)  time: 0.3986  data: 0.0003  max mem: 8009
Epoch: [21]  [ 400/5005]  eta: 0:29:35  lr: 6.184665997806822e-06  img/s: 179.7039400441167  loss: 1.2688 (1.2564)  acc1: 70.3125 (69.3968)  acc5: 87.5000 (88.0806)  time: 0.4000  data: 0.0002  max mem: 8009
Epoch: [21]  [ 500/5005]  eta: 0:28:57  lr: 6.184665997806822e-06  img/s: 181.78641563048325  loss: 1.2284 (1.2486)  acc1: 70.3125 (69.5297)  acc5: 87.5000 (88.1612)  time: 0.3873  data: 0.0003  max mem: 8009
Epoch: [21]  [ 600/5005]  eta: 0:28:13  lr: 6.184665997806822e-06  img/s: 179.10431381549887  loss: 1.1959 (1.2515)  acc1: 68.7500 (69.5767)  acc5: 87.5000 (88.0928)  time: 0.3864  data: 0.0002  max mem: 8009
Epoch: [21]  [ 700/5005]  eta: 0:27:31  lr: 6.184665997806822e-06  img/s: 176.87410125034262  loss: 1.1420 (1.2470)  acc1: 68.7500 (69.6416)  acc5: 89.0625 (88.1575)  time: 0.3750  data: 0.0003  max mem: 8009
Epoch: [21]  [ 800/5005]  eta: 0:26:46  lr: 6.184665997806822e-06  img/s: 177.63030909811587  loss: 1.2566 (1.2488)  acc1: 68.7500 (69.5673)  acc5: 89.0625 (88.1340)  time: 0.3643  data: 0.0003  max mem: 8009
Epoch: [21]  [ 900/5005]  eta: 0:26:08  lr: 6.184665997806822e-06  img/s: 181.9812565081569  loss: 1.2266 (1.2469)  acc1: 71.8750 (69.6604)  acc5: 87.5000 (88.1538)  time: 0.3652  data: 0.0003  max mem: 8009
Epoch: [21]  [1000/5005]  eta: 0:25:26  lr: 6.184665997806822e-06  img/s: 172.50505172540105  loss: 1.3868 (1.2500)  acc1: 65.6250 (69.6304)  acc5: 85.9375 (88.1447)  time: 0.3948  data: 0.0003  max mem: 8009
Test:   [  0/196]  eta: 0:21:07  loss: 0.5760 (0.5760)  acc1: 82.8125 (82.8125)  acc5: 93.7500 (93.7500)  time: 6.4668  data: 6.1549  max mem: 8009
Test:   [100/196]  eta: 0:00:27  loss: 1.4493 (0.9135)  acc1: 67.1875 (75.8354)  acc5: 89.0625 (93.5798)  time: 0.2280  data: 0.0026  max mem: 8009
Test:  Total time: 0:00:45
Test:  Acc@1 72.428 Acc@5 91.156
============= Diagnostic Run torch.onnx.export version 2.0.1+cu118 =============
verbose: False, log level: Level.ERROR
======================= 0 NONE 0 NOTE 0 WARNING 0 ERROR ========================

Epoch: [22]  [   0/5005]  eta: 2:49:42  lr: 3.5111757055874332e-06  img/s: 158.51226949667782  loss: 1.0271 (1.0271)  acc1: 73.4375 (73.4375)  acc5: 90.6250 (90.6250)  time: 2.0344  data: 1.6306  max mem: 8009
Epoch: [22]  [ 100/5005]  eta: 0:31:07  lr: 3.5111757055874332e-06  img/s: 178.2129908342639  loss: 1.1560 (1.2437)  acc1: 70.3125 (70.0650)  acc5: 90.6250 (88.6293)  time: 0.3578  data: 0.0003  max mem: 8009
Epoch: [22]  [ 200/5005]  eta: 0:30:15  lr: 3.5111757055874332e-06  img/s: 176.9086049000638  loss: 1.1883 (1.2537)  acc1: 73.4375 (69.9549)  acc5: 89.0625 (88.1452)  time: 0.4079  data: 0.0003  max mem: 8009
Epoch: [22]  [ 300/5005]  eta: 0:29:18  lr: 3.5111757055874332e-06  img/s: 182.01630064795754  loss: 1.1108 (1.2532)  acc1: 70.3125 (69.9595)  acc5: 90.6250 (88.1696)  time: 0.3888  data: 0.0003  max mem: 8009
Epoch: [22]  [ 400/5005]  eta: 0:28:44  lr: 3.5111757055874332e-06  img/s: 181.85267137045557  loss: 1.1607 (1.2502)  acc1: 68.7500 (70.0242)  acc5: 87.5000 (88.1195)  time: 0.3608  data: 0.0003  max mem: 8009
Epoch: [22]  [ 500/5005]  eta: 0:28:33  lr: 3.5111757055874332e-06  img/s: 138.24558215899336  loss: 1.1779 (1.2480)  acc1: 70.3125 (69.9975)  acc5: 87.5000 (88.0863)  time: 0.4312  data: 0.0008  max mem: 8009
Epoch: [22]  [ 600/5005]  eta: 0:27:55  lr: 3.5111757055874332e-06  img/s: 131.91573250983708  loss: 1.3049 (1.2481)  acc1: 68.7500 (70.0447)  acc5: 87.5000 (88.1136)  time: 0.4191  data: 0.0003  max mem: 8009
Epoch: [22]  [ 700/5005]  eta: 0:27:23  lr: 3.5111757055874332e-06  img/s: 176.05926983094247  loss: 1.2495 (1.2508)  acc1: 70.3125 (69.9692)  acc5: 87.5000 (88.0862)  time: 0.3693  data: 0.0003  max mem: 8009
Epoch: [22]  [ 800/5005]  eta: 0:26:37  lr: 3.5111757055874332e-06  img/s: 174.04168538794045  loss: 1.2884 (1.2499)  acc1: 70.3125 (69.9224)  acc5: 85.9375 (88.0872)  time: 0.3846  data: 0.0002  max mem: 8009
Epoch: [22]  [ 900/5005]  eta: 0:26:02  lr: 3.5111757055874332e-06  img/s: 184.3566541626547  loss: 1.1442 (1.2500)  acc1: 73.4375 (69.9535)  acc5: 87.5000 (88.0411)  time: 0.3976  data: 0.0003  max mem: 8009
Epoch: [22]  [1000/5005]  eta: 0:25:23  lr: 3.5111757055874332e-06  img/s: 116.1830411611922  loss: 1.3605 (1.2504)  acc1: 67.1875 (69.9441)  acc5: 87.5000 (88.0416)  time: 0.3747  data: 0.0003  max mem: 8009
Test:   [  0/196]  eta: 0:17:50  loss: 0.5597 (0.5597)  acc1: 82.8125 (82.8125)  acc5: 95.3125 (95.3125)  time: 5.4601  data: 4.7992  max mem: 8009
Test:   [100/196]  eta: 0:00:23  loss: 1.4400 (0.9125)  acc1: 64.0625 (75.8509)  acc5: 89.0625 (93.5953)  time: 0.2166  data: 0.0025  max mem: 8009
Test:  Total time: 0:00:41
Test:  Acc@1 72.476 Acc@5 91.146
============= Diagnostic Run torch.onnx.export version 2.0.1+cu118 =============
verbose: False, log level: Level.ERROR
======================= 0 NONE 0 NOTE 0 WARNING 0 ERROR ========================

============= Diagnostic Run torch.onnx.export version 2.0.1+cu118 =============
verbose: False, log level: Level.ERROR
======================= 0 NONE 0 NOTE 0 WARNING 0 ERROR ========================

Epoch: [23]  [   0/5005]  eta: 3:04:55  lr: 1.570841943568452e-06  img/s: 169.90392328749783  loss: 1.1841 (1.1841)  acc1: 73.4375 (73.4375)  acc5: 87.5000 (87.5000)  time: 2.2168  data: 1.8401  max mem: 8009
Epoch: [23]  [ 100/5005]  eta: 0:31:25  lr: 1.570841943568452e-06  img/s: 182.23278725027765  loss: 1.1950 (1.2202)  acc1: 68.7500 (70.3280)  acc5: 87.5000 (88.3509)  time: 0.3643  data: 0.0003  max mem: 8009
Epoch: [23]  [ 200/5005]  eta: 0:31:12  lr: 1.570841943568452e-06  img/s: 176.22778963124412  loss: 1.2549 (1.2452)  acc1: 68.7500 (70.0482)  acc5: 87.5000 (87.9120)  time: 0.3952  data: 0.0003  max mem: 8009
Epoch: [23]  [ 300/5005]  eta: 0:30:12  lr: 1.570841943568452e-06  img/s: 174.5866024432392  loss: 1.1459 (1.2418)  acc1: 67.1875 (70.1568)  acc5: 89.0625 (88.0295)  time: 0.3804  data: 0.0003  max mem: 8009
Epoch: [23]  [ 400/5005]  eta: 0:29:29  lr: 1.570841943568452e-06  img/s: 184.4197289305618  loss: 1.1415 (1.2372)  acc1: 67.1875 (70.1255)  acc5: 89.0625 (88.0962)  time: 0.3738  data: 0.0003  max mem: 8009
Epoch: [23]  [ 500/5005]  eta: 0:28:39  lr: 1.570841943568452e-06  img/s: 144.79679935616008  loss: 1.2233 (1.2363)  acc1: 70.3125 (70.0911)  acc5: 89.0625 (88.2173)  time: 0.3531  data: 0.0003  max mem: 8009
Epoch: [23]  [ 600/5005]  eta: 0:28:12  lr: 1.570841943568452e-06  img/s: 172.55506280007535  loss: 1.2163 (1.2300)  acc1: 70.3125 (70.2111)  acc5: 87.5000 (88.3319)  time: 0.3893  data: 0.0002  max mem: 8009
Epoch: [23]  [ 700/5005]  eta: 0:27:37  lr: 1.570841943568452e-06  img/s: 180.4554729137424  loss: 1.2389 (1.2310)  acc1: 70.3125 (70.2568)  acc5: 87.5000 (88.3136)  time: 0.3872  data: 0.0002  max mem: 8009
Epoch: [23]  [ 800/5005]  eta: 0:26:53  lr: 1.570841943568452e-06  img/s: 178.35697779336977  loss: 1.2098 (1.2321)  acc1: 68.7500 (70.1213)  acc5: 87.5000 (88.2920)  time: 0.3637  data: 0.0003  max mem: 8009
Epoch: [23]  [ 900/5005]  eta: 0:26:12  lr: 1.570841943568452e-06  img/s: 185.6956170139468  loss: 1.2995 (1.2371)  acc1: 65.6250 (70.0437)  acc5: 85.9375 (88.2474)  time: 0.3861  data: 0.0003  max mem: 8009
Epoch: [23]  [1000/5005]  eta: 0:25:30  lr: 1.570841943568452e-06  img/s: 169.58245268238446  loss: 1.1958 (1.2381)  acc1: 73.4375 (70.0690)  acc5: 89.0625 (88.2087)  time: 0.3735  data: 0.0003  max mem: 8009
Test:   [  0/196]  eta: 0:14:52  loss: 0.5634 (0.5634)  acc1: 82.8125 (82.8125)  acc5: 96.8750 (96.8750)  time: 4.5521  data: 3.8769  max mem: 8009
Test:   [100/196]  eta: 0:00:25  loss: 1.4470 (0.9116)  acc1: 64.0625 (75.8045)  acc5: 87.5000 (93.5644)  time: 0.2197  data: 0.0040  max mem: 8009
Test:  Total time: 0:00:43
Test:  Acc@1 72.456 Acc@5 91.190
============= Diagnostic Run torch.onnx.export version 2.0.1+cu118 =============
verbose: False, log level: Level.ERROR
======================= 0 NONE 0 NOTE 0 WARNING 0 ERROR ========================

Epoch: [24]  [   0/5005]  eta: 2:50:26  lr: 3.942649342761118e-07  img/s: 163.2868736883725  loss: 0.8696 (0.8696)  acc1: 75.0000 (75.0000)  acc5: 92.1875 (92.1875)  time: 2.0433  data: 1.6513  max mem: 8009
Epoch: [24]  [ 100/5005]  eta: 0:31:08  lr: 3.942649342761118e-07  img/s: 173.26912292478892  loss: 1.2782 (1.2247)  acc1: 70.3125 (70.1578)  acc5: 87.5000 (88.1343)  time: 0.3611  data: 0.0003  max mem: 8009
Epoch: [24]  [ 200/5005]  eta: 0:30:14  lr: 3.942649342761118e-07  img/s: 175.09861433362056  loss: 1.2234 (1.2339)  acc1: 70.3125 (70.1648)  acc5: 89.0625 (88.0908)  time: 0.4016  data: 0.0002  max mem: 8009
Epoch: [24]  [ 300/5005]  eta: 0:29:26  lr: 3.942649342761118e-07  img/s: 174.25555577193973  loss: 1.1529 (1.2153)  acc1: 68.7500 (70.3852)  acc5: 89.0625 (88.4811)  time: 0.3613  data: 0.0002  max mem: 8009
Epoch: [24]  [ 400/5005]  eta: 0:28:51  lr: 3.942649342761118e-07  img/s: 179.15786635413843  loss: 1.1991 (1.2242)  acc1: 70.3125 (70.3203)  acc5: 87.5000 (88.4040)  time: 0.3624  data: 0.0003  max mem: 8009
Epoch: [24]  [ 500/5005]  eta: 0:28:09  lr: 3.942649342761118e-07  img/s: 180.2124507401564  loss: 1.2616 (1.2254)  acc1: 68.7500 (70.2408)  acc5: 89.0625 (88.5042)  time: 0.3612  data: 0.0003  max mem: 8009
Epoch: [24]  [ 600/5005]  eta: 0:27:24  lr: 3.942649342761118e-07  img/s: 175.70766734370204  loss: 1.3212 (1.2308)  acc1: 68.7500 (70.2085)  acc5: 87.5000 (88.3839)  time: 0.3619  data: 0.0002  max mem: 8009
Epoch: [24]  [ 700/5005]  eta: 0:26:50  lr: 3.942649342761118e-07  img/s: 71.17992885068614  loss: 1.2176 (1.2301)  acc1: 70.3125 (70.2590)  acc5: 89.0625 (88.3671)  time: 0.3862  data: 0.0003  max mem: 8009
Epoch: [24]  [ 800/5005]  eta: 0:26:13  lr: 3.942649342761118e-07  img/s: 181.97928259195385  loss: 1.1698 (1.2359)  acc1: 71.8750 (70.1116)  acc5: 87.5000 (88.2939)  time: 0.3856  data: 0.0002  max mem: 8009
Epoch: [24]  [ 900/5005]  eta: 0:25:31  lr: 3.942649342761118e-07  img/s: 180.07717071999215  loss: 1.2253 (1.2392)  acc1: 68.7500 (70.0229)  acc5: 89.0625 (88.2977)  time: 0.3559  data: 0.0003  max mem: 8009
Epoch: [24]  [1000/5005]  eta: 0:24:55  lr: 3.942649342761118e-07  img/s: 179.96766909631154  loss: 1.2108 (1.2360)  acc1: 70.3125 (70.0034)  acc5: 89.0625 (88.3523)  time: 0.3763  data: 0.0002  max mem: 8009
Test:   [  0/196]  eta: 0:18:59  loss: 0.5759 (0.5759)  acc1: 82.8125 (82.8125)  acc5: 95.3125 (95.3125)  time: 5.8135  data: 5.6234  max mem: 8009
Test:   [100/196]  eta: 0:00:25  loss: 1.4336 (0.9109)  acc1: 67.1875 (75.9592)  acc5: 87.5000 (93.5953)  time: 0.2045  data: 0.0017  max mem: 8009
Test:  Total time: 0:00:43
Test:  Acc@1 72.454 Acc@5 91.170
============= Diagnostic Run torch.onnx.export version 2.0.1+cu118 =============
verbose: False, log level: Level.ERROR
======================= 0 NONE 0 NOTE 0 WARNING 0 ERROR ========================

