| distributed init (rank 3): env://
Namespace(data_path='./data/datasets/imagenet', model='resnet50', device='cuda', batch_size=64, epochs=60, workers=16, opt='sgd', lr=0.0001, momentum=0.9, weight_decay=4e-05, norm_weight_decay=None, bias_weight_decay=None, transformer_embedding_decay=None, label_smoothing=0.0, mixup_alpha=0.0, cutmix_alpha=0.0, lr_scheduler='cosineannealinglr', lr_warmup_epochs=0, lr_warmup_method='constant', lr_warmup_decay=0.01, lr_step_size=30, lr_gamma=0.1, lr_min=0.0, print_freq=100, output_dir='./data/checkpoints/20230713_110241_imagenet_classification_resnet50', resume='', start_epoch=0, cache_dataset=False, sync_bn=False, test_only=False, auto_augment=None, ra_magnitude=9, augmix_severity=3, random_erase=0.0, amp=False, world_size=4, dist_url='env://', model_ema=False, model_ema_steps=32, model_ema_decay=0.99998, use_deterministic_algorithms=False, interpolation='bilinear', val_resize_size=256, val_crop_size=224, train_crop_size=224, clip_grad_norm=None, ra_sampler=False, ra_reps=3, weights='ResNet50_Weights.IMAGENET1K_V1', lite_model=0, quantization=1, quantization_type='W4C_A8T', pruning=0, pruning_ratio=0.5, pruning_type=1, compile_model=0, opset_version=None, train_epoch_size_factor=0.1, val_epoch_size_factor=0.0, rank=0, gpu=0, distributed=True, dist_backend='nccl')
Loading data
Loading training data
Took 2.6348586082458496
Loading validation data
Creating data loaders
Creating model
Start training
Epoch: [0]  [   0/5005]  eta: 22:48:20  lr: 0.0001  img/s: 4.952153572047509  loss: 1.3994 (1.3994)  acc1: 64.0625 (64.0625)  acc5: 84.3750 (84.3750)  time: 16.4036  data: 3.4798  max mem: 16390
Epoch: [0]  [ 100/5005]  eta: 2:40:02  lr: 0.0001  img/s: 35.35921029233357  loss: 1.1367 (1.1549)  acc1: 71.8750 (72.8496)  acc5: 89.0625 (89.5111)  time: 1.8771  data: 0.0002  max mem: 16390
Epoch: [0]  [ 200/5005]  eta: 2:34:57  lr: 0.0001  img/s: 35.20217542740602  loss: 0.9299 (1.1036)  acc1: 76.5625 (73.6318)  acc5: 90.6250 (90.2052)  time: 1.9249  data: 0.0002  max mem: 16390
Epoch: [0]  [ 300/5005]  eta: 2:30:37  lr: 0.0001  img/s: 34.23145748725066  loss: 0.9693 (1.0852)  acc1: 75.0000 (73.8735)  acc5: 90.6250 (90.4641)  time: 1.9001  data: 0.0002  max mem: 16390
Epoch: [0]  [ 400/5005]  eta: 2:26:45  lr: 0.0001  img/s: 35.75731502829037  loss: 1.0158 (1.0849)  acc1: 75.0000 (74.0687)  acc5: 92.1875 (90.3094)  time: 1.8782  data: 0.0002  max mem: 16390
Test:   [  0/196]  eta: 0:15:52  loss: 0.4586 (0.4586)  acc1: 85.9375 (85.9375)  acc5: 95.3125 (95.3125)  time: 4.8580  data: 4.3965  max mem: 16390
Test:   [100/196]  eta: 0:00:18  loss: 1.2842 (0.8620)  acc1: 68.7500 (77.2277)  acc5: 89.0625 (94.1986)  time: 0.1347  data: 0.0012  max mem: 16390
Test:  Total time: 0:00:31
Test:  Acc@1 73.576 Acc@5 91.742
============= Diagnostic Run torch.onnx.export version 2.0.1+cu117 =============
verbose: False, log level: Level.ERROR
======================= 0 NONE 0 NOTE 0 WARNING 0 ERROR ========================

============= Diagnostic Run torch.onnx.export version 2.0.1+cu117 =============
verbose: False, log level: Level.ERROR
======================= 0 NONE 0 NOTE 0 WARNING 0 ERROR ========================

Epoch: [1]  [   0/5005]  eta: 4:00:11  lr: 9.99314767377287e-05  img/s: 47.51575450769188  loss: 0.8013 (0.8013)  acc1: 75.0000 (75.0000)  acc5: 89.0625 (89.0625)  time: 2.8795  data: 1.5325  max mem: 16390
Epoch: [1]  [ 100/5005]  eta: 2:37:12  lr: 9.99314767377287e-05  img/s: 34.103143045821504  loss: 0.9482 (1.0258)  acc1: 78.1250 (75.1547)  acc5: 90.6250 (90.6095)  time: 1.9078  data: 0.0002  max mem: 16390
Epoch: [1]  [ 200/5005]  eta: 2:33:02  lr: 9.99314767377287e-05  img/s: 31.316620664302988  loss: 0.9424 (1.0394)  acc1: 76.5625 (74.9534)  acc5: 90.6250 (90.3762)  time: 1.8764  data: 0.0002  max mem: 16390
Epoch: [1]  [ 300/5005]  eta: 2:29:09  lr: 9.99314767377287e-05  img/s: 33.972691032229676  loss: 0.9500 (1.0298)  acc1: 76.5625 (75.2076)  acc5: 90.6250 (90.6094)  time: 1.8786  data: 0.0002  max mem: 16390
Epoch: [1]  [ 400/5005]  eta: 2:25:37  lr: 9.99314767377287e-05  img/s: 36.651852571967545  loss: 0.9484 (1.0249)  acc1: 75.0000 (75.4559)  acc5: 92.1875 (90.7964)  time: 1.8992  data: 0.0002  max mem: 16390
Test:   [  0/196]  eta: 0:15:02  loss: 0.4493 (0.4493)  acc1: 85.9375 (85.9375)  acc5: 96.8750 (96.8750)  time: 4.6025  data: 4.0357  max mem: 16390
Test:   [100/196]  eta: 0:00:18  loss: 1.3680 (0.8715)  acc1: 68.7500 (77.5062)  acc5: 89.0625 (93.9202)  time: 0.1411  data: 0.0014  max mem: 16390
Test:  Total time: 0:00:31
Test:  Acc@1 73.666 Acc@5 91.744
============= Diagnostic Run torch.onnx.export version 2.0.1+cu117 =============
verbose: False, log level: Level.ERROR
======================= 0 NONE 0 NOTE 0 WARNING 0 ERROR ========================

Epoch: [2]  [   0/5005]  eta: 4:12:32  lr: 9.972609476841367e-05  img/s: 52.7273065837179  loss: 1.2256 (1.2256)  acc1: 73.4375 (73.4375)  acc5: 87.5000 (87.5000)  time: 3.0275  data: 1.8137  max mem: 16390
Epoch: [2]  [ 100/5005]  eta: 2:34:27  lr: 9.972609476841367e-05  img/s: 31.03267063517937  loss: 0.8731 (1.0103)  acc1: 76.5625 (75.2785)  acc5: 90.6250 (91.3985)  time: 1.8743  data: 0.0002  max mem: 16390
Epoch: [2]  [ 200/5005]  eta: 2:30:59  lr: 9.972609476841367e-05  img/s: 31.321436726628093  loss: 1.0193 (1.0223)  acc1: 71.8750 (75.1788)  acc5: 90.6250 (90.8660)  time: 1.8859  data: 0.0002  max mem: 16390
Epoch: [2]  [ 300/5005]  eta: 2:28:23  lr: 9.972609476841367e-05  img/s: 31.108928056546798  loss: 1.0958 (1.0183)  acc1: 73.4375 (75.4931)  acc5: 90.6250 (90.9313)  time: 1.9171  data: 0.0002  max mem: 16390
Epoch: [2]  [ 400/5005]  eta: 2:25:43  lr: 9.972609476841367e-05  img/s: 35.11930889514516  loss: 0.9295 (1.0114)  acc1: 75.0000 (75.5689)  acc5: 92.1875 (91.1588)  time: 1.9213  data: 0.0002  max mem: 16390
Test:   [  0/196]  eta: 0:18:02  loss: 0.4812 (0.4812)  acc1: 87.5000 (87.5000)  acc5: 95.3125 (95.3125)  time: 5.5206  data: 5.0219  max mem: 16390
Test:   [100/196]  eta: 0:00:19  loss: 1.3004 (0.8548)  acc1: 68.7500 (77.9239)  acc5: 90.6250 (94.2915)  time: 0.1555  data: 0.0013  max mem: 16390
Test:  Total time: 0:00:32
Test:  Acc@1 73.928 Acc@5 91.886
============= Diagnostic Run torch.onnx.export version 2.0.1+cu117 =============
verbose: False, log level: Level.ERROR
======================= 0 NONE 0 NOTE 0 WARNING 0 ERROR ========================

Epoch: [3]  [   0/5005]  eta: 4:02:41  lr: 9.93844170297569e-05  img/s: 52.642970522653684  loss: 1.2831 (1.2831)  acc1: 70.3125 (70.3125)  acc5: 82.8125 (82.8125)  time: 2.9094  data: 1.6936  max mem: 16390
Epoch: [3]  [ 100/5005]  eta: 2:35:30  lr: 9.93844170297569e-05  img/s: 35.19768428779144  loss: 1.0980 (1.0437)  acc1: 75.0000 (75.0000)  acc5: 90.6250 (90.6714)  time: 1.9279  data: 0.0002  max mem: 16390
Epoch: [3]  [ 200/5005]  eta: 2:33:21  lr: 9.93844170297569e-05  img/s: 34.72026021751879  loss: 1.0071 (1.0233)  acc1: 73.4375 (75.3109)  acc5: 89.0625 (90.8893)  time: 1.9336  data: 0.0002  max mem: 16390
Epoch: [3]  [ 300/5005]  eta: 2:30:34  lr: 9.93844170297569e-05  img/s: 35.18948964282273  loss: 1.0689 (1.0107)  acc1: 73.4375 (75.5191)  acc5: 90.6250 (91.0974)  time: 1.9209  data: 0.0002  max mem: 16390
Epoch: [3]  [ 400/5005]  eta: 2:27:29  lr: 9.93844170297569e-05  img/s: 33.65441927967993  loss: 0.8813 (1.0047)  acc1: 76.5625 (75.7209)  acc5: 92.1875 (91.1471)  time: 1.9082  data: 0.0002  max mem: 16390
Test:   [  0/196]  eta: 0:17:40  loss: 0.4206 (0.4206)  acc1: 89.0625 (89.0625)  acc5: 96.8750 (96.8750)  time: 5.4097  data: 4.8145  max mem: 16390
Test:   [100/196]  eta: 0:00:19  loss: 1.2919 (0.8242)  acc1: 70.3125 (78.5427)  acc5: 90.6250 (94.5854)  time: 0.1422  data: 0.0015  max mem: 16390
Test:  Total time: 0:00:32
Test:  Acc@1 74.846 Acc@5 92.402
============= Diagnostic Run torch.onnx.export version 2.0.1+cu117 =============
verbose: False, log level: Level.ERROR
======================= 0 NONE 0 NOTE 0 WARNING 0 ERROR ========================

Epoch: [4]  [   0/5005]  eta: 3:41:49  lr: 9.89073800366903e-05  img/s: 73.70060967942273  loss: 0.8892 (0.8892)  acc1: 76.5625 (76.5625)  acc5: 92.1875 (92.1875)  time: 2.6592  data: 1.7907  max mem: 16390
Epoch: [4]  [ 100/5005]  eta: 2:37:49  lr: 9.89073800366903e-05  img/s: 34.24952613286653  loss: 0.9978 (1.0280)  acc1: 75.0000 (75.6343)  acc5: 90.6250 (91.0582)  time: 1.8888  data: 0.0002  max mem: 16390
Epoch: [4]  [ 200/5005]  eta: 2:34:03  lr: 9.89073800366903e-05  img/s: 36.000359419596364  loss: 0.9970 (1.0313)  acc1: 75.0000 (75.5286)  acc5: 90.6250 (90.8815)  time: 1.9195  data: 0.0002  max mem: 16390
Epoch: [4]  [ 300/5005]  eta: 2:30:39  lr: 9.89073800366903e-05  img/s: 33.69157777879581  loss: 0.9498 (1.0191)  acc1: 76.5625 (75.5658)  acc5: 92.1875 (91.0974)  time: 1.8934  data: 0.0002  max mem: 16390
Epoch: [4]  [ 400/5005]  eta: 2:27:09  lr: 9.89073800366903e-05  img/s: 33.03777895328381  loss: 0.9956 (1.0149)  acc1: 73.4375 (75.4559)  acc5: 90.6250 (91.1783)  time: 1.8927  data: 0.0002  max mem: 16390
Test:   [  0/196]  eta: 0:16:28  loss: 0.4847 (0.4847)  acc1: 85.9375 (85.9375)  acc5: 96.8750 (96.8750)  time: 5.0423  data: 4.5308  max mem: 16390
Test:   [100/196]  eta: 0:00:19  loss: 1.3442 (0.8857)  acc1: 67.1875 (76.9493)  acc5: 89.0625 (93.8274)  time: 0.1453  data: 0.0019  max mem: 16390
Test:  Total time: 0:00:32
Test:  Acc@1 73.380 Acc@5 91.468
Epoch: [5]  [   0/5005]  eta: 9:29:32  lr: 9.829629131445343e-05  img/s: 21.60749961322533  loss: 1.0728 (1.0728)  acc1: 78.1250 (78.1250)  acc5: 90.6250 (90.6250)  time: 6.8277  data: 3.8657  max mem: 16390
Epoch: [5]  [ 100/5005]  eta: 2:42:22  lr: 9.829629131445343e-05  img/s: 34.764299138622334  loss: 1.0604 (1.0339)  acc1: 76.5625 (75.3558)  acc5: 90.6250 (90.7178)  time: 1.9396  data: 0.0002  max mem: 16390
Epoch: [5]  [ 200/5005]  eta: 2:37:16  lr: 9.829629131445343e-05  img/s: 30.052308740193148  loss: 0.9742 (1.0508)  acc1: 76.5625 (75.2565)  acc5: 90.6250 (90.4384)  time: 1.9143  data: 0.0002  max mem: 16390
Epoch: [5]  [ 300/5005]  eta: 2:32:59  lr: 9.829629131445343e-05  img/s: 34.75462655169463  loss: 1.0448 (1.0283)  acc1: 75.0000 (75.6696)  acc5: 90.6250 (90.7081)  time: 1.9399  data: 0.0002  max mem: 16390
Epoch: [5]  [ 400/5005]  eta: 2:29:22  lr: 9.829629131445343e-05  img/s: 34.04230072222539  loss: 1.0385 (1.0284)  acc1: 75.0000 (75.6390)  acc5: 90.6250 (90.7887)  time: 1.9303  data: 0.0002  max mem: 16390
Test:   [  0/196]  eta: 0:17:38  loss: 0.5481 (0.5481)  acc1: 89.0625 (89.0625)  acc5: 95.3125 (95.3125)  time: 5.3991  data: 4.8058  max mem: 16390
Test:   [100/196]  eta: 0:00:19  loss: 1.3396 (0.8914)  acc1: 67.1875 (76.8410)  acc5: 89.0625 (93.8892)  time: 0.1440  data: 0.0012  max mem: 16390
Test:  Total time: 0:00:32
Test:  Acc@1 73.056 Acc@5 91.462
Epoch: [6]  [   0/5005]  eta: 9:19:45  lr: 9.75528258147577e-05  img/s: 48.01346488906759  loss: 1.3085 (1.3085)  acc1: 75.0000 (75.0000)  acc5: 85.9375 (85.9375)  time: 6.7104  data: 5.3773  max mem: 16390
Epoch: [6]  [ 100/5005]  eta: 2:39:37  lr: 9.75528258147577e-05  img/s: 31.01216338802183  loss: 0.9391 (1.0435)  acc1: 78.1250 (75.2011)  acc5: 92.1875 (90.5786)  time: 1.9160  data: 0.0002  max mem: 16390
Epoch: [6]  [ 200/5005]  eta: 2:35:08  lr: 9.75528258147577e-05  img/s: 34.52126918609496  loss: 1.1104 (1.0223)  acc1: 73.4375 (75.6063)  acc5: 89.0625 (90.7027)  time: 1.9433  data: 0.0002  max mem: 16390
Epoch: [6]  [ 300/5005]  eta: 2:31:03  lr: 9.75528258147577e-05  img/s: 35.301777309662874  loss: 0.9086 (1.0036)  acc1: 76.5625 (75.9136)  acc5: 92.1875 (91.0195)  time: 1.9197  data: 0.0002  max mem: 16390
Epoch: [6]  [ 400/5005]  eta: 2:27:22  lr: 9.75528258147577e-05  img/s: 34.68438420415085  loss: 1.0238 (1.0024)  acc1: 75.0000 (75.8611)  acc5: 90.6250 (91.0731)  time: 1.9107  data: 0.0002  max mem: 16390
Test:   [  0/196]  eta: 0:18:31  loss: 0.5055 (0.5055)  acc1: 87.5000 (87.5000)  acc5: 96.8750 (96.8750)  time: 5.6700  data: 5.2556  max mem: 16390
Test:   [100/196]  eta: 0:00:19  loss: 1.3163 (0.8658)  acc1: 68.7500 (77.1504)  acc5: 89.0625 (93.9821)  time: 0.1413  data: 0.0012  max mem: 16390
Test:  Total time: 0:00:32
Test:  Acc@1 73.900 Acc@5 91.832
Epoch: [7]  [   0/5005]  eta: 8:59:16  lr: 9.66790213248601e-05  img/s: 35.43307129435726  loss: 1.3572 (1.3572)  acc1: 67.1875 (67.1875)  acc5: 82.8125 (82.8125)  time: 6.4649  data: 4.6585  max mem: 16390
Epoch: [7]  [ 100/5005]  eta: 2:40:46  lr: 9.66790213248601e-05  img/s: 33.89254401913489  loss: 0.9564 (1.0001)  acc1: 76.5625 (76.5316)  acc5: 90.6250 (90.8880)  time: 1.8928  data: 0.0002  max mem: 16390
Epoch: [7]  [ 200/5005]  eta: 2:35:50  lr: 9.66790213248601e-05  img/s: 31.521596369717805  loss: 1.0506 (1.0124)  acc1: 73.4375 (75.9639)  acc5: 89.0625 (91.0137)  time: 1.9171  data: 0.0002  max mem: 16390
Epoch: [7]  [ 300/5005]  eta: 2:31:52  lr: 9.66790213248601e-05  img/s: 34.76803188289228  loss: 1.0605 (1.0062)  acc1: 71.8750 (76.0745)  acc5: 90.6250 (91.1337)  time: 1.9194  data: 0.0002  max mem: 16390
Epoch: [7]  [ 400/5005]  eta: 2:28:30  lr: 9.66790213248601e-05  img/s: 35.51737991511356  loss: 1.0297 (1.0029)  acc1: 75.0000 (76.1573)  acc5: 92.1875 (91.2017)  time: 1.9353  data: 0.0002  max mem: 16390
Test:   [  0/196]  eta: 0:18:25  loss: 0.4176 (0.4176)  acc1: 90.6250 (90.6250)  acc5: 96.8750 (96.8750)  time: 5.6402  data: 5.3014  max mem: 16390
Test:   [100/196]  eta: 0:00:19  loss: 1.2826 (0.8400)  acc1: 68.7500 (77.9703)  acc5: 90.6250 (94.3998)  time: 0.1475  data: 0.0018  max mem: 16390
Test:  Total time: 0:00:32
Test:  Acc@1 74.500 Acc@5 92.256
Epoch: [8]  [   0/5005]  eta: 9:12:14  lr: 9.567727288213006e-05  img/s: 28.88006372570748  loss: 1.5201 (1.5201)  acc1: 68.7500 (68.7500)  acc5: 84.3750 (84.3750)  time: 6.6203  data: 4.4042  max mem: 16390
Epoch: [8]  [ 100/5005]  eta: 2:42:09  lr: 9.567727288213006e-05  img/s: 35.92170851269512  loss: 0.9887 (1.0302)  acc1: 76.5625 (75.1856)  acc5: 92.1875 (91.0427)  time: 1.9259  data: 0.0002  max mem: 16390
Epoch: [8]  [ 200/5005]  eta: 2:36:24  lr: 9.567727288213006e-05  img/s: 31.4217991426634  loss: 0.9552 (1.0125)  acc1: 76.5625 (75.7851)  acc5: 90.6250 (91.2935)  time: 1.9157  data: 0.0002  max mem: 16390
Epoch: [8]  [ 300/5005]  eta: 2:32:02  lr: 9.567727288213006e-05  img/s: 34.12553563594338  loss: 0.8531 (0.9986)  acc1: 76.5625 (76.0330)  acc5: 92.1875 (91.5127)  time: 1.8957  data: 0.0002  max mem: 16390
Epoch: [8]  [ 400/5005]  eta: 2:28:31  lr: 9.567727288213006e-05  img/s: 31.121612739904172  loss: 0.9241 (0.9956)  acc1: 76.5625 (76.2391)  acc5: 90.6250 (91.4705)  time: 1.9250  data: 0.0002  max mem: 16390
Test:   [  0/196]  eta: 0:15:50  loss: 0.4241 (0.4241)  acc1: 85.9375 (85.9375)  acc5: 96.8750 (96.8750)  time: 4.8495  data: 4.5225  max mem: 16390
Test:   [100/196]  eta: 0:00:19  loss: 1.2640 (0.8150)  acc1: 70.3125 (78.4653)  acc5: 90.6250 (94.6473)  time: 0.1495  data: 0.0011  max mem: 16390
Test:  Total time: 0:00:32
Test:  Acc@1 74.718 Acc@5 92.396
Epoch: [9]  [   0/5005]  eta: 9:00:35  lr: 9.455032620941841e-05  img/s: 23.432561371409417  loss: 0.8562 (0.8562)  acc1: 73.4375 (73.4375)  acc5: 95.3125 (95.3125)  time: 6.4807  data: 3.7494  max mem: 16390
Epoch: [9]  [ 100/5005]  eta: 2:38:03  lr: 9.455032620941841e-05  img/s: 31.335495087957764  loss: 0.9449 (1.0036)  acc1: 75.0000 (75.3558)  acc5: 92.1875 (91.4913)  time: 1.8788  data: 0.0002  max mem: 16390
Epoch: [9]  [ 200/5005]  eta: 2:32:46  lr: 9.455032620941841e-05  img/s: 31.300834516482308  loss: 0.9678 (1.0064)  acc1: 75.0000 (75.6919)  acc5: 92.1875 (91.3479)  time: 1.8795  data: 0.0002  max mem: 16390
Epoch: [9]  [ 300/5005]  eta: 2:28:59  lr: 9.455032620941841e-05  img/s: 33.46476316709377  loss: 0.9627 (0.9941)  acc1: 76.5625 (75.9396)  acc5: 90.6250 (91.5490)  time: 1.8985  data: 0.0002  max mem: 16390
Epoch: [9]  [ 400/5005]  eta: 2:26:22  lr: 9.455032620941841e-05  img/s: 31.341766003672713  loss: 0.9050 (0.9949)  acc1: 78.1250 (76.0404)  acc5: 90.6250 (91.5056)  time: 1.9304  data: 0.0002  max mem: 16390
Test:   [  0/196]  eta: 0:14:39  loss: 0.4215 (0.4215)  acc1: 85.9375 (85.9375)  acc5: 98.4375 (98.4375)  time: 4.4855  data: 3.7292  max mem: 16390
Test:   [100/196]  eta: 0:00:19  loss: 1.2888 (0.8306)  acc1: 68.7500 (78.1714)  acc5: 89.0625 (94.6473)  time: 0.1448  data: 0.0016  max mem: 16390
Test:  Total time: 0:00:32
Test:  Acc@1 74.560 Acc@5 92.374
Epoch: [10]  [   0/5005]  eta: 9:12:05  lr: 9.330127018922197e-05  img/s: 32.90781402185433  loss: 0.8254 (0.8254)  acc1: 79.6875 (79.6875)  acc5: 98.4375 (98.4375)  time: 6.6185  data: 4.6736  max mem: 16390
Epoch: [10]  [ 100/5005]  eta: 2:42:28  lr: 9.330127018922197e-05  img/s: 33.57313643363559  loss: 0.9899 (1.0090)  acc1: 76.5625 (76.1757)  acc5: 92.1875 (91.5068)  time: 1.9469  data: 0.0002  max mem: 16390
Epoch: [10]  [ 200/5005]  eta: 2:37:23  lr: 9.330127018922197e-05  img/s: 30.787275524286564  loss: 0.9748 (0.9888)  acc1: 76.5625 (76.3915)  acc5: 90.6250 (91.5656)  time: 1.9511  data: 0.0002  max mem: 16390
Epoch: [10]  [ 300/5005]  eta: 2:33:14  lr: 9.330127018922197e-05  img/s: 31.513285016214756  loss: 1.0079 (0.9810)  acc1: 75.0000 (76.5469)  acc5: 92.1875 (91.5905)  time: 1.9266  data: 0.0002  max mem: 16390
Epoch: [10]  [ 400/5005]  eta: 2:29:03  lr: 9.330127018922197e-05  img/s: 30.895030274626755  loss: 0.9946 (0.9852)  acc1: 75.0000 (76.3521)  acc5: 90.6250 (91.4627)  time: 1.8863  data: 0.0002  max mem: 16390
Test:   [  0/196]  eta: 0:17:53  loss: 0.4159 (0.4159)  acc1: 87.5000 (87.5000)  acc5: 96.8750 (96.8750)  time: 5.4764  data: 4.7299  max mem: 16390
Test:   [100/196]  eta: 0:00:19  loss: 1.2713 (0.8262)  acc1: 71.8750 (78.4344)  acc5: 90.6250 (94.5545)  time: 0.1441  data: 0.0011  max mem: 16390
Test:  Total time: 0:00:32
Test:  Acc@1 74.720 Acc@5 92.344
Epoch: [11]  [   0/5005]  eta: 8:54:00  lr: 9.193352839727123e-05  img/s: 31.75418410215074  loss: 0.9658 (0.9658)  acc1: 71.8750 (71.8750)  acc5: 93.7500 (93.7500)  time: 6.4017  data: 4.3861  max mem: 16390
Epoch: [11]  [ 100/5005]  eta: 2:39:56  lr: 9.193352839727123e-05  img/s: 35.53954198440942  loss: 1.0101 (0.9706)  acc1: 76.5625 (76.4233)  acc5: 90.6250 (91.5223)  time: 1.9149  data: 0.0002  max mem: 16390
Epoch: [11]  [ 200/5005]  eta: 2:34:41  lr: 9.193352839727123e-05  img/s: 36.046270099956104  loss: 0.8745 (0.9856)  acc1: 76.5625 (76.1660)  acc5: 92.1875 (91.5423)  time: 1.8773  data: 0.0002  max mem: 16390
Epoch: [11]  [ 300/5005]  eta: 2:30:24  lr: 9.193352839727123e-05  img/s: 33.14733712254658  loss: 0.9733 (0.9808)  acc1: 75.0000 (76.2926)  acc5: 90.6250 (91.5490)  time: 1.8922  data: 0.0002  max mem: 16390
Epoch: [11]  [ 400/5005]  eta: 2:27:03  lr: 9.193352839727123e-05  img/s: 33.190920885595844  loss: 0.9804 (0.9759)  acc1: 73.4375 (76.3404)  acc5: 90.6250 (91.6069)  time: 1.9087  data: 0.0002  max mem: 16390
Test:   [  0/196]  eta: 0:15:52  loss: 0.4650 (0.4650)  acc1: 87.5000 (87.5000)  acc5: 95.3125 (95.3125)  time: 4.8586  data: 4.4828  max mem: 16390
Test:   [100/196]  eta: 0:00:19  loss: 1.2486 (0.8283)  acc1: 68.7500 (78.0012)  acc5: 89.0625 (94.4926)  time: 0.1481  data: 0.0009  max mem: 16390
Test:  Total time: 0:00:33
Test:  Acc@1 74.728 Acc@5 92.318
Epoch: [12]  [   0/5005]  eta: 9:10:37  lr: 9.04508497187474e-05  img/s: 34.85599403007633  loss: 1.1889 (1.1889)  acc1: 78.1250 (78.1250)  acc5: 89.0625 (89.0625)  time: 6.6009  data: 4.7647  max mem: 16390
Epoch: [12]  [ 100/5005]  eta: 2:38:52  lr: 9.04508497187474e-05  img/s: 33.029534888928865  loss: 1.0228 (1.0195)  acc1: 75.0000 (75.5569)  acc5: 90.6250 (91.1819)  time: 1.9170  data: 0.0008  max mem: 16390
Epoch: [12]  [ 200/5005]  eta: 2:34:33  lr: 9.04508497187474e-05  img/s: 34.06406446851343  loss: 0.9412 (0.9954)  acc1: 75.0000 (76.1660)  acc5: 92.1875 (91.3169)  time: 1.9011  data: 0.0002  max mem: 16390
Epoch: [12]  [ 300/5005]  eta: 2:30:38  lr: 9.04508497187474e-05  img/s: 35.602695102265315  loss: 1.0052 (0.9986)  acc1: 73.4375 (75.9707)  acc5: 92.1875 (91.1804)  time: 1.9092  data: 0.0002  max mem: 16390
Epoch: [12]  [ 400/5005]  eta: 2:27:05  lr: 9.04508497187474e-05  img/s: 36.43879491482606  loss: 0.9707 (0.9968)  acc1: 76.5625 (75.9663)  acc5: 92.1875 (91.3069)  time: 1.9157  data: 0.0002  max mem: 16390
Test:   [  0/196]  eta: 0:16:24  loss: 0.4010 (0.4010)  acc1: 89.0625 (89.0625)  acc5: 96.8750 (96.8750)  time: 5.0208  data: 4.6722  max mem: 16390
Test:   [100/196]  eta: 0:00:19  loss: 1.3228 (0.8250)  acc1: 68.7500 (78.1559)  acc5: 89.0625 (94.6627)  time: 0.1444  data: 0.0024  max mem: 16390
Test:  Total time: 0:00:32
Test:  Acc@1 74.754 Acc@5 92.384
Epoch: [13]  [   0/5005]  eta: 9:14:15  lr: 8.885729807284857e-05  img/s: 29.01055892418329  loss: 0.9981 (0.9981)  acc1: 76.5625 (76.5625)  acc5: 85.9375 (85.9375)  time: 6.6444  data: 4.4382  max mem: 16390
Epoch: [13]  [ 100/5005]  eta: 2:39:26  lr: 8.885729807284857e-05  img/s: 33.69698710394323  loss: 0.9713 (0.9674)  acc1: 75.0000 (77.0885)  acc5: 92.1875 (91.3366)  time: 1.9039  data: 0.0002  max mem: 16390
Epoch: [13]  [ 200/5005]  eta: 2:34:59  lr: 8.885729807284857e-05  img/s: 35.37300226257164  loss: 1.0024 (0.9832)  acc1: 76.5625 (76.5081)  acc5: 90.6250 (91.2702)  time: 1.9010  data: 0.0002  max mem: 16390
Epoch: [13]  [ 300/5005]  eta: 2:31:22  lr: 8.885729807284857e-05  img/s: 36.60178697846616  loss: 1.0442 (0.9898)  acc1: 75.0000 (76.2251)  acc5: 90.6250 (91.2220)  time: 1.9219  data: 0.0002  max mem: 16390
Epoch: [13]  [ 400/5005]  eta: 2:28:02  lr: 8.885729807284857e-05  img/s: 33.49193186864163  loss: 1.0594 (0.9909)  acc1: 75.0000 (76.1378)  acc5: 90.6250 (91.2640)  time: 1.9300  data: 0.0002  max mem: 16390
Test:   [  0/196]  eta: 0:17:26  loss: 0.4315 (0.4315)  acc1: 85.9375 (85.9375)  acc5: 96.8750 (96.8750)  time: 5.3374  data: 4.8470  max mem: 16390
Test:   [100/196]  eta: 0:00:19  loss: 1.2612 (0.8103)  acc1: 70.3125 (78.7593)  acc5: 89.0625 (94.5545)  time: 0.1440  data: 0.0015  max mem: 16390
Test:  Total time: 0:00:32
Test:  Acc@1 74.924 Acc@5 92.470
============= Diagnostic Run torch.onnx.export version 2.0.1+cu117 =============
verbose: False, log level: Level.ERROR
======================= 0 NONE 0 NOTE 0 WARNING 0 ERROR ========================

Epoch: [14]  [   0/5005]  eta: 3:57:39  lr: 8.715724127386973e-05  img/s: 60.38638039564502  loss: 0.9446 (0.9446)  acc1: 73.4375 (73.4375)  acc5: 92.1875 (92.1875)  time: 2.8490  data: 1.7891  max mem: 16390
Epoch: [14]  [ 100/5005]  eta: 2:37:18  lr: 8.715724127386973e-05  img/s: 34.81574101755148  loss: 0.9259 (0.9702)  acc1: 78.1250 (76.5006)  acc5: 90.6250 (91.3521)  time: 1.9163  data: 0.0002  max mem: 16390
Epoch: [14]  [ 200/5005]  eta: 2:34:34  lr: 8.715724127386973e-05  img/s: 34.96505337197564  loss: 0.9414 (0.9740)  acc1: 76.5625 (76.4226)  acc5: 93.7500 (91.4646)  time: 1.9447  data: 0.0002  max mem: 16390
Epoch: [14]  [ 300/5005]  eta: 2:31:11  lr: 8.715724127386973e-05  img/s: 34.881140540604456  loss: 0.9669 (0.9744)  acc1: 76.5625 (76.4120)  acc5: 90.6250 (91.4348)  time: 1.9139  data: 0.0002  max mem: 16390
Epoch: [14]  [ 400/5005]  eta: 2:27:56  lr: 8.715724127386973e-05  img/s: 34.54336537137577  loss: 0.9946 (0.9731)  acc1: 76.5625 (76.5196)  acc5: 92.1875 (91.5251)  time: 1.9113  data: 0.0002  max mem: 16390
Test:   [  0/196]  eta: 0:17:41  loss: 0.5178 (0.5178)  acc1: 85.9375 (85.9375)  acc5: 96.8750 (96.8750)  time: 5.4171  data: 4.8617  max mem: 16390
Test:   [100/196]  eta: 0:00:19  loss: 1.3194 (0.8283)  acc1: 70.3125 (78.4189)  acc5: 89.0625 (94.5390)  time: 0.1406  data: 0.0012  max mem: 16390
Test:  Total time: 0:00:32
Test:  Acc@1 74.726 Acc@5 92.262
Epoch: [15]  [   0/5005]  eta: 9:06:28  lr: 8.535533905932739e-05  img/s: 22.933577105676164  loss: 0.9402 (0.9402)  acc1: 81.2500 (81.2500)  acc5: 92.1875 (92.1875)  time: 6.5511  data: 3.7603  max mem: 16390
Epoch: [15]  [ 100/5005]  eta: 2:39:50  lr: 8.535533905932739e-05  img/s: 35.52974832933632  loss: 0.8151 (0.9739)  acc1: 78.1250 (76.5161)  acc5: 92.1875 (91.5842)  time: 1.8875  data: 0.0002  max mem: 16390
Epoch: [15]  [ 200/5005]  eta: 2:33:35  lr: 8.535533905932739e-05  img/s: 35.317773374310924  loss: 1.0095 (0.9791)  acc1: 75.0000 (76.4848)  acc5: 90.6250 (91.4101)  time: 1.8790  data: 0.0002  max mem: 16390
Epoch: [15]  [ 300/5005]  eta: 2:30:02  lr: 8.535533905932739e-05  img/s: 35.7454255161196  loss: 1.0288 (0.9903)  acc1: 75.0000 (76.2614)  acc5: 90.6250 (91.2791)  time: 1.9104  data: 0.0002  max mem: 16390
Epoch: [15]  [ 400/5005]  eta: 2:26:36  lr: 8.535533905932739e-05  img/s: 34.18956296378754  loss: 0.9348 (0.9905)  acc1: 75.0000 (76.1183)  acc5: 92.1875 (91.3848)  time: 1.9023  data: 0.0002  max mem: 16390
Test:   [  0/196]  eta: 0:17:08  loss: 0.3908 (0.3908)  acc1: 87.5000 (87.5000)  acc5: 95.3125 (95.3125)  time: 5.2492  data: 4.8784  max mem: 16390
Test:   [100/196]  eta: 0:00:18  loss: 1.2520 (0.8161)  acc1: 70.3125 (78.7438)  acc5: 90.6250 (94.6627)  time: 0.1402  data: 0.0018  max mem: 16390
Test:  Total time: 0:00:31
Test:  Acc@1 74.998 Acc@5 92.434
============= Diagnostic Run torch.onnx.export version 2.0.1+cu117 =============
verbose: False, log level: Level.ERROR
======================= 0 NONE 0 NOTE 0 WARNING 0 ERROR ========================

Epoch: [16]  [   0/5005]  eta: 3:59:58  lr: 8.345653031794293e-05  img/s: 47.922117920683306  loss: 0.6600 (0.6600)  acc1: 81.2500 (81.2500)  acc5: 96.8750 (96.8750)  time: 2.8768  data: 1.5412  max mem: 16390
Epoch: [16]  [ 100/5005]  eta: 2:34:44  lr: 8.345653031794293e-05  img/s: 31.132206258185043  loss: 0.9673 (0.9980)  acc1: 75.0000 (76.0365)  acc5: 89.0625 (91.4759)  time: 1.8791  data: 0.0002  max mem: 16390
Epoch: [16]  [ 200/5005]  eta: 2:31:02  lr: 8.345653031794293e-05  img/s: 30.99777432120492  loss: 0.9003 (0.9741)  acc1: 78.1250 (76.6869)  acc5: 92.1875 (91.8455)  time: 1.8758  data: 0.0002  max mem: 16390
Epoch: [16]  [ 300/5005]  eta: 2:28:00  lr: 8.345653031794293e-05  img/s: 36.19927794406629  loss: 1.0028 (0.9770)  acc1: 75.0000 (76.3600)  acc5: 90.6250 (91.6736)  time: 1.9186  data: 0.0002  max mem: 16390
Epoch: [16]  [ 400/5005]  eta: 2:25:07  lr: 8.345653031794293e-05  img/s: 33.8743797510461  loss: 0.9676 (0.9722)  acc1: 76.5625 (76.4573)  acc5: 92.1875 (91.7238)  time: 1.8991  data: 0.0002  max mem: 16390
Test:   [  0/196]  eta: 0:16:39  loss: 0.4533 (0.4533)  acc1: 84.3750 (84.3750)  acc5: 96.8750 (96.8750)  time: 5.0980  data: 4.7282  max mem: 16390
Test:   [100/196]  eta: 0:00:18  loss: 1.2360 (0.8133)  acc1: 68.7500 (78.8057)  acc5: 90.6250 (94.7246)  time: 0.1382  data: 0.0015  max mem: 16390
Test:  Total time: 0:00:31
Test:  Acc@1 75.052 Acc@5 92.430
============= Diagnostic Run torch.onnx.export version 2.0.1+cu117 =============
verbose: False, log level: Level.ERROR
======================= 0 NONE 0 NOTE 0 WARNING 0 ERROR ========================

Epoch: [17]  [   0/5005]  eta: 4:11:53  lr: 8.146601955249189e-05  img/s: 57.455530498778266  loss: 0.9407 (0.9407)  acc1: 79.6875 (79.6875)  acc5: 89.0625 (89.0625)  time: 3.0196  data: 1.9057  max mem: 16390
Epoch: [17]  [ 100/5005]  eta: 2:35:25  lr: 8.146601955249189e-05  img/s: 35.219153330027055  loss: 1.0188 (0.9831)  acc1: 76.5625 (76.3769)  acc5: 92.1875 (91.7543)  time: 1.9128  data: 0.0002  max mem: 16390
Epoch: [17]  [ 200/5005]  eta: 2:31:18  lr: 8.146601955249189e-05  img/s: 36.07915182719993  loss: 0.9930 (1.0081)  acc1: 75.0000 (75.7152)  acc5: 90.6250 (91.2391)  time: 1.8704  data: 0.0002  max mem: 16390
Epoch: [17]  [ 300/5005]  eta: 2:27:57  lr: 8.146601955249189e-05  img/s: 35.11233101479546  loss: 1.0130 (1.0012)  acc1: 75.0000 (75.9448)  acc5: 90.6250 (91.2012)  time: 1.8848  data: 0.0002  max mem: 16390
Epoch: [17]  [ 400/5005]  eta: 2:25:00  lr: 8.146601955249189e-05  img/s: 33.52699015855522  loss: 0.9999 (1.0007)  acc1: 76.5625 (75.8767)  acc5: 90.6250 (91.2601)  time: 1.8934  data: 0.0002  max mem: 16390
Test:   [  0/196]  eta: 0:17:51  loss: 0.4372 (0.4372)  acc1: 85.9375 (85.9375)  acc5: 98.4375 (98.4375)  time: 5.4662  data: 5.0429  max mem: 16390
Test:   [100/196]  eta: 0:00:19  loss: 1.3468 (0.8285)  acc1: 68.7500 (78.4653)  acc5: 90.6250 (94.4462)  time: 0.1466  data: 0.0012  max mem: 16390
Test:  Total time: 0:00:32
Test:  Acc@1 74.558 Acc@5 92.308
Epoch: [18]  [   0/5005]  eta: 9:01:07  lr: 7.938926261462367e-05  img/s: 41.55888653615742  loss: 1.1839 (1.1839)  acc1: 75.0000 (75.0000)  acc5: 89.0625 (89.0625)  time: 6.4870  data: 4.9470  max mem: 16390
Epoch: [18]  [ 100/5005]  eta: 2:38:23  lr: 7.938926261462367e-05  img/s: 31.001723001545145  loss: 0.9349 (1.0015)  acc1: 78.1250 (76.0365)  acc5: 90.6250 (91.1974)  time: 1.8946  data: 0.0002  max mem: 16390
Epoch: [18]  [ 200/5005]  eta: 2:33:50  lr: 7.938926261462367e-05  img/s: 31.56013522037387  loss: 0.9276 (0.9752)  acc1: 76.5625 (76.3682)  acc5: 92.1875 (91.5656)  time: 1.9136  data: 0.0002  max mem: 16390
Epoch: [18]  [ 300/5005]  eta: 2:30:31  lr: 7.938926261462367e-05  img/s: 34.885850483710826  loss: 1.0003 (0.9806)  acc1: 76.5625 (76.3445)  acc5: 92.1875 (91.5698)  time: 1.9160  data: 0.0002  max mem: 16390
Epoch: [18]  [ 400/5005]  eta: 2:26:48  lr: 7.938926261462367e-05  img/s: 31.226874458487703  loss: 0.9474 (0.9851)  acc1: 75.0000 (76.1417)  acc5: 90.6250 (91.5368)  time: 1.8829  data: 0.0002  max mem: 16390
Test:   [  0/196]  eta: 0:18:20  loss: 0.4584 (0.4584)  acc1: 85.9375 (85.9375)  acc5: 95.3125 (95.3125)  time: 5.6157  data: 5.2766  max mem: 16390
Test:   [100/196]  eta: 0:00:19  loss: 1.2651 (0.8224)  acc1: 70.3125 (78.3571)  acc5: 90.6250 (94.8484)  time: 0.1427  data: 0.0015  max mem: 16390
Test:  Total time: 0:00:32
Test:  Acc@1 74.696 Acc@5 92.404
Epoch: [19]  [   0/5005]  eta: 8:52:24  lr: 7.723195175075138e-05  img/s: 35.931767571981204  loss: 1.1051 (1.1051)  acc1: 76.5625 (76.5625)  acc5: 87.5000 (87.5000)  time: 6.3825  data: 4.6013  max mem: 16390
Epoch: [19]  [ 100/5005]  eta: 2:39:05  lr: 7.723195175075138e-05  img/s: 34.90414927432624  loss: 0.9440 (1.0217)  acc1: 76.5625 (75.2785)  acc5: 92.1875 (90.8880)  time: 1.8810  data: 0.0002  max mem: 16390
Epoch: [19]  [ 200/5005]  eta: 2:33:48  lr: 7.723195175075138e-05  img/s: 31.360044262757786  loss: 0.9440 (0.9981)  acc1: 75.0000 (75.4120)  acc5: 90.6250 (91.3402)  time: 1.8861  data: 0.0002  max mem: 16390
Epoch: [19]  [ 300/5005]  eta: 2:30:06  lr: 7.723195175075138e-05  img/s: 30.090672159693554  loss: 1.0521 (0.9957)  acc1: 73.4375 (75.6074)  acc5: 89.0625 (91.2946)  time: 1.8984  data: 0.0002  max mem: 16390
Epoch: [19]  [ 400/5005]  eta: 2:26:38  lr: 7.723195175075138e-05  img/s: 35.87215431007007  loss: 1.1102 (0.9944)  acc1: 75.0000 (75.6936)  acc5: 90.6250 (91.3459)  time: 1.9097  data: 0.0002  max mem: 16390
Test:   [  0/196]  eta: 0:18:59  loss: 0.4365 (0.4365)  acc1: 89.0625 (89.0625)  acc5: 96.8750 (96.8750)  time: 5.8126  data: 5.3205  max mem: 16390
Test:   [100/196]  eta: 0:00:19  loss: 1.2830 (0.8160)  acc1: 68.7500 (78.6510)  acc5: 90.6250 (94.8484)  time: 0.1498  data: 0.0022  max mem: 16390
Test:  Total time: 0:00:32
Test:  Acc@1 74.834 Acc@5 92.470
Epoch: [20]  [   0/5005]  eta: 9:13:33  lr: 7.500000000000002e-05  img/s: 34.716209966529924  loss: 0.8883 (0.8883)  acc1: 78.1250 (78.1250)  acc5: 93.7500 (93.7500)  time: 6.6360  data: 4.7925  max mem: 16390
Epoch: [20]  [ 100/5005]  eta: 2:40:10  lr: 7.500000000000002e-05  img/s: 35.63023619965322  loss: 1.0281 (0.9737)  acc1: 75.0000 (76.5316)  acc5: 92.1875 (91.7234)  time: 1.8919  data: 0.0002  max mem: 16390
Epoch: [20]  [ 200/5005]  eta: 2:34:30  lr: 7.500000000000002e-05  img/s: 35.06495120162584  loss: 0.9242 (0.9754)  acc1: 75.0000 (76.1894)  acc5: 92.1875 (91.7444)  time: 1.9056  data: 0.0002  max mem: 16390
Epoch: [20]  [ 300/5005]  eta: 2:30:30  lr: 7.500000000000002e-05  img/s: 33.717396607151514  loss: 0.9043 (0.9630)  acc1: 76.5625 (76.4950)  acc5: 90.6250 (91.7774)  time: 1.8948  data: 0.0002  max mem: 16390
Epoch: [20]  [ 400/5005]  eta: 2:26:41  lr: 7.500000000000002e-05  img/s: 35.61705104294817  loss: 0.9903 (0.9684)  acc1: 75.0000 (76.3988)  acc5: 92.1875 (91.7550)  time: 1.8832  data: 0.0002  max mem: 16390
Test:   [  0/196]  eta: 0:16:28  loss: 0.4273 (0.4273)  acc1: 87.5000 (87.5000)  acc5: 96.8750 (96.8750)  time: 5.0436  data: 4.5768  max mem: 16390
Test:   [100/196]  eta: 0:00:19  loss: 1.2659 (0.8254)  acc1: 68.7500 (78.2178)  acc5: 90.6250 (94.5699)  time: 0.1453  data: 0.0018  max mem: 16390
Test:  Total time: 0:00:31
Test:  Acc@1 74.608 Acc@5 92.260
Epoch: [21]  [   0/5005]  eta: 8:59:25  lr: 7.269952498697736e-05  img/s: 29.11609779547363  loss: 1.0258 (1.0258)  acc1: 70.3125 (70.3125)  acc5: 87.5000 (87.5000)  time: 6.4666  data: 4.2684  max mem: 16390
Epoch: [21]  [ 100/5005]  eta: 2:38:33  lr: 7.269952498697736e-05  img/s: 29.87831936394744  loss: 0.9873 (0.9759)  acc1: 73.4375 (76.0520)  acc5: 90.6250 (91.3830)  time: 1.9027  data: 0.0002  max mem: 16390
Epoch: [21]  [ 200/5005]  eta: 2:33:32  lr: 7.269952498697736e-05  img/s: 35.46195727847725  loss: 1.0400 (0.9980)  acc1: 73.4375 (75.9328)  acc5: 90.6250 (91.1381)  time: 1.8833  data: 0.0002  max mem: 16390
Epoch: [21]  [ 300/5005]  eta: 2:29:47  lr: 7.269952498697736e-05  img/s: 31.412231669481184  loss: 0.9001 (1.0018)  acc1: 76.5625 (75.7942)  acc5: 92.1875 (91.0559)  time: 1.8779  data: 0.0002  max mem: 16390
Epoch: [21]  [ 400/5005]  eta: 2:26:08  lr: 7.269952498697736e-05  img/s: 34.08244144314234  loss: 1.0557 (0.9993)  acc1: 76.5625 (75.9624)  acc5: 89.0625 (91.0341)  time: 1.8998  data: 0.0002  max mem: 16390
Test:   [  0/196]  eta: 0:18:40  loss: 0.4534 (0.4534)  acc1: 85.9375 (85.9375)  acc5: 96.8750 (96.8750)  time: 5.7153  data: 5.1975  max mem: 16390
Test:   [100/196]  eta: 0:00:19  loss: 1.2891 (0.8141)  acc1: 68.7500 (78.9449)  acc5: 90.6250 (94.6782)  time: 0.1526  data: 0.0019  max mem: 16390
Test:  Total time: 0:00:32
Test:  Acc@1 74.976 Acc@5 92.418
Epoch: [22]  [   0/5005]  eta: 8:57:54  lr: 7.033683215379003e-05  img/s: 22.25677946146371  loss: 0.8371 (0.8371)  acc1: 82.8125 (82.8125)  acc5: 92.1875 (92.1875)  time: 6.4485  data: 3.5728  max mem: 16390
Epoch: [22]  [ 100/5005]  eta: 2:37:21  lr: 7.033683215379003e-05  img/s: 34.11500550610056  loss: 0.9875 (0.9754)  acc1: 75.0000 (76.5006)  acc5: 92.1875 (91.4759)  time: 1.8788  data: 0.0002  max mem: 16390
Epoch: [22]  [ 200/5005]  eta: 2:32:22  lr: 7.033683215379003e-05  img/s: 34.093943078764134  loss: 0.8638 (0.9889)  acc1: 78.1250 (75.9562)  acc5: 92.1875 (91.1225)  time: 1.8804  data: 0.0002  max mem: 16390
Epoch: [22]  [ 300/5005]  eta: 2:28:27  lr: 7.033683215379003e-05  img/s: 33.65058855680106  loss: 0.8802 (0.9754)  acc1: 78.1250 (76.2199)  acc5: 92.1875 (91.4711)  time: 1.8742  data: 0.0002  max mem: 16390
Epoch: [22]  [ 400/5005]  eta: 2:24:57  lr: 7.033683215379003e-05  img/s: 33.82922254608906  loss: 0.9040 (0.9754)  acc1: 75.0000 (76.2703)  acc5: 92.1875 (91.5446)  time: 1.8772  data: 0.0002  max mem: 16390
Test:   [  0/196]  eta: 0:16:51  loss: 0.4772 (0.4772)  acc1: 87.5000 (87.5000)  acc5: 95.3125 (95.3125)  time: 5.1595  data: 4.5663  max mem: 16390
Test:   [100/196]  eta: 0:00:19  loss: 1.3033 (0.8311)  acc1: 70.3125 (78.5891)  acc5: 89.0625 (94.6473)  time: 0.1535  data: 0.0012  max mem: 16390
Test:  Total time: 0:00:31
Test:  Acc@1 74.854 Acc@5 92.238
Epoch: [23]  [   0/5005]  eta: 8:53:18  lr: 6.791839747726505e-05  img/s: 26.668997014539837  loss: 0.8942 (0.8942)  acc1: 75.0000 (75.0000)  acc5: 96.8750 (96.8750)  time: 6.3934  data: 3.9936  max mem: 16390
Epoch: [23]  [ 100/5005]  eta: 2:36:47  lr: 6.791839747726505e-05  img/s: 31.169552159431404  loss: 1.0294 (1.0076)  acc1: 75.0000 (75.6188)  acc5: 90.6250 (90.8261)  time: 1.8896  data: 0.0002  max mem: 16390
Epoch: [23]  [ 200/5005]  eta: 2:32:04  lr: 6.791839747726505e-05  img/s: 31.67945569515832  loss: 1.0367 (0.9919)  acc1: 75.0000 (75.9095)  acc5: 89.0625 (91.2624)  time: 1.8809  data: 0.0002  max mem: 16390
Epoch: [23]  [ 300/5005]  eta: 2:28:25  lr: 6.791839747726505e-05  img/s: 31.279107605144336  loss: 0.9493 (0.9927)  acc1: 76.5625 (75.9759)  acc5: 92.1875 (91.2791)  time: 1.8842  data: 0.0002  max mem: 16390
Epoch: [23]  [ 400/5005]  eta: 2:24:59  lr: 6.791839747726505e-05  img/s: 31.509389884356796  loss: 0.9824 (0.9818)  acc1: 75.0000 (76.0560)  acc5: 89.0625 (91.4043)  time: 1.8825  data: 0.0002  max mem: 16390
Test:   [  0/196]  eta: 0:18:56  loss: 0.4687 (0.4687)  acc1: 85.9375 (85.9375)  acc5: 98.4375 (98.4375)  time: 5.7988  data: 5.3643  max mem: 16390
Test:   [100/196]  eta: 0:00:19  loss: 1.3017 (0.8287)  acc1: 68.7500 (78.7593)  acc5: 89.0625 (94.5235)  time: 0.1461  data: 0.0026  max mem: 16390
Test:  Total time: 0:00:32
Test:  Acc@1 74.562 Acc@5 92.360
Epoch: [24]  [   0/5005]  eta: 8:54:06  lr: 6.54508497187474e-05  img/s: 48.87475568125851  loss: 0.6925 (0.6925)  acc1: 85.9375 (85.9375)  acc5: 92.1875 (92.1875)  time: 6.4029  data: 5.0933  max mem: 16390
Epoch: [24]  [ 100/5005]  eta: 2:37:15  lr: 6.54508497187474e-05  img/s: 35.82981324775179  loss: 1.0445 (1.0006)  acc1: 75.0000 (75.5879)  acc5: 90.6250 (91.2283)  time: 1.8815  data: 0.0003  max mem: 16390
