loading annotations into memory...
loading annotations into memory...
loading annotations into memory...
loading annotations into memory...
Done (t=0.69s)
creating index...
Done (t=0.71s)
creating index...
Done (t=0.71s)
creating index...
Done (t=0.74s)
creating index...
index created!
index created!
index created!
index created!

writing results to ./work_dirs/ssd-lite_regnet_fpn_bgr/result.pkl

Evaluating bbox...
Loading and preparing results...
DONE (t=6.85s)
creating index...
index created!
Running per image evaluation...
Evaluate annotation type *bbox*
DONE (t=88.85s).
Accumulating evaluation results...
DONE (t=22.33s).
Average Precision  (AP) @[ IoU=0.50:0.95 | area=   all | maxDets=100 ] = 0.370
Average Precision  (AP) @[ IoU=0.50      | area=   all | maxDets=1000 ] = 0.573
Average Precision  (AP) @[ IoU=0.75      | area=   all | maxDets=1000 ] = 0.398
Average Precision  (AP) @[ IoU=0.50:0.95 | area= small | maxDets=1000 ] = 0.207
Average Precision  (AP) @[ IoU=0.50:0.95 | area=medium | maxDets=1000 ] = 0.404
Average Precision  (AP) @[ IoU=0.50:0.95 | area= large | maxDets=1000 ] = 0.524
Average Recall     (AR) @[ IoU=0.50:0.95 | area=   all | maxDets=100 ] = 0.516
Average Recall     (AR) @[ IoU=0.50:0.95 | area=   all | maxDets=300 ] = 0.517
Average Recall     (AR) @[ IoU=0.50:0.95 | area=   all | maxDets=1000 ] = 0.517
Average Recall     (AR) @[ IoU=0.50:0.95 | area= small | maxDets=1000 ] = 0.320
Average Recall     (AR) @[ IoU=0.50:0.95 | area=medium | maxDets=1000 ] = 0.552
Average Recall     (AR) @[ IoU=0.50:0.95 | area= large | maxDets=1000 ] = 0.676
{'bbox_mAP': 0.37, 'bbox_mAP_50': 0.573, 'bbox_mAP_75': 0.398, 'bbox_mAP_s': 0.207, 'bbox_mAP_m': 0.404, 'bbox_mAP_l': 0.524, 'bbox_mAP_copypaste': '0.370 0.573 0.398 0.207 0.404 0.524'}
