==========================================================
----------------------------------------------------------
Quantization Aware Training for mobilenet_v2
=> creating model 'mobilenet_v2'
./examples/quantize_example.py:187: UserWarning: quantized inference/test may fail as it is not yet supported in gpu: use_gpu should not be set while quantizing
  warnings.warn('quantized inference/test may fail as it is not yet supported in gpu: '
[33m=> model surgery by 'model_surgery_quantize'[39m
=> feature size is:  torch.Size([1, 1280, 7, 7])
=> using pre-trained model for mobilenet_v2 from https://download.pytorch.org/models/mobilenet_v2-b0353104.pth
Using downloaded and verified file: ./data/downloads/mobilenet_v2-b0353104.pth
[33m=> The following layers in the model could not be loaded from pre-trained: [39m
classifier.1.activation_q.clips_act
features.0.0.activation_in.clips_act
features.0.2.clips_act
features.1.conv.0.2.clips_act
features.1.conv.2.activation_q.clips_act
features.2.conv.0.2.clips_act
features.2.conv.1.2.clips_act
features.2.conv.3.activation_q.clips_act
features.3.conv.0.2.clips_act
features.3.conv.1.2.clips_act
features.3.conv.3.activation_q.clips_act
features.3.add.activation_q.clips_act
features.4.conv.0.2.clips_act
features.4.conv.1.2.clips_act
features.4.conv.3.activation_q.clips_act
features.5.conv.0.2.clips_act
features.5.conv.1.2.clips_act
features.5.conv.3.activation_q.clips_act
features.5.add.activation_q.clips_act
features.6.conv.0.2.clips_act
features.6.conv.1.2.clips_act
features.6.conv.3.activation_q.clips_act
features.6.add.activation_q.clips_act
features.7.conv.0.2.clips_act
features.7.conv.1.2.clips_act
features.7.conv.3.activation_q.clips_act
features.8.conv.0.2.clips_act
features.8.conv.1.2.clips_act
features.8.conv.3.activation_q.clips_act
features.8.add.activation_q.clips_act
features.9.conv.0.2.clips_act
features.9.conv.1.2.clips_act
features.9.conv.3.activation_q.clips_act
features.9.add.activation_q.clips_act
features.10.conv.0.2.clips_act
features.10.conv.1.2.clips_act
features.10.conv.3.activation_q.clips_act
features.10.add.activation_q.clips_act
features.11.conv.0.2.clips_act
features.11.conv.1.2.clips_act
features.11.conv.3.activation_q.clips_act
features.12.conv.0.2.clips_act
features.12.conv.1.2.clips_act
features.12.conv.3.activation_q.clips_act
features.12.add.activation_q.clips_act
features.13.conv.0.2.clips_act
features.13.conv.1.2.clips_act
features.13.conv.3.activation_q.clips_act
features.13.add.activation_q.clips_act
features.14.conv.0.2.clips_act
features.14.conv.1.2.clips_act
features.14.conv.3.activation_q.clips_act
features.15.conv.0.2.clips_act
features.15.conv.1.2.clips_act
features.15.conv.3.activation_q.clips_act
features.15.add.activation_q.clips_act
features.16.conv.0.2.clips_act
features.16.conv.1.2.clips_act
features.16.conv.3.activation_q.clips_act
features.16.add.activation_q.clips_act
features.17.conv.0.2.clips_act
features.17.conv.1.2.clips_act
features.17.conv.3.activation_q.clips_act
features.18.2.clips_act
Epoch: [0][   0/5005]	LR 1e-05	Time  9.733 ( 9.733)	Data  1.862 ( 1.862)	Loss 1.5496e+00 (1.5496e+00)	Acc@1  63.28 ( 63.28)	Acc@5  85.16 ( 85.16)
Epoch: [0][ 100/5005]	LR 1e-05	Time  0.948 ( 1.037)	Data  0.000 ( 0.019)	Loss 1.4858e+00 (1.5360e+00)	Acc@1  67.58 ( 65.28)	Acc@5  86.33 ( 84.29)
Epoch: [0][ 200/5005]	LR 1e-05	Time  0.941 ( 1.000)	Data  0.000 ( 0.010)	Loss 1.1898e+00 (1.4896e+00)	Acc@1  73.83 ( 65.81)	Acc@5  89.45 ( 84.97)
Epoch: [0][ 300/5005]	LR 1e-05	Time  0.972 ( 0.991)	Data  0.000 ( 0.007)	Loss 1.4374e+00 (1.4746e+00)	Acc@1  66.80 ( 65.96)	Acc@5  84.38 ( 85.15)
Epoch: [0][ 400/5005]	LR 1e-05	Time  0.982 ( 0.985)	Data  0.000 ( 0.006)	Loss 1.5491e+00 (1.4625e+00)	Acc@1  63.28 ( 66.12)	Acc@5  83.59 ( 85.31)
Epoch: [0][ 500/5005]	LR 1e-05	Time  0.984 ( 0.980)	Data  0.000 ( 0.005)	Loss 1.3252e+00 (1.4469e+00)	Acc@1  69.14 ( 66.39)	Acc@5  85.94 ( 85.54)
Epoch: [0][ 600/5005]	LR 1e-05	Time  1.023 ( 0.978)	Data  0.000 ( 0.004)	Loss 1.4186e+00 (1.4355e+00)	Acc@1  67.19 ( 66.62)	Acc@5  85.55 ( 85.71)
Epoch: [0][ 700/5005]	LR 1e-05	Time  0.918 ( 0.976)	Data  0.000 ( 0.004)	Loss 1.3591e+00 (1.4240e+00)	Acc@1  65.23 ( 66.82)	Acc@5  86.33 ( 85.84)
Epoch: [0][ 800/5005]	LR 1e-05	Time  0.968 ( 0.974)	Data  0.000 ( 0.004)	Loss 1.4617e+00 (1.4161e+00)	Acc@1  64.06 ( 66.96)	Acc@5  85.55 ( 85.95)
Epoch: [0][ 900/5005]	LR 1e-05	Time  0.931 ( 0.973)	Data  0.000 ( 0.003)	Loss 1.4729e+00 (1.4084e+00)	Acc@1  67.97 ( 67.11)	Acc@5  86.33 ( 86.04)
Epoch: [0][1000/5005]	LR 1e-05	Time  0.977 ( 0.972)	Data  0.000 ( 0.003)	Loss 1.4086e+00 (1.4029e+00)	Acc@1  67.19 ( 67.23)	Acc@5  85.16 ( 86.13)
Epoch: [0][1100/5005]	LR 1e-05	Time  0.924 ( 0.972)	Data  0.000 ( 0.003)	Loss 1.2907e+00 (1.3974e+00)	Acc@1  67.97 ( 67.32)	Acc@5  87.50 ( 86.19)
Epoch: [0][1200/5005]	LR 1e-05	Time  0.969 ( 0.970)	Data  0.000 ( 0.003)	Loss 1.4519e+00 (1.3934e+00)	Acc@1  64.84 ( 67.37)	Acc@5  85.94 ( 86.24)
Epoch: [0][1300/5005]	LR 1e-05	Time  0.922 ( 0.970)	Data  0.000 ( 0.003)	Loss 1.4846e+00 (1.3900e+00)	Acc@1  64.06 ( 67.41)	Acc@5  83.98 ( 86.29)
Epoch: [0][1400/5005]	LR 1e-05	Time  0.974 ( 0.970)	Data  0.000 ( 0.003)	Loss 1.4434e+00 (1.3884e+00)	Acc@1  67.97 ( 67.45)	Acc@5  83.59 ( 86.29)
Epoch: [0][1500/5005]	LR 1e-05	Time  0.948 ( 0.970)	Data  0.000 ( 0.003)	Loss 1.3989e+00 (1.3840e+00)	Acc@1  66.41 ( 67.51)	Acc@5  89.06 ( 86.35)
Epoch: [0][1600/5005]	LR 1e-05	Time  0.879 ( 0.969)	Data  0.000 ( 0.002)	Loss 1.3529e+00 (1.3822e+00)	Acc@1  68.75 ( 67.56)	Acc@5  85.55 ( 86.36)
Epoch: [0][1700/5005]	LR 1e-05	Time  0.972 ( 0.969)	Data  0.000 ( 0.002)	Loss 1.2802e+00 (1.3779e+00)	Acc@1  69.14 ( 67.64)	Acc@5  85.94 ( 86.41)
Epoch: [0][1800/5005]	LR 1e-05	Time  0.980 ( 0.968)	Data  0.000 ( 0.002)	Loss 1.1955e+00 (1.3747e+00)	Acc@1  69.92 ( 67.71)	Acc@5  89.45 ( 86.44)
Epoch: [0][1900/5005]	LR 1e-05	Time  0.939 ( 0.968)	Data  0.000 ( 0.002)	Loss 1.1322e+00 (1.3716e+00)	Acc@1  75.39 ( 67.77)	Acc@5  90.23 ( 86.49)
Epoch: [0][2000/5005]	LR 1e-05	Time  0.963 ( 0.968)	Data  0.000 ( 0.002)	Loss 1.2068e+00 (1.3692e+00)	Acc@1  69.92 ( 67.82)	Acc@5  87.89 ( 86.51)
Epoch: [0][2100/5005]	LR 1e-05	Time  0.958 ( 0.967)	Data  0.000 ( 0.002)	Loss 1.2823e+00 (1.3654e+00)	Acc@1  71.88 ( 67.89)	Acc@5  89.06 ( 86.56)
Epoch: [0][2200/5005]	LR 1e-05	Time  0.978 ( 0.967)	Data  0.000 ( 0.002)	Loss 1.2927e+00 (1.3626e+00)	Acc@1  70.31 ( 67.96)	Acc@5  88.67 ( 86.59)
Epoch: [0][2300/5005]	LR 1e-05	Time  0.979 ( 0.967)	Data  0.000 ( 0.002)	Loss 1.2514e+00 (1.3595e+00)	Acc@1  67.19 ( 68.01)	Acc@5  89.84 ( 86.63)
Epoch: [0][2400/5005]	LR 1e-05	Time  0.992 ( 0.967)	Data  0.000 ( 0.002)	Loss 1.2534e+00 (1.3565e+00)	Acc@1  67.19 ( 68.07)	Acc@5  87.89 ( 86.68)
Epoch: [0][2500/5005]	LR 1e-05	Time  1.004 ( 0.967)	Data  0.000 ( 0.002)	Loss 1.1953e+00 (1.3542e+00)	Acc@1  68.75 ( 68.12)	Acc@5  89.45 ( 86.70)
Epoch: [0][2600/5005]	LR 1e-05	Time  0.990 ( 0.967)	Data  0.000 ( 0.002)	Loss 1.4665e+00 (1.3518e+00)	Acc@1  66.41 ( 68.18)	Acc@5  86.72 ( 86.72)
Epoch: [0][2700/5005]	LR 1e-05	Time  0.951 ( 0.967)	Data  0.000 ( 0.002)	Loss 1.1997e+00 (1.3501e+00)	Acc@1  70.31 ( 68.20)	Acc@5  87.89 ( 86.74)
Epoch: [0][2800/5005]	LR 1e-05	Time  0.973 ( 0.967)	Data  0.000 ( 0.002)	Loss 1.4939e+00 (1.3481e+00)	Acc@1  63.67 ( 68.24)	Acc@5  87.89 ( 86.77)
Epoch: [0][2900/5005]	LR 1e-05	Time  0.961 ( 0.967)	Data  0.000 ( 0.002)	Loss 1.5556e+00 (1.3472e+00)	Acc@1  65.62 ( 68.26)	Acc@5  81.64 ( 86.78)
Epoch: [0][3000/5005]	LR 1e-05	Time  0.985 ( 0.967)	Data  0.000 ( 0.002)	Loss 1.3334e+00 (1.3460e+00)	Acc@1  66.41 ( 68.28)	Acc@5  86.33 ( 86.78)
Epoch: [0][3100/5005]	LR 1e-05	Time  0.967 ( 0.967)	Data  0.000 ( 0.002)	Loss 1.3109e+00 (1.3450e+00)	Acc@1  68.36 ( 68.31)	Acc@5  86.72 ( 86.79)
Epoch: [0][3200/5005]	LR 1e-05	Time  1.000 ( 0.967)	Data  0.000 ( 0.002)	Loss 1.4929e+00 (1.3438e+00)	Acc@1  62.89 ( 68.34)	Acc@5  84.77 ( 86.80)
Epoch: [0][3300/5005]	LR 1e-05	Time  0.952 ( 0.967)	Data  0.000 ( 0.002)	Loss 1.3593e+00 (1.3430e+00)	Acc@1  65.62 ( 68.36)	Acc@5  85.16 ( 86.81)
Epoch: [0][3400/5005]	LR 1e-05	Time  0.928 ( 0.967)	Data  0.000 ( 0.002)	Loss 1.2586e+00 (1.3422e+00)	Acc@1  69.92 ( 68.38)	Acc@5  86.33 ( 86.82)
Epoch: [0][3500/5005]	LR 1e-05	Time  0.951 ( 0.967)	Data  0.000 ( 0.002)	Loss 1.1943e+00 (1.3417e+00)	Acc@1  70.70 ( 68.38)	Acc@5  89.45 ( 86.82)
Epoch: [0][3600/5005]	LR 1e-05	Time  0.951 ( 0.967)	Data  0.000 ( 0.002)	Loss 9.8506e-01 (1.3409e+00)	Acc@1  75.78 ( 68.39)	Acc@5  90.62 ( 86.83)
Epoch: [0][3700/5005]	LR 1e-05	Time  0.960 ( 0.967)	Data  0.000 ( 0.002)	Loss 1.4323e+00 (1.3394e+00)	Acc@1  68.75 ( 68.42)	Acc@5  85.16 ( 86.85)
Epoch: [0][3800/5005]	LR 1e-05	Time  0.973 ( 0.967)	Data  0.000 ( 0.002)	Loss 1.4748e+00 (1.3383e+00)	Acc@1  62.11 ( 68.44)	Acc@5  85.55 ( 86.86)
Epoch: [0][3900/5005]	LR 1e-05	Time  1.005 ( 0.967)	Data  0.000 ( 0.002)	Loss 1.2104e+00 (1.3376e+00)	Acc@1  74.22 ( 68.45)	Acc@5  87.50 ( 86.87)
Epoch: [0][4000/5005]	LR 1e-05	Time  1.003 ( 0.967)	Data  0.000 ( 0.002)	Loss 1.3620e+00 (1.3368e+00)	Acc@1  67.19 ( 68.47)	Acc@5  85.55 ( 86.88)
Epoch: [0][4100/5005]	LR 1e-05	Time  0.925 ( 0.967)	Data  0.000 ( 0.002)	Loss 1.2764e+00 (1.3356e+00)	Acc@1  71.48 ( 68.49)	Acc@5  87.50 ( 86.89)
Epoch: [0][4200/5005]	LR 1e-05	Time  0.945 ( 0.967)	Data  0.000 ( 0.002)	Loss 1.1731e+00 (1.3344e+00)	Acc@1  71.48 ( 68.52)	Acc@5  87.89 ( 86.91)
Epoch: [0][4300/5005]	LR 1e-05	Time  0.925 ( 0.967)	Data  0.000 ( 0.002)	Loss 1.1986e+00 (1.3333e+00)	Acc@1  70.70 ( 68.55)	Acc@5  89.06 ( 86.92)
Epoch: [0][4400/5005]	LR 1e-05	Time  0.971 ( 0.967)	Data  0.000 ( 0.002)	Loss 1.2604e+00 (1.3325e+00)	Acc@1  69.53 ( 68.56)	Acc@5  90.62 ( 86.93)
Epoch: [0][4500/5005]	LR 1e-05	Time  0.967 ( 0.967)	Data  0.000 ( 0.002)	Loss 1.6566e+00 (1.3312e+00)	Acc@1  61.33 ( 68.58)	Acc@5  80.86 ( 86.94)
Epoch: [0][4600/5005]	LR 1e-05	Time  0.971 ( 0.967)	Data  0.000 ( 0.002)	Loss 1.2035e+00 (1.3301e+00)	Acc@1  73.83 ( 68.60)	Acc@5  89.45 ( 86.96)
Epoch: [0][4700/5005]	LR 1e-05	Time  1.016 ( 0.967)	Data  0.000 ( 0.002)	Loss 1.2001e+00 (1.3293e+00)	Acc@1  72.66 ( 68.62)	Acc@5  87.89 ( 86.97)
Epoch: [0][4800/5005]	LR 1e-05	Time  1.006 ( 0.967)	Data  0.000 ( 0.002)	Loss 1.1477e+00 (1.3282e+00)	Acc@1  73.05 ( 68.64)	Acc@5  89.45 ( 86.98)
Epoch: [0][4900/5005]	LR 1e-05	Time  0.987 ( 0.967)	Data  0.000 ( 0.002)	Loss 1.2862e+00 (1.3274e+00)	Acc@1  67.58 ( 68.65)	Acc@5  89.84 ( 86.99)
/user/a0393608/files/apps/anaconda3/envs/pytorch/lib/python3.7/site-packages/PIL/TiffImagePlugin.py:785: UserWarning: Corrupt EXIF data.  Expecting to read 4 bytes but only got 0. 
  warnings.warn(str(msg))
Epoch: [0][5000/5005]	LR 1e-05	Time  0.873 ( 0.968)	Data  0.000 ( 0.002)	Loss 1.1572e+00 (1.3265e+00)	Acc@1  73.05 ( 68.66)	Acc@5  89.06 ( 87.01)
Test: [  0/196]	LR 1e-05	Time  3.282 ( 3.282)	Loss 1.3708e+00 (1.3708e+00)	Acc@1  66.41 ( 66.41)	Acc@5  89.06 ( 89.06)
Test: [100/196]	LR 1e-05	Time  0.455 ( 0.517)	Loss 1.1481e+00 (1.2574e+00)	Acc@1  70.70 ( 69.34)	Acc@5  87.50 ( 88.78)
 * Acc@1 69.154 Acc@5 88.810
Epoch: [1][   0/5005]	LR 1e-05	Time  3.316 ( 3.316)	Data  2.206 ( 2.206)	Loss 1.2332e+00 (1.2332e+00)	Acc@1  69.14 ( 69.14)	Acc@5  90.62 ( 90.62)
Epoch: [1][ 100/5005]	LR 1e-05	Time  0.943 ( 0.988)	Data  0.000 ( 0.023)	Loss 1.2340e+00 (1.2588e+00)	Acc@1  71.48 ( 69.98)	Acc@5  86.33 ( 87.82)
Epoch: [1][ 200/5005]	LR 1e-05	Time  0.947 ( 0.979)	Data  0.000 ( 0.012)	Loss 1.2599e+00 (1.2683e+00)	Acc@1  71.09 ( 69.86)	Acc@5  86.72 ( 87.68)
Epoch: [1][ 300/5005]	LR 1e-05	Time  0.899 ( 0.975)	Data  0.000 ( 0.009)	Loss 1.4535e+00 (1.2788e+00)	Acc@1  66.41 ( 69.58)	Acc@5  87.11 ( 87.62)
Epoch: [1][ 400/5005]	LR 1e-05	Time  0.976 ( 0.974)	Data  0.000 ( 0.007)	Loss 1.2339e+00 (1.2786e+00)	Acc@1  70.70 ( 69.56)	Acc@5  86.72 ( 87.67)
Epoch: [1][ 500/5005]	LR 1e-05	Time  0.996 ( 0.973)	Data  0.000 ( 0.006)	Loss 1.2249e+00 (1.2797e+00)	Acc@1  69.14 ( 69.55)	Acc@5  87.89 ( 87.65)
/user/a0393608/files/apps/anaconda3/envs/pytorch/lib/python3.7/site-packages/PIL/TiffImagePlugin.py:785: UserWarning: Corrupt EXIF data.  Expecting to read 4 bytes but only got 0. 
  warnings.warn(str(msg))
Epoch: [1][ 600/5005]	LR 1e-05	Time  0.931 ( 0.973)	Data  0.000 ( 0.005)	Loss 1.4934e+00 (1.2846e+00)	Acc@1  66.80 ( 69.50)	Acc@5  85.16 ( 87.56)
Epoch: [1][ 700/5005]	LR 1e-05	Time  0.962 ( 0.973)	Data  0.000 ( 0.004)	Loss 1.2578e+00 (1.2860e+00)	Acc@1  71.88 ( 69.46)	Acc@5  87.89 ( 87.57)
Epoch: [1][ 800/5005]	LR 1e-05	Time  1.021 ( 0.972)	Data  0.000 ( 0.004)	Loss 1.4860e+00 (1.2861e+00)	Acc@1  63.28 ( 69.52)	Acc@5  84.38 ( 87.57)
Epoch: [1][ 900/5005]	LR 1e-05	Time  0.977 ( 0.973)	Data  0.000 ( 0.004)	Loss 1.2052e+00 (1.2852e+00)	Acc@1  69.92 ( 69.52)	Acc@5  91.02 ( 87.57)
Epoch: [1][1000/5005]	LR 1e-05	Time  0.989 ( 0.972)	Data  0.000 ( 0.004)	Loss 1.2177e+00 (1.2854e+00)	Acc@1  70.31 ( 69.52)	Acc@5  88.28 ( 87.56)
Epoch: [1][1100/5005]	LR 1e-05	Time  0.983 ( 0.972)	Data  0.000 ( 0.003)	Loss 1.3534e+00 (1.2844e+00)	Acc@1  67.19 ( 69.55)	Acc@5  84.38 ( 87.56)
Epoch: [1][1200/5005]	LR 1e-05	Time  0.943 ( 0.972)	Data  0.000 ( 0.003)	Loss 1.3336e+00 (1.2838e+00)	Acc@1  69.14 ( 69.56)	Acc@5  85.16 ( 87.58)
Epoch: [1][1300/5005]	LR 1e-05	Time  0.905 ( 0.972)	Data  0.000 ( 0.003)	Loss 1.3175e+00 (1.2825e+00)	Acc@1  72.66 ( 69.60)	Acc@5  86.72 ( 87.60)
Epoch: [1][1400/5005]	LR 1e-05	Time  0.949 ( 0.971)	Data  0.000 ( 0.003)	Loss 1.2444e+00 (1.2823e+00)	Acc@1  71.48 ( 69.60)	Acc@5  87.11 ( 87.62)
Epoch: [1][1500/5005]	LR 1e-05	Time  0.965 ( 0.971)	Data  0.000 ( 0.003)	Loss 1.4490e+00 (1.2827e+00)	Acc@1  64.45 ( 69.57)	Acc@5  85.16 ( 87.62)
Epoch: [1][1600/5005]	LR 1e-05	Time  0.990 ( 0.971)	Data  0.000 ( 0.003)	Loss 1.2311e+00 (1.2813e+00)	Acc@1  66.80 ( 69.59)	Acc@5  91.02 ( 87.63)
Epoch: [1][1700/5005]	LR 1e-05	Time  1.018 ( 0.971)	Data  0.000 ( 0.003)	Loss 1.2109e+00 (1.2796e+00)	Acc@1  72.66 ( 69.63)	Acc@5  87.89 ( 87.63)
Epoch: [1][1800/5005]	LR 1e-05	Time  0.941 ( 0.971)	Data  0.000 ( 0.003)	Loss 1.0831e+00 (1.2802e+00)	Acc@1  74.61 ( 69.63)	Acc@5  90.62 ( 87.62)
Epoch: [1][1900/5005]	LR 1e-05	Time  0.972 ( 0.971)	Data  0.000 ( 0.002)	Loss 1.2513e+00 (1.2789e+00)	Acc@1  66.80 ( 69.65)	Acc@5  88.67 ( 87.64)
Epoch: [1][2000/5005]	LR 1e-05	Time  0.981 ( 0.971)	Data  0.000 ( 0.002)	Loss 1.4160e+00 (1.2787e+00)	Acc@1  64.45 ( 69.64)	Acc@5  85.16 ( 87.64)
Epoch: [1][2100/5005]	LR 1e-05	Time  0.884 ( 0.971)	Data  0.000 ( 0.002)	Loss 1.1410e+00 (1.2783e+00)	Acc@1  72.66 ( 69.66)	Acc@5  90.62 ( 87.65)
Epoch: [1][2200/5005]	LR 1e-05	Time  0.958 ( 0.971)	Data  0.000 ( 0.002)	Loss 1.2955e+00 (1.2797e+00)	Acc@1  68.75 ( 69.61)	Acc@5  87.11 ( 87.63)
Epoch: [1][2300/5005]	LR 1e-05	Time  0.933 ( 0.971)	Data  0.000 ( 0.002)	Loss 1.5214e+00 (1.2789e+00)	Acc@1  64.06 ( 69.64)	Acc@5  86.33 ( 87.64)
Epoch: [1][2400/5005]	LR 1e-05	Time  1.023 ( 0.970)	Data  0.000 ( 0.002)	Loss 1.2308e+00 (1.2779e+00)	Acc@1  69.53 ( 69.66)	Acc@5  89.45 ( 87.66)
Epoch: [1][2500/5005]	LR 1e-05	Time  0.973 ( 0.970)	Data  0.000 ( 0.002)	Loss 1.0360e+00 (1.2770e+00)	Acc@1  76.95 ( 69.67)	Acc@5  91.02 ( 87.67)
Epoch: [1][2600/5005]	LR 1e-05	Time  0.970 ( 0.970)	Data  0.000 ( 0.002)	Loss 1.3372e+00 (1.2761e+00)	Acc@1  66.80 ( 69.70)	Acc@5  88.28 ( 87.67)
Epoch: [1][2700/5005]	LR 1e-05	Time  0.940 ( 0.970)	Data  0.000 ( 0.002)	Loss 1.1813e+00 (1.2752e+00)	Acc@1  70.70 ( 69.72)	Acc@5  89.84 ( 87.68)
Epoch: [1][2800/5005]	LR 1e-05	Time  0.978 ( 0.970)	Data  0.000 ( 0.002)	Loss 1.3619e+00 (1.2743e+00)	Acc@1  64.84 ( 69.74)	Acc@5  87.50 ( 87.69)
Epoch: [1][2900/5005]	LR 1e-05	Time  1.003 ( 0.970)	Data  0.000 ( 0.002)	Loss 1.2377e+00 (1.2743e+00)	Acc@1  70.31 ( 69.75)	Acc@5  87.89 ( 87.69)
Epoch: [1][3000/5005]	LR 1e-05	Time  0.963 ( 0.970)	Data  0.000 ( 0.002)	Loss 1.2919e+00 (1.2734e+00)	Acc@1  69.14 ( 69.75)	Acc@5  84.38 ( 87.70)
Epoch: [1][3100/5005]	LR 1e-05	Time  0.956 ( 0.970)	Data  0.000 ( 0.002)	Loss 1.3083e+00 (1.2727e+00)	Acc@1  70.70 ( 69.75)	Acc@5  85.55 ( 87.71)
Epoch: [1][3200/5005]	LR 1e-05	Time  0.975 ( 0.970)	Data  0.000 ( 0.002)	Loss 1.4633e+00 (1.2729e+00)	Acc@1  67.19 ( 69.75)	Acc@5  84.38 ( 87.70)
Epoch: [1][3300/5005]	LR 1e-05	Time  0.954 ( 0.970)	Data  0.000 ( 0.002)	Loss 1.2623e+00 (1.2726e+00)	Acc@1  70.70 ( 69.75)	Acc@5  85.16 ( 87.71)
Epoch: [1][3400/5005]	LR 1e-05	Time  0.985 ( 0.970)	Data  0.000 ( 0.002)	Loss 1.1757e+00 (1.2724e+00)	Acc@1  72.66 ( 69.76)	Acc@5  90.62 ( 87.72)
Epoch: [1][3500/5005]	LR 1e-05	Time  0.962 ( 0.970)	Data  0.000 ( 0.002)	Loss 1.5703e+00 (1.2722e+00)	Acc@1  64.45 ( 69.76)	Acc@5  82.42 ( 87.72)
Epoch: [1][3600/5005]	LR 1e-05	Time  0.989 ( 0.970)	Data  0.000 ( 0.002)	Loss 1.2476e+00 (1.2718e+00)	Acc@1  70.70 ( 69.77)	Acc@5  88.67 ( 87.72)
Epoch: [1][3700/5005]	LR 1e-05	Time  0.951 ( 0.970)	Data  0.000 ( 0.002)	Loss 1.3963e+00 (1.2715e+00)	Acc@1  68.36 ( 69.78)	Acc@5  85.94 ( 87.73)
Epoch: [1][3800/5005]	LR 1e-05	Time  0.960 ( 0.970)	Data  0.000 ( 0.002)	Loss 1.2303e+00 (1.2715e+00)	Acc@1  69.53 ( 69.79)	Acc@5  89.06 ( 87.73)
Epoch: [1][3900/5005]	LR 1e-05	Time  0.978 ( 0.970)	Data  0.000 ( 0.002)	Loss 1.2807e+00 (1.2711e+00)	Acc@1  69.14 ( 69.79)	Acc@5  86.72 ( 87.74)
Epoch: [1][4000/5005]	LR 1e-05	Time  0.988 ( 0.970)	Data  0.000 ( 0.002)	Loss 1.3899e+00 (1.2712e+00)	Acc@1  68.75 ( 69.79)	Acc@5  86.72 ( 87.73)
Epoch: [1][4100/5005]	LR 1e-05	Time  0.989 ( 0.970)	Data  0.000 ( 0.002)	Loss 1.3909e+00 (1.2712e+00)	Acc@1  68.36 ( 69.78)	Acc@5  84.77 ( 87.73)
Epoch: [1][4200/5005]	LR 1e-05	Time  0.886 ( 0.970)	Data  0.000 ( 0.002)	Loss 1.1651e+00 (1.2711e+00)	Acc@1  71.48 ( 69.78)	Acc@5  89.84 ( 87.73)
Epoch: [1][4300/5005]	LR 1e-05	Time  0.925 ( 0.970)	Data  0.000 ( 0.002)	Loss 1.4279e+00 (1.2717e+00)	Acc@1  69.53 ( 69.77)	Acc@5  86.72 ( 87.73)
Epoch: [1][4400/5005]	LR 1e-05	Time  0.951 ( 0.970)	Data  0.000 ( 0.002)	Loss 1.2307e+00 (1.2728e+00)	Acc@1  71.48 ( 69.75)	Acc@5  87.11 ( 87.71)
Epoch: [1][4500/5005]	LR 1e-05	Time  1.011 ( 0.970)	Data  0.000 ( 0.002)	Loss 1.2860e+00 (1.2733e+00)	Acc@1  68.36 ( 69.74)	Acc@5  87.50 ( 87.71)
Epoch: [1][4600/5005]	LR 1e-05	Time  0.940 ( 0.970)	Data  0.000 ( 0.002)	Loss 1.5124e+00 (1.2735e+00)	Acc@1  67.97 ( 69.74)	Acc@5  86.33 ( 87.71)
Epoch: [1][4700/5005]	LR 1e-05	Time  1.043 ( 0.970)	Data  0.000 ( 0.002)	Loss 1.3254e+00 (1.2745e+00)	Acc@1  68.75 ( 69.72)	Acc@5  85.55 ( 87.69)
Epoch: [1][4800/5005]	LR 1e-05	Time  0.991 ( 0.970)	Data  0.001 ( 0.002)	Loss 1.2782e+00 (1.2751e+00)	Acc@1  67.97 ( 69.71)	Acc@5  88.67 ( 87.68)
Epoch: [1][4900/5005]	LR 1e-05	Time  1.002 ( 0.970)	Data  0.000 ( 0.002)	Loss 1.3308e+00 (1.2752e+00)	Acc@1  69.92 ( 69.71)	Acc@5  86.33 ( 87.68)
Epoch: [1][5000/5005]	LR 1e-05	Time  0.935 ( 0.970)	Data  0.000 ( 0.002)	Loss 1.2060e+00 (1.2755e+00)	Acc@1  71.48 ( 69.70)	Acc@5  89.45 ( 87.68)
Test: [  0/196]	LR 1e-05	Time  3.002 ( 3.002)	Loss 1.1130e+00 (1.1130e+00)	Acc@1  75.39 ( 75.39)	Acc@5  90.23 ( 90.23)
Test: [100/196]	LR 1e-05	Time  0.539 ( 0.521)	Loss 1.0820e+00 (1.2289e+00)	Acc@1  71.48 ( 69.77)	Acc@5  92.19 ( 89.14)
 * Acc@1 69.766 Acc@5 89.118
Epoch: [2][   0/5005]	LR 1e-05	Time  2.938 ( 2.938)	Data  1.998 ( 1.998)	Loss 1.1079e+00 (1.1079e+00)	Acc@1  70.31 ( 70.31)	Acc@5  89.45 ( 89.45)
Epoch: [2][ 100/5005]	LR 1e-05	Time  0.958 ( 0.985)	Data  0.000 ( 0.021)	Loss 1.1964e+00 (1.2432e+00)	Acc@1  69.92 ( 70.46)	Acc@5  88.28 ( 88.22)
Epoch: [2][ 200/5005]	LR 1e-05	Time  0.998 ( 0.976)	Data  0.000 ( 0.011)	Loss 1.1205e+00 (1.2412e+00)	Acc@1  74.22 ( 70.56)	Acc@5  89.06 ( 88.16)
Epoch: [2][ 300/5005]	LR 1e-05	Time  0.971 ( 0.972)	Data  0.000 ( 0.008)	Loss 1.2814e+00 (1.2365e+00)	Acc@1  70.31 ( 70.54)	Acc@5  88.67 ( 88.17)
Epoch: [2][ 400/5005]	LR 1e-05	Time  1.002 ( 0.972)	Data  0.000 ( 0.006)	Loss 1.1854e+00 (1.2355e+00)	Acc@1  70.31 ( 70.55)	Acc@5  88.67 ( 88.14)
Epoch: [2][ 500/5005]	LR 1e-05	Time  0.927 ( 0.971)	Data  0.000 ( 0.005)	Loss 1.3732e+00 (1.2384e+00)	Acc@1  67.97 ( 70.49)	Acc@5  87.50 ( 88.10)
Epoch: [2][ 600/5005]	LR 1e-05	Time  1.035 ( 0.972)	Data  0.000 ( 0.005)	Loss 1.2035e+00 (1.2390e+00)	Acc@1  75.00 ( 70.50)	Acc@5  89.84 ( 88.11)
Epoch: [2][ 700/5005]	LR 1e-05	Time  0.988 ( 0.971)	Data  0.000 ( 0.004)	Loss 1.0969e+00 (1.2376e+00)	Acc@1  73.44 ( 70.52)	Acc@5  90.23 ( 88.13)
Epoch: [2][ 800/5005]	LR 1e-05	Time  0.952 ( 0.971)	Data  0.000 ( 0.004)	Loss 1.2122e+00 (1.2401e+00)	Acc@1  71.09 ( 70.43)	Acc@5  89.06 ( 88.10)
Epoch: [2][ 900/5005]	LR 1e-05	Time  1.009 ( 0.971)	Data  0.000 ( 0.004)	Loss 1.4713e+00 (1.2423e+00)	Acc@1  66.02 ( 70.38)	Acc@5  83.98 ( 88.07)
Epoch: [2][1000/5005]	LR 1e-05	Time  0.995 ( 0.971)	Data  0.000 ( 0.003)	Loss 1.2283e+00 (1.2416e+00)	Acc@1  73.83 ( 70.39)	Acc@5  86.33 ( 88.08)
Epoch: [2][1100/5005]	LR 1e-05	Time  0.933 ( 0.971)	Data  0.000 ( 0.003)	Loss 1.3119e+00 (1.2420e+00)	Acc@1  68.75 ( 70.37)	Acc@5  85.16 ( 88.08)
Epoch: [2][1200/5005]	LR 1e-05	Time  0.976 ( 0.971)	Data  0.000 ( 0.003)	Loss 1.2839e+00 (1.2455e+00)	Acc@1  67.97 ( 70.27)	Acc@5  87.89 ( 88.05)
Epoch: [2][1300/5005]	LR 1e-05	Time  0.965 ( 0.971)	Data  0.000 ( 0.003)	Loss 1.1315e+00 (1.2445e+00)	Acc@1  71.88 ( 70.29)	Acc@5  88.67 ( 88.06)
Epoch: [2][1400/5005]	LR 1e-05	Time  0.947 ( 0.972)	Data  0.000 ( 0.003)	Loss 9.6136e-01 (1.2444e+00)	Acc@1  76.95 ( 70.29)	Acc@5  91.80 ( 88.07)
Epoch: [2][1500/5005]	LR 1e-05	Time  0.959 ( 0.971)	Data  0.000 ( 0.003)	Loss 1.1930e+00 (1.2455e+00)	Acc@1  71.09 ( 70.27)	Acc@5  92.58 ( 88.07)
Epoch: [2][1600/5005]	LR 1e-05	Time  0.969 ( 0.972)	Data  0.000 ( 0.003)	Loss 1.1697e+00 (1.2462e+00)	Acc@1  73.83 ( 70.26)	Acc@5  89.06 ( 88.06)
Epoch: [2][1700/5005]	LR 1e-05	Time  0.963 ( 0.972)	Data  0.000 ( 0.003)	Loss 1.1393e+00 (1.2465e+00)	Acc@1  72.27 ( 70.25)	Acc@5  88.28 ( 88.05)
Epoch: [2][1800/5005]	LR 1e-05	Time  0.922 ( 0.971)	Data  0.000 ( 0.002)	Loss 1.1215e+00 (1.2446e+00)	Acc@1  73.05 ( 70.30)	Acc@5  90.62 ( 88.07)
Epoch: [2][1900/5005]	LR 1e-05	Time  1.040 ( 0.972)	Data  0.000 ( 0.002)	Loss 1.1744e+00 (1.2440e+00)	Acc@1  70.31 ( 70.31)	Acc@5  91.02 ( 88.07)
Epoch: [2][2000/5005]	LR 1e-05	Time  0.951 ( 0.971)	Data  0.000 ( 0.002)	Loss 1.1633e+00 (1.2441e+00)	Acc@1  70.70 ( 70.32)	Acc@5  89.45 ( 88.06)
Epoch: [2][2100/5005]	LR 1e-05	Time  0.962 ( 0.972)	Data  0.000 ( 0.002)	Loss 1.5948e+00 (1.2444e+00)	Acc@1  64.84 ( 70.32)	Acc@5  83.98 ( 88.05)
Epoch: [2][2200/5005]	LR 1e-05	Time  1.016 ( 0.972)	Data  0.000 ( 0.002)	Loss 1.1927e+00 (1.2432e+00)	Acc@1  71.88 ( 70.34)	Acc@5  87.89 ( 88.08)
Epoch: [2][2300/5005]	LR 1e-05	Time  0.965 ( 0.972)	Data  0.000 ( 0.002)	Loss 9.5266e-01 (1.2428e+00)	Acc@1  75.78 ( 70.36)	Acc@5  92.97 ( 88.09)
/user/a0393608/files/apps/anaconda3/envs/pytorch/lib/python3.7/site-packages/PIL/TiffImagePlugin.py:785: UserWarning: Corrupt EXIF data.  Expecting to read 4 bytes but only got 0. 
  warnings.warn(str(msg))
Epoch: [2][2400/5005]	LR 1e-05	Time  0.892 ( 0.972)	Data  0.000 ( 0.002)	Loss 1.2107e+00 (1.2428e+00)	Acc@1  69.92 ( 70.38)	Acc@5  89.06 ( 88.09)
Epoch: [2][2500/5005]	LR 1e-05	Time  0.997 ( 0.972)	Data  0.000 ( 0.002)	Loss 1.3366e+00 (1.2424e+00)	Acc@1  66.80 ( 70.39)	Acc@5  85.94 ( 88.10)
Epoch: [2][2600/5005]	LR 1e-05	Time  1.009 ( 0.972)	Data  0.000 ( 0.002)	Loss 1.1175e+00 (1.2436e+00)	Acc@1  73.05 ( 70.36)	Acc@5  90.23 ( 88.09)
Epoch: [2][2700/5005]	LR 1e-05	Time  0.933 ( 0.972)	Data  0.000 ( 0.002)	Loss 1.2569e+00 (1.2437e+00)	Acc@1  71.48 ( 70.34)	Acc@5  88.67 ( 88.09)
Epoch: [2][2800/5005]	LR 1e-05	Time  0.951 ( 0.972)	Data  0.000 ( 0.002)	Loss 1.2065e+00 (1.2438e+00)	Acc@1  71.48 ( 70.34)	Acc@5  90.23 ( 88.09)
Epoch: [2][2900/5005]	LR 1e-05	Time  1.025 ( 0.972)	Data  0.000 ( 0.002)	Loss 1.1164e+00 (1.2437e+00)	Acc@1  67.19 ( 70.34)	Acc@5  88.67 ( 88.08)
Epoch: [2][3000/5005]	LR 1e-05	Time  0.933 ( 0.972)	Data  0.000 ( 0.002)	Loss 1.2066e+00 (1.2437e+00)	Acc@1  69.92 ( 70.34)	Acc@5  90.23 ( 88.08)
Epoch: [2][3100/5005]	LR 1e-05	Time  0.987 ( 0.972)	Data  0.000 ( 0.002)	Loss 1.0714e+00 (1.2445e+00)	Acc@1  72.66 ( 70.32)	Acc@5  92.97 ( 88.07)
Epoch: [2][3200/5005]	LR 1e-05	Time  0.927 ( 0.972)	Data  0.000 ( 0.002)	Loss 1.1933e+00 (1.2453e+00)	Acc@1  70.70 ( 70.30)	Acc@5  88.67 ( 88.05)
Epoch: [2][3300/5005]	LR 1e-05	Time  0.976 ( 0.972)	Data  0.000 ( 0.002)	Loss 1.4517e+00 (1.2457e+00)	Acc@1  64.06 ( 70.29)	Acc@5  85.55 ( 88.05)
Epoch: [2][3400/5005]	LR 1e-05	Time  0.970 ( 0.972)	Data  0.000 ( 0.002)	Loss 1.3254e+00 (1.2458e+00)	Acc@1  70.70 ( 70.29)	Acc@5  86.33 ( 88.04)
Epoch: [2][3500/5005]	LR 1e-05	Time  0.968 ( 0.973)	Data  0.000 ( 0.002)	Loss 1.2537e+00 (1.2460e+00)	Acc@1  67.19 ( 70.29)	Acc@5  85.16 ( 88.04)
Epoch: [2][3600/5005]	LR 1e-05	Time  0.947 ( 0.973)	Data  0.000 ( 0.002)	Loss 1.4888e+00 (1.2466e+00)	Acc@1  64.84 ( 70.28)	Acc@5  86.33 ( 88.04)
Epoch: [2][3700/5005]	LR 1e-05	Time  0.945 ( 0.973)	Data  0.000 ( 0.002)	Loss 1.2574e+00 (1.2473e+00)	Acc@1  70.31 ( 70.27)	Acc@5  90.23 ( 88.03)
Epoch: [2][3800/5005]	LR 1e-05	Time  0.956 ( 0.973)	Data  0.000 ( 0.002)	Loss 1.1680e+00 (1.2474e+00)	Acc@1  70.70 ( 70.27)	Acc@5  89.45 ( 88.03)
Epoch: [2][3900/5005]	LR 1e-05	Time  0.954 ( 0.973)	Data  0.000 ( 0.002)	Loss 1.1973e+00 (1.2485e+00)	Acc@1  70.31 ( 70.25)	Acc@5  89.06 ( 88.02)
Epoch: [2][4000/5005]	LR 1e-05	Time  0.939 ( 0.973)	Data  0.000 ( 0.002)	Loss 1.1181e+00 (1.2491e+00)	Acc@1  72.27 ( 70.24)	Acc@5  90.23 ( 88.01)
Epoch: [2][4100/5005]	LR 1e-05	Time  0.980 ( 0.973)	Data  0.000 ( 0.002)	Loss 1.0574e+00 (1.2492e+00)	Acc@1  74.22 ( 70.24)	Acc@5  91.02 ( 88.01)
Epoch: [2][4200/5005]	LR 1e-05	Time  0.963 ( 0.973)	Data  0.000 ( 0.002)	Loss 1.1967e+00 (1.2495e+00)	Acc@1  73.44 ( 70.23)	Acc@5  89.84 ( 88.00)
Epoch: [2][4300/5005]	LR 1e-05	Time  0.942 ( 0.973)	Data  0.000 ( 0.002)	Loss 1.1287e+00 (1.2491e+00)	Acc@1  73.44 ( 70.25)	Acc@5  90.62 ( 88.01)
Epoch: [2][4400/5005]	LR 1e-05	Time  0.932 ( 0.973)	Data  0.000 ( 0.002)	Loss 1.1699e+00 (1.2488e+00)	Acc@1  73.05 ( 70.25)	Acc@5  90.62 ( 88.01)
Epoch: [2][4500/5005]	LR 1e-05	Time  1.040 ( 0.973)	Data  0.000 ( 0.002)	Loss 1.3585e+00 (1.2483e+00)	Acc@1  70.31 ( 70.26)	Acc@5  85.16 ( 88.02)
Epoch: [2][4600/5005]	LR 1e-05	Time  0.958 ( 0.973)	Data  0.000 ( 0.002)	Loss 1.1156e+00 (1.2485e+00)	Acc@1  71.48 ( 70.26)	Acc@5  89.84 ( 88.02)
Epoch: [2][4700/5005]	LR 1e-05	Time  0.998 ( 0.973)	Data  0.000 ( 0.002)	Loss 1.1475e+00 (1.2480e+00)	Acc@1  72.27 ( 70.27)	Acc@5  90.62 ( 88.03)
Epoch: [2][4800/5005]	LR 1e-05	Time  0.945 ( 0.973)	Data  0.000 ( 0.002)	Loss 1.3416e+00 (1.2477e+00)	Acc@1  67.19 ( 70.28)	Acc@5  84.77 ( 88.03)
Epoch: [2][4900/5005]	LR 1e-05	Time  0.957 ( 0.973)	Data  0.000 ( 0.002)	Loss 1.1961e+00 (1.2471e+00)	Acc@1  71.09 ( 70.29)	Acc@5  89.84 ( 88.04)
Epoch: [2][5000/5005]	LR 1e-05	Time  0.865 ( 0.974)	Data  0.000 ( 0.002)	Loss 1.0114e+00 (1.2466e+00)	Acc@1  73.83 ( 70.31)	Acc@5  90.23 ( 88.05)
Test: [  0/196]	LR 1e-05	Time  3.208 ( 3.208)	Loss 1.1179e+00 (1.1179e+00)	Acc@1  71.88 ( 71.88)	Acc@5  89.45 ( 89.45)
Test: [100/196]	LR 1e-05	Time  0.534 ( 0.527)	Loss 1.1471e+00 (1.2132e+00)	Acc@1  72.27 ( 70.11)	Acc@5  89.06 ( 89.53)
 * Acc@1 69.984 Acc@5 89.366
Epoch: [3][   0/5005]	LR 1e-05	Time  3.088 ( 3.088)	Data  2.155 ( 2.155)	Loss 1.1890e+00 (1.1890e+00)	Acc@1  69.53 ( 69.53)	Acc@5  88.67 ( 88.67)
Epoch: [3][ 100/5005]	LR 1e-05	Time  1.011 ( 0.991)	Data  0.000 ( 0.023)	Loss 1.2943e+00 (1.2374e+00)	Acc@1  65.62 ( 70.50)	Acc@5  87.11 ( 88.11)
Epoch: [3][ 200/5005]	LR 1e-05	Time  0.964 ( 0.981)	Data  0.000 ( 0.012)	Loss 1.2357e+00 (1.2364e+00)	Acc@1  69.14 ( 70.51)	Acc@5  88.67 ( 88.18)
Epoch: [3][ 300/5005]	LR 1e-05	Time  0.965 ( 0.980)	Data  0.000 ( 0.008)	Loss 1.2340e+00 (1.2398e+00)	Acc@1  69.53 ( 70.40)	Acc@5  89.06 ( 88.11)
Epoch: [3][ 400/5005]	LR 1e-05	Time  0.987 ( 0.977)	Data  0.000 ( 0.007)	Loss 1.2504e+00 (1.2385e+00)	Acc@1  68.75 ( 70.48)	Acc@5  87.11 ( 88.11)
/user/a0393608/files/apps/anaconda3/envs/pytorch/lib/python3.7/site-packages/PIL/TiffImagePlugin.py:785: UserWarning: Corrupt EXIF data.  Expecting to read 4 bytes but only got 0. 
  warnings.warn(str(msg))
Epoch: [3][ 500/5005]	LR 1e-05	Time  0.994 ( 0.976)	Data  0.000 ( 0.006)	Loss 1.3674e+00 (1.2373e+00)	Acc@1  67.97 ( 70.50)	Acc@5  85.55 ( 88.13)
Epoch: [3][ 600/5005]	LR 1e-05	Time  0.959 ( 0.975)	Data  0.000 ( 0.005)	Loss 1.3928e+00 (1.2409e+00)	Acc@1  68.36 ( 70.46)	Acc@5  84.77 ( 88.08)
Epoch: [3][ 700/5005]	LR 1e-05	Time  1.012 ( 0.974)	Data  0.000 ( 0.004)	Loss 1.0831e+00 (1.2409e+00)	Acc@1  74.22 ( 70.48)	Acc@5  91.02 ( 88.05)
Epoch: [3][ 800/5005]	LR 1e-05	Time  0.937 ( 0.974)	Data  0.000 ( 0.004)	Loss 1.1861e+00 (1.2405e+00)	Acc@1  72.66 ( 70.48)	Acc@5  88.67 ( 88.05)
Epoch: [3][ 900/5005]	LR 1e-05	Time  0.951 ( 0.973)	Data  0.000 ( 0.004)	Loss 1.2966e+00 (1.2410e+00)	Acc@1  69.53 ( 70.49)	Acc@5  87.50 ( 88.04)
Epoch: [3][1000/5005]	LR 1e-05	Time  0.945 ( 0.973)	Data  0.000 ( 0.003)	Loss 1.1459e+00 (1.2395e+00)	Acc@1  71.88 ( 70.51)	Acc@5  90.23 ( 88.07)
Epoch: [3][1100/5005]	LR 1e-05	Time  0.976 ( 0.973)	Data  0.000 ( 0.003)	Loss 1.1604e+00 (1.2391e+00)	Acc@1  69.92 ( 70.50)	Acc@5  89.84 ( 88.08)
Epoch: [3][1200/5005]	LR 1e-05	Time  0.980 ( 0.973)	Data  0.000 ( 0.003)	Loss 1.3397e+00 (1.2389e+00)	Acc@1  67.19 ( 70.48)	Acc@5  88.28 ( 88.09)
Epoch: [3][1300/5005]	LR 1e-05	Time  0.998 ( 0.973)	Data  0.000 ( 0.003)	Loss 1.2745e+00 (1.2387e+00)	Acc@1  71.48 ( 70.49)	Acc@5  87.50 ( 88.09)
Epoch: [3][1400/5005]	LR 1e-05	Time  0.885 ( 0.973)	Data  0.000 ( 0.003)	Loss 1.4307e+00 (1.2379e+00)	Acc@1  66.02 ( 70.49)	Acc@5  86.33 ( 88.11)
Epoch: [3][1500/5005]	LR 1e-05	Time  0.964 ( 0.973)	Data  0.000 ( 0.003)	Loss 1.2138e+00 (1.2376e+00)	Acc@1  68.75 ( 70.48)	Acc@5  87.50 ( 88.11)
Epoch: [3][1600/5005]	LR 1e-05	Time  0.929 ( 0.973)	Data  0.000 ( 0.003)	Loss 1.2716e+00 (1.2370e+00)	Acc@1  71.09 ( 70.48)	Acc@5  86.72 ( 88.12)
Epoch: [3][1700/5005]	LR 1e-05	Time  0.968 ( 0.973)	Data  0.000 ( 0.003)	Loss 1.2346e+00 (1.2373e+00)	Acc@1  68.75 ( 70.49)	Acc@5  86.72 ( 88.11)
Epoch: [3][1800/5005]	LR 1e-05	Time  1.039 ( 0.972)	Data  0.000 ( 0.003)	Loss 1.3964e+00 (1.2369e+00)	Acc@1  69.53 ( 70.51)	Acc@5  85.94 ( 88.12)
Epoch: [3][1900/5005]	LR 1e-05	Time  0.971 ( 0.972)	Data  0.000 ( 0.002)	Loss 1.2860e+00 (1.2360e+00)	Acc@1  69.53 ( 70.51)	Acc@5  87.89 ( 88.13)
Epoch: [3][2000/5005]	LR 1e-05	Time  0.937 ( 0.972)	Data  0.000 ( 0.002)	Loss 1.0886e+00 (1.2360e+00)	Acc@1  74.22 ( 70.50)	Acc@5  89.45 ( 88.13)
Epoch: [3][2100/5005]	LR 1e-05	Time  0.936 ( 0.972)	Data  0.000 ( 0.002)	Loss 1.2850e+00 (1.2353e+00)	Acc@1  65.62 ( 70.52)	Acc@5  87.50 ( 88.14)
Epoch: [3][2200/5005]	LR 1e-05	Time  0.994 ( 0.972)	Data  0.000 ( 0.002)	Loss 1.3301e+00 (1.2352e+00)	Acc@1  69.53 ( 70.52)	Acc@5  87.89 ( 88.14)
Epoch: [3][2300/5005]	LR 1e-05	Time  0.960 ( 0.972)	Data  0.000 ( 0.002)	Loss 1.4578e+00 (1.2357e+00)	Acc@1  70.31 ( 70.52)	Acc@5  84.77 ( 88.14)
Epoch: [3][2400/5005]	LR 1e-05	Time  1.030 ( 0.972)	Data  0.000 ( 0.002)	Loss 1.1776e+00 (1.2362e+00)	Acc@1  75.78 ( 70.52)	Acc@5  88.67 ( 88.12)
Epoch: [3][2500/5005]	LR 1e-05	Time  0.949 ( 0.972)	Data  0.000 ( 0.002)	Loss 1.0998e+00 (1.2356e+00)	Acc@1  72.27 ( 70.53)	Acc@5  90.23 ( 88.14)
Epoch: [3][2600/5005]	LR 1e-05	Time  0.969 ( 0.972)	Data  0.000 ( 0.002)	Loss 1.1237e+00 (1.2358e+00)	Acc@1  71.88 ( 70.53)	Acc@5  89.84 ( 88.13)
Epoch: [3][2700/5005]	LR 1e-05	Time  0.918 ( 0.972)	Data  0.000 ( 0.002)	Loss 1.2867e+00 (1.2372e+00)	Acc@1  68.36 ( 70.52)	Acc@5  89.06 ( 88.12)
Epoch: [3][2800/5005]	LR 1e-05	Time  0.973 ( 0.972)	Data  0.000 ( 0.002)	Loss 1.1542e+00 (1.2380e+00)	Acc@1  72.27 ( 70.50)	Acc@5  87.89 ( 88.11)
Epoch: [3][2900/5005]	LR 1e-05	Time  0.994 ( 0.972)	Data  0.000 ( 0.002)	Loss 1.1640e+00 (1.2381e+00)	Acc@1  70.70 ( 70.49)	Acc@5  89.84 ( 88.11)
Epoch: [3][3000/5005]	LR 1e-05	Time  1.125 ( 0.972)	Data  0.000 ( 0.002)	Loss 1.2162e+00 (1.2372e+00)	Acc@1  68.36 ( 70.50)	Acc@5  90.62 ( 88.12)
Epoch: [3][3100/5005]	LR 1e-05	Time  0.975 ( 0.972)	Data  0.000 ( 0.002)	Loss 1.3971e+00 (1.2362e+00)	Acc@1  67.58 ( 70.52)	Acc@5  86.33 ( 88.14)
Epoch: [3][3200/5005]	LR 1e-05	Time  1.034 ( 0.972)	Data  0.000 ( 0.002)	Loss 1.4094e+00 (1.2359e+00)	Acc@1  69.53 ( 70.52)	Acc@5  85.55 ( 88.14)
Epoch: [3][3300/5005]	LR 1e-05	Time  0.977 ( 0.972)	Data  0.000 ( 0.002)	Loss 1.2841e+00 (1.2359e+00)	Acc@1  69.14 ( 70.52)	Acc@5  87.50 ( 88.13)
Epoch: [3][3400/5005]	LR 1e-05	Time  0.976 ( 0.972)	Data  0.000 ( 0.002)	Loss 1.0801e+00 (1.2351e+00)	Acc@1  75.78 ( 70.54)	Acc@5  88.28 ( 88.14)
Epoch: [3][3500/5005]	LR 1e-05	Time  0.994 ( 0.972)	Data  0.000 ( 0.002)	Loss 1.2301e+00 (1.2352e+00)	Acc@1  71.48 ( 70.54)	Acc@5  88.67 ( 88.14)
Epoch: [3][3600/5005]	LR 1e-05	Time  0.956 ( 0.972)	Data  0.000 ( 0.002)	Loss 1.1862e+00 (1.2345e+00)	Acc@1  66.41 ( 70.56)	Acc@5  89.45 ( 88.16)
Epoch: [3][3700/5005]	LR 1e-05	Time  1.011 ( 0.972)	Data  0.000 ( 0.002)	Loss 1.1846e+00 (1.2346e+00)	Acc@1  71.48 ( 70.56)	Acc@5  88.28 ( 88.16)
Epoch: [3][3800/5005]	LR 1e-05	Time  0.942 ( 0.972)	Data  0.000 ( 0.002)	Loss 1.2975e+00 (1.2346e+00)	Acc@1  66.02 ( 70.56)	Acc@5  88.67 ( 88.16)
Epoch: [3][3900/5005]	LR 1e-05	Time  0.943 ( 0.972)	Data  0.000 ( 0.002)	Loss 1.1857e+00 (1.2345e+00)	Acc@1  69.53 ( 70.57)	Acc@5  88.67 ( 88.16)
Epoch: [3][4000/5005]	LR 1e-05	Time  1.005 ( 0.972)	Data  0.000 ( 0.002)	Loss 1.1819e+00 (1.2341e+00)	Acc@1  68.75 ( 70.57)	Acc@5  87.89 ( 88.16)
Epoch: [3][4100/5005]	LR 1e-05	Time  0.987 ( 0.972)	Data  0.000 ( 0.002)	Loss 1.2330e+00 (1.2336e+00)	Acc@1  71.09 ( 70.58)	Acc@5  88.67 ( 88.17)
Epoch: [3][4200/5005]	LR 1e-05	Time  0.896 ( 0.972)	Data  0.000 ( 0.002)	Loss 1.2979e+00 (1.2338e+00)	Acc@1  68.36 ( 70.59)	Acc@5  87.11 ( 88.17)
Epoch: [3][4300/5005]	LR 1e-05	Time  0.936 ( 0.972)	Data  0.000 ( 0.002)	Loss 1.2740e+00 (1.2339e+00)	Acc@1  71.09 ( 70.58)	Acc@5  86.72 ( 88.16)
Epoch: [3][4400/5005]	LR 1e-05	Time  1.021 ( 0.972)	Data  0.000 ( 0.002)	Loss 1.3149e+00 (1.2339e+00)	Acc@1  70.70 ( 70.58)	Acc@5  85.55 ( 88.16)
Epoch: [3][4500/5005]	LR 1e-05	Time  0.989 ( 0.972)	Data  0.000 ( 0.002)	Loss 1.0837e+00 (1.2344e+00)	Acc@1  72.66 ( 70.57)	Acc@5  89.06 ( 88.15)
Epoch: [3][4600/5005]	LR 1e-05	Time  0.920 ( 0.972)	Data  0.000 ( 0.002)	Loss 1.4485e+00 (1.2339e+00)	Acc@1  67.19 ( 70.57)	Acc@5  86.33 ( 88.16)
Epoch: [3][4700/5005]	LR 1e-05	Time  0.989 ( 0.972)	Data  0.000 ( 0.002)	Loss 1.1662e+00 (1.2337e+00)	Acc@1  72.66 ( 70.58)	Acc@5  89.45 ( 88.16)
Epoch: [3][4800/5005]	LR 1e-05	Time  1.018 ( 0.972)	Data  0.000 ( 0.002)	Loss 1.2864e+00 (1.2335e+00)	Acc@1  69.92 ( 70.58)	Acc@5  87.50 ( 88.16)
Epoch: [3][4900/5005]	LR 1e-05	Time  0.938 ( 0.972)	Data  0.000 ( 0.002)	Loss 1.2243e+00 (1.2335e+00)	Acc@1  67.58 ( 70.58)	Acc@5  87.89 ( 88.16)
Epoch: [3][5000/5005]	LR 1e-05	Time  0.924 ( 0.972)	Data  0.000 ( 0.002)	Loss 1.0964e+00 (1.2333e+00)	Acc@1  71.48 ( 70.58)	Acc@5  91.02 ( 88.17)
Test: [  0/196]	LR 1e-05	Time  3.188 ( 3.188)	Loss 1.2927e+00 (1.2927e+00)	Acc@1  71.09 ( 71.09)	Acc@5  88.67 ( 88.67)
Test: [100/196]	LR 1e-05	Time  0.509 ( 0.524)	Loss 1.3056e+00 (1.2237e+00)	Acc@1  71.88 ( 70.25)	Acc@5  88.28 ( 89.27)
 * Acc@1 70.426 Acc@5 89.524
Epoch: [4][   0/5005]	LR 1e-05	Time  2.833 ( 2.833)	Data  1.957 ( 1.957)	Loss 1.2181e+00 (1.2181e+00)	Acc@1  75.00 ( 75.00)	Acc@5  86.72 ( 86.72)
Epoch: [4][ 100/5005]	LR 1e-05	Time  0.972 ( 0.981)	Data  0.000 ( 0.021)	Loss 1.0441e+00 (1.2467e+00)	Acc@1  75.39 ( 70.47)	Acc@5  88.67 ( 87.91)
Epoch: [4][ 200/5005]	LR 1e-05	Time  0.944 ( 0.974)	Data  0.000 ( 0.011)	Loss 1.2108e+00 (1.2300e+00)	Acc@1  70.70 ( 70.82)	Acc@5  87.89 ( 88.15)
Epoch: [4][ 300/5005]	LR 1e-05	Time  1.008 ( 0.974)	Data  0.000 ( 0.008)	Loss 1.0570e+00 (1.2285e+00)	Acc@1  72.27 ( 70.92)	Acc@5  91.02 ( 88.28)
Epoch: [4][ 400/5005]	LR 1e-05	Time  1.007 ( 0.974)	Data  0.000 ( 0.006)	Loss 1.2362e+00 (1.2290e+00)	Acc@1  68.36 ( 70.79)	Acc@5  88.67 ( 88.29)
Epoch: [4][ 500/5005]	LR 1e-05	Time  0.985 ( 0.973)	Data  0.000 ( 0.005)	Loss 1.3038e+00 (1.2291e+00)	Acc@1  66.41 ( 70.73)	Acc@5  86.72 ( 88.29)
Epoch: [4][ 600/5005]	LR 1e-05	Time  0.967 ( 0.973)	Data  0.000 ( 0.005)	Loss 1.1832e+00 (1.2243e+00)	Acc@1  71.09 ( 70.81)	Acc@5  89.45 ( 88.34)
Epoch: [4][ 700/5005]	LR 1e-05	Time  0.930 ( 0.973)	Data  0.000 ( 0.004)	Loss 1.2299e+00 (1.2255e+00)	Acc@1  70.31 ( 70.77)	Acc@5  87.89 ( 88.31)
Epoch: [4][ 800/5005]	LR 1e-05	Time  0.981 ( 0.973)	Data  0.000 ( 0.004)	Loss 1.3098e+00 (1.2250e+00)	Acc@1  68.36 ( 70.79)	Acc@5  89.06 ( 88.32)
Epoch: [4][ 900/5005]	LR 1e-05	Time  0.971 ( 0.972)	Data  0.000 ( 0.004)	Loss 1.3013e+00 (1.2269e+00)	Acc@1  71.09 ( 70.79)	Acc@5  85.94 ( 88.30)
Epoch: [4][1000/5005]	LR 1e-05	Time  0.901 ( 0.972)	Data  0.000 ( 0.003)	Loss 1.2693e+00 (1.2244e+00)	Acc@1  71.09 ( 70.86)	Acc@5  84.38 ( 88.33)
Epoch: [4][1100/5005]	LR 1e-05	Time  0.998 ( 0.972)	Data  0.000 ( 0.003)	Loss 1.4188e+00 (1.2229e+00)	Acc@1  67.97 ( 70.88)	Acc@5  87.11 ( 88.36)
Epoch: [4][1200/5005]	LR 1e-05	Time  1.059 ( 0.972)	Data  0.000 ( 0.003)	Loss 1.2776e+00 (1.2224e+00)	Acc@1  71.48 ( 70.88)	Acc@5  87.89 ( 88.37)
Epoch: [4][1300/5005]	LR 1e-05	Time  0.970 ( 0.972)	Data  0.000 ( 0.003)	Loss 1.3145e+00 (1.2228e+00)	Acc@1  68.75 ( 70.87)	Acc@5  87.11 ( 88.36)
Epoch: [4][1400/5005]	LR 1e-05	Time  1.005 ( 0.972)	Data  0.000 ( 0.003)	Loss 1.1420e+00 (1.2225e+00)	Acc@1  74.61 ( 70.86)	Acc@5  89.84 ( 88.36)
Epoch: [4][1500/5005]	LR 1e-05	Time  1.009 ( 0.972)	Data  0.000 ( 0.003)	Loss 1.2427e+00 (1.2206e+00)	Acc@1  73.05 ( 70.90)	Acc@5  88.28 ( 88.38)
Epoch: [4][1600/5005]	LR 1e-05	Time  0.968 ( 0.971)	Data  0.000 ( 0.003)	Loss 1.0481e+00 (1.2190e+00)	Acc@1  71.88 ( 70.93)	Acc@5  90.62 ( 88.40)
Epoch: [4][1700/5005]	LR 1e-05	Time  0.995 ( 0.971)	Data  0.000 ( 0.002)	Loss 1.2133e+00 (1.2188e+00)	Acc@1  73.05 ( 70.93)	Acc@5  87.89 ( 88.39)
Epoch: [4][1800/5005]	LR 1e-05	Time  0.966 ( 0.971)	Data  0.000 ( 0.002)	Loss 1.1325e+00 (1.2197e+00)	Acc@1  69.14 ( 70.91)	Acc@5  90.62 ( 88.39)
Epoch: [4][1900/5005]	LR 1e-05	Time  1.012 ( 0.971)	Data  0.000 ( 0.002)	Loss 1.1541e+00 (1.2181e+00)	Acc@1  71.88 ( 70.94)	Acc@5  88.28 ( 88.41)
Epoch: [4][2000/5005]	LR 1e-05	Time  0.963 ( 0.971)	Data  0.000 ( 0.002)	Loss 1.2004e+00 (1.2175e+00)	Acc@1  71.09 ( 70.93)	Acc@5  87.89 ( 88.42)
Epoch: [4][2100/5005]	LR 1e-05	Time  0.951 ( 0.971)	Data  0.000 ( 0.002)	Loss 1.2533e+00 (1.2180e+00)	Acc@1  68.36 ( 70.93)	Acc@5  89.06 ( 88.42)
Epoch: [4][2200/5005]	LR 1e-05	Time  0.970 ( 0.971)	Data  0.000 ( 0.002)	Loss 1.0666e+00 (1.2180e+00)	Acc@1  75.78 ( 70.92)	Acc@5  89.84 ( 88.41)
Epoch: [4][2300/5005]	LR 1e-05	Time  0.947 ( 0.971)	Data  0.000 ( 0.002)	Loss 1.2364e+00 (1.2183e+00)	Acc@1  71.48 ( 70.92)	Acc@5  88.28 ( 88.39)
Epoch: [4][2400/5005]	LR 1e-05	Time  0.936 ( 0.971)	Data  0.000 ( 0.002)	Loss 1.3699e+00 (1.2185e+00)	Acc@1  68.75 ( 70.92)	Acc@5  88.28 ( 88.39)
Epoch: [4][2500/5005]	LR 1e-05	Time  0.962 ( 0.971)	Data  0.000 ( 0.002)	Loss 1.2499e+00 (1.2195e+00)	Acc@1  71.48 ( 70.90)	Acc@5  87.11 ( 88.36)
Epoch: [4][2600/5005]	LR 1e-05	Time  0.961 ( 0.971)	Data  0.000 ( 0.002)	Loss 1.0581e+00 (1.2188e+00)	Acc@1  73.05 ( 70.91)	Acc@5  89.45 ( 88.38)
Epoch: [4][2700/5005]	LR 1e-05	Time  0.953 ( 0.971)	Data  0.000 ( 0.002)	Loss 1.2309e+00 (1.2190e+00)	Acc@1  73.83 ( 70.92)	Acc@5  86.72 ( 88.37)
Epoch: [4][2800/5005]	LR 1e-05	Time  0.966 ( 0.971)	Data  0.000 ( 0.002)	Loss 1.1520e+00 (1.2195e+00)	Acc@1  75.39 ( 70.92)	Acc@5  88.67 ( 88.36)
Epoch: [4][2900/5005]	LR 1e-05	Time  0.964 ( 0.971)	Data  0.000 ( 0.002)	Loss 1.3209e+00 (1.2195e+00)	Acc@1  67.19 ( 70.93)	Acc@5  84.77 ( 88.37)
Epoch: [4][3000/5005]	LR 1e-05	Time  0.949 ( 0.971)	Data  0.000 ( 0.002)	Loss 1.4055e+00 (1.2198e+00)	Acc@1  69.92 ( 70.92)	Acc@5  84.77 ( 88.36)
Epoch: [4][3100/5005]	LR 1e-05	Time  0.950 ( 0.972)	Data  0.000 ( 0.002)	Loss 1.3102e+00 (1.2198e+00)	Acc@1  67.19 ( 70.91)	Acc@5  87.89 ( 88.36)
Epoch: [4][3200/5005]	LR 1e-05	Time  0.931 ( 0.972)	Data  0.000 ( 0.002)	Loss 1.1436e+00 (1.2190e+00)	Acc@1  73.05 ( 70.92)	Acc@5  90.23 ( 88.38)
Epoch: [4][3300/5005]	LR 1e-05	Time  0.914 ( 0.972)	Data  0.000 ( 0.002)	Loss 1.2177e+00 (1.2184e+00)	Acc@1  68.36 ( 70.93)	Acc@5  87.50 ( 88.38)
Epoch: [4][3400/5005]	LR 1e-05	Time  0.947 ( 0.972)	Data  0.000 ( 0.002)	Loss 1.2048e+00 (1.2186e+00)	Acc@1  69.53 ( 70.92)	Acc@5  86.33 ( 88.38)
Epoch: [4][3500/5005]	LR 1e-05	Time  0.939 ( 0.972)	Data  0.000 ( 0.002)	Loss 1.0341e+00 (1.2185e+00)	Acc@1  76.56 ( 70.92)	Acc@5  89.06 ( 88.38)
Epoch: [4][3600/5005]	LR 1e-05	Time  0.983 ( 0.972)	Data  0.000 ( 0.002)	Loss 1.4094e+00 (1.2187e+00)	Acc@1  64.45 ( 70.91)	Acc@5  85.55 ( 88.38)
/user/a0393608/files/apps/anaconda3/envs/pytorch/lib/python3.7/site-packages/PIL/TiffImagePlugin.py:785: UserWarning: Corrupt EXIF data.  Expecting to read 4 bytes but only got 0. 
  warnings.warn(str(msg))
Epoch: [4][3700/5005]	LR 1e-05	Time  0.992 ( 0.972)	Data  0.000 ( 0.002)	Loss 1.2381e+00 (1.2188e+00)	Acc@1  70.70 ( 70.90)	Acc@5  89.06 ( 88.38)
Epoch: [4][3800/5005]	LR 1e-05	Time  0.965 ( 0.972)	Data  0.000 ( 0.002)	Loss 1.4919e+00 (1.2191e+00)	Acc@1  65.62 ( 70.88)	Acc@5  82.81 ( 88.38)
Epoch: [4][3900/5005]	LR 1e-05	Time  0.947 ( 0.972)	Data  0.000 ( 0.002)	Loss 1.1905e+00 (1.2193e+00)	Acc@1  73.83 ( 70.88)	Acc@5  87.11 ( 88.38)
Epoch: [4][4000/5005]	LR 1e-05	Time  1.009 ( 0.972)	Data  0.000 ( 0.002)	Loss 1.0688e+00 (1.2197e+00)	Acc@1  76.17 ( 70.87)	Acc@5  91.02 ( 88.37)
Epoch: [4][4100/5005]	LR 1e-05	Time  0.992 ( 0.972)	Data  0.000 ( 0.002)	Loss 1.3360e+00 (1.2193e+00)	Acc@1  67.97 ( 70.88)	Acc@5  87.50 ( 88.37)
Epoch: [4][4200/5005]	LR 1e-05	Time  1.021 ( 0.972)	Data  0.000 ( 0.002)	Loss 1.1949e+00 (1.2190e+00)	Acc@1  72.27 ( 70.88)	Acc@5  89.45 ( 88.37)
Epoch: [4][4300/5005]	LR 1e-05	Time  1.000 ( 0.972)	Data  0.000 ( 0.002)	Loss 1.2293e+00 (1.2190e+00)	Acc@1  69.53 ( 70.88)	Acc@5  89.45 ( 88.38)
Epoch: [4][4400/5005]	LR 1e-05	Time  0.963 ( 0.972)	Data  0.000 ( 0.002)	Loss 1.3526e+00 (1.2188e+00)	Acc@1  67.97 ( 70.88)	Acc@5  86.72 ( 88.38)
Epoch: [4][4500/5005]	LR 1e-05	Time  0.951 ( 0.972)	Data  0.000 ( 0.002)	Loss 1.1725e+00 (1.2185e+00)	Acc@1  70.31 ( 70.88)	Acc@5  89.84 ( 88.39)
Epoch: [4][4600/5005]	LR 1e-05	Time  0.974 ( 0.972)	Data  0.000 ( 0.002)	Loss 1.0138e+00 (1.2183e+00)	Acc@1  73.83 ( 70.88)	Acc@5  91.41 ( 88.40)
Epoch: [4][4700/5005]	LR 1e-05	Time  0.997 ( 0.973)	Data  0.000 ( 0.002)	Loss 1.0887e+00 (1.2182e+00)	Acc@1  73.83 ( 70.87)	Acc@5  91.02 ( 88.41)
Epoch: [4][4800/5005]	LR 1e-05	Time  0.923 ( 0.973)	Data  0.000 ( 0.002)	Loss 1.2486e+00 (1.2181e+00)	Acc@1  72.27 ( 70.88)	Acc@5  88.28 ( 88.41)
Epoch: [4][4900/5005]	LR 1e-05	Time  1.004 ( 0.973)	Data  0.000 ( 0.002)	Loss 1.1968e+00 (1.2183e+00)	Acc@1  70.70 ( 70.88)	Acc@5  90.62 ( 88.41)
Epoch: [4][5000/5005]	LR 1e-05	Time  0.906 ( 0.973)	Data  0.000 ( 0.002)	Loss 1.1638e+00 (1.2177e+00)	Acc@1  71.88 ( 70.88)	Acc@5  89.45 ( 88.42)
Test: [  0/196]	LR 1e-05	Time  3.128 ( 3.128)	Loss 1.1187e+00 (1.1187e+00)	Acc@1  71.48 ( 71.48)	Acc@5  89.06 ( 89.06)
Test: [100/196]	LR 1e-05	Time  0.456 ( 0.531)	Loss 1.0359e+00 (1.2031e+00)	Acc@1  71.88 ( 70.66)	Acc@5  91.02 ( 89.41)
 * Acc@1 70.490 Acc@5 89.502
Freezing BN for subseq epochs
Epoch: [5][   0/5005]	LR 1e-05	Time  3.217 ( 3.217)	Data  2.229 ( 2.229)	Loss 1.2517e+00 (1.2517e+00)	Acc@1  68.36 ( 68.36)	Acc@5  88.67 ( 88.67)
Epoch: [5][ 100/5005]	LR 1e-05	Time  0.902 ( 0.980)	Data  0.000 ( 0.023)	Loss 1.2948e+00 (1.1951e+00)	Acc@1  69.53 ( 71.29)	Acc@5  85.55 ( 88.80)
Epoch: [5][ 200/5005]	LR 1e-05	Time  0.913 ( 0.974)	Data  0.000 ( 0.012)	Loss 1.2963e+00 (1.1916e+00)	Acc@1  68.75 ( 71.35)	Acc@5  87.11 ( 88.84)
Epoch: [5][ 300/5005]	LR 1e-05	Time  0.966 ( 0.973)	Data  0.000 ( 0.009)	Loss 1.2846e+00 (1.1896e+00)	Acc@1  67.97 ( 71.37)	Acc@5  88.28 ( 88.85)
Epoch: [5][ 400/5005]	LR 1e-05	Time  0.950 ( 0.972)	Data  0.000 ( 0.007)	Loss 1.2331e+00 (1.1869e+00)	Acc@1  71.48 ( 71.36)	Acc@5  89.06 ( 88.90)
Epoch: [5][ 500/5005]	LR 1e-05	Time  0.983 ( 0.971)	Data  0.000 ( 0.006)	Loss 1.2424e+00 (1.1912e+00)	Acc@1  66.80 ( 71.36)	Acc@5  87.50 ( 88.75)
Epoch: [5][ 600/5005]	LR 1e-05	Time  0.968 ( 0.971)	Data  0.000 ( 0.005)	Loss 1.0958e+00 (1.1929e+00)	Acc@1  73.83 ( 71.33)	Acc@5  88.67 ( 88.72)
Epoch: [5][ 700/5005]	LR 1e-05	Time  0.971 ( 0.971)	Data  0.000 ( 0.004)	Loss 9.0774e-01 (1.1919e+00)	Acc@1  76.17 ( 71.35)	Acc@5  93.36 ( 88.73)
Epoch: [5][ 800/5005]	LR 1e-05	Time  0.963 ( 0.971)	Data  0.000 ( 0.004)	Loss 1.2285e+00 (1.1925e+00)	Acc@1  70.31 ( 71.35)	Acc@5  87.89 ( 88.74)
Epoch: [5][ 900/5005]	LR 1e-05	Time  0.984 ( 0.970)	Data  0.000 ( 0.004)	Loss 1.0847e+00 (1.1919e+00)	Acc@1  73.05 ( 71.42)	Acc@5  88.28 ( 88.73)
Epoch: [5][1000/5005]	LR 1e-05	Time  0.967 ( 0.970)	Data  0.000 ( 0.004)	Loss 1.0787e+00 (1.1924e+00)	Acc@1  73.83 ( 71.42)	Acc@5  90.62 ( 88.73)
Epoch: [5][1100/5005]	LR 1e-05	Time  0.917 ( 0.969)	Data  0.000 ( 0.003)	Loss 1.1483e+00 (1.1929e+00)	Acc@1  69.53 ( 71.40)	Acc@5  88.28 ( 88.70)
Epoch: [5][1200/5005]	LR 1e-05	Time  0.948 ( 0.969)	Data  0.000 ( 0.003)	Loss 1.2018e+00 (1.1923e+00)	Acc@1  70.31 ( 71.41)	Acc@5  89.84 ( 88.71)
Epoch: [5][1300/5005]	LR 1e-05	Time  0.944 ( 0.968)	Data  0.000 ( 0.003)	Loss 1.1431e+00 (1.1933e+00)	Acc@1  73.83 ( 71.41)	Acc@5  88.67 ( 88.70)
Epoch: [5][1400/5005]	LR 1e-05	Time  0.935 ( 0.968)	Data  0.000 ( 0.003)	Loss 1.1640e+00 (1.1933e+00)	Acc@1  69.92 ( 71.43)	Acc@5  90.23 ( 88.71)
Epoch: [5][1500/5005]	LR 1e-05	Time  0.971 ( 0.968)	Data  0.000 ( 0.003)	Loss 1.4868e+00 (1.1930e+00)	Acc@1  67.58 ( 71.43)	Acc@5  83.20 ( 88.72)
Epoch: [5][1600/5005]	LR 1e-05	Time  0.943 ( 0.968)	Data  0.000 ( 0.003)	Loss 1.2379e+00 (1.1939e+00)	Acc@1  70.31 ( 71.39)	Acc@5  88.28 ( 88.70)
Epoch: [5][1700/5005]	LR 1e-05	Time  0.970 ( 0.968)	Data  0.000 ( 0.003)	Loss 1.2444e+00 (1.1943e+00)	Acc@1  70.31 ( 71.38)	Acc@5  87.11 ( 88.70)
Epoch: [5][1800/5005]	LR 1e-05	Time  0.890 ( 0.968)	Data  0.000 ( 0.003)	Loss 1.3913e+00 (1.1937e+00)	Acc@1  69.53 ( 71.37)	Acc@5  85.16 ( 88.70)
Epoch: [5][1900/5005]	LR 1e-05	Time  0.965 ( 0.968)	Data  0.000 ( 0.002)	Loss 1.3143e+00 (1.1951e+00)	Acc@1  67.97 ( 71.35)	Acc@5  87.50 ( 88.67)
Epoch: [5][2000/5005]	LR 1e-05	Time  0.978 ( 0.968)	Data  0.000 ( 0.002)	Loss 1.1095e+00 (1.1956e+00)	Acc@1  71.48 ( 71.34)	Acc@5  90.62 ( 88.66)
Epoch: [5][2100/5005]	LR 1e-05	Time  0.979 ( 0.968)	Data  0.000 ( 0.002)	Loss 1.2889e+00 (1.1961e+00)	Acc@1  70.31 ( 71.34)	Acc@5  85.94 ( 88.64)
Epoch: [5][2200/5005]	LR 1e-05	Time  1.002 ( 0.968)	Data  0.000 ( 0.002)	Loss 1.0525e+00 (1.1962e+00)	Acc@1  73.44 ( 71.33)	Acc@5  89.06 ( 88.64)
Epoch: [5][2300/5005]	LR 1e-05	Time  0.942 ( 0.968)	Data  0.000 ( 0.002)	Loss 1.1419e+00 (1.1959e+00)	Acc@1  71.09 ( 71.33)	Acc@5  89.84 ( 88.64)
Epoch: [5][2400/5005]	LR 1e-05	Time  0.879 ( 0.968)	Data  0.000 ( 0.002)	Loss 1.1005e+00 (1.1951e+00)	Acc@1  71.88 ( 71.34)	Acc@5  89.45 ( 88.65)
Epoch: [5][2500/5005]	LR 1e-05	Time  0.993 ( 0.968)	Data  0.000 ( 0.002)	Loss 1.3503e+00 (1.1950e+00)	Acc@1  67.58 ( 71.35)	Acc@5  86.33 ( 88.65)
Epoch: [5][2600/5005]	LR 1e-05	Time  1.013 ( 0.969)	Data  0.000 ( 0.002)	Loss 1.1054e+00 (1.1953e+00)	Acc@1  73.44 ( 71.35)	Acc@5  88.67 ( 88.64)
Epoch: [5][2700/5005]	LR 1e-05	Time  0.985 ( 0.969)	Data  0.000 ( 0.002)	Loss 1.2330e+00 (1.1945e+00)	Acc@1  69.53 ( 71.36)	Acc@5  87.89 ( 88.66)
Epoch: [5][2800/5005]	LR 1e-05	Time  0.987 ( 0.969)	Data  0.000 ( 0.002)	Loss 1.1926e+00 (1.1942e+00)	Acc@1  74.22 ( 71.36)	Acc@5  88.28 ( 88.67)
Epoch: [5][2900/5005]	LR 1e-05	Time  0.972 ( 0.969)	Data  0.000 ( 0.002)	Loss 1.2883e+00 (1.1931e+00)	Acc@1  69.53 ( 71.38)	Acc@5  87.11 ( 88.68)
Epoch: [5][3000/5005]	LR 1e-05	Time  0.953 ( 0.969)	Data  0.000 ( 0.002)	Loss 1.3729e+00 (1.1924e+00)	Acc@1  68.36 ( 71.39)	Acc@5  86.33 ( 88.69)
Epoch: [5][3100/5005]	LR 1e-05	Time  1.004 ( 0.969)	Data  0.000 ( 0.002)	Loss 1.2293e+00 (1.1916e+00)	Acc@1  69.92 ( 71.39)	Acc@5  89.06 ( 88.70)
Epoch: [5][3200/5005]	LR 1e-05	Time  0.936 ( 0.969)	Data  0.000 ( 0.002)	Loss 1.1480e+00 (1.1914e+00)	Acc@1  71.88 ( 71.40)	Acc@5  91.02 ( 88.70)
/user/a0393608/files/apps/anaconda3/envs/pytorch/lib/python3.7/site-packages/PIL/TiffImagePlugin.py:785: UserWarning: Corrupt EXIF data.  Expecting to read 4 bytes but only got 0. 
  warnings.warn(str(msg))
Epoch: [5][3300/5005]	LR 1e-05	Time  0.946 ( 0.969)	Data  0.000 ( 0.002)	Loss 1.1598e+00 (1.1907e+00)	Acc@1  72.27 ( 71.42)	Acc@5  90.23 ( 88.71)
Epoch: [5][3400/5005]	LR 1e-05	Time  0.988 ( 0.969)	Data  0.000 ( 0.002)	Loss 1.3603e+00 (1.1909e+00)	Acc@1  71.48 ( 71.41)	Acc@5  85.94 ( 88.71)
Epoch: [5][3500/5005]	LR 1e-05	Time  1.003 ( 0.969)	Data  0.000 ( 0.002)	Loss 1.1620e+00 (1.1912e+00)	Acc@1  73.05 ( 71.40)	Acc@5  87.89 ( 88.71)
Epoch: [5][3600/5005]	LR 1e-05	Time  0.995 ( 0.969)	Data  0.000 ( 0.002)	Loss 1.1712e+00 (1.1914e+00)	Acc@1  71.88 ( 71.41)	Acc@5  87.11 ( 88.70)
Epoch: [5][3700/5005]	LR 1e-05	Time  0.978 ( 0.969)	Data  0.000 ( 0.002)	Loss 1.3783e+00 (1.1906e+00)	Acc@1  66.02 ( 71.42)	Acc@5  86.72 ( 88.70)
Epoch: [5][3800/5005]	LR 1e-05	Time  0.970 ( 0.970)	Data  0.000 ( 0.002)	Loss 1.3045e+00 (1.1902e+00)	Acc@1  67.19 ( 71.42)	Acc@5  88.28 ( 88.71)
Epoch: [5][3900/5005]	LR 1e-05	Time  0.961 ( 0.970)	Data  0.000 ( 0.002)	Loss 1.0456e+00 (1.1898e+00)	Acc@1  73.83 ( 71.42)	Acc@5  89.45 ( 88.71)
Epoch: [5][4000/5005]	LR 1e-05	Time  0.973 ( 0.970)	Data  0.000 ( 0.002)	Loss 1.3516e+00 (1.1896e+00)	Acc@1  69.14 ( 71.43)	Acc@5  86.33 ( 88.71)
Epoch: [5][4100/5005]	LR 1e-05	Time  0.957 ( 0.970)	Data  0.000 ( 0.002)	Loss 1.2477e+00 (1.1891e+00)	Acc@1  70.70 ( 71.44)	Acc@5  89.84 ( 88.72)
Epoch: [5][4200/5005]	LR 1e-05	Time  0.929 ( 0.970)	Data  0.000 ( 0.002)	Loss 1.0880e+00 (1.1891e+00)	Acc@1  73.05 ( 71.44)	Acc@5  89.45 ( 88.71)
Epoch: [5][4300/5005]	LR 1e-05	Time  1.012 ( 0.970)	Data  0.000 ( 0.002)	Loss 1.4106e+00 (1.1888e+00)	Acc@1  67.19 ( 71.45)	Acc@5  88.67 ( 88.72)
Epoch: [5][4400/5005]	LR 1e-05	Time  0.940 ( 0.970)	Data  0.000 ( 0.002)	Loss 1.3954e+00 (1.1887e+00)	Acc@1  68.75 ( 71.44)	Acc@5  86.72 ( 88.72)
Epoch: [5][4500/5005]	LR 1e-05	Time  0.942 ( 0.970)	Data  0.000 ( 0.002)	Loss 1.3051e+00 (1.1888e+00)	Acc@1  67.97 ( 71.44)	Acc@5  89.06 ( 88.71)
Epoch: [5][4600/5005]	LR 1e-05	Time  0.906 ( 0.970)	Data  0.000 ( 0.002)	Loss 1.3855e+00 (1.1884e+00)	Acc@1  67.19 ( 71.44)	Acc@5  84.77 ( 88.72)
Epoch: [5][4700/5005]	LR 1e-05	Time  1.010 ( 0.970)	Data  0.000 ( 0.002)	Loss 1.1511e+00 (1.1882e+00)	Acc@1  73.44 ( 71.44)	Acc@5  89.45 ( 88.72)
Epoch: [5][4800/5005]	LR 1e-05	Time  0.928 ( 0.970)	Data  0.000 ( 0.002)	Loss 1.3007e+00 (1.1881e+00)	Acc@1  69.53 ( 71.45)	Acc@5  86.72 ( 88.72)
Epoch: [5][4900/5005]	LR 1e-05	Time  0.965 ( 0.970)	Data  0.000 ( 0.002)	Loss 1.2559e+00 (1.1877e+00)	Acc@1  69.92 ( 71.45)	Acc@5  87.89 ( 88.73)
Epoch: [5][5000/5005]	LR 1e-05	Time  0.909 ( 0.970)	Data  0.000 ( 0.002)	Loss 1.2788e+00 (1.1879e+00)	Acc@1  67.97 ( 71.45)	Acc@5  85.94 ( 88.73)
Test: [  0/196]	LR 1e-05	Time  3.121 ( 3.121)	Loss 1.2202e+00 (1.2202e+00)	Acc@1  68.75 ( 68.75)	Acc@5  88.67 ( 88.67)
Test: [100/196]	LR 1e-05	Time  0.448 ( 0.529)	Loss 1.2987e+00 (1.2116e+00)	Acc@1  69.53 ( 70.41)	Acc@5  87.11 ( 89.34)
 * Acc@1 70.940 Acc@5 89.698
Disabling observer for subseq epochs
Epoch: [6][   0/5005]	LR 1e-05	Time  2.721 ( 2.721)	Data  1.961 ( 1.961)	Loss 1.1798e+00 (1.1798e+00)	Acc@1  74.22 ( 74.22)	Acc@5  87.89 ( 87.89)
Epoch: [6][ 100/5005]	LR 1e-05	Time  0.891 ( 0.870)	Data  0.000 ( 0.021)	Loss 1.2931e+00 (1.1630e+00)	Acc@1  69.53 ( 71.99)	Acc@5  89.45 ( 89.04)
Epoch: [6][ 200/5005]	LR 1e-05	Time  0.811 ( 0.860)	Data  0.000 ( 0.011)	Loss 8.1012e-01 (1.1797e+00)	Acc@1  82.42 ( 71.67)	Acc@5  92.97 ( 88.89)
Epoch: [6][ 300/5005]	LR 1e-05	Time  0.827 ( 0.852)	Data  0.000 ( 0.008)	Loss 1.3740e+00 (1.1851e+00)	Acc@1  68.75 ( 71.61)	Acc@5  83.59 ( 88.74)
Epoch: [6][ 400/5005]	LR 1e-05	Time  0.767 ( 0.848)	Data  0.000 ( 0.006)	Loss 1.1323e+00 (1.1850e+00)	Acc@1  75.39 ( 71.61)	Acc@5  88.28 ( 88.73)
Epoch: [6][ 500/5005]	LR 1e-05	Time  0.785 ( 0.846)	Data  0.000 ( 0.005)	Loss 1.2915e+00 (1.1827e+00)	Acc@1  67.97 ( 71.67)	Acc@5  87.89 ( 88.76)
Epoch: [6][ 600/5005]	LR 1e-05	Time  0.806 ( 0.846)	Data  0.000 ( 0.005)	Loss 1.3150e+00 (1.1787e+00)	Acc@1  70.31 ( 71.69)	Acc@5  85.94 ( 88.80)
Epoch: [6][ 700/5005]	LR 1e-05	Time  0.866 ( 0.844)	Data  0.000 ( 0.004)	Loss 1.4100e+00 (1.1799e+00)	Acc@1  67.97 ( 71.61)	Acc@5  85.16 ( 88.79)
Epoch: [6][ 800/5005]	LR 1e-05	Time  0.873 ( 0.844)	Data  0.000 ( 0.004)	Loss 1.0127e+00 (1.1800e+00)	Acc@1  75.00 ( 71.65)	Acc@5  91.41 ( 88.81)
Epoch: [6][ 900/5005]	LR 1e-05	Time  0.855 ( 0.843)	Data  0.000 ( 0.003)	Loss 1.2494e+00 (1.1801e+00)	Acc@1  70.70 ( 71.65)	Acc@5  85.16 ( 88.82)
Epoch: [6][1000/5005]	LR 1e-05	Time  0.841 ( 0.842)	Data  0.000 ( 0.003)	Loss 1.0582e+00 (1.1807e+00)	Acc@1  72.27 ( 71.65)	Acc@5  90.62 ( 88.83)
Epoch: [6][1100/5005]	LR 1e-05	Time  0.910 ( 0.842)	Data  0.000 ( 0.003)	Loss 1.2339e+00 (1.1807e+00)	Acc@1  70.70 ( 71.66)	Acc@5  88.67 ( 88.81)
Epoch: [6][1200/5005]	LR 1e-05	Time  0.787 ( 0.841)	Data  0.000 ( 0.003)	Loss 1.1929e+00 (1.1803e+00)	Acc@1  71.48 ( 71.68)	Acc@5  88.67 ( 88.81)
Epoch: [6][1300/5005]	LR 1e-05	Time  0.895 ( 0.841)	Data  0.000 ( 0.003)	Loss 1.1138e+00 (1.1782e+00)	Acc@1  74.61 ( 71.71)	Acc@5  89.06 ( 88.84)
Epoch: [6][1400/5005]	LR 1e-05	Time  0.845 ( 0.841)	Data  0.000 ( 0.003)	Loss 1.2274e+00 (1.1790e+00)	Acc@1  69.14 ( 71.69)	Acc@5  86.72 ( 88.83)
Epoch: [6][1500/5005]	LR 1e-05	Time  0.792 ( 0.841)	Data  0.000 ( 0.003)	Loss 1.2176e+00 (1.1801e+00)	Acc@1  70.31 ( 71.65)	Acc@5  87.89 ( 88.82)
Epoch: [6][1600/5005]	LR 1e-05	Time  0.882 ( 0.841)	Data  0.000 ( 0.003)	Loss 1.0802e+00 (1.1808e+00)	Acc@1  74.22 ( 71.65)	Acc@5  88.28 ( 88.80)
Epoch: [6][1700/5005]	LR 1e-05	Time  0.823 ( 0.840)	Data  0.000 ( 0.002)	Loss 1.1007e+00 (1.1799e+00)	Acc@1  71.09 ( 71.67)	Acc@5  90.23 ( 88.82)
Epoch: [6][1800/5005]	LR 1e-05	Time  0.853 ( 0.839)	Data  0.000 ( 0.002)	Loss 1.1975e+00 (1.1800e+00)	Acc@1  72.66 ( 71.67)	Acc@5  88.67 ( 88.81)
Epoch: [6][1900/5005]	LR 1e-05	Time  0.847 ( 0.839)	Data  0.000 ( 0.002)	Loss 9.9485e-01 (1.1783e+00)	Acc@1  75.78 ( 71.70)	Acc@5  91.41 ( 88.83)
Epoch: [6][2000/5005]	LR 1e-05	Time  0.863 ( 0.839)	Data  0.000 ( 0.002)	Loss 1.1594e+00 (1.1778e+00)	Acc@1  73.05 ( 71.74)	Acc@5  89.45 ( 88.83)
Epoch: [6][2100/5005]	LR 1e-05	Time  0.818 ( 0.839)	Data  0.000 ( 0.002)	Loss 1.2101e+00 (1.1778e+00)	Acc@1  73.05 ( 71.73)	Acc@5  89.45 ( 88.82)
Epoch: [6][2200/5005]	LR 1e-05	Time  0.860 ( 0.839)	Data  0.000 ( 0.002)	Loss 1.1121e+00 (1.1784e+00)	Acc@1  72.66 ( 71.71)	Acc@5  90.23 ( 88.81)
Epoch: [6][2300/5005]	LR 1e-05	Time  0.781 ( 0.839)	Data  0.000 ( 0.002)	Loss 1.3904e+00 (1.1773e+00)	Acc@1  68.36 ( 71.73)	Acc@5  86.33 ( 88.82)
Epoch: [6][2400/5005]	LR 1e-05	Time  0.862 ( 0.839)	Data  0.000 ( 0.002)	Loss 1.1039e+00 (1.1773e+00)	Acc@1  75.00 ( 71.73)	Acc@5  89.84 ( 88.81)
Epoch: [6][2500/5005]	LR 1e-05	Time  0.854 ( 0.839)	Data  0.000 ( 0.002)	Loss 1.0789e+00 (1.1772e+00)	Acc@1  72.27 ( 71.73)	Acc@5  87.89 ( 88.82)
Epoch: [6][2600/5005]	LR 1e-05	Time  0.830 ( 0.839)	Data  0.000 ( 0.002)	Loss 1.2651e+00 (1.1774e+00)	Acc@1  71.48 ( 71.72)	Acc@5  85.55 ( 88.81)
Epoch: [6][2700/5005]	LR 1e-05	Time  0.869 ( 0.839)	Data  0.000 ( 0.002)	Loss 1.1563e+00 (1.1779e+00)	Acc@1  72.27 ( 71.71)	Acc@5  89.06 ( 88.80)
Epoch: [6][2800/5005]	LR 1e-05	Time  0.736 ( 0.839)	Data  0.000 ( 0.002)	Loss 1.1466e+00 (1.1772e+00)	Acc@1  72.27 ( 71.72)	Acc@5  88.67 ( 88.81)
Epoch: [6][2900/5005]	LR 1e-05	Time  0.827 ( 0.839)	Data  0.000 ( 0.002)	Loss 1.3598e+00 (1.1771e+00)	Acc@1  70.70 ( 71.73)	Acc@5  84.38 ( 88.81)
Epoch: [6][3000/5005]	LR 1e-05	Time  0.814 ( 0.839)	Data  0.000 ( 0.002)	Loss 1.3523e+00 (1.1773e+00)	Acc@1  72.27 ( 71.73)	Acc@5  87.50 ( 88.81)
Epoch: [6][3100/5005]	LR 1e-05	Time  0.902 ( 0.839)	Data  0.000 ( 0.002)	Loss 1.1703e+00 (1.1771e+00)	Acc@1  74.61 ( 71.72)	Acc@5  88.67 ( 88.81)
Epoch: [6][3200/5005]	LR 1e-05	Time  0.828 ( 0.839)	Data  0.000 ( 0.002)	Loss 1.1883e+00 (1.1769e+00)	Acc@1  73.05 ( 71.72)	Acc@5  88.28 ( 88.81)
Epoch: [6][3300/5005]	LR 1e-05	Time  0.884 ( 0.838)	Data  0.000 ( 0.002)	Loss 1.1940e+00 (1.1770e+00)	Acc@1  67.58 ( 71.71)	Acc@5  90.23 ( 88.81)
Epoch: [6][3400/5005]	LR 1e-05	Time  0.883 ( 0.838)	Data  0.000 ( 0.002)	Loss 1.2889e+00 (1.1769e+00)	Acc@1  72.66 ( 71.71)	Acc@5  87.89 ( 88.81)
Epoch: [6][3500/5005]	LR 1e-05	Time  0.775 ( 0.838)	Data  0.000 ( 0.002)	Loss 1.1069e+00 (1.1772e+00)	Acc@1  74.61 ( 71.70)	Acc@5  89.45 ( 88.81)
Epoch: [6][3600/5005]	LR 1e-05	Time  0.886 ( 0.838)	Data  0.000 ( 0.002)	Loss 1.2097e+00 (1.1769e+00)	Acc@1  70.70 ( 71.70)	Acc@5  88.28 ( 88.82)
Epoch: [6][3700/5005]	LR 1e-05	Time  0.847 ( 0.838)	Data  0.000 ( 0.002)	Loss 1.0270e+00 (1.1775e+00)	Acc@1  72.66 ( 71.69)	Acc@5  91.02 ( 88.81)
Epoch: [6][3800/5005]	LR 1e-05	Time  0.892 ( 0.838)	Data  0.000 ( 0.002)	Loss 1.2094e+00 (1.1772e+00)	Acc@1  71.48 ( 71.70)	Acc@5  87.89 ( 88.82)
Epoch: [6][3900/5005]	LR 1e-05	Time  0.855 ( 0.838)	Data  0.000 ( 0.002)	Loss 1.1939e+00 (1.1772e+00)	Acc@1  67.97 ( 71.70)	Acc@5  89.45 ( 88.82)
Epoch: [6][4000/5005]	LR 1e-05	Time  0.876 ( 0.838)	Data  0.000 ( 0.002)	Loss 1.0661e+00 (1.1769e+00)	Acc@1  73.44 ( 71.70)	Acc@5  90.62 ( 88.82)
Epoch: [6][4100/5005]	LR 1e-05	Time  0.931 ( 0.838)	Data  0.000 ( 0.002)	Loss 1.3118e+00 (1.1770e+00)	Acc@1  71.09 ( 71.69)	Acc@5  87.11 ( 88.82)
/user/a0393608/files/apps/anaconda3/envs/pytorch/lib/python3.7/site-packages/PIL/TiffImagePlugin.py:785: UserWarning: Corrupt EXIF data.  Expecting to read 4 bytes but only got 0. 
  warnings.warn(str(msg))
Epoch: [6][4200/5005]	LR 1e-05	Time  0.828 ( 0.838)	Data  0.000 ( 0.002)	Loss 1.1245e+00 (1.1765e+00)	Acc@1  78.52 ( 71.70)	Acc@5  89.84 ( 88.83)
Epoch: [6][4300/5005]	LR 1e-05	Time  0.816 ( 0.838)	Data  0.000 ( 0.002)	Loss 1.1059e+00 (1.1768e+00)	Acc@1  71.88 ( 71.69)	Acc@5  89.45 ( 88.83)
Epoch: [6][4400/5005]	LR 1e-05	Time  0.827 ( 0.838)	Data  0.000 ( 0.002)	Loss 1.2716e+00 (1.1765e+00)	Acc@1  68.75 ( 71.69)	Acc@5  87.50 ( 88.84)
Epoch: [6][4500/5005]	LR 1e-05	Time  0.807 ( 0.838)	Data  0.000 ( 0.002)	Loss 1.3137e+00 (1.1765e+00)	Acc@1  68.36 ( 71.70)	Acc@5  86.33 ( 88.83)
Epoch: [6][4600/5005]	LR 1e-05	Time  0.838 ( 0.838)	Data  0.000 ( 0.002)	Loss 9.7414e-01 (1.1760e+00)	Acc@1  78.12 ( 71.71)	Acc@5  90.62 ( 88.84)
Epoch: [6][4700/5005]	LR 1e-05	Time  0.777 ( 0.838)	Data  0.000 ( 0.002)	Loss 1.1900e+00 (1.1760e+00)	Acc@1  74.61 ( 71.71)	Acc@5  87.89 ( 88.84)
Epoch: [6][4800/5005]	LR 1e-05	Time  0.832 ( 0.838)	Data  0.000 ( 0.002)	Loss 1.3239e+00 (1.1761e+00)	Acc@1  68.36 ( 71.71)	Acc@5  84.38 ( 88.84)
Epoch: [6][4900/5005]	LR 1e-05	Time  0.867 ( 0.838)	Data  0.000 ( 0.002)	Loss 1.3979e+00 (1.1761e+00)	Acc@1  72.27 ( 71.70)	Acc@5  86.72 ( 88.83)
Epoch: [6][5000/5005]	LR 1e-05	Time  1.065 ( 0.838)	Data  0.000 ( 0.002)	Loss 1.1177e+00 (1.1757e+00)	Acc@1  74.61 ( 71.71)	Acc@5  87.50 ( 88.84)
Test: [  0/196]	LR 1e-05	Time  3.041 ( 3.041)	Loss 1.0402e+00 (1.0402e+00)	Acc@1  72.27 ( 72.27)	Acc@5  92.58 ( 92.58)
Test: [100/196]	LR 1e-05	Time  0.489 ( 0.530)	Loss 1.1577e+00 (1.1830e+00)	Acc@1  73.05 ( 71.23)	Acc@5  91.80 ( 89.95)
 * Acc@1 71.242 Acc@5 89.992
Epoch: [7][   0/5005]	LR 1e-05	Time  2.811 ( 2.811)	Data  1.992 ( 1.992)	Loss 1.1467e+00 (1.1467e+00)	Acc@1  71.09 ( 71.09)	Acc@5  86.72 ( 86.72)
Epoch: [7][ 100/5005]	LR 1e-05	Time  0.908 ( 0.858)	Data  0.000 ( 0.021)	Loss 1.2213e+00 (1.1816e+00)	Acc@1  70.31 ( 71.37)	Acc@5  88.28 ( 88.88)
Epoch: [7][ 200/5005]	LR 1e-05	Time  0.841 ( 0.847)	Data  0.000 ( 0.011)	Loss 1.1545e+00 (1.1842e+00)	Acc@1  72.27 ( 71.46)	Acc@5  90.23 ( 88.84)
Epoch: [7][ 300/5005]	LR 1e-05	Time  0.778 ( 0.842)	Data  0.000 ( 0.008)	Loss 1.0964e+00 (1.1707e+00)	Acc@1  74.22 ( 71.65)	Acc@5  90.23 ( 89.00)
Epoch: [7][ 400/5005]	LR 1e-05	Time  0.917 ( 0.843)	Data  0.000 ( 0.006)	Loss 1.0965e+00 (1.1710e+00)	Acc@1  72.27 ( 71.68)	Acc@5  88.28 ( 88.96)
Epoch: [7][ 500/5005]	LR 1e-05	Time  0.797 ( 0.840)	Data  0.000 ( 0.005)	Loss 1.1536e+00 (1.1740e+00)	Acc@1  67.97 ( 71.61)	Acc@5  90.62 ( 88.98)
Epoch: [7][ 600/5005]	LR 1e-05	Time  0.883 ( 0.840)	Data  0.000 ( 0.005)	Loss 1.0036e+00 (1.1715e+00)	Acc@1  74.22 ( 71.66)	Acc@5  89.84 ( 88.99)
Epoch: [7][ 700/5005]	LR 1e-05	Time  0.856 ( 0.839)	Data  0.000 ( 0.004)	Loss 1.0728e+00 (1.1700e+00)	Acc@1  75.39 ( 71.68)	Acc@5  89.45 ( 89.01)
Epoch: [7][ 800/5005]	LR 1e-05	Time  0.818 ( 0.838)	Data  0.000 ( 0.004)	Loss 1.1154e+00 (1.1689e+00)	Acc@1  69.92 ( 71.74)	Acc@5  89.84 ( 88.99)
Epoch: [7][ 900/5005]	LR 1e-05	Time  0.802 ( 0.837)	Data  0.000 ( 0.003)	Loss 1.0891e+00 (1.1690e+00)	Acc@1  74.22 ( 71.73)	Acc@5  89.84 ( 88.96)
Epoch: [7][1000/5005]	LR 1e-05	Time  0.790 ( 0.837)	Data  0.000 ( 0.003)	Loss 1.1488e+00 (1.1675e+00)	Acc@1  72.66 ( 71.78)	Acc@5  88.28 ( 88.98)
Epoch: [7][1100/5005]	LR 1e-05	Time  0.785 ( 0.837)	Data  0.000 ( 0.003)	Loss 1.0837e+00 (1.1667e+00)	Acc@1  74.22 ( 71.80)	Acc@5  88.67 ( 88.98)
/user/a0393608/files/apps/anaconda3/envs/pytorch/lib/python3.7/site-packages/PIL/TiffImagePlugin.py:785: UserWarning: Corrupt EXIF data.  Expecting to read 4 bytes but only got 0. 
  warnings.warn(str(msg))
Epoch: [7][1200/5005]	LR 1e-05	Time  0.876 ( 0.837)	Data  0.000 ( 0.003)	Loss 1.3187e+00 (1.1664e+00)	Acc@1  69.53 ( 71.83)	Acc@5  85.55 ( 88.97)
Epoch: [7][1300/5005]	LR 1e-05	Time  0.824 ( 0.837)	Data  0.000 ( 0.003)	Loss 1.2007e+00 (1.1691e+00)	Acc@1  71.09 ( 71.80)	Acc@5  91.02 ( 88.93)
Epoch: [7][1400/5005]	LR 1e-05	Time  0.785 ( 0.837)	Data  0.000 ( 0.003)	Loss 1.3114e+00 (1.1697e+00)	Acc@1  70.31 ( 71.81)	Acc@5  88.67 ( 88.94)
Epoch: [7][1500/5005]	LR 1e-05	Time  0.816 ( 0.837)	Data  0.000 ( 0.003)	Loss 1.1336e+00 (1.1701e+00)	Acc@1  71.88 ( 71.79)	Acc@5  89.84 ( 88.95)
Epoch: [7][1600/5005]	LR 1e-05	Time  0.798 ( 0.837)	Data  0.000 ( 0.002)	Loss 1.1659e+00 (1.1721e+00)	Acc@1  70.70 ( 71.77)	Acc@5  88.67 ( 88.92)
Epoch: [7][1700/5005]	LR 1e-05	Time  0.760 ( 0.836)	Data  0.000 ( 0.002)	Loss 1.1889e+00 (1.1717e+00)	Acc@1  71.09 ( 71.77)	Acc@5  87.50 ( 88.93)
Epoch: [7][1800/5005]	LR 1e-05	Time  0.882 ( 0.836)	Data  0.000 ( 0.002)	Loss 1.2060e+00 (1.1718e+00)	Acc@1  70.70 ( 71.76)	Acc@5  86.72 ( 88.94)
Epoch: [7][1900/5005]	LR 1e-05	Time  0.883 ( 0.836)	Data  0.000 ( 0.002)	Loss 1.0998e+00 (1.1715e+00)	Acc@1  73.83 ( 71.77)	Acc@5  89.06 ( 88.94)
Epoch: [7][2000/5005]	LR 1e-05	Time  0.882 ( 0.836)	Data  0.000 ( 0.002)	Loss 1.0516e+00 (1.1716e+00)	Acc@1  70.70 ( 71.78)	Acc@5  89.45 ( 88.93)
Epoch: [7][2100/5005]	LR 1e-05	Time  0.839 ( 0.836)	Data  0.000 ( 0.002)	Loss 1.4776e+00 (1.1717e+00)	Acc@1  66.02 ( 71.77)	Acc@5  83.98 ( 88.92)
Epoch: [7][2200/5005]	LR 1e-05	Time  0.825 ( 0.836)	Data  0.000 ( 0.002)	Loss 1.2473e+00 (1.1721e+00)	Acc@1  70.31 ( 71.75)	Acc@5  88.67 ( 88.91)
Epoch: [7][2300/5005]	LR 1e-05	Time  0.829 ( 0.836)	Data  0.000 ( 0.002)	Loss 1.0144e+00 (1.1717e+00)	Acc@1  74.22 ( 71.77)	Acc@5  90.23 ( 88.92)
Epoch: [7][2400/5005]	LR 1e-05	Time  0.867 ( 0.836)	Data  0.000 ( 0.002)	Loss 1.2266e+00 (1.1719e+00)	Acc@1  70.70 ( 71.77)	Acc@5  88.28 ( 88.92)
Epoch: [7][2500/5005]	LR 1e-05	Time  0.798 ( 0.836)	Data  0.000 ( 0.002)	Loss 1.0437e+00 (1.1718e+00)	Acc@1  76.17 ( 71.78)	Acc@5  90.62 ( 88.92)
Epoch: [7][2600/5005]	LR 1e-05	Time  0.801 ( 0.836)	Data  0.000 ( 0.002)	Loss 1.1818e+00 (1.1718e+00)	Acc@1  70.70 ( 71.77)	Acc@5  90.23 ( 88.91)
Epoch: [7][2700/5005]	LR 1e-05	Time  0.815 ( 0.836)	Data  0.000 ( 0.002)	Loss 1.2785e+00 (1.1710e+00)	Acc@1  70.70 ( 71.79)	Acc@5  85.94 ( 88.92)
Epoch: [7][2800/5005]	LR 1e-05	Time  0.755 ( 0.836)	Data  0.000 ( 0.002)	Loss 1.0682e+00 (1.1708e+00)	Acc@1  75.39 ( 71.79)	Acc@5  91.41 ( 88.92)
Epoch: [7][2900/5005]	LR 1e-05	Time  0.845 ( 0.836)	Data  0.000 ( 0.002)	Loss 1.0832e+00 (1.1708e+00)	Acc@1  71.48 ( 71.79)	Acc@5  91.02 ( 88.92)
Epoch: [7][3000/5005]	LR 1e-05	Time  0.824 ( 0.835)	Data  0.000 ( 0.002)	Loss 1.1797e+00 (1.1710e+00)	Acc@1  70.70 ( 71.78)	Acc@5  87.89 ( 88.91)
Epoch: [7][3100/5005]	LR 1e-05	Time  0.854 ( 0.835)	Data  0.000 ( 0.002)	Loss 1.2515e+00 (1.1712e+00)	Acc@1  67.58 ( 71.79)	Acc@5  89.84 ( 88.91)
Epoch: [7][3200/5005]	LR 1e-05	Time  0.837 ( 0.835)	Data  0.000 ( 0.002)	Loss 1.0984e+00 (1.1718e+00)	Acc@1  74.22 ( 71.78)	Acc@5  90.23 ( 88.90)
Epoch: [7][3300/5005]	LR 1e-05	Time  0.866 ( 0.835)	Data  0.000 ( 0.002)	Loss 1.2942e+00 (1.1720e+00)	Acc@1  69.53 ( 71.77)	Acc@5  88.67 ( 88.90)
Epoch: [7][3400/5005]	LR 1e-05	Time  0.826 ( 0.836)	Data  0.000 ( 0.002)	Loss 1.0936e+00 (1.1720e+00)	Acc@1  73.44 ( 71.77)	Acc@5  89.45 ( 88.90)
Epoch: [7][3500/5005]	LR 1e-05	Time  0.834 ( 0.835)	Data  0.000 ( 0.002)	Loss 1.3765e+00 (1.1717e+00)	Acc@1  66.02 ( 71.77)	Acc@5  86.33 ( 88.90)
Epoch: [7][3600/5005]	LR 1e-05	Time  0.841 ( 0.836)	Data  0.000 ( 0.002)	Loss 1.2150e+00 (1.1710e+00)	Acc@1  70.31 ( 71.79)	Acc@5  89.45 ( 88.91)
Epoch: [7][3700/5005]	LR 1e-05	Time  0.901 ( 0.836)	Data  0.000 ( 0.002)	Loss 1.3217e+00 (1.1708e+00)	Acc@1  67.97 ( 71.78)	Acc@5  86.33 ( 88.91)
Epoch: [7][3800/5005]	LR 1e-05	Time  0.891 ( 0.836)	Data  0.000 ( 0.002)	Loss 1.0206e+00 (1.1709e+00)	Acc@1  76.95 ( 71.78)	Acc@5  91.41 ( 88.92)
Epoch: [7][3900/5005]	LR 1e-05	Time  0.819 ( 0.836)	Data  0.000 ( 0.002)	Loss 9.8700e-01 (1.1703e+00)	Acc@1  76.17 ( 71.78)	Acc@5  88.67 ( 88.93)
Epoch: [7][4000/5005]	LR 1e-05	Time  0.836 ( 0.836)	Data  0.000 ( 0.002)	Loss 1.2126e+00 (1.1701e+00)	Acc@1  72.27 ( 71.79)	Acc@5  87.89 ( 88.93)
Epoch: [7][4100/5005]	LR 1e-05	Time  0.805 ( 0.836)	Data  0.000 ( 0.002)	Loss 1.0623e+00 (1.1700e+00)	Acc@1  72.27 ( 71.79)	Acc@5  90.23 ( 88.93)
Epoch: [7][4200/5005]	LR 1e-05	Time  0.800 ( 0.835)	Data  0.000 ( 0.002)	Loss 1.0966e+00 (1.1697e+00)	Acc@1  68.75 ( 71.80)	Acc@5  90.23 ( 88.94)
Epoch: [7][4300/5005]	LR 1e-05	Time  0.946 ( 0.836)	Data  0.000 ( 0.002)	Loss 1.3019e+00 (1.1696e+00)	Acc@1  70.31 ( 71.80)	Acc@5  89.45 ( 88.94)
Epoch: [7][4400/5005]	LR 1e-05	Time  0.843 ( 0.835)	Data  0.000 ( 0.002)	Loss 1.1319e+00 (1.1690e+00)	Acc@1  72.27 ( 71.82)	Acc@5  89.45 ( 88.95)
Epoch: [7][4500/5005]	LR 1e-05	Time  0.834 ( 0.836)	Data  0.000 ( 0.002)	Loss 1.1705e+00 (1.1693e+00)	Acc@1  73.44 ( 71.82)	Acc@5  89.45 ( 88.95)
Epoch: [7][4600/5005]	LR 1e-05	Time  0.808 ( 0.835)	Data  0.000 ( 0.002)	Loss 1.2754e+00 (1.1691e+00)	Acc@1  69.14 ( 71.83)	Acc@5  87.11 ( 88.95)
Epoch: [7][4700/5005]	LR 1e-05	Time  0.924 ( 0.835)	Data  0.000 ( 0.002)	Loss 1.1518e+00 (1.1689e+00)	Acc@1  74.61 ( 71.83)	Acc@5  90.23 ( 88.96)
Epoch: [7][4800/5005]	LR 1e-05	Time  0.865 ( 0.835)	Data  0.000 ( 0.002)	Loss 1.1864e+00 (1.1688e+00)	Acc@1  70.31 ( 71.84)	Acc@5  89.45 ( 88.96)
Epoch: [7][4900/5005]	LR 1e-05	Time  0.854 ( 0.835)	Data  0.000 ( 0.002)	Loss 1.2357e+00 (1.1686e+00)	Acc@1  69.92 ( 71.84)	Acc@5  88.67 ( 88.96)
Epoch: [7][5000/5005]	LR 1e-05	Time  0.753 ( 0.835)	Data  0.000 ( 0.002)	Loss 1.1659e+00 (1.1686e+00)	Acc@1  75.39 ( 71.84)	Acc@5  87.50 ( 88.96)
Test: [  0/196]	LR 1e-05	Time  3.098 ( 3.098)	Loss 1.2806e+00 (1.2806e+00)	Acc@1  72.66 ( 72.66)	Acc@5  87.89 ( 87.89)
Test: [100/196]	LR 1e-05	Time  0.440 ( 0.528)	Loss 1.0659e+00 (1.1723e+00)	Acc@1  73.05 ( 71.28)	Acc@5  91.02 ( 89.94)
 * Acc@1 71.306 Acc@5 90.018
Epoch: [8][   0/5005]	LR 1e-05	Time  2.794 ( 2.794)	Data  2.020 ( 2.020)	Loss 1.1388e+00 (1.1388e+00)	Acc@1  74.22 ( 74.22)	Acc@5  89.06 ( 89.06)
Epoch: [8][ 100/5005]	LR 1e-05	Time  0.829 ( 0.862)	Data  0.000 ( 0.021)	Loss 1.1038e+00 (1.1536e+00)	Acc@1  74.22 ( 72.37)	Acc@5  87.89 ( 89.02)
Epoch: [8][ 200/5005]	LR 1e-05	Time  0.857 ( 0.855)	Data  0.000 ( 0.011)	Loss 1.1801e+00 (1.1720e+00)	Acc@1  72.66 ( 71.96)	Acc@5  88.67 ( 88.82)
Epoch: [8][ 300/5005]	LR 1e-05	Time  0.783 ( 0.851)	Data  0.000 ( 0.008)	Loss 9.4971e-01 (1.1711e+00)	Acc@1  75.78 ( 71.92)	Acc@5  90.62 ( 88.85)
Epoch: [8][ 400/5005]	LR 1e-05	Time  0.854 ( 0.848)	Data  0.000 ( 0.006)	Loss 1.0338e+00 (1.1639e+00)	Acc@1  71.88 ( 71.98)	Acc@5  92.19 ( 88.98)
Epoch: [8][ 500/5005]	LR 1e-05	Time  0.837 ( 0.846)	Data  0.000 ( 0.005)	Loss 1.1794e+00 (1.1636e+00)	Acc@1  73.83 ( 72.01)	Acc@5  87.50 ( 89.02)
Epoch: [8][ 600/5005]	LR 1e-05	Time  0.831 ( 0.844)	Data  0.000 ( 0.005)	Loss 9.2554e-01 (1.1639e+00)	Acc@1  75.78 ( 72.03)	Acc@5  92.19 ( 89.02)
Epoch: [8][ 700/5005]	LR 1e-05	Time  0.801 ( 0.845)	Data  0.000 ( 0.004)	Loss 1.4194e+00 (1.1670e+00)	Acc@1  68.36 ( 71.97)	Acc@5  87.11 ( 88.98)
Epoch: [8][ 800/5005]	LR 1e-05	Time  0.842 ( 0.844)	Data  0.000 ( 0.004)	Loss 1.2735e+00 (1.1663e+00)	Acc@1  69.53 ( 71.93)	Acc@5  87.50 ( 88.98)
Epoch: [8][ 900/5005]	LR 1e-05	Time  0.912 ( 0.844)	Data  0.000 ( 0.004)	Loss 1.0685e+00 (1.1621e+00)	Acc@1  72.27 ( 72.00)	Acc@5  91.41 ( 89.04)
Epoch: [8][1000/5005]	LR 1e-05	Time  0.847 ( 0.842)	Data  0.000 ( 0.003)	Loss 1.2078e+00 (1.1635e+00)	Acc@1  72.27 ( 71.97)	Acc@5  89.06 ( 89.02)
Epoch: [8][1100/5005]	LR 1e-05	Time  0.824 ( 0.842)	Data  0.000 ( 0.003)	Loss 1.2193e+00 (1.1643e+00)	Acc@1  73.05 ( 71.97)	Acc@5  87.50 ( 89.02)
Epoch: [8][1200/5005]	LR 1e-05	Time  0.850 ( 0.842)	Data  0.000 ( 0.003)	Loss 1.0888e+00 (1.1650e+00)	Acc@1  73.83 ( 71.94)	Acc@5  90.62 ( 89.01)
Epoch: [8][1300/5005]	LR 1e-05	Time  0.799 ( 0.842)	Data  0.000 ( 0.003)	Loss 1.1183e+00 (1.1646e+00)	Acc@1  70.31 ( 71.95)	Acc@5  90.62 ( 89.03)
Epoch: [8][1400/5005]	LR 1e-05	Time  0.780 ( 0.841)	Data  0.000 ( 0.003)	Loss 1.0864e+00 (1.1658e+00)	Acc@1  75.00 ( 71.92)	Acc@5  89.84 ( 89.02)
Epoch: [8][1500/5005]	LR 1e-05	Time  0.819 ( 0.841)	Data  0.000 ( 0.003)	Loss 1.2624e+00 (1.1657e+00)	Acc@1  72.27 ( 71.91)	Acc@5  87.11 ( 89.01)
Epoch: [8][1600/5005]	LR 1e-05	Time  0.858 ( 0.840)	Data  0.000 ( 0.003)	Loss 1.2653e+00 (1.1655e+00)	Acc@1  68.75 ( 71.91)	Acc@5  86.72 ( 89.01)
Epoch: [8][1700/5005]	LR 1e-05	Time  0.796 ( 0.840)	Data  0.000 ( 0.002)	Loss 1.2147e+00 (1.1651e+00)	Acc@1  70.31 ( 71.91)	Acc@5  86.72 ( 89.02)
Epoch: [8][1800/5005]	LR 1e-05	Time  0.855 ( 0.840)	Data  0.000 ( 0.002)	Loss 1.4468e+00 (1.1656e+00)	Acc@1  68.36 ( 71.90)	Acc@5  86.72 ( 89.02)
Epoch: [8][1900/5005]	LR 1e-05	Time  0.786 ( 0.840)	Data  0.000 ( 0.002)	Loss 1.0881e+00 (1.1662e+00)	Acc@1  72.27 ( 71.89)	Acc@5  91.41 ( 89.00)
Epoch: [8][2000/5005]	LR 1e-05	Time  0.868 ( 0.839)	Data  0.000 ( 0.002)	Loss 1.1774e+00 (1.1664e+00)	Acc@1  72.27 ( 71.88)	Acc@5  88.28 ( 88.99)
Epoch: [8][2100/5005]	LR 1e-05	Time  0.908 ( 0.839)	Data  0.000 ( 0.002)	Loss 9.5004e-01 (1.1664e+00)	Acc@1  76.56 ( 71.88)	Acc@5  92.19 ( 88.98)
Epoch: [8][2200/5005]	LR 1e-05	Time  0.763 ( 0.839)	Data  0.000 ( 0.002)	Loss 1.1399e+00 (1.1663e+00)	Acc@1  71.09 ( 71.89)	Acc@5  89.45 ( 88.98)
Epoch: [8][2300/5005]	LR 1e-05	Time  0.870 ( 0.839)	Data  0.000 ( 0.002)	Loss 1.1108e+00 (1.1663e+00)	Acc@1  71.48 ( 71.89)	Acc@5  90.62 ( 88.98)
Epoch: [8][2400/5005]	LR 1e-05	Time  0.885 ( 0.839)	Data  0.000 ( 0.002)	Loss 1.1878e+00 (1.1664e+00)	Acc@1  71.88 ( 71.90)	Acc@5  89.45 ( 88.98)
Epoch: [8][2500/5005]	LR 1e-05	Time  0.802 ( 0.839)	Data  0.000 ( 0.002)	Loss 1.1091e+00 (1.1659e+00)	Acc@1  75.00 ( 71.90)	Acc@5  91.02 ( 88.99)
Epoch: [8][2600/5005]	LR 1e-05	Time  0.844 ( 0.839)	Data  0.000 ( 0.002)	Loss 1.0889e+00 (1.1659e+00)	Acc@1  74.61 ( 71.90)	Acc@5  88.28 ( 88.98)
Epoch: [8][2700/5005]	LR 1e-05	Time  0.933 ( 0.839)	Data  0.000 ( 0.002)	Loss 1.2287e+00 (1.1657e+00)	Acc@1  71.88 ( 71.91)	Acc@5  88.67 ( 88.99)
Epoch: [8][2800/5005]	LR 1e-05	Time  0.773 ( 0.839)	Data  0.000 ( 0.002)	Loss 1.2057e+00 (1.1660e+00)	Acc@1  69.92 ( 71.90)	Acc@5  86.72 ( 88.99)
Epoch: [8][2900/5005]	LR 1e-05	Time  0.834 ( 0.839)	Data  0.000 ( 0.002)	Loss 1.0350e+00 (1.1662e+00)	Acc@1  73.44 ( 71.91)	Acc@5  89.06 ( 88.98)
Epoch: [8][3000/5005]	LR 1e-05	Time  0.769 ( 0.839)	Data  0.000 ( 0.002)	Loss 1.2849e+00 (1.1656e+00)	Acc@1  71.09 ( 71.93)	Acc@5  86.72 ( 88.99)
Epoch: [8][3100/5005]	LR 1e-05	Time  0.864 ( 0.839)	Data  0.000 ( 0.002)	Loss 1.1030e+00 (1.1659e+00)	Acc@1  71.48 ( 71.91)	Acc@5  90.62 ( 88.99)
Epoch: [8][3200/5005]	LR 1e-05	Time  0.842 ( 0.839)	Data  0.000 ( 0.002)	Loss 1.0746e+00 (1.1664e+00)	Acc@1  74.22 ( 71.90)	Acc@5  89.84 ( 88.98)
Epoch: [8][3300/5005]	LR 1e-05	Time  0.871 ( 0.839)	Data  0.000 ( 0.002)	Loss 1.0053e+00 (1.1659e+00)	Acc@1  78.52 ( 71.92)	Acc@5  91.80 ( 88.99)
Epoch: [8][3400/5005]	LR 1e-05	Time  0.809 ( 0.839)	Data  0.000 ( 0.002)	Loss 1.0676e+00 (1.1663e+00)	Acc@1  75.39 ( 71.92)	Acc@5  89.06 ( 88.98)
Epoch: [8][3500/5005]	LR 1e-05	Time  0.742 ( 0.839)	Data  0.000 ( 0.002)	Loss 1.2050e+00 (1.1658e+00)	Acc@1  72.27 ( 71.93)	Acc@5  88.67 ( 88.99)
Epoch: [8][3600/5005]	LR 1e-05	Time  0.771 ( 0.838)	Data  0.000 ( 0.002)	Loss 1.3981e+00 (1.1651e+00)	Acc@1  65.62 ( 71.94)	Acc@5  83.98 ( 89.00)
Epoch: [8][3700/5005]	LR 1e-05	Time  0.872 ( 0.838)	Data  0.000 ( 0.002)	Loss 1.1135e+00 (1.1650e+00)	Acc@1  73.05 ( 71.95)	Acc@5  90.62 ( 89.00)
Epoch: [8][3800/5005]	LR 1e-05	Time  0.861 ( 0.838)	Data  0.000 ( 0.002)	Loss 1.0509e+00 (1.1650e+00)	Acc@1  71.88 ( 71.95)	Acc@5  91.41 ( 89.00)
Epoch: [8][3900/5005]	LR 1e-05	Time  0.841 ( 0.838)	Data  0.000 ( 0.002)	Loss 1.4078e+00 (1.1651e+00)	Acc@1  67.58 ( 71.95)	Acc@5  86.33 ( 89.00)
Epoch: [8][4000/5005]	LR 1e-05	Time  0.799 ( 0.838)	Data  0.000 ( 0.002)	Loss 9.6151e-01 (1.1650e+00)	Acc@1  76.95 ( 71.94)	Acc@5  90.62 ( 89.00)
Epoch: [8][4100/5005]	LR 1e-05	Time  0.883 ( 0.838)	Data  0.000 ( 0.002)	Loss 1.2084e+00 (1.1644e+00)	Acc@1  71.88 ( 71.95)	Acc@5  88.67 ( 89.01)
Epoch: [8][4200/5005]	LR 1e-05	Time  0.814 ( 0.838)	Data  0.000 ( 0.002)	Loss 1.1255e+00 (1.1639e+00)	Acc@1  73.83 ( 71.97)	Acc@5  87.89 ( 89.02)
Epoch: [8][4300/5005]	LR 1e-05	Time  0.854 ( 0.838)	Data  0.000 ( 0.002)	Loss 1.2668e+00 (1.1639e+00)	Acc@1  69.92 ( 71.97)	Acc@5  86.72 ( 89.01)
Epoch: [8][4400/5005]	LR 1e-05	Time  0.783 ( 0.838)	Data  0.000 ( 0.002)	Loss 1.1023e+00 (1.1640e+00)	Acc@1  72.27 ( 71.97)	Acc@5  89.06 ( 89.01)
/user/a0393608/files/apps/anaconda3/envs/pytorch/lib/python3.7/site-packages/PIL/TiffImagePlugin.py:785: UserWarning: Corrupt EXIF data.  Expecting to read 4 bytes but only got 0. 
  warnings.warn(str(msg))
Epoch: [8][4500/5005]	LR 1e-05	Time  0.828 ( 0.838)	Data  0.000 ( 0.002)	Loss 1.2483e+00 (1.1638e+00)	Acc@1  69.92 ( 71.97)	Acc@5  89.84 ( 89.01)
Epoch: [8][4600/5005]	LR 1e-05	Time  0.899 ( 0.838)	Data  0.000 ( 0.002)	Loss 1.0756e+00 (1.1640e+00)	Acc@1  71.88 ( 71.96)	Acc@5  91.41 ( 89.01)
Epoch: [8][4700/5005]	LR 1e-05	Time  0.788 ( 0.838)	Data  0.000 ( 0.002)	Loss 1.1051e+00 (1.1645e+00)	Acc@1  70.70 ( 71.95)	Acc@5  87.50 ( 89.00)
Epoch: [8][4800/5005]	LR 1e-05	Time  0.832 ( 0.838)	Data  0.000 ( 0.002)	Loss 1.0626e+00 (1.1648e+00)	Acc@1  73.44 ( 71.94)	Acc@5  91.02 ( 89.00)
Epoch: [8][4900/5005]	LR 1e-05	Time  0.792 ( 0.838)	Data  0.000 ( 0.002)	Loss 1.3245e+00 (1.1650e+00)	Acc@1  71.09 ( 71.94)	Acc@5  87.50 ( 89.00)
Epoch: [8][5000/5005]	LR 1e-05	Time  0.985 ( 0.838)	Data  0.000 ( 0.002)	Loss 1.2935e+00 (1.1653e+00)	Acc@1  69.53 ( 71.93)	Acc@5  87.11 ( 89.00)
Test: [  0/196]	LR 1e-05	Time  3.106 ( 3.106)	Loss 1.1020e+00 (1.1020e+00)	Acc@1  73.44 ( 73.44)	Acc@5  91.41 ( 91.41)
Test: [100/196]	LR 1e-05	Time  0.486 ( 0.529)	Loss 1.3155e+00 (1.1836e+00)	Acc@1  66.41 ( 71.13)	Acc@5  87.89 ( 89.94)
 * Acc@1 71.050 Acc@5 89.980
Epoch: [9][   0/5005]	LR 1e-05	Time  2.914 ( 2.914)	Data  2.113 ( 2.113)	Loss 1.3120e+00 (1.3120e+00)	Acc@1  65.23 ( 65.23)	Acc@5  87.50 ( 87.50)
Epoch: [9][ 100/5005]	LR 1e-05	Time  0.840 ( 0.861)	Data  0.000 ( 0.022)	Loss 1.1631e+00 (1.1667e+00)	Acc@1  69.92 ( 71.71)	Acc@5  91.02 ( 89.05)
Epoch: [9][ 200/5005]	LR 1e-05	Time  0.828 ( 0.850)	Data  0.000 ( 0.012)	Loss 1.1192e+00 (1.1713e+00)	Acc@1  72.27 ( 71.52)	Acc@5  90.23 ( 89.01)
Epoch: [9][ 300/5005]	LR 1e-05	Time  0.866 ( 0.847)	Data  0.000 ( 0.008)	Loss 1.0973e+00 (1.1617e+00)	Acc@1  72.66 ( 71.82)	Acc@5  89.84 ( 89.03)
Epoch: [9][ 400/5005]	LR 1e-05	Time  0.764 ( 0.846)	Data  0.000 ( 0.007)	Loss 1.1857e+00 (1.1656e+00)	Acc@1  71.09 ( 71.76)	Acc@5  87.50 ( 88.96)
Epoch: [9][ 500/5005]	LR 1e-05	Time  0.803 ( 0.846)	Data  0.000 ( 0.006)	Loss 1.2469e+00 (1.1691e+00)	Acc@1  70.31 ( 71.72)	Acc@5  89.06 ( 88.92)
Epoch: [9][ 600/5005]	LR 1e-05	Time  0.894 ( 0.844)	Data  0.000 ( 0.005)	Loss 1.2827e+00 (1.1673e+00)	Acc@1  71.09 ( 71.81)	Acc@5  85.16 ( 88.96)
Epoch: [9][ 700/5005]	LR 1e-05	Time  0.824 ( 0.844)	Data  0.000 ( 0.004)	Loss 1.3815e+00 (1.1677e+00)	Acc@1  68.75 ( 71.76)	Acc@5  87.89 ( 89.00)
Epoch: [9][ 800/5005]	LR 1e-05	Time  0.799 ( 0.844)	Data  0.000 ( 0.004)	Loss 1.3470e+00 (1.1683e+00)	Acc@1  69.53 ( 71.76)	Acc@5  86.72 ( 88.98)
/user/a0393608/files/apps/anaconda3/envs/pytorch/lib/python3.7/site-packages/PIL/TiffImagePlugin.py:785: UserWarning: Corrupt EXIF data.  Expecting to read 4 bytes but only got 0. 
  warnings.warn(str(msg))
Epoch: [9][ 900/5005]	LR 1e-05	Time  0.810 ( 0.843)	Data  0.000 ( 0.004)	Loss 1.1488e+00 (1.1688e+00)	Acc@1  74.22 ( 71.76)	Acc@5  87.89 ( 88.96)
Epoch: [9][1000/5005]	LR 1e-05	Time  0.888 ( 0.844)	Data  0.000 ( 0.003)	Loss 1.2905e+00 (1.1684e+00)	Acc@1  69.53 ( 71.83)	Acc@5  86.72 ( 88.96)
Epoch: [9][1100/5005]	LR 1e-05	Time  0.844 ( 0.843)	Data  0.000 ( 0.003)	Loss 1.2470e+00 (1.1663e+00)	Acc@1  69.92 ( 71.88)	Acc@5  89.06 ( 88.98)
Epoch: [9][1200/5005]	LR 1e-05	Time  0.846 ( 0.843)	Data  0.000 ( 0.003)	Loss 1.2606e+00 (1.1660e+00)	Acc@1  71.48 ( 71.91)	Acc@5  87.89 ( 88.99)
Epoch: [9][1300/5005]	LR 1e-05	Time  0.842 ( 0.843)	Data  0.000 ( 0.003)	Loss 1.0995e+00 (1.1668e+00)	Acc@1  71.88 ( 71.89)	Acc@5  88.67 ( 88.99)
Epoch: [9][1400/5005]	LR 1e-05	Time  0.856 ( 0.843)	Data  0.000 ( 0.003)	Loss 1.1557e+00 (1.1655e+00)	Acc@1  71.09 ( 71.92)	Acc@5  89.06 ( 89.01)
Epoch: [9][1500/5005]	LR 1e-05	Time  0.805 ( 0.843)	Data  0.000 ( 0.003)	Loss 1.1814e+00 (1.1643e+00)	Acc@1  74.61 ( 71.98)	Acc@5  89.06 ( 89.02)
Epoch: [9][1600/5005]	LR 1e-05	Time  0.849 ( 0.842)	Data  0.000 ( 0.003)	Loss 1.1691e+00 (1.1651e+00)	Acc@1  70.31 ( 71.96)	Acc@5  88.67 ( 89.00)
Epoch: [9][1700/5005]	LR 1e-05	Time  0.852 ( 0.841)	Data  0.000 ( 0.003)	Loss 1.3292e+00 (1.1658e+00)	Acc@1  66.80 ( 71.92)	Acc@5  86.72 ( 89.00)
Epoch: [9][1800/5005]	LR 1e-05	Time  0.794 ( 0.841)	Data  0.000 ( 0.002)	Loss 1.1789e+00 (1.1659e+00)	Acc@1  75.39 ( 71.90)	Acc@5  89.06 ( 89.00)
Epoch: [9][1900/5005]	LR 1e-05	Time  0.827 ( 0.840)	Data  0.000 ( 0.002)	Loss 1.1795e+00 (1.1666e+00)	Acc@1  71.88 ( 71.89)	Acc@5  88.67 ( 88.99)
Epoch: [9][2000/5005]	LR 1e-05	Time  0.823 ( 0.840)	Data  0.000 ( 0.002)	Loss 1.0710e+00 (1.1662e+00)	Acc@1  73.83 ( 71.89)	Acc@5  89.84 ( 88.99)
Epoch: [9][2100/5005]	LR 1e-05	Time  0.851 ( 0.840)	Data  0.000 ( 0.002)	Loss 1.1921e+00 (1.1658e+00)	Acc@1  71.88 ( 71.91)	Acc@5  90.23 ( 88.98)
Epoch: [9][2200/5005]	LR 1e-05	Time  0.808 ( 0.840)	Data  0.000 ( 0.002)	Loss 1.3426e+00 (1.1665e+00)	Acc@1  67.58 ( 71.90)	Acc@5  86.72 ( 88.97)
Epoch: [9][2300/5005]	LR 1e-05	Time  0.842 ( 0.840)	Data  0.000 ( 0.002)	Loss 1.1572e+00 (1.1667e+00)	Acc@1  71.09 ( 71.89)	Acc@5  88.28 ( 88.97)
Epoch: [9][2400/5005]	LR 1e-05	Time  0.841 ( 0.840)	Data  0.000 ( 0.002)	Loss 1.2240e+00 (1.1657e+00)	Acc@1  73.05 ( 71.91)	Acc@5  86.33 ( 88.99)
Epoch: [9][2500/5005]	LR 1e-05	Time  0.848 ( 0.839)	Data  0.000 ( 0.002)	Loss 1.2427e+00 (1.1653e+00)	Acc@1  72.27 ( 71.92)	Acc@5  87.50 ( 88.99)
Epoch: [9][2600/5005]	LR 1e-05	Time  0.855 ( 0.839)	Data  0.000 ( 0.002)	Loss 1.3473e+00 (1.1645e+00)	Acc@1  68.75 ( 71.93)	Acc@5  86.33 ( 89.00)
Epoch: [9][2700/5005]	LR 1e-05	Time  0.894 ( 0.839)	Data  0.000 ( 0.002)	Loss 1.0620e+00 (1.1634e+00)	Acc@1  74.22 ( 71.94)	Acc@5  89.84 ( 89.01)
Epoch: [9][2800/5005]	LR 1e-05	Time  0.825 ( 0.839)	Data  0.000 ( 0.002)	Loss 8.9303e-01 (1.1633e+00)	Acc@1  79.69 ( 71.95)	Acc@5  91.80 ( 89.02)
Epoch: [9][2900/5005]	LR 1e-05	Time  0.854 ( 0.839)	Data  0.000 ( 0.002)	Loss 1.1837e+00 (1.1633e+00)	Acc@1  70.31 ( 71.95)	Acc@5  89.45 ( 89.01)
Epoch: [9][3000/5005]	LR 1e-05	Time  0.802 ( 0.839)	Data  0.000 ( 0.002)	Loss 1.3315e+00 (1.1633e+00)	Acc@1  69.14 ( 71.95)	Acc@5  85.55 ( 89.02)
Epoch: [9][3100/5005]	LR 1e-05	Time  0.815 ( 0.839)	Data  0.000 ( 0.002)	Loss 1.2656e+00 (1.1631e+00)	Acc@1  71.09 ( 71.96)	Acc@5  89.06 ( 89.02)
Epoch: [9][3200/5005]	LR 1e-05	Time  0.814 ( 0.839)	Data  0.000 ( 0.002)	Loss 1.3095e+00 (1.1625e+00)	Acc@1  67.19 ( 71.97)	Acc@5  88.67 ( 89.02)
Epoch: [9][3300/5005]	LR 1e-05	Time  0.879 ( 0.839)	Data  0.000 ( 0.002)	Loss 1.2456e+00 (1.1629e+00)	Acc@1  70.70 ( 71.96)	Acc@5  87.89 ( 89.02)
Epoch: [9][3400/5005]	LR 1e-05	Time  0.883 ( 0.839)	Data  0.000 ( 0.002)	Loss 1.1784e+00 (1.1633e+00)	Acc@1  71.09 ( 71.94)	Acc@5  88.67 ( 89.01)
Epoch: [9][3500/5005]	LR 1e-05	Time  0.853 ( 0.839)	Data  0.000 ( 0.002)	Loss 1.1182e+00 (1.1632e+00)	Acc@1  72.27 ( 71.95)	Acc@5  89.45 ( 89.01)
Epoch: [9][3600/5005]	LR 1e-05	Time  0.801 ( 0.839)	Data  0.000 ( 0.002)	Loss 1.0254e+00 (1.1633e+00)	Acc@1  75.39 ( 71.94)	Acc@5  91.41 ( 89.01)
Epoch: [9][3700/5005]	LR 1e-05	Time  0.891 ( 0.839)	Data  0.000 ( 0.002)	Loss 1.3389e+00 (1.1629e+00)	Acc@1  69.14 ( 71.95)	Acc@5  86.72 ( 89.02)
Epoch: [9][3800/5005]	LR 1e-05	Time  0.833 ( 0.839)	Data  0.000 ( 0.002)	Loss 1.2882e+00 (1.1635e+00)	Acc@1  71.48 ( 71.94)	Acc@5  86.33 ( 89.01)
Epoch: [9][3900/5005]	LR 1e-05	Time  0.871 ( 0.839)	Data  0.000 ( 0.002)	Loss 1.2437e+00 (1.1637e+00)	Acc@1  68.75 ( 71.93)	Acc@5  88.67 ( 89.01)
Epoch: [9][4000/5005]	LR 1e-05	Time  0.857 ( 0.839)	Data  0.000 ( 0.002)	Loss 1.0581e+00 (1.1635e+00)	Acc@1  73.83 ( 71.94)	Acc@5  89.06 ( 89.01)
Epoch: [9][4100/5005]	LR 1e-05	Time  0.832 ( 0.839)	Data  0.000 ( 0.002)	Loss 1.3024e+00 (1.1639e+00)	Acc@1  72.27 ( 71.94)	Acc@5  87.50 ( 89.00)
Epoch: [9][4200/5005]	LR 1e-05	Time  0.790 ( 0.839)	Data  0.000 ( 0.002)	Loss 1.2332e+00 (1.1640e+00)	Acc@1  71.09 ( 71.94)	Acc@5  87.50 ( 89.00)
Epoch: [9][4300/5005]	LR 1e-05	Time  0.793 ( 0.839)	Data  0.000 ( 0.002)	Loss 1.3048e+00 (1.1639e+00)	Acc@1  69.14 ( 71.94)	Acc@5  86.33 ( 89.00)
Epoch: [9][4400/5005]	LR 1e-05	Time  0.846 ( 0.838)	Data  0.000 ( 0.002)	Loss 1.2050e+00 (1.1643e+00)	Acc@1  69.92 ( 71.93)	Acc@5  85.55 ( 88.99)
Epoch: [9][4500/5005]	LR 1e-05	Time  0.870 ( 0.838)	Data  0.000 ( 0.002)	Loss 9.9771e-01 (1.1643e+00)	Acc@1  76.17 ( 71.94)	Acc@5  91.02 ( 88.99)
Epoch: [9][4600/5005]	LR 1e-05	Time  0.896 ( 0.838)	Data  0.000 ( 0.002)	Loss 1.1145e+00 (1.1647e+00)	Acc@1  74.22 ( 71.93)	Acc@5  90.62 ( 88.99)
Epoch: [9][4700/5005]	LR 1e-05	Time  0.813 ( 0.838)	Data  0.000 ( 0.002)	Loss 1.2506e+00 (1.1649e+00)	Acc@1  71.48 ( 71.93)	Acc@5  87.50 ( 88.99)
Epoch: [9][4800/5005]	LR 1e-05	Time  0.822 ( 0.838)	Data  0.000 ( 0.002)	Loss 1.1968e+00 (1.1647e+00)	Acc@1  70.31 ( 71.93)	Acc@5  87.11 ( 88.99)
Epoch: [9][4900/5005]	LR 1e-05	Time  0.897 ( 0.838)	Data  0.000 ( 0.002)	Loss 1.0535e+00 (1.1646e+00)	Acc@1  74.22 ( 71.92)	Acc@5  89.84 ( 88.99)
Epoch: [9][5000/5005]	LR 1e-05	Time  0.774 ( 0.838)	Data  0.000 ( 0.002)	Loss 9.0062e-01 (1.1646e+00)	Acc@1  78.12 ( 71.93)	Acc@5  92.19 ( 88.99)
Test: [  0/196]	LR 1e-05	Time  3.073 ( 3.073)	Loss 1.1044e+00 (1.1044e+00)	Acc@1  73.83 ( 73.83)	Acc@5  88.67 ( 88.67)
Test: [100/196]	LR 1e-05	Time  0.532 ( 0.526)	Loss 9.9298e-01 (1.1784e+00)	Acc@1  75.00 ( 71.10)	Acc@5  92.97 ( 90.01)
 * Acc@1 71.264 Acc@5 90.078

