| distributed init (rank 3): env://
/home/a0393608/.pyenv/versions/3.10.12/envs/torchvision/lib/python3.10/site-packages/torch/optim/lr_scheduler.py:152: UserWarning: The epoch parameter in `scheduler.step()` was not necessary and is being deprecated where possible. Please use `scheduler.step()` to step the scheduler. During the deprecation, if epoch is different from None, the closed form is used instead of the new chainable form, where available. Please open an issue if you are unable to replicate your use case: https://github.com/pytorch/pytorch/issues/new/choose.
  warnings.warn(EPOCH_DEPRECATION_WARNING, UserWarning)
-111656_imagenet_classification_mobilenet_v2_lite', resume='', start_epoch=0, cache_dataset=False, sync_bn=False, test_only=False, auto_augment=None, ra_magnitude=9, augmix_severity=3, random_erase=0.0, amp=False, world_size=4, dist_url='env://', distributed=True, parallel=0, model_ema=False, model_ema_steps=32, model_ema_decay=0.99998, use_deterministic_algorithms=False, interpolation='bilinear', val_resize_size=232, val_crop_size=224, train_crop_size=224, clip_grad_norm=None, ra_sampler=False, ra_reps=3, weights='../edgeai-modelzoo/models/vision/classification/imagenet1k/edgeai-tv2/mobilenet_v2_lite_wt-v2_20231101_checkpoint.pth', weights_state_dict_name='model', model_surgery=2, quantization=2, quantization_type='WT8SP2_AT8SP2', pruning=0, pruning_type=1, pruning_ratio=0.5, compile_model=0, opset_version=18, train_epoch_size_factor=0.2, val_epoch_size_factor=0.0, weights_url='../edgeai-modelzoo/models/vision/classification/imagenet1k/edgeai-tv2/mobilenet_v2_lite_wt-v2_20231101_checkpoint.pth', weights_enum=None, rank=0, gpu=0, dist_backend='nccl')
Loading data
Loading training data
Took 3.268054723739624
Loading validation data
Creating data loaders
Creating model
loading pretrained checkpoint for training: ../edgeai-modelzoo/models/vision/classification/imagenet1k/edgeai-tv2/mobilenet_v2_lite_wt-v2_20231101_checkpoint.pth
Start training
Epoch: [0]  [   0/5005]  eta: 14:50:32  lr: 1.0000000000000002e-06  img/s: 9.145974423751097  loss: 1.2926 (1.2926)  acc1: 70.3125 (70.3125)  acc5: 85.9375 (85.9375)  time: 10.6758  data: 3.6781  max mem: 8008
Epoch: [0]  [ 100/5005]  eta: 1:16:53  lr: 1.0000000000000002e-06  img/s: 65.36134669444075  loss: 1.7464 (1.7075)  acc1: 59.3750 (60.4115)  acc5: 81.2500 (82.2246)  time: 0.8924  data: 0.0002  max mem: 8008
Epoch: [0]  [ 200/5005]  eta: 1:14:47  lr: 1.0000000000000002e-06  img/s: 65.14267881111385  loss: 1.5679 (1.6818)  acc1: 62.5000 (61.2251)  acc5: 81.2500 (82.6881)  time: 0.9371  data: 0.0002  max mem: 8008
Epoch: [0]  [ 300/5005]  eta: 1:13:19  lr: 1.0000000000000002e-06  img/s: 69.05935927862568  loss: 1.8465 (1.6911)  acc1: 59.3750 (60.9531)  acc5: 81.2500 (82.6256)  time: 0.9311  data: 0.0002  max mem: 8008
Epoch: [0]  [ 400/5005]  eta: 1:11:49  lr: 1.0000000000000002e-06  img/s: 66.53031636885642  loss: 1.6875 (1.6973)  acc1: 59.3750 (60.9141)  acc5: 79.6875 (82.4345)  time: 0.9335  data: 0.0002  max mem: 8008
Epoch: [0]  [ 500/5005]  eta: 1:10:17  lr: 1.0000000000000002e-06  img/s: 69.74454523677016  loss: 1.6104 (1.6954)  acc1: 62.5000 (60.7847)  acc5: 82.8125 (82.4039)  time: 0.9477  data: 0.0002  max mem: 8008
Epoch: [0]  [ 600/5005]  eta: 1:08:45  lr: 1.0000000000000002e-06  img/s: 68.3511112718095  loss: 1.7608 (1.6913)  acc1: 59.3750 (60.9167)  acc5: 79.6875 (82.4381)  time: 0.9487  data: 0.0002  max mem: 8008
Epoch: [0]  [ 700/5005]  eta: 1:07:12  lr: 1.0000000000000002e-06  img/s: 68.88902530285097  loss: 1.5832 (1.6834)  acc1: 60.9375 (61.0333)  acc5: 82.8125 (82.5539)  time: 0.9280  data: 0.0002  max mem: 8008
Epoch: [0]  [ 800/5005]  eta: 1:05:38  lr: 1.0000000000000002e-06  img/s: 67.80210663933387  loss: 1.5340 (1.6712)  acc1: 62.5000 (61.3159)  acc5: 85.9375 (82.7540)  time: 0.9347  data: 0.0002  max mem: 8008
Epoch: [0]  [ 900/5005]  eta: 1:04:04  lr: 1.0000000000000002e-06  img/s: 65.70320953520385  loss: 1.6784 (1.6741)  acc1: 60.9375 (61.3450)  acc5: 82.8125 (82.7154)  time: 0.9342  data: 0.0002  max mem: 8008
Epoch: [0]  [1000/5005]  eta: 1:02:34  lr: 1.0000000000000002e-06  img/s: 70.02098421788362  loss: 1.4128 (1.6704)  acc1: 60.9375 (61.4261)  acc5: 82.8125 (82.7220)  time: 0.9387  data: 0.0002  max mem: 8008
/home/a0393608/.pyenv/versions/3.10.12/envs/torchvision/lib/python3.10/site-packages/torch/optim/lr_scheduler.py:152: UserWarning: The epoch parameter in `scheduler.step()` was not necessary and is being deprecated where possible. Please use `scheduler.step()` to step the scheduler. During the deprecation, if epoch is different from None, the closed form is used instead of the new chainable form, where available. Please open an issue if you are unable to replicate your use case: https://github.com/pytorch/pytorch/issues/new/choose.
  warnings.warn(EPOCH_DEPRECATION_WARNING, UserWarning)
Test:   [  0/196]  eta: 0:13:02  loss: 1.0373 (1.0373)  acc1: 78.1250 (78.1250)  acc5: 90.6250 (90.6250)  time: 3.9916  data: 3.4474  max mem: 8008
Test:   [100/196]  eta: 0:00:23  loss: 1.8209 (1.2126)  acc1: 57.8125 (69.3379)  acc5: 82.8125 (90.0835)  time: 0.1822  data: 0.0026  max mem: 8008
Test:  Total time: 0:00:41
Test:  Acc@1 65.094 Acc@5 86.850
============= Diagnostic Run torch.onnx.export version 2.0.1+cu118 =============
verbose: False, log level: Level.ERROR
======================= 0 NONE 0 NOTE 0 WARNING 0 ERROR ========================

============= Diagnostic Run torch.onnx.export version 2.0.1+cu118 =============
verbose: False, log level: Level.ERROR
======================= 0 NONE 0 NOTE 0 WARNING 0 ERROR ========================

Epoch: [1]  [   0/5005]  eta: 3:21:36  lr: 0.0001  img/s: 60.83865019495713  loss: 1.4032 (1.4032)  acc1: 62.5000 (62.5000)  acc5: 81.2500 (81.2500)  time: 2.4169  data: 1.3649  max mem: 8008
Epoch: [1]  [ 100/5005]  eta: 1:17:50  lr: 0.0001  img/s: 66.83858547000567  loss: 1.3832 (1.5371)  acc1: 67.1875 (64.1708)  acc5: 87.5000 (84.8855)  time: 0.9528  data: 0.0002  max mem: 8008
Epoch: [1]  [ 200/5005]  eta: 1:15:47  lr: 0.0001  img/s: 68.5180052969368  loss: 1.3773 (1.5104)  acc1: 67.1875 (64.8787)  acc5: 87.5000 (85.0669)  time: 0.9391  data: 0.0002  max mem: 8008
Epoch: [1]  [ 300/5005]  eta: 1:13:58  lr: 0.0001  img/s: 64.67083807539566  loss: 1.3507 (1.4911)  acc1: 65.6250 (65.1630)  acc5: 84.3750 (85.1069)  time: 0.9414  data: 0.0002  max mem: 8008
Epoch: [1]  [ 400/5005]  eta: 1:12:14  lr: 0.0001  img/s: 68.89220768821718  loss: 1.4617 (1.4812)  acc1: 65.6250 (65.2237)  acc5: 85.9375 (85.3257)  time: 0.9387  data: 0.0002  max mem: 8008
Epoch: [1]  [ 500/5005]  eta: 1:10:43  lr: 0.0001  img/s: 67.82898740200018  loss: 1.2697 (1.4735)  acc1: 67.1875 (65.3849)  acc5: 85.9375 (85.3481)  time: 0.9484  data: 0.0002  max mem: 8008
Epoch: [1]  [ 600/5005]  eta: 1:09:03  lr: 0.0001  img/s: 68.91601418188446  loss: 1.3862 (1.4670)  acc1: 65.6250 (65.4456)  acc5: 85.9375 (85.4487)  time: 0.9445  data: 0.0002  max mem: 8008
Epoch: [1]  [ 700/5005]  eta: 1:07:30  lr: 0.0001  img/s: 68.21621786459599  loss: 1.4950 (1.4696)  acc1: 65.6250 (65.3999)  acc5: 82.8125 (85.3803)  time: 0.9487  data: 0.0002  max mem: 8008
Epoch: [1]  [ 800/5005]  eta: 1:05:55  lr: 0.0001  img/s: 68.98529861497667  loss: 1.4126 (1.4665)  acc1: 64.0625 (65.3675)  acc5: 85.9375 (85.4479)  time: 0.9471  data: 0.0002  max mem: 8008
Epoch: [1]  [ 900/5005]  eta: 1:04:20  lr: 0.0001  img/s: 71.51226763580874  loss: 1.4393 (1.4674)  acc1: 67.1875 (65.3787)  acc5: 84.3750 (85.4120)  time: 0.9339  data: 0.0002  max mem: 8008
Epoch: [1]  [1000/5005]  eta: 1:02:45  lr: 0.0001  img/s: 71.47500396069394  loss: 1.3548 (1.4653)  acc1: 67.1875 (65.4236)  acc5: 87.5000 (85.4505)  time: 0.9446  data: 0.0002  max mem: 8008
Test:   [  0/196]  eta: 0:13:55  loss: 0.7445 (0.7445)  acc1: 81.2500 (81.2500)  acc5: 96.8750 (96.8750)  time: 4.2649  data: 3.9223  max mem: 8008
Test:   [100/196]  eta: 0:00:23  loss: 1.4522 (1.0244)  acc1: 60.9375 (73.4220)  acc5: 89.0625 (92.4969)  time: 0.2208  data: 0.0035  max mem: 8008
Test:  Total time: 0:00:40
Test:  Acc@1 70.078 Acc@5 89.750
============= Diagnostic Run torch.onnx.export version 2.0.1+cu118 =============
verbose: False, log level: Level.ERROR
======================= 0 NONE 0 NOTE 0 WARNING 0 ERROR ========================

Epoch: [2]  [   0/5005]  eta: 3:45:38  lr: 9.957224306869053e-05  img/s: 69.53582059433876  loss: 1.6897 (1.6897)  acc1: 62.5000 (62.5000)  acc5: 79.6875 (79.6875)  time: 2.7049  data: 1.7845  max mem: 8008
Epoch: [2]  [ 100/5005]  eta: 1:18:22  lr: 9.957224306869053e-05  img/s: 71.01869153438845  loss: 1.3223 (1.4444)  acc1: 67.1875 (66.1665)  acc5: 85.9375 (85.3496)  time: 0.9470  data: 0.0002  max mem: 8008
Epoch: [2]  [ 200/5005]  eta: 1:16:09  lr: 9.957224306869053e-05  img/s: 70.96493912070615  loss: 1.3932 (1.4306)  acc1: 65.6250 (66.4024)  acc5: 85.9375 (85.4944)  time: 0.9428  data: 0.0002  max mem: 8008
Epoch: [2]  [ 300/5005]  eta: 1:14:14  lr: 9.957224306869053e-05  img/s: 65.04479744274924  loss: 1.3851 (1.4175)  acc1: 65.6250 (66.7151)  acc5: 85.9375 (85.8441)  time: 0.9383  data: 0.0002  max mem: 8008
Epoch: [2]  [ 400/5005]  eta: 1:12:38  lr: 9.957224306869053e-05  img/s: 66.39840110814288  loss: 1.3242 (1.4129)  acc1: 67.1875 (66.5719)  acc5: 85.9375 (85.9570)  time: 0.9340  data: 0.0002  max mem: 8008
Epoch: [2]  [ 500/5005]  eta: 1:11:03  lr: 9.957224306869053e-05  img/s: 70.04325617416028  loss: 1.3896 (1.4100)  acc1: 65.6250 (66.6292)  acc5: 85.9375 (85.9780)  time: 0.9610  data: 0.0002  max mem: 8008
Epoch: [2]  [ 600/5005]  eta: 1:09:28  lr: 9.957224306869053e-05  img/s: 64.64800535226341  loss: 1.4592 (1.4180)  acc1: 64.0625 (66.4543)  acc5: 85.9375 (85.8855)  time: 0.9448  data: 0.0002  max mem: 8008
Epoch: [2]  [ 700/5005]  eta: 1:07:51  lr: 9.957224306869053e-05  img/s: 69.06319708532115  loss: 1.3699 (1.4199)  acc1: 65.6250 (66.3717)  acc5: 85.9375 (85.9063)  time: 0.9397  data: 0.0002  max mem: 8008
Epoch: [2]  [ 800/5005]  eta: 1:06:12  lr: 9.957224306869053e-05  img/s: 70.33504457589036  loss: 1.4252 (1.4210)  acc1: 62.5000 (66.3097)  acc5: 84.3750 (85.9609)  time: 0.9324  data: 0.0002  max mem: 8008
Epoch: [2]  [ 900/5005]  eta: 1:04:35  lr: 9.957224306869053e-05  img/s: 69.44811974130629  loss: 1.3407 (1.4199)  acc1: 68.7500 (66.2909)  acc5: 85.9375 (85.9757)  time: 0.9385  data: 0.0002  max mem: 8008
Epoch: [2]  [1000/5005]  eta: 1:03:01  lr: 9.957224306869053e-05  img/s: 68.37534635282012  loss: 1.4593 (1.4186)  acc1: 64.0625 (66.3368)  acc5: 85.9375 (85.9937)  time: 0.9528  data: 0.0002  max mem: 8008
Test:   [  0/196]  eta: 0:16:54  loss: 0.5844 (0.5844)  acc1: 89.0625 (89.0625)  acc5: 96.8750 (96.8750)  time: 5.1742  data: 4.6233  max mem: 8008
Test:   [100/196]  eta: 0:00:23  loss: 1.4708 (0.9866)  acc1: 64.0625 (73.8397)  acc5: 87.5000 (92.6516)  time: 0.1732  data: 0.0014  max mem: 8008
Test:  Total time: 0:00:40
Test:  Acc@1 70.836 Acc@5 90.298
============= Diagnostic Run torch.onnx.export version 2.0.1+cu118 =============
verbose: False, log level: Level.ERROR
======================= 0 NONE 0 NOTE 0 WARNING 0 ERROR ========================

Epoch: [3]  [   0/5005]  eta: 3:22:47  lr: 9.829629131445342e-05  img/s: 64.75511278300688  loss: 1.3580 (1.3580)  acc1: 67.1875 (67.1875)  acc5: 85.9375 (85.9375)  time: 2.4310  data: 1.4427  max mem: 8008
Epoch: [3]  [ 100/5005]  eta: 1:18:24  lr: 9.829629131445342e-05  img/s: 64.98415820923056  loss: 1.5066 (1.4414)  acc1: 64.0625 (65.7178)  acc5: 82.8125 (85.8137)  time: 0.9482  data: 0.0002  max mem: 8008
Epoch: [3]  [ 200/5005]  eta: 1:16:09  lr: 9.829629131445342e-05  img/s: 66.04543345325246  loss: 1.3647 (1.4373)  acc1: 68.7500 (65.9204)  acc5: 85.9375 (85.8909)  time: 0.9376  data: 0.0002  max mem: 8008
Epoch: [3]  [ 300/5005]  eta: 1:14:28  lr: 9.829629131445342e-05  img/s: 64.0439602283233  loss: 1.4517 (1.4300)  acc1: 64.0625 (66.0766)  acc5: 84.3750 (85.9635)  time: 0.9577  data: 0.0002  max mem: 8008
Epoch: [3]  [ 400/5005]  eta: 1:12:48  lr: 9.829629131445342e-05  img/s: 67.17699827049584  loss: 1.3324 (1.4275)  acc1: 67.1875 (66.2056)  acc5: 85.9375 (85.9297)  time: 0.9468  data: 0.0002  max mem: 8008
Epoch: [3]  [ 500/5005]  eta: 1:11:06  lr: 9.829629131445342e-05  img/s: 68.64770528553315  loss: 1.3999 (1.4218)  acc1: 67.1875 (66.2581)  acc5: 85.9375 (85.9843)  time: 0.9422  data: 0.0002  max mem: 8008
Epoch: [3]  [ 600/5005]  eta: 1:09:29  lr: 9.829629131445342e-05  img/s: 69.04145515225822  loss: 1.3599 (1.4276)  acc1: 67.1875 (66.1944)  acc5: 85.9375 (85.8621)  time: 0.9522  data: 0.0004  max mem: 8008
Epoch: [3]  [ 700/5005]  eta: 1:07:53  lr: 9.829629131445342e-05  img/s: 68.69788032075932  loss: 1.3359 (1.4225)  acc1: 65.6250 (66.3160)  acc5: 85.9375 (85.9665)  time: 0.9329  data: 0.0002  max mem: 8008
Epoch: [3]  [ 800/5005]  eta: 1:06:15  lr: 9.829629131445342e-05  img/s: 70.20693821794701  loss: 1.3370 (1.4187)  acc1: 64.0625 (66.3858)  acc5: 84.3750 (85.9629)  time: 0.9361  data: 0.0002  max mem: 8008
Epoch: [3]  [ 900/5005]  eta: 1:04:40  lr: 9.829629131445342e-05  img/s: 67.75807101794064  loss: 1.2825 (1.4189)  acc1: 67.1875 (66.3846)  acc5: 87.5000 (85.9757)  time: 0.9364  data: 0.0002  max mem: 8008
Epoch: [3]  [1000/5005]  eta: 1:03:03  lr: 9.829629131445342e-05  img/s: 69.71733820909323  loss: 1.3733 (1.4153)  acc1: 67.1875 (66.4601)  acc5: 84.3750 (86.0514)  time: 0.9367  data: 0.0002  max mem: 8008
Test:   [  0/196]  eta: 0:16:42  loss: 0.9945 (0.9945)  acc1: 78.1250 (78.1250)  acc5: 93.7500 (93.7500)  time: 5.1158  data: 4.9109  max mem: 8008
Test:   [100/196]  eta: 0:00:21  loss: 1.7316 (1.3055)  acc1: 57.8125 (67.1256)  acc5: 82.8125 (88.9851)  time: 0.2061  data: 0.0026  max mem: 8008
Test:  Total time: 0:00:38
Test:  Acc@1 63.894 Acc@5 85.818
Epoch: [4]  [   0/5005]  eta: 8:32:21  lr: 9.619397662556433e-05  img/s: 24.533951317141053  loss: 1.6520 (1.6520)  acc1: 65.6250 (65.6250)  acc5: 84.3750 (84.3750)  time: 6.1421  data: 3.5334  max mem: 8008
Epoch: [4]  [ 100/5005]  eta: 1:21:36  lr: 9.619397662556433e-05  img/s: 66.66742564111735  loss: 1.4407 (1.3918)  acc1: 67.1875 (66.3676)  acc5: 84.3750 (86.5254)  time: 0.9482  data: 0.0002  max mem: 8008
Epoch: [4]  [ 200/5005]  eta: 1:17:43  lr: 9.619397662556433e-05  img/s: 66.18423711537959  loss: 1.2808 (1.3968)  acc1: 68.7500 (66.3479)  acc5: 87.5000 (86.4350)  time: 0.9543  data: 0.0002  max mem: 8008
Epoch: [4]  [ 300/5005]  eta: 1:15:26  lr: 9.619397662556433e-05  img/s: 68.39755951827367  loss: 1.3326 (1.4044)  acc1: 65.6250 (66.1233)  acc5: 87.5000 (86.3061)  time: 0.9372  data: 0.0002  max mem: 8008
Epoch: [4]  [ 400/5005]  eta: 1:13:34  lr: 9.619397662556433e-05  img/s: 65.39870423395806  loss: 1.4232 (1.4182)  acc1: 67.1875 (66.0965)  acc5: 85.9375 (86.0856)  time: 0.9644  data: 0.0002  max mem: 8008
Epoch: [4]  [ 500/5005]  eta: 1:11:41  lr: 9.619397662556433e-05  img/s: 69.2387340064561  loss: 1.3485 (1.4125)  acc1: 67.1875 (66.4016)  acc5: 85.9375 (86.1402)  time: 0.9493  data: 0.0002  max mem: 8008
Epoch: [4]  [ 600/5005]  eta: 1:09:58  lr: 9.619397662556433e-05  img/s: 69.48268792079813  loss: 1.2455 (1.4115)  acc1: 67.1875 (66.3920)  acc5: 87.5000 (86.2079)  time: 0.9341  data: 0.0002  max mem: 8008
Epoch: [4]  [ 700/5005]  eta: 1:08:16  lr: 9.619397662556433e-05  img/s: 71.60971351894979  loss: 1.3987 (1.4149)  acc1: 67.1875 (66.3494)  acc5: 85.9375 (86.1180)  time: 0.9418  data: 0.0002  max mem: 8008
Epoch: [4]  [ 800/5005]  eta: 1:06:36  lr: 9.619397662556433e-05  img/s: 71.87529195480595  loss: 1.4726 (1.4179)  acc1: 65.6250 (66.3272)  acc5: 85.9375 (86.0662)  time: 0.9366  data: 0.0002  max mem: 8008
Epoch: [4]  [ 900/5005]  eta: 1:04:59  lr: 9.619397662556433e-05  img/s: 67.6554012451083  loss: 1.4740 (1.4182)  acc1: 67.1875 (66.2875)  acc5: 84.3750 (86.0485)  time: 0.9415  data: 0.0002  max mem: 8008
Epoch: [4]  [1000/5005]  eta: 1:03:23  lr: 9.619397662556433e-05  img/s: 68.4560971050517  loss: 1.3537 (1.4166)  acc1: 67.1875 (66.3149)  acc5: 85.9375 (86.0795)  time: 0.9451  data: 0.0002  max mem: 8008
Test:   [  0/196]  eta: 0:14:13  loss: 0.8805 (0.8805)  acc1: 75.0000 (75.0000)  acc5: 98.4375 (98.4375)  time: 4.3541  data: 3.8268  max mem: 8008
Test:   [100/196]  eta: 0:00:25  loss: 1.6747 (1.4075)  acc1: 54.6875 (65.6250)  acc5: 82.8125 (87.4381)  time: 0.1758  data: 0.0024  max mem: 8008
Test:  Total time: 0:00:41
Test:  Acc@1 62.340 Acc@5 84.704
Epoch: [5]  [   0/5005]  eta: 8:17:07  lr: 9.330127018922194e-05  img/s: 27.691969388941448  loss: 1.8153 (1.8153)  acc1: 57.8125 (57.8125)  acc5: 81.2500 (81.2500)  time: 5.9596  data: 3.6484  max mem: 8008
Epoch: [5]  [ 100/5005]  eta: 1:21:19  lr: 9.330127018922194e-05  img/s: 66.55058775695386  loss: 1.3665 (1.4671)  acc1: 65.6250 (65.4703)  acc5: 85.9375 (85.3960)  time: 0.9474  data: 0.0002  max mem: 8008
Epoch: [5]  [ 200/5005]  eta: 1:17:44  lr: 9.330127018922194e-05  img/s: 69.2555970558391  loss: 1.4385 (1.4462)  acc1: 65.6250 (65.9359)  acc5: 84.3750 (85.7276)  time: 0.9434  data: 0.0002  max mem: 8008
Epoch: [5]  [ 300/5005]  eta: 1:15:24  lr: 9.330127018922194e-05  img/s: 71.1249333623024  loss: 1.4826 (1.4414)  acc1: 65.6250 (66.1856)  acc5: 85.9375 (85.6105)  time: 0.9425  data: 0.0002  max mem: 8008
Epoch: [5]  [ 400/5005]  eta: 1:13:34  lr: 9.330127018922194e-05  img/s: 65.72260985170296  loss: 1.2782 (1.4442)  acc1: 67.1875 (66.0614)  acc5: 87.5000 (85.6063)  time: 0.9489  data: 0.0002  max mem: 8008
Epoch: [5]  [ 500/5005]  eta: 1:11:41  lr: 9.330127018922194e-05  img/s: 72.21049969844532  loss: 1.3613 (1.4399)  acc1: 67.1875 (66.2425)  acc5: 85.9375 (85.6350)  time: 0.9417  data: 0.0002  max mem: 8008
Epoch: [5]  [ 600/5005]  eta: 1:10:02  lr: 9.330127018922194e-05  img/s: 66.16792305026372  loss: 1.3757 (1.4403)  acc1: 65.6250 (66.2126)  acc5: 84.3750 (85.6385)  time: 0.9541  data: 0.0002  max mem: 8008
Epoch: [5]  [ 700/5005]  eta: 1:08:20  lr: 9.330127018922194e-05  img/s: 66.52429835924275  loss: 1.3126 (1.4385)  acc1: 68.7500 (66.2892)  acc5: 85.9375 (85.6388)  time: 0.9494  data: 0.0002  max mem: 8008
Epoch: [5]  [ 800/5005]  eta: 1:06:41  lr: 9.330127018922194e-05  img/s: 67.95154813632561  loss: 1.3867 (1.4307)  acc1: 67.1875 (66.4150)  acc5: 87.5000 (85.7736)  time: 0.9376  data: 0.0002  max mem: 8008
Epoch: [5]  [ 900/5005]  eta: 1:05:04  lr: 9.330127018922194e-05  img/s: 67.96460635866191  loss: 1.3280 (1.4275)  acc1: 68.7500 (66.4539)  acc5: 87.5000 (85.8074)  time: 0.9512  data: 0.0002  max mem: 8008
Epoch: [5]  [1000/5005]  eta: 1:03:28  lr: 9.330127018922194e-05  img/s: 70.92946172336354  loss: 1.4614 (1.4268)  acc1: 62.5000 (66.4788)  acc5: 84.3750 (85.7642)  time: 0.9412  data: 0.0002  max mem: 8008
Test:   [  0/196]  eta: 0:16:49  loss: 0.8232 (0.8232)  acc1: 82.8125 (82.8125)  acc5: 93.7500 (93.7500)  time: 5.1510  data: 4.9544  max mem: 8008
Test:   [100/196]  eta: 0:00:23  loss: 1.5310 (1.1048)  acc1: 60.9375 (71.8131)  acc5: 84.3750 (91.4295)  time: 0.2331  data: 0.0034  max mem: 8008
Test:  Total time: 0:00:40
Test:  Acc@1 67.746 Acc@5 88.484
Epoch: [6]  [   0/5005]  eta: 8:39:07  lr: 8.966766701456176e-05  img/s: 43.84388477375934  loss: 1.6230 (1.6230)  acc1: 65.6250 (65.6250)  acc5: 81.2500 (81.2500)  time: 6.2233  data: 4.7635  max mem: 8008
Epoch: [6]  [ 100/5005]  eta: 1:21:29  lr: 8.966766701456176e-05  img/s: 65.16551432323118  loss: 1.4195 (1.4557)  acc1: 65.6250 (65.8725)  acc5: 84.3750 (85.3496)  time: 0.9418  data: 0.0002  max mem: 8008
Epoch: [6]  [ 200/5005]  eta: 1:17:46  lr: 8.966766701456176e-05  img/s: 69.10030009869432  loss: 1.4820 (1.4532)  acc1: 62.5000 (65.9981)  acc5: 84.3750 (85.4711)  time: 0.9329  data: 0.0002  max mem: 8008
Epoch: [6]  [ 300/5005]  eta: 1:15:25  lr: 8.966766701456176e-05  img/s: 67.78154499794586  loss: 1.3918 (1.4423)  acc1: 67.1875 (66.0299)  acc5: 87.5000 (85.7558)  time: 0.9445  data: 0.0002  max mem: 8008
Epoch: [6]  [ 400/5005]  eta: 1:13:31  lr: 8.966766701456176e-05  img/s: 66.83550677728093  loss: 1.5368 (1.4284)  acc1: 67.1875 (66.4277)  acc5: 84.3750 (85.9414)  time: 0.9509  data: 0.0002  max mem: 8008
Epoch: [6]  [ 500/5005]  eta: 1:11:42  lr: 8.966766701456176e-05  img/s: 68.14452448309406  loss: 1.5073 (1.4298)  acc1: 62.5000 (66.2675)  acc5: 84.3750 (85.9157)  time: 0.9542  data: 0.0002  max mem: 8008
Epoch: [6]  [ 600/5005]  eta: 1:09:57  lr: 8.966766701456176e-05  img/s: 68.7257577204496  loss: 1.4538 (1.4321)  acc1: 62.5000 (66.1866)  acc5: 84.3750 (85.8257)  time: 0.9442  data: 0.0002  max mem: 8008
Epoch: [6]  [ 700/5005]  eta: 1:08:14  lr: 8.966766701456176e-05  img/s: 67.13659141225327  loss: 1.4398 (1.4289)  acc1: 65.6250 (66.1221)  acc5: 85.9375 (85.8773)  time: 0.9391  data: 0.0002  max mem: 8008
Epoch: [6]  [ 800/5005]  eta: 1:06:35  lr: 8.966766701456176e-05  img/s: 70.51922669225759  loss: 1.3941 (1.4297)  acc1: 67.1875 (66.1341)  acc5: 85.9375 (85.8400)  time: 0.9473  data: 0.0002  max mem: 8008
Epoch: [6]  [ 900/5005]  eta: 1:04:58  lr: 8.966766701456176e-05  img/s: 71.1727761378915  loss: 1.3967 (1.4287)  acc1: 67.1875 (66.1765)  acc5: 85.9375 (85.8456)  time: 0.9451  data: 0.0002  max mem: 8008
Epoch: [6]  [1000/5005]  eta: 1:03:21  lr: 8.966766701456176e-05  img/s: 68.3350510726855  loss: 1.3207 (1.4281)  acc1: 67.1875 (66.1682)  acc5: 85.9375 (85.8189)  time: 0.9440  data: 0.0002  max mem: 8008
Test:   [  0/196]  eta: 0:14:14  loss: 0.5349 (0.5349)  acc1: 85.9375 (85.9375)  acc5: 95.3125 (95.3125)  time: 4.3576  data: 4.2001  max mem: 8008
Test:   [100/196]  eta: 0:00:23  loss: 1.4800 (0.9850)  acc1: 65.6250 (74.0873)  acc5: 89.0625 (92.9146)  time: 0.2052  data: 0.0035  max mem: 8008
Test:  Total time: 0:00:40
Test:  Acc@1 71.196 Acc@5 90.340
============= Diagnostic Run torch.onnx.export version 2.0.1+cu118 =============
verbose: False, log level: Level.ERROR
======================= 0 NONE 0 NOTE 0 WARNING 0 ERROR ========================

Epoch: [7]  [   0/5005]  eta: 3:19:12  lr: 8.535533905932738e-05  img/s: 68.61419073043501  loss: 1.3247 (1.3247)  acc1: 64.0625 (64.0625)  acc5: 82.8125 (82.8125)  time: 2.3880  data: 1.4553  max mem: 8008
Epoch: [7]  [ 100/5005]  eta: 1:18:34  lr: 8.535533905932738e-05  img/s: 67.54433924117265  loss: 1.5160 (1.3990)  acc1: 64.0625 (67.2030)  acc5: 84.3750 (85.6590)  time: 0.9452  data: 0.0002  max mem: 8008
Epoch: [7]  [ 200/5005]  eta: 1:16:28  lr: 8.535533905932738e-05  img/s: 67.00595959754807  loss: 1.4420 (1.4103)  acc1: 64.0625 (66.6200)  acc5: 85.9375 (85.9453)  time: 0.9440  data: 0.0002  max mem: 8008
Epoch: [7]  [ 300/5005]  eta: 1:14:38  lr: 8.535533905932738e-05  img/s: 66.30924086441601  loss: 1.4003 (1.4031)  acc1: 65.6250 (66.7463)  acc5: 85.9375 (86.1659)  time: 0.9432  data: 0.0002  max mem: 8008
Epoch: [7]  [ 400/5005]  eta: 1:12:51  lr: 8.535533905932738e-05  img/s: 69.86925867159748  loss: 1.4316 (1.3966)  acc1: 64.0625 (66.8641)  acc5: 85.9375 (86.2025)  time: 0.9422  data: 0.0002  max mem: 8008
Epoch: [7]  [ 500/5005]  eta: 1:11:11  lr: 8.535533905932738e-05  img/s: 67.8469026065541  loss: 1.3571 (1.4016)  acc1: 65.6250 (66.8943)  acc5: 85.9375 (86.1059)  time: 0.9435  data: 0.0002  max mem: 8008
Epoch: [7]  [ 600/5005]  eta: 1:09:34  lr: 8.535533905932738e-05  img/s: 69.87962611528407  loss: 1.3609 (1.4037)  acc1: 68.7500 (66.9197)  acc5: 87.5000 (86.0623)  time: 0.9384  data: 0.0002  max mem: 8008
Epoch: [7]  [ 700/5005]  eta: 1:07:55  lr: 8.535533905932738e-05  img/s: 67.49123559526497  loss: 1.3531 (1.4040)  acc1: 65.6250 (66.8910)  acc5: 87.5000 (86.0935)  time: 0.9308  data: 0.0002  max mem: 8008
Epoch: [7]  [ 800/5005]  eta: 1:06:20  lr: 8.535533905932738e-05  img/s: 67.07529281594562  loss: 1.5219 (1.4090)  acc1: 67.1875 (66.7564)  acc5: 84.3750 (86.0136)  time: 0.9512  data: 0.0002  max mem: 8008
Epoch: [7]  [ 900/5005]  eta: 1:04:45  lr: 8.535533905932738e-05  img/s: 66.7232868063677  loss: 1.4031 (1.4095)  acc1: 64.0625 (66.7383)  acc5: 84.3750 (86.0017)  time: 0.9435  data: 0.0002  max mem: 8008
Epoch: [7]  [1000/5005]  eta: 1:03:09  lr: 8.535533905932738e-05  img/s: 69.4122038670213  loss: 1.2933 (1.4123)  acc1: 68.7500 (66.6708)  acc5: 87.5000 (85.9562)  time: 0.9482  data: 0.0002  max mem: 8008
Test:   [  0/196]  eta: 0:15:50  loss: 0.5509 (0.5509)  acc1: 82.8125 (82.8125)  acc5: 96.8750 (96.8750)  time: 4.8497  data: 4.5050  max mem: 8008
Test:   [100/196]  eta: 0:00:25  loss: 1.4042 (0.9927)  acc1: 65.6250 (74.5359)  acc5: 87.5000 (92.9146)  time: 0.2210  data: 0.0034  max mem: 8008
Test:  Total time: 0:00:41
Test:  Acc@1 71.132 Acc@5 90.424
Epoch: [8]  [   0/5005]  eta: 8:18:52  lr: 8.043807145043604e-05  img/s: 22.643404625611993  loss: 1.7434 (1.7434)  acc1: 54.6875 (54.6875)  acc5: 84.3750 (84.3750)  time: 5.9806  data: 3.1541  max mem: 8008
Epoch: [8]  [ 100/5005]  eta: 1:21:40  lr: 8.043807145043604e-05  img/s: 69.38972149290207  loss: 1.4541 (1.4269)  acc1: 64.0625 (66.1200)  acc5: 82.8125 (85.5817)  time: 0.9444  data: 0.0002  max mem: 8008
Epoch: [8]  [ 200/5005]  eta: 1:17:48  lr: 8.043807145043604e-05  img/s: 67.52587001024828  loss: 1.3777 (1.4132)  acc1: 67.1875 (66.4101)  acc5: 87.5000 (85.9764)  time: 0.9514  data: 0.0002  max mem: 8008
Epoch: [8]  [ 300/5005]  eta: 1:15:29  lr: 8.043807145043604e-05  img/s: 67.85758765781947  loss: 1.3581 (1.4063)  acc1: 65.6250 (66.4711)  acc5: 85.9375 (86.1555)  time: 0.9416  data: 0.0002  max mem: 8008
Epoch: [8]  [ 400/5005]  eta: 1:13:30  lr: 8.043807145043604e-05  img/s: 68.08543034885116  loss: 1.4165 (1.4116)  acc1: 65.6250 (66.5017)  acc5: 84.3750 (86.0661)  time: 0.9537  data: 0.0002  max mem: 8008
Epoch: [8]  [ 500/5005]  eta: 1:11:42  lr: 8.043807145043604e-05  img/s: 71.66266825421403  loss: 1.3396 (1.4083)  acc1: 67.1875 (66.6230)  acc5: 87.5000 (86.1402)  time: 0.9465  data: 0.0002  max mem: 8008
Epoch: [8]  [ 600/5005]  eta: 1:09:58  lr: 8.043807145043604e-05  img/s: 68.6697268922611  loss: 1.3514 (1.4118)  acc1: 68.7500 (66.5713)  acc5: 87.5000 (86.0701)  time: 0.9471  data: 0.0002  max mem: 8008
Epoch: [8]  [ 700/5005]  eta: 1:08:22  lr: 8.043807145043604e-05  img/s: 65.33530449191473  loss: 1.4544 (1.4155)  acc1: 67.1875 (66.5924)  acc5: 85.9375 (85.9442)  time: 0.9478  data: 0.0002  max mem: 8008
Epoch: [8]  [ 800/5005]  eta: 1:06:42  lr: 8.043807145043604e-05  img/s: 68.36063263432528  loss: 1.3673 (1.4149)  acc1: 67.1875 (66.5438)  acc5: 85.9375 (85.9473)  time: 0.9337  data: 0.0002  max mem: 8008
Epoch: [8]  [ 900/5005]  eta: 1:05:04  lr: 8.043807145043604e-05  img/s: 64.99130117721857  loss: 1.4185 (1.4169)  acc1: 64.0625 (66.4886)  acc5: 89.0625 (85.9566)  time: 0.9519  data: 0.0002  max mem: 8008
Epoch: [8]  [1000/5005]  eta: 1:03:26  lr: 8.043807145043604e-05  img/s: 67.52874082828507  loss: 1.3806 (1.4164)  acc1: 67.1875 (66.5272)  acc5: 85.9375 (85.9672)  time: 0.9373  data: 0.0002  max mem: 8008
Test:   [  0/196]  eta: 0:17:38  loss: 0.6379 (0.6379)  acc1: 81.2500 (81.2500)  acc5: 96.8750 (96.8750)  time: 5.3989  data: 4.7758  max mem: 8008
Test:   [100/196]  eta: 0:00:24  loss: 1.4093 (1.0110)  acc1: 65.6250 (73.8243)  acc5: 87.5000 (92.4814)  time: 0.1631  data: 0.0017  max mem: 8008
Test:  Total time: 0:00:40
Test:  Acc@1 70.724 Acc@5 90.022
Epoch: [9]  [   0/5005]  eta: 8:50:10  lr: 7.500000000000001e-05  img/s: 18.545155842327304  loss: 1.7494 (1.7494)  acc1: 60.9375 (60.9375)  acc5: 78.1250 (78.1250)  time: 6.3558  data: 2.9047  max mem: 8008
Epoch: [9]  [ 100/5005]  eta: 1:21:58  lr: 7.500000000000001e-05  img/s: 70.54144603477518  loss: 1.2779 (1.4292)  acc1: 67.1875 (66.0118)  acc5: 85.9375 (85.5507)  time: 0.9504  data: 0.0002  max mem: 8008
Epoch: [9]  [ 200/5005]  eta: 1:18:11  lr: 7.500000000000001e-05  img/s: 63.357976740025386  loss: 1.3499 (1.4206)  acc1: 67.1875 (66.4490)  acc5: 84.3750 (85.5566)  time: 0.9495  data: 0.0002  max mem: 8008
Epoch: [9]  [ 300/5005]  eta: 1:15:38  lr: 7.500000000000001e-05  img/s: 65.12380889996786  loss: 1.3955 (1.4036)  acc1: 64.0625 (66.5801)  acc5: 87.5000 (86.0569)  time: 0.9503  data: 0.0002  max mem: 8008
Epoch: [9]  [ 400/5005]  eta: 1:13:36  lr: 7.500000000000001e-05  img/s: 66.49387873901256  loss: 1.3749 (1.4109)  acc1: 65.6250 (66.4355)  acc5: 85.9375 (85.9453)  time: 0.9356  data: 0.0002  max mem: 8008
Epoch: [9]  [ 500/5005]  eta: 1:11:46  lr: 7.500000000000001e-05  img/s: 65.91345753416047  loss: 1.5225 (1.4131)  acc1: 65.6250 (66.4795)  acc5: 84.3750 (85.9032)  time: 0.9443  data: 0.0002  max mem: 8008
Epoch: [9]  [ 600/5005]  eta: 1:10:03  lr: 7.500000000000001e-05  img/s: 67.35856219003847  loss: 1.3011 (1.4176)  acc1: 68.7500 (66.5037)  acc5: 87.5000 (85.8881)  time: 0.9406  data: 0.0002  max mem: 8008
Epoch: [9]  [ 700/5005]  eta: 1:08:22  lr: 7.500000000000001e-05  img/s: 64.40110350294289  loss: 1.4253 (1.4150)  acc1: 65.6250 (66.5478)  acc5: 85.9375 (85.9843)  time: 0.9457  data: 0.0002  max mem: 8008
Epoch: [9]  [ 800/5005]  eta: 1:06:40  lr: 7.500000000000001e-05  img/s: 68.90893772574066  loss: 1.2848 (1.4116)  acc1: 67.1875 (66.6511)  acc5: 85.9375 (86.0058)  time: 0.9398  data: 0.0002  max mem: 8008
Epoch: [9]  [ 900/5005]  eta: 1:05:04  lr: 7.500000000000001e-05  img/s: 71.03032387825148  loss: 1.3561 (1.4086)  acc1: 65.6250 (66.6274)  acc5: 87.5000 (86.0832)  time: 0.9412  data: 0.0002  max mem: 8008
Epoch: [9]  [1000/5005]  eta: 1:03:26  lr: 7.500000000000001e-05  img/s: 71.88945911398571  loss: 1.4542 (1.4124)  acc1: 65.6250 (66.5647)  acc5: 87.5000 (86.0514)  time: 0.9403  data: 0.0002  max mem: 8008
Test:   [  0/196]  eta: 0:15:12  loss: 0.5793 (0.5793)  acc1: 84.3750 (84.3750)  acc5: 96.8750 (96.8750)  time: 4.6550  data: 4.1013  max mem: 8008
Test:   [100/196]  eta: 0:00:23  loss: 1.3724 (0.9877)  acc1: 67.1875 (74.0873)  acc5: 87.5000 (92.9455)  time: 0.1815  data: 0.0023  max mem: 8008
Test:  Total time: 0:00:38
Test:  Acc@1 70.994 Acc@5 90.352
Epoch: [10]  [   0/5005]  eta: 8:35:25  lr: 6.91341716182545e-05  img/s: 30.141881238258964  loss: 1.5467 (1.5467)  acc1: 64.0625 (64.0625)  acc5: 82.8125 (82.8125)  time: 6.1789  data: 4.0555  max mem: 8008
Epoch: [10]  [ 100/5005]  eta: 1:21:27  lr: 6.91341716182545e-05  img/s: 65.43318555121884  loss: 1.4516 (1.4585)  acc1: 64.0625 (65.2228)  acc5: 82.8125 (84.8546)  time: 0.9432  data: 0.0002  max mem: 8008
Epoch: [10]  [ 200/5005]  eta: 1:17:50  lr: 6.91341716182545e-05  img/s: 66.34531238607674  loss: 1.4075 (1.4374)  acc1: 65.6250 (65.8116)  acc5: 84.3750 (85.2379)  time: 0.9623  data: 0.0002  max mem: 8008
Epoch: [10]  [ 300/5005]  eta: 1:15:26  lr: 6.91341716182545e-05  img/s: 67.17165270236353  loss: 1.4510 (1.4378)  acc1: 65.6250 (65.9572)  acc5: 85.9375 (85.4495)  time: 0.9450  data: 0.0002  max mem: 8008
Epoch: [10]  [ 400/5005]  eta: 1:13:26  lr: 6.91341716182545e-05  img/s: 66.09942660657765  loss: 1.3101 (1.4343)  acc1: 65.6250 (66.0653)  acc5: 89.0625 (85.4816)  time: 0.9355  data: 0.0002  max mem: 8008
Epoch: [10]  [ 500/5005]  eta: 1:11:40  lr: 6.91341716182545e-05  img/s: 66.93495026547274  loss: 1.3724 (1.4263)  acc1: 67.1875 (66.3142)  acc5: 84.3750 (85.6163)  time: 0.9395  data: 0.0002  max mem: 8008
Epoch: [10]  [ 600/5005]  eta: 1:09:58  lr: 6.91341716182545e-05  img/s: 67.18675024021597  loss: 1.4588 (1.4286)  acc1: 65.6250 (66.1996)  acc5: 85.9375 (85.6489)  time: 0.9417  data: 0.0002  max mem: 8008
Epoch: [10]  [ 700/5005]  eta: 1:08:16  lr: 6.91341716182545e-05  img/s: 71.85235915759687  loss: 1.3839 (1.4246)  acc1: 68.7500 (66.3539)  acc5: 87.5000 (85.6990)  time: 0.9455  data: 0.0002  max mem: 8008
Epoch: [10]  [ 800/5005]  eta: 1:06:36  lr: 6.91341716182545e-05  img/s: 66.56426843777633  loss: 1.3826 (1.4217)  acc1: 67.1875 (66.3311)  acc5: 85.9375 (85.7639)  time: 0.9451  data: 0.0002  max mem: 8008
Epoch: [10]  [ 900/5005]  eta: 1:04:57  lr: 6.91341716182545e-05  img/s: 65.94759283772058  loss: 1.4263 (1.4237)  acc1: 65.6250 (66.2320)  acc5: 84.3750 (85.7433)  time: 0.9430  data: 0.0002  max mem: 8008
Epoch: [10]  [1000/5005]  eta: 1:03:20  lr: 6.91341716182545e-05  img/s: 66.92338583615509  loss: 1.4565 (1.4294)  acc1: 65.6250 (66.1823)  acc5: 84.3750 (85.6487)  time: 0.9447  data: 0.0002  max mem: 8008
Test:   [  0/196]  eta: 0:16:42  loss: 0.6096 (0.6096)  acc1: 84.3750 (84.3750)  acc5: 96.8750 (96.8750)  time: 5.1144  data: 4.5739  max mem: 8008
Test:   [100/196]  eta: 0:00:23  loss: 1.4970 (1.0530)  acc1: 65.6250 (72.6485)  acc5: 84.3750 (91.8317)  time: 0.1831  data: 0.0014  max mem: 8008
Test:  Total time: 0:00:39
Test:  Acc@1 69.026 Acc@5 89.300
Freezing BN for subsequent epochs
Epoch: [11]  [   0/5005]  eta: 8:15:59  lr: 6.294095225512605e-05  img/s: 23.91688643269288  loss: 1.7321 (1.7321)  acc1: 64.0625 (64.0625)  acc5: 79.6875 (79.6875)  time: 5.9459  data: 3.2699  max mem: 8008
Epoch: [11]  [ 100/5005]  eta: 1:20:53  lr: 6.294095225512605e-05  img/s: 69.21431144337384  loss: 1.4372 (1.3567)  acc1: 65.6250 (68.3787)  acc5: 85.9375 (86.6955)  time: 0.9315  data: 0.0002  max mem: 8008
Epoch: [11]  [ 200/5005]  eta: 1:17:04  lr: 6.294095225512605e-05  img/s: 66.41883868490255  loss: 1.2002 (1.3428)  acc1: 70.3125 (68.3302)  acc5: 87.5000 (86.6138)  time: 0.9334  data: 0.0002  max mem: 8008
Epoch: [11]  [ 300/5005]  eta: 1:14:52  lr: 6.294095225512605e-05  img/s: 65.88973910226042  loss: 1.2736 (1.3199)  acc1: 68.7500 (68.8850)  acc5: 87.5000 (87.0691)  time: 0.9376  data: 0.0002  max mem: 8008
Epoch: [11]  [ 400/5005]  eta: 1:12:55  lr: 6.294095225512605e-05  img/s: 67.42305543834267  loss: 1.2627 (1.3188)  acc1: 70.3125 (68.6604)  acc5: 85.9375 (87.1610)  time: 0.9394  data: 0.0002  max mem: 8008
Epoch: [11]  [ 500/5005]  eta: 1:11:23  lr: 6.294095225512605e-05  img/s: 66.60950916218836  loss: 1.4058 (1.3197)  acc1: 65.6250 (68.5317)  acc5: 85.9375 (87.1601)  time: 0.9590  data: 0.0002  max mem: 8008
Epoch: [11]  [ 600/5005]  eta: 1:09:45  lr: 6.294095225512605e-05  img/s: 68.96284385344505  loss: 1.2989 (1.3162)  acc1: 68.7500 (68.6772)  acc5: 87.5000 (87.2244)  time: 0.9400  data: 0.0002  max mem: 8008
Epoch: [11]  [ 700/5005]  eta: 1:08:09  lr: 6.294095225512605e-05  img/s: 68.87085597937636  loss: 1.3298 (1.3169)  acc1: 65.6250 (68.7299)  acc5: 87.5000 (87.1389)  time: 0.9416  data: 0.0002  max mem: 8008
Epoch: [11]  [ 800/5005]  eta: 1:06:31  lr: 6.294095225512605e-05  img/s: 68.48877585594559  loss: 1.2611 (1.3180)  acc1: 70.3125 (68.6876)  acc5: 87.5000 (87.1430)  time: 0.9442  data: 0.0002  max mem: 8008
Epoch: [11]  [ 900/5005]  eta: 1:04:53  lr: 6.294095225512605e-05  img/s: 70.03143328156457  loss: 1.1849 (1.3160)  acc1: 68.7500 (68.7500)  acc5: 89.0625 (87.1670)  time: 0.9518  data: 0.0002  max mem: 8008
Epoch: [11]  [1000/5005]  eta: 1:03:15  lr: 6.294095225512605e-05  img/s: 67.72340309049392  loss: 1.1886 (1.3121)  acc1: 67.1875 (68.7391)  acc5: 89.0625 (87.2268)  time: 0.9489  data: 0.0002  max mem: 8008
Test:   [  0/196]  eta: 0:17:38  loss: 0.6018 (0.6018)  acc1: 84.3750 (84.3750)  acc5: 98.4375 (98.4375)  time: 5.3986  data: 4.8802  max mem: 8008
Test:   [100/196]  eta: 0:00:23  loss: 1.5272 (0.9861)  acc1: 64.0625 (74.4740)  acc5: 87.5000 (92.9610)  time: 0.1924  data: 0.0033  max mem: 8008
Test:  Total time: 0:00:40
Test:  Acc@1 71.336 Acc@5 90.544
============= Diagnostic Run torch.onnx.export version 2.0.1+cu118 =============
verbose: False, log level: Level.ERROR
======================= 0 NONE 0 NOTE 0 WARNING 0 ERROR ========================

Epoch: [12]  [   0/5005]  eta: 3:29:22  lr: 5.65263096110026e-05  img/s: 63.719617542893495  loss: 1.5508 (1.5508)  acc1: 70.3125 (70.3125)  acc5: 82.8125 (82.8125)  time: 2.5100  data: 1.5055  max mem: 8008
Epoch: [12]  [ 100/5005]  eta: 1:18:05  lr: 5.65263096110026e-05  img/s: 67.77119185802852  loss: 1.2884 (1.3290)  acc1: 68.7500 (68.4406)  acc5: 87.5000 (87.1287)  time: 0.9405  data: 0.0002  max mem: 8008
Epoch: [12]  [ 200/5005]  eta: 1:17:03  lr: 5.65263096110026e-05  img/s: 67.17338403536597  loss: 1.3775 (1.3241)  acc1: 65.6250 (68.5479)  acc5: 84.3750 (87.1269)  time: 0.9734  data: 0.0003  max mem: 8008
Epoch: [12]  [ 300/5005]  eta: 1:15:18  lr: 5.65263096110026e-05  img/s: 62.164487182931204  loss: 1.3651 (1.3333)  acc1: 67.1875 (68.3555)  acc5: 87.5000 (86.9082)  time: 0.9528  data: 0.0002  max mem: 8008
Epoch: [12]  [ 400/5005]  eta: 1:13:36  lr: 5.65263096110026e-05  img/s: 71.94219227468639  loss: 1.3505 (1.3246)  acc1: 68.7500 (68.6916)  acc5: 87.5000 (87.0012)  time: 0.9471  data: 0.0002  max mem: 8008
Epoch: [12]  [ 500/5005]  eta: 1:11:48  lr: 5.65263096110026e-05  img/s: 60.26765632665066  loss: 1.3506 (1.3258)  acc1: 65.6250 (68.5535)  acc5: 89.0625 (87.1382)  time: 0.9501  data: 0.0002  max mem: 8008
Epoch: [12]  [ 600/5005]  eta: 1:10:03  lr: 5.65263096110026e-05  img/s: 68.18315783484583  loss: 1.2339 (1.3252)  acc1: 67.1875 (68.5368)  acc5: 89.0625 (87.1256)  time: 0.9487  data: 0.0002  max mem: 8008
Epoch: [12]  [ 700/5005]  eta: 1:08:25  lr: 5.65263096110026e-05  img/s: 65.92695845234557  loss: 1.3190 (1.3254)  acc1: 68.7500 (68.5672)  acc5: 87.5000 (87.1188)  time: 0.9598  data: 0.0002  max mem: 8008
Epoch: [12]  [ 800/5005]  eta: 1:06:45  lr: 5.65263096110026e-05  img/s: 69.08838438952878  loss: 1.2982 (1.3264)  acc1: 67.1875 (68.4730)  acc5: 87.5000 (87.1157)  time: 0.9429  data: 0.0002  max mem: 8008
Epoch: [12]  [ 900/5005]  eta: 1:05:08  lr: 5.65263096110026e-05  img/s: 67.94060993193928  loss: 1.2890 (1.3260)  acc1: 68.7500 (68.4517)  acc5: 87.5000 (87.0508)  time: 0.9431  data: 0.0002  max mem: 8008
Epoch: [12]  [1000/5005]  eta: 1:03:29  lr: 5.65263096110026e-05  img/s: 68.71354868072821  loss: 1.2245 (1.3215)  acc1: 68.7500 (68.4909)  acc5: 89.0625 (87.0864)  time: 0.9498  data: 0.0002  max mem: 8008
Test:   [  0/196]  eta: 0:15:30  loss: 0.6531 (0.6531)  acc1: 85.9375 (85.9375)  acc5: 95.3125 (95.3125)  time: 4.7456  data: 4.3092  max mem: 8008
Test:   [100/196]  eta: 0:00:23  loss: 1.3681 (0.9816)  acc1: 67.1875 (74.7679)  acc5: 87.5000 (92.7135)  time: 0.1841  data: 0.0014  max mem: 8008
Test:  Total time: 0:00:40
Test:  Acc@1 71.400 Acc@5 90.508
============= Diagnostic Run torch.onnx.export version 2.0.1+cu118 =============
verbose: False, log level: Level.ERROR
======================= 0 NONE 0 NOTE 0 WARNING 0 ERROR ========================

Freezing ranges for subsequent epochs
Epoch: [13]  [   0/5005]  eta: 2:21:36  lr: 5.000000000000001e-05  img/s: 172.1528032702147  loss: 1.1594 (1.1594)  acc1: 71.8750 (71.8750)  acc5: 82.8125 (82.8125)  time: 1.6975  data: 1.3257  max mem: 8008
Epoch: [13]  [ 100/5005]  eta: 0:31:11  lr: 5.000000000000001e-05  img/s: 175.20124008341193  loss: 1.3332 (1.3165)  acc1: 67.1875 (68.2550)  acc5: 85.9375 (87.7475)  time: 0.4161  data: 0.0002  max mem: 8008
Epoch: [13]  [ 200/5005]  eta: 0:30:43  lr: 5.000000000000001e-05  img/s: 134.57610416539245  loss: 1.3286 (1.3301)  acc1: 67.1875 (68.2914)  acc5: 87.5000 (87.0725)  time: 0.3875  data: 0.0002  max mem: 8008
Epoch: [13]  [ 300/5005]  eta: 0:29:46  lr: 5.000000000000001e-05  img/s: 185.7813385009343  loss: 1.3147 (1.3172)  acc1: 67.1875 (68.4645)  acc5: 87.5000 (87.2197)  time: 0.4013  data: 0.0003  max mem: 8008
Epoch: [13]  [ 400/5005]  eta: 0:28:56  lr: 5.000000000000001e-05  img/s: 182.70697033037416  loss: 1.4285 (1.3208)  acc1: 65.6250 (68.3292)  acc5: 84.3750 (87.1376)  time: 0.3527  data: 0.0002  max mem: 8008
Epoch: [13]  [ 500/5005]  eta: 0:28:07  lr: 5.000000000000001e-05  img/s: 188.01305831767348  loss: 1.3387 (1.3211)  acc1: 67.1875 (68.4506)  acc5: 85.9375 (87.0571)  time: 0.3686  data: 0.0003  max mem: 8008
Epoch: [13]  [ 600/5005]  eta: 0:27:15  lr: 5.000000000000001e-05  img/s: 181.34847343534977  loss: 1.3925 (1.3173)  acc1: 67.1875 (68.3964)  acc5: 85.9375 (87.0190)  time: 0.3604  data: 0.0002  max mem: 8008
Epoch: [13]  [ 700/5005]  eta: 0:26:42  lr: 5.000000000000001e-05  img/s: 180.75670492537364  loss: 1.2534 (1.3141)  acc1: 67.1875 (68.4580)  acc5: 85.9375 (87.0832)  time: 0.4200  data: 0.0002  max mem: 8008
Epoch: [13]  [ 800/5005]  eta: 0:26:11  lr: 5.000000000000001e-05  img/s: 177.94623604592582  loss: 1.3315 (1.3157)  acc1: 67.1875 (68.4496)  acc5: 85.9375 (87.0728)  time: 0.3855  data: 0.0002  max mem: 8008
Epoch: [13]  [ 900/5005]  eta: 0:25:31  lr: 5.000000000000001e-05  img/s: 184.18411587520498  loss: 1.3256 (1.3162)  acc1: 67.1875 (68.4760)  acc5: 87.5000 (87.0890)  time: 0.3500  data: 0.0002  max mem: 8008
Epoch: [13]  [1000/5005]  eta: 0:24:58  lr: 5.000000000000001e-05  img/s: 186.54694399466285  loss: 1.2010 (1.3130)  acc1: 68.7500 (68.5674)  acc5: 89.0625 (87.1503)  time: 0.3945  data: 0.0002  max mem: 8008
Test:   [  0/196]  eta: 0:16:58  loss: 0.5942 (0.5942)  acc1: 81.2500 (81.2500)  acc5: 96.8750 (96.8750)  time: 5.1985  data: 4.6668  max mem: 8008
Test:   [100/196]  eta: 0:00:25  loss: 1.4427 (0.9943)  acc1: 65.6250 (74.5359)  acc5: 87.5000 (92.8063)  time: 0.2260  data: 0.0033  max mem: 8008
Test:  Total time: 0:00:41
Test:  Acc@1 71.296 Acc@5 90.476
Epoch: [14]  [   0/5005]  eta: 5:35:26  lr: 4.347369038899743e-05  img/s: 94.29832414245176  loss: 1.4328 (1.4328)  acc1: 67.1875 (67.1875)  acc5: 85.9375 (85.9375)  time: 4.0213  data: 3.3425  max mem: 8008
Epoch: [14]  [ 100/5005]  eta: 0:32:48  lr: 4.347369038899743e-05  img/s: 177.03916441165006  loss: 1.2399 (1.3055)  acc1: 68.7500 (68.7655)  acc5: 89.0625 (87.3144)  time: 0.3499  data: 0.0002  max mem: 8008
Epoch: [14]  [ 200/5005]  eta: 0:30:47  lr: 4.347369038899743e-05  img/s: 185.15535475949883  loss: 1.1904 (1.3074)  acc1: 68.7500 (68.9988)  acc5: 87.5000 (87.3989)  time: 0.3626  data: 0.0002  max mem: 8008
Epoch: [14]  [ 300/5005]  eta: 0:29:53  lr: 4.347369038899743e-05  img/s: 180.10628893176994  loss: 1.2520 (1.2921)  acc1: 68.7500 (69.2483)  acc5: 85.9375 (87.5208)  time: 0.3662  data: 0.0002  max mem: 8008
Epoch: [14]  [ 400/5005]  eta: 0:29:15  lr: 4.347369038899743e-05  img/s: 187.7595121135753  loss: 1.2923 (1.2952)  acc1: 68.7500 (69.3267)  acc5: 87.5000 (87.3753)  time: 0.3541  data: 0.0002  max mem: 8008
Epoch: [14]  [ 500/5005]  eta: 0:28:22  lr: 4.347369038899743e-05  img/s: 182.31125467093906  loss: 1.3858 (1.2975)  acc1: 65.6250 (69.3051)  acc5: 85.9375 (87.3316)  time: 0.3564  data: 0.0002  max mem: 8008
Epoch: [14]  [ 600/5005]  eta: 0:27:46  lr: 4.347369038899743e-05  img/s: 184.06161272627537  loss: 1.3004 (1.2969)  acc1: 68.7500 (69.2336)  acc5: 89.0625 (87.4220)  time: 0.3578  data: 0.0002  max mem: 8008
Epoch: [14]  [ 700/5005]  eta: 0:27:10  lr: 4.347369038899743e-05  img/s: 187.05417164900896  loss: 1.2942 (1.2999)  acc1: 67.1875 (69.0308)  acc5: 85.9375 (87.3529)  time: 0.4054  data: 0.0002  max mem: 8008
Epoch: [14]  [ 800/5005]  eta: 0:26:33  lr: 4.347369038899743e-05  img/s: 184.49311713009513  loss: 1.3189 (1.3042)  acc1: 65.6250 (68.9626)  acc5: 85.9375 (87.2718)  time: 0.3598  data: 0.0002  max mem: 8008
Epoch: [14]  [ 900/5005]  eta: 0:25:52  lr: 4.347369038899743e-05  img/s: 131.1391063395722  loss: 1.2404 (1.3021)  acc1: 70.3125 (68.9390)  acc5: 87.5000 (87.2798)  time: 0.3930  data: 0.0002  max mem: 8008
Epoch: [14]  [1000/5005]  eta: 0:25:17  lr: 4.347369038899743e-05  img/s: 181.5472873627585  loss: 1.3356 (1.3038)  acc1: 64.0625 (68.7750)  acc5: 87.5000 (87.2659)  time: 0.3835  data: 0.0002  max mem: 8008
Test:   [  0/196]  eta: 0:14:48  loss: 0.5423 (0.5423)  acc1: 89.0625 (89.0625)  acc5: 96.8750 (96.8750)  time: 4.5340  data: 3.9221  max mem: 8008
Test:   [100/196]  eta: 0:00:22  loss: 1.4616 (0.9585)  acc1: 65.6250 (74.7370)  acc5: 87.5000 (93.3787)  time: 0.1666  data: 0.0033  max mem: 8008
Test:  Total time: 0:00:38
Test:  Acc@1 71.820 Acc@5 90.798
============= Diagnostic Run torch.onnx.export version 2.0.1+cu118 =============
verbose: False, log level: Level.ERROR
======================= 0 NONE 0 NOTE 0 WARNING 0 ERROR ========================

Epoch: [15]  [   0/5005]  eta: 2:43:44  lr: 3.705904774487398e-05  img/s: 179.6833706397061  loss: 1.2620 (1.2620)  acc1: 73.4375 (73.4375)  acc5: 84.3750 (84.3750)  time: 1.9630  data: 1.6068  max mem: 8008
Epoch: [15]  [ 100/5005]  eta: 0:30:45  lr: 3.705904774487398e-05  img/s: 179.68926431517244  loss: 1.2516 (1.2885)  acc1: 68.7500 (69.0439)  acc5: 87.5000 (87.2215)  time: 0.3666  data: 0.0002  max mem: 8008
Epoch: [15]  [ 200/5005]  eta: 0:30:54  lr: 3.705904774487398e-05  img/s: 183.1988796588747  loss: 1.2881 (1.2982)  acc1: 67.1875 (69.0143)  acc5: 85.9375 (87.1580)  time: 0.3984  data: 0.0003  max mem: 8008
Epoch: [15]  [ 300/5005]  eta: 0:29:42  lr: 3.705904774487398e-05  img/s: 181.2806257272384  loss: 1.2732 (1.3025)  acc1: 67.1875 (69.0251)  acc5: 89.0625 (87.2456)  time: 0.3581  data: 0.0002  max mem: 8008
Epoch: [15]  [ 400/5005]  eta: 0:28:45  lr: 3.705904774487398e-05  img/s: 174.40386704436185  loss: 1.3395 (1.2938)  acc1: 67.1875 (69.0968)  acc5: 87.5000 (87.3519)  time: 0.3808  data: 0.0002  max mem: 8008
Epoch: [15]  [ 500/5005]  eta: 0:28:11  lr: 3.705904774487398e-05  img/s: 184.42720450371658  loss: 1.2378 (1.2963)  acc1: 67.1875 (69.0619)  acc5: 87.5000 (87.3472)  time: 0.3991  data: 0.0002  max mem: 8008
Epoch: [15]  [ 600/5005]  eta: 0:27:33  lr: 3.705904774487398e-05  img/s: 180.99228929050145  loss: 1.3836 (1.3012)  acc1: 67.1875 (68.8956)  acc5: 85.9375 (87.3258)  time: 0.3511  data: 0.0002  max mem: 8008
Epoch: [15]  [ 700/5005]  eta: 0:26:51  lr: 3.705904774487398e-05  img/s: 183.72512766320048  loss: 1.1585 (1.2991)  acc1: 70.3125 (68.9305)  acc5: 89.0625 (87.3172)  time: 0.3566  data: 0.0002  max mem: 8008
Epoch: [15]  [ 800/5005]  eta: 0:26:12  lr: 3.705904774487398e-05  img/s: 182.04098771995976  loss: 1.4552 (1.2994)  acc1: 60.9375 (68.9646)  acc5: 85.9375 (87.2952)  time: 0.3534  data: 0.0002  max mem: 8008
Epoch: [15]  [ 900/5005]  eta: 0:25:44  lr: 3.705904774487398e-05  img/s: 181.81214864905138  loss: 1.3186 (1.3022)  acc1: 68.7500 (68.9009)  acc5: 87.5000 (87.3318)  time: 0.3977  data: 0.0003  max mem: 8008
Epoch: [15]  [1000/5005]  eta: 0:25:07  lr: 3.705904774487398e-05  img/s: 182.55240105627027  loss: 1.2889 (1.3039)  acc1: 67.1875 (68.8546)  acc5: 87.5000 (87.2908)  time: 0.3731  data: 0.0002  max mem: 8008
Test:   [  0/196]  eta: 0:17:39  loss: 0.5852 (0.5852)  acc1: 85.9375 (85.9375)  acc5: 96.8750 (96.8750)  time: 5.4041  data: 4.8396  max mem: 8008
Test:   [100/196]  eta: 0:00:24  loss: 1.4491 (0.9685)  acc1: 64.0625 (74.6906)  acc5: 89.0625 (93.0074)  time: 0.2086  data: 0.0032  max mem: 8008
Test:  Total time: 0:00:41
Test:  Acc@1 71.774 Acc@5 90.846
============= Diagnostic Run torch.onnx.export version 2.0.1+cu118 =============
verbose: False, log level: Level.ERROR
======================= 0 NONE 0 NOTE 0 WARNING 0 ERROR ========================

Epoch: [16]  [   0/5005]  eta: 2:31:17  lr: 3.0865828381745534e-05  img/s: 170.9381481769218  loss: 0.9735 (0.9735)  acc1: 68.7500 (68.7500)  acc5: 92.1875 (92.1875)  time: 1.8138  data: 1.4393  max mem: 8008
Epoch: [16]  [ 100/5005]  eta: 0:30:27  lr: 3.0865828381745534e-05  img/s: 181.76979769608096  loss: 1.2847 (1.3036)  acc1: 68.7500 (68.6262)  acc5: 87.5000 (87.3453)  time: 0.3527  data: 0.0003  max mem: 8008
Epoch: [16]  [ 200/5005]  eta: 0:29:13  lr: 3.0865828381745534e-05  img/s: 174.1289551696625  loss: 1.1726 (1.3093)  acc1: 70.3125 (68.6101)  acc5: 89.0625 (87.1269)  time: 0.3552  data: 0.0002  max mem: 8008
Epoch: [16]  [ 300/5005]  eta: 0:28:40  lr: 3.0865828381745534e-05  img/s: 177.8839745322879  loss: 1.2561 (1.3131)  acc1: 67.1875 (68.5060)  acc5: 87.5000 (86.9913)  time: 0.3549  data: 0.0002  max mem: 8008
Epoch: [16]  [ 400/5005]  eta: 0:28:19  lr: 3.0865828381745534e-05  img/s: 138.89164002427697  loss: 1.3202 (1.3150)  acc1: 68.7500 (68.4266)  acc5: 87.5000 (87.0285)  time: 0.4051  data: 0.0003  max mem: 8008
Epoch: [16]  [ 500/5005]  eta: 0:27:49  lr: 3.0865828381745534e-05  img/s: 180.79298368026767  loss: 1.3149 (1.3148)  acc1: 65.6250 (68.4194)  acc5: 87.5000 (87.2100)  time: 0.4083  data: 0.0008  max mem: 8008
Epoch: [16]  [ 600/5005]  eta: 0:27:14  lr: 3.0865828381745534e-05  img/s: 181.0815400151511  loss: 1.2328 (1.3061)  acc1: 67.1875 (68.5472)  acc5: 87.5000 (87.3622)  time: 0.3530  data: 0.0002  max mem: 8008
Epoch: [16]  [ 700/5005]  eta: 0:26:39  lr: 3.0865828381745534e-05  img/s: 181.68773735917506  loss: 1.2853 (1.3072)  acc1: 68.7500 (68.6051)  acc5: 87.5000 (87.3417)  time: 0.3555  data: 0.0002  max mem: 8008
Epoch: [16]  [ 800/5005]  eta: 0:26:05  lr: 3.0865828381745534e-05  img/s: 165.77836433444517  loss: 1.4051 (1.3098)  acc1: 67.1875 (68.5471)  acc5: 87.5000 (87.3244)  time: 0.3658  data: 0.0002  max mem: 8008
Epoch: [16]  [ 900/5005]  eta: 0:25:23  lr: 3.0865828381745534e-05  img/s: 177.53491598959005  loss: 1.3064 (1.3069)  acc1: 65.6250 (68.6043)  acc5: 87.5000 (87.3422)  time: 0.4003  data: 0.0002  max mem: 8008
Epoch: [16]  [1000/5005]  eta: 0:24:46  lr: 3.0865828381745534e-05  img/s: 82.35060156470018  loss: 1.3370 (1.3083)  acc1: 68.7500 (68.5923)  acc5: 87.5000 (87.3189)  time: 0.4014  data: 0.0002  max mem: 8008
Test:   [  0/196]  eta: 0:15:23  loss: 0.5788 (0.5788)  acc1: 85.9375 (85.9375)  acc5: 95.3125 (95.3125)  time: 4.7125  data: 4.1446  max mem: 8008
Test:   [100/196]  eta: 0:00:25  loss: 1.4529 (0.9593)  acc1: 64.0625 (74.8144)  acc5: 87.5000 (93.1931)  time: 0.1925  data: 0.0026  max mem: 8008
Test:  Total time: 0:00:40
Test:  Acc@1 71.866 Acc@5 90.816
============= Diagnostic Run torch.onnx.export version 2.0.1+cu118 =============
verbose: False, log level: Level.ERROR
======================= 0 NONE 0 NOTE 0 WARNING 0 ERROR ========================

============= Diagnostic Run torch.onnx.export version 2.0.1+cu118 =============
verbose: False, log level: Level.ERROR
======================= 0 NONE 0 NOTE 0 WARNING 0 ERROR ========================

Epoch: [17]  [   0/5005]  eta: 2:28:54  lr: 2.5000000000000018e-05  img/s: 174.75686419266026  loss: 1.0689 (1.0689)  acc1: 65.6250 (65.6250)  acc5: 95.3125 (95.3125)  time: 1.7851  data: 1.4188  max mem: 8008
Epoch: [17]  [ 100/5005]  eta: 0:30:50  lr: 2.5000000000000018e-05  img/s: 181.87152243756952  loss: 1.3492 (1.2811)  acc1: 67.1875 (69.1832)  acc5: 87.5000 (87.9641)  time: 0.3959  data: 0.0002  max mem: 8008
Epoch: [17]  [ 200/5005]  eta: 0:30:09  lr: 2.5000000000000018e-05  img/s: 182.91450898302335  loss: 1.3477 (1.3102)  acc1: 67.1875 (68.6101)  acc5: 87.5000 (87.5389)  time: 0.3517  data: 0.0003  max mem: 8008
Epoch: [17]  [ 300/5005]  eta: 0:29:41  lr: 2.5000000000000018e-05  img/s: 182.51566102533872  loss: 1.2598 (1.3069)  acc1: 68.7500 (68.5683)  acc5: 87.5000 (87.5104)  time: 0.4024  data: 0.0002  max mem: 8008
Epoch: [17]  [ 400/5005]  eta: 0:28:42  lr: 2.5000000000000018e-05  img/s: 185.58418179869818  loss: 1.3821 (1.3149)  acc1: 67.1875 (68.3642)  acc5: 84.3750 (87.3909)  time: 0.3842  data: 0.0003  max mem: 8008
Epoch: [17]  [ 500/5005]  eta: 0:28:09  lr: 2.5000000000000018e-05  img/s: 183.54310094904685  loss: 1.1858 (1.3143)  acc1: 71.8750 (68.4132)  acc5: 87.5000 (87.3752)  time: 0.4021  data: 0.0003  max mem: 8008
Epoch: [17]  [ 600/5005]  eta: 0:27:30  lr: 2.5000000000000018e-05  img/s: 180.65695259054368  loss: 1.3049 (1.3067)  acc1: 70.3125 (68.6122)  acc5: 85.9375 (87.4038)  time: 0.3674  data: 0.0002  max mem: 8008
Epoch: [17]  [ 700/5005]  eta: 0:26:50  lr: 2.5000000000000018e-05  img/s: 183.41643560432652  loss: 1.3773 (1.3105)  acc1: 65.6250 (68.5984)  acc5: 87.5000 (87.3083)  time: 0.3955  data: 0.0002  max mem: 8008
Epoch: [17]  [ 800/5005]  eta: 0:26:08  lr: 2.5000000000000018e-05  img/s: 184.8674288571344  loss: 1.3257 (1.3077)  acc1: 67.1875 (68.6447)  acc5: 85.9375 (87.3244)  time: 0.3540  data: 0.0002  max mem: 8008
Epoch: [17]  [ 900/5005]  eta: 0:25:40  lr: 2.5000000000000018e-05  img/s: 182.87749847906076  loss: 1.2742 (1.3068)  acc1: 68.7500 (68.6113)  acc5: 87.5000 (87.3751)  time: 0.4081  data: 0.0002  max mem: 8008
Epoch: [17]  [1000/5005]  eta: 0:25:02  lr: 2.5000000000000018e-05  img/s: 181.41011923909724  loss: 1.2497 (1.3058)  acc1: 67.1875 (68.6782)  acc5: 89.0625 (87.3111)  time: 0.3589  data: 0.0003  max mem: 8008
Test:   [  0/196]  eta: 0:16:29  loss: 0.5444 (0.5444)  acc1: 84.3750 (84.3750)  acc5: 96.8750 (96.8750)  time: 5.0495  data: 4.4641  max mem: 8008
Test:   [100/196]  eta: 0:00:24  loss: 1.4515 (0.9674)  acc1: 64.0625 (74.7215)  acc5: 87.5000 (92.9455)  time: 0.2028  data: 0.0041  max mem: 8008
Test:  Total time: 0:00:40
Test:  Acc@1 71.712 Acc@5 90.734
============= Diagnostic Run torch.onnx.export version 2.0.1+cu118 =============
verbose: False, log level: Level.ERROR
======================= 0 NONE 0 NOTE 0 WARNING 0 ERROR ========================

Epoch: [18]  [   0/5005]  eta: 2:49:43  lr: 1.956192854956397e-05  img/s: 178.97665809905757  loss: 1.5398 (1.5398)  acc1: 65.6250 (65.6250)  acc5: 79.6875 (79.6875)  time: 2.0346  data: 1.6770  max mem: 8008
Epoch: [18]  [ 100/5005]  eta: 0:31:05  lr: 1.956192854956397e-05  img/s: 185.59444672988306  loss: 1.2105 (1.2734)  acc1: 68.7500 (69.4926)  acc5: 87.5000 (87.5000)  time: 0.4036  data: 0.0002  max mem: 8008
Epoch: [18]  [ 200/5005]  eta: 0:30:06  lr: 1.956192854956397e-05  img/s: 184.39046599152766  loss: 1.2907 (1.2635)  acc1: 70.3125 (69.5507)  acc5: 87.5000 (87.7021)  time: 0.3575  data: 0.0002  max mem: 8008
Epoch: [18]  [ 300/5005]  eta: 0:29:34  lr: 1.956192854956397e-05  img/s: 182.06703984123465  loss: 1.2419 (1.2703)  acc1: 68.7500 (69.5183)  acc5: 87.5000 (87.6765)  time: 0.3602  data: 0.0002  max mem: 8008
Epoch: [18]  [ 400/5005]  eta: 0:28:58  lr: 1.956192854956397e-05  img/s: 182.06679286669169  loss: 1.3309 (1.2808)  acc1: 65.6250 (69.2059)  acc5: 85.9375 (87.5078)  time: 0.3509  data: 0.0002  max mem: 8008
Epoch: [18]  [ 500/5005]  eta: 0:28:11  lr: 1.956192854956397e-05  img/s: 180.17446961601865  loss: 1.2194 (1.2775)  acc1: 68.7500 (69.2646)  acc5: 89.0625 (87.6060)  time: 0.3528  data: 0.0003  max mem: 8008
Epoch: [18]  [ 600/5005]  eta: 0:27:20  lr: 1.956192854956397e-05  img/s: 182.8974349365633  loss: 1.2855 (1.2788)  acc1: 67.1875 (69.2180)  acc5: 87.5000 (87.5650)  time: 0.3557  data: 0.0002  max mem: 8008
Epoch: [18]  [ 700/5005]  eta: 0:26:33  lr: 1.956192854956397e-05  img/s: 188.0623213941676  loss: 1.2808 (1.2817)  acc1: 70.3125 (69.2181)  acc5: 85.9375 (87.5111)  time: 0.3511  data: 0.0002  max mem: 8008
Epoch: [18]  [ 800/5005]  eta: 0:25:58  lr: 1.956192854956397e-05  img/s: 177.81421795924857  loss: 1.2253 (1.2871)  acc1: 68.7500 (69.1070)  acc5: 85.9375 (87.4532)  time: 0.3492  data: 0.0002  max mem: 8008
Epoch: [18]  [ 900/5005]  eta: 0:25:24  lr: 1.956192854956397e-05  img/s: 179.0232092540907  loss: 1.2348 (1.2858)  acc1: 70.3125 (69.1003)  acc5: 87.5000 (87.4931)  time: 0.3827  data: 0.0002  max mem: 8008
Epoch: [18]  [1000/5005]  eta: 0:24:46  lr: 1.956192854956397e-05  img/s: 181.91638644129364  loss: 1.2340 (1.2865)  acc1: 67.1875 (69.0965)  acc5: 87.5000 (87.4500)  time: 0.3937  data: 0.0002  max mem: 8008
Test:   [  0/196]  eta: 0:15:29  loss: 0.4897 (0.4897)  acc1: 85.9375 (85.9375)  acc5: 96.8750 (96.8750)  time: 4.7437  data: 4.4607  max mem: 8008
Test:   [100/196]  eta: 0:00:22  loss: 1.4257 (0.9787)  acc1: 64.0625 (74.3967)  acc5: 87.5000 (93.0229)  time: 0.1845  data: 0.0028  max mem: 8008
Test:  Total time: 0:00:39
Test:  Acc@1 71.592 Acc@5 90.682
============= Diagnostic Run torch.onnx.export version 2.0.1+cu118 =============
verbose: False, log level: Level.ERROR
======================= 0 NONE 0 NOTE 0 WARNING 0 ERROR ========================

Epoch: [19]  [   0/5005]  eta: 2:56:30  lr: 1.464466094067263e-05  img/s: 171.38429831741237  loss: 1.2426 (1.2426)  acc1: 68.7500 (68.7500)  acc5: 85.9375 (85.9375)  time: 2.1160  data: 1.7426  max mem: 8008
Epoch: [19]  [ 100/5005]  eta: 0:30:08  lr: 1.464466094067263e-05  img/s: 177.86853381871865  loss: 1.1999 (1.3014)  acc1: 68.7500 (68.7345)  acc5: 89.0625 (87.4691)  time: 0.3550  data: 0.0002  max mem: 8008
Epoch: [19]  [ 200/5005]  eta: 0:29:49  lr: 1.464466094067263e-05  img/s: 184.12789573866073  loss: 1.1394 (1.2746)  acc1: 70.3125 (69.3408)  acc5: 87.5000 (87.8109)  time: 0.3528  data: 0.0003  max mem: 8008
Epoch: [19]  [ 300/5005]  eta: 0:28:49  lr: 1.464466094067263e-05  img/s: 176.42851481139957  loss: 1.2657 (1.2738)  acc1: 68.7500 (69.5183)  acc5: 87.5000 (87.7855)  time: 0.3585  data: 0.0003  max mem: 8008
Epoch: [19]  [ 400/5005]  eta: 0:28:24  lr: 1.464466094067263e-05  img/s: 186.5527779418663  loss: 1.2741 (1.2705)  acc1: 67.1875 (69.6150)  acc5: 87.5000 (87.8273)  time: 0.3587  data: 0.0002  max mem: 8008
Epoch: [19]  [ 500/5005]  eta: 0:27:55  lr: 1.464466094067263e-05  img/s: 179.99711398937325  loss: 1.2061 (1.2680)  acc1: 68.7500 (69.6139)  acc5: 87.5000 (87.8431)  time: 0.3831  data: 0.0002  max mem: 8008
Epoch: [19]  [ 600/5005]  eta: 0:27:18  lr: 1.464466094067263e-05  img/s: 183.30396304905398  loss: 1.2962 (1.2670)  acc1: 68.7500 (69.6547)  acc5: 87.5000 (87.8640)  time: 0.3527  data: 0.0002  max mem: 8008
Epoch: [19]  [ 700/5005]  eta: 0:26:44  lr: 1.464466094067263e-05  img/s: 175.66477849791116  loss: 1.2452 (1.2655)  acc1: 68.7500 (69.6460)  acc5: 87.5000 (87.8477)  time: 0.3613  data: 0.0010  max mem: 8008
Epoch: [19]  [ 800/5005]  eta: 0:26:06  lr: 1.464466094067263e-05  img/s: 183.1332637009455  loss: 1.3362 (1.2697)  acc1: 68.7500 (69.5888)  acc5: 85.9375 (87.7731)  time: 0.3610  data: 0.0004  max mem: 8008
Epoch: [19]  [ 900/5005]  eta: 0:25:32  lr: 1.464466094067263e-05  img/s: 185.3393153293481  loss: 1.2014 (1.2739)  acc1: 70.3125 (69.5130)  acc5: 87.5000 (87.6804)  time: 0.3507  data: 0.0002  max mem: 8008
Epoch: [19]  [1000/5005]  eta: 0:24:52  lr: 1.464466094067263e-05  img/s: 182.97797260737119  loss: 1.2215 (1.2738)  acc1: 68.7500 (69.5211)  acc5: 89.0625 (87.6951)  time: 0.4053  data: 0.0003  max mem: 8008
Test:   [  0/196]  eta: 0:18:32  loss: 0.5529 (0.5529)  acc1: 84.3750 (84.3750)  acc5: 98.4375 (98.4375)  time: 5.6780  data: 4.8712  max mem: 8008
Test:   [100/196]  eta: 0:00:23  loss: 1.4478 (0.9682)  acc1: 65.6250 (74.9072)  acc5: 90.6250 (93.1157)  time: 0.1935  data: 0.0031  max mem: 8008
Test:  Total time: 0:00:41
Test:  Acc@1 71.880 Acc@5 90.772
============= Diagnostic Run torch.onnx.export version 2.0.1+cu118 =============
verbose: False, log level: Level.ERROR
======================= 0 NONE 0 NOTE 0 WARNING 0 ERROR ========================

============= Diagnostic Run torch.onnx.export version 2.0.1+cu118 =============
verbose: False, log level: Level.ERROR
======================= 0 NONE 0 NOTE 0 WARNING 0 ERROR ========================

Epoch: [20]  [   0/5005]  eta: 2:44:57  lr: 1.033233298543825e-05  img/s: 171.09525764154287  loss: 1.1451 (1.1451)  acc1: 79.6875 (79.6875)  acc5: 87.5000 (87.5000)  time: 1.9774  data: 1.6033  max mem: 8008
Epoch: [20]  [ 100/5005]  eta: 0:30:39  lr: 1.033233298543825e-05  img/s: 183.97406609855156  loss: 1.2345 (1.3218)  acc1: 68.7500 (69.0439)  acc5: 89.0625 (86.9895)  time: 0.3769  data: 0.0003  max mem: 8008
Epoch: [20]  [ 200/5005]  eta: 0:30:03  lr: 1.033233298543825e-05  img/s: 186.20777737929828  loss: 1.2292 (1.3162)  acc1: 68.7500 (68.6956)  acc5: 85.9375 (87.0491)  time: 0.3984  data: 0.0002  max mem: 8008
Epoch: [20]  [ 300/5005]  eta: 0:29:24  lr: 1.033233298543825e-05  img/s: 161.38591751166646  loss: 1.3009 (1.2973)  acc1: 67.1875 (69.0199)  acc5: 87.5000 (87.2872)  time: 0.3574  data: 0.0003  max mem: 8008
Epoch: [20]  [ 400/5005]  eta: 0:28:55  lr: 1.033233298543825e-05  img/s: 182.84922108618798  loss: 1.2229 (1.2907)  acc1: 70.3125 (69.0773)  acc5: 87.5000 (87.5039)  time: 0.3916  data: 0.0002  max mem: 8008
Epoch: [20]  [ 500/5005]  eta: 0:28:27  lr: 1.033233298543825e-05  img/s: 141.46945211543732  loss: 1.3169 (1.2826)  acc1: 71.8750 (69.2677)  acc5: 87.5000 (87.6934)  time: 0.4313  data: 0.0002  max mem: 8008
Epoch: [20]  [ 600/5005]  eta: 0:27:40  lr: 1.033233298543825e-05  img/s: 183.09491576290839  loss: 1.3186 (1.2823)  acc1: 68.7500 (69.3168)  acc5: 89.0625 (87.7496)  time: 0.3525  data: 0.0002  max mem: 8008
Epoch: [20]  [ 700/5005]  eta: 0:27:03  lr: 1.033233298543825e-05  img/s: 180.22939016120478  loss: 1.2817 (1.2834)  acc1: 70.3125 (69.2872)  acc5: 85.9375 (87.6984)  time: 0.4107  data: 0.0002  max mem: 8008
Epoch: [20]  [ 800/5005]  eta: 0:26:18  lr: 1.033233298543825e-05  img/s: 179.4093213689449  loss: 1.1750 (1.2810)  acc1: 68.7500 (69.2786)  acc5: 87.5000 (87.7107)  time: 0.3974  data: 0.0002  max mem: 8008
Epoch: [20]  [ 900/5005]  eta: 0:25:43  lr: 1.033233298543825e-05  img/s: 184.59854843834026  loss: 1.3050 (1.2858)  acc1: 67.1875 (69.2321)  acc5: 87.5000 (87.6353)  time: 0.3555  data: 0.0002  max mem: 8008
Epoch: [20]  [1000/5005]  eta: 0:25:00  lr: 1.033233298543825e-05  img/s: 185.1658277592031  loss: 1.3539 (1.2878)  acc1: 65.6250 (69.1793)  acc5: 85.9375 (87.6015)  time: 0.3513  data: 0.0002  max mem: 8008
Test:   [  0/196]  eta: 0:17:46  loss: 0.5717 (0.5717)  acc1: 84.3750 (84.3750)  acc5: 98.4375 (98.4375)  time: 5.4391  data: 4.9123  max mem: 8008
Test:   [100/196]  eta: 0:00:23  loss: 1.4967 (0.9659)  acc1: 64.0625 (74.7215)  acc5: 89.0625 (93.1312)  time: 0.1729  data: 0.0017  max mem: 8008
Test:  Total time: 0:00:39
Test:  Acc@1 71.986 Acc@5 90.842
============= Diagnostic Run torch.onnx.export version 2.0.1+cu118 =============
verbose: False, log level: Level.ERROR
======================= 0 NONE 0 NOTE 0 WARNING 0 ERROR ========================

============= Diagnostic Run torch.onnx.export version 2.0.1+cu118 =============
verbose: False, log level: Level.ERROR
======================= 0 NONE 0 NOTE 0 WARNING 0 ERROR ========================

Epoch: [21]  [   0/5005]  eta: 2:34:46  lr: 6.698729810778065e-06  img/s: 165.31333084533912  loss: 1.3712 (1.3712)  acc1: 62.5000 (62.5000)  acc5: 87.5000 (87.5000)  time: 1.8554  data: 1.4682  max mem: 8008
Epoch: [21]  [ 100/5005]  eta: 0:31:16  lr: 6.698729810778065e-06  img/s: 184.26617041271132  loss: 1.1953 (1.2644)  acc1: 68.7500 (68.6726)  acc5: 87.5000 (88.0105)  time: 0.3601  data: 0.0002  max mem: 8008
Epoch: [21]  [ 200/5005]  eta: 0:30:13  lr: 6.698729810778065e-06  img/s: 180.26013124212642  loss: 1.3288 (1.2797)  acc1: 68.7500 (68.7345)  acc5: 85.9375 (87.5855)  time: 0.3611  data: 0.0002  max mem: 8008
Epoch: [21]  [ 300/5005]  eta: 0:29:48  lr: 6.698729810778065e-06  img/s: 187.27523730722058  loss: 1.2761 (1.3008)  acc1: 67.1875 (68.6773)  acc5: 87.5000 (87.3650)  time: 0.3739  data: 0.0002  max mem: 8008
Epoch: [21]  [ 400/5005]  eta: 0:29:03  lr: 6.698729810778065e-06  img/s: 177.52634502753807  loss: 1.2896 (1.2984)  acc1: 68.7500 (68.7734)  acc5: 87.5000 (87.4688)  time: 0.3814  data: 0.0002  max mem: 8008
Epoch: [21]  [ 500/5005]  eta: 0:28:39  lr: 6.698729810778065e-06  img/s: 178.11661647016044  loss: 1.2277 (1.2922)  acc1: 67.1875 (68.7438)  acc5: 87.5000 (87.5655)  time: 0.3505  data: 0.0002  max mem: 8008
Epoch: [21]  [ 600/5005]  eta: 0:27:49  lr: 6.698729810778065e-06  img/s: 181.64999235330183  loss: 1.2609 (1.2878)  acc1: 68.7500 (68.8930)  acc5: 85.9375 (87.6482)  time: 0.3529  data: 0.0002  max mem: 8008
Epoch: [21]  [ 700/5005]  eta: 0:27:15  lr: 6.698729810778065e-06  img/s: 181.5373424522834  loss: 1.1932 (1.2857)  acc1: 68.7500 (68.9305)  acc5: 87.5000 (87.6382)  time: 0.3996  data: 0.0002  max mem: 8008
Epoch: [21]  [ 800/5005]  eta: 0:26:37  lr: 6.698729810778065e-06  img/s: 185.66684672957572  loss: 1.1621 (1.2901)  acc1: 71.8750 (68.8378)  acc5: 90.6250 (87.5624)  time: 0.3852  data: 0.0002  max mem: 8008
Epoch: [21]  [ 900/5005]  eta: 0:26:00  lr: 6.698729810778065e-06  img/s: 179.06512600277233  loss: 1.3373 (1.2888)  acc1: 68.7500 (68.9165)  acc5: 85.9375 (87.5555)  time: 0.3597  data: 0.0002  max mem: 8008
Epoch: [21]  [1000/5005]  eta: 0:25:17  lr: 6.698729810778065e-06  img/s: 135.02877835720253  loss: 1.2580 (1.2854)  acc1: 68.7500 (68.9888)  acc5: 87.5000 (87.6202)  time: 0.3820  data: 0.0003  max mem: 8008
Test:   [  0/196]  eta: 0:16:37  loss: 0.5465 (0.5465)  acc1: 82.8125 (82.8125)  acc5: 96.8750 (96.8750)  time: 5.0883  data: 4.6410  max mem: 8008
Test:   [100/196]  eta: 0:00:25  loss: 1.4388 (0.9657)  acc1: 64.0625 (75.1547)  acc5: 87.5000 (92.9610)  time: 0.2221  data: 0.0031  max mem: 8008
Test:  Total time: 0:00:41
Test:  Acc@1 72.074 Acc@5 90.874
============= Diagnostic Run torch.onnx.export version 2.0.1+cu118 =============
verbose: False, log level: Level.ERROR
======================= 0 NONE 0 NOTE 0 WARNING 0 ERROR ========================

============= Diagnostic Run torch.onnx.export version 2.0.1+cu118 =============
verbose: False, log level: Level.ERROR
======================= 0 NONE 0 NOTE 0 WARNING 0 ERROR ========================

Epoch: [22]  [   0/5005]  eta: 2:32:17  lr: 3.8060233744356633e-06  img/s: 172.33405793100616  loss: 0.9013 (0.9013)  acc1: 73.4375 (73.4375)  acc5: 90.6250 (90.6250)  time: 1.8258  data: 1.4543  max mem: 8008
Epoch: [22]  [ 100/5005]  eta: 0:31:06  lr: 3.8060233744356633e-06  img/s: 180.22164603074643  loss: 1.3533 (1.2851)  acc1: 67.1875 (69.3843)  acc5: 87.5000 (87.3608)  time: 0.3500  data: 0.0002  max mem: 8008
Epoch: [22]  [ 200/5005]  eta: 0:30:12  lr: 3.8060233744356633e-06  img/s: 178.4804279241093  loss: 1.2567 (1.2780)  acc1: 70.3125 (69.6051)  acc5: 87.5000 (87.3912)  time: 0.3537  data: 0.0002  max mem: 8008
Epoch: [22]  [ 300/5005]  eta: 0:29:17  lr: 3.8060233744356633e-06  img/s: 182.3136072611542  loss: 1.0398 (1.2786)  acc1: 71.8750 (69.5598)  acc5: 89.0625 (87.6609)  time: 0.4033  data: 0.0003  max mem: 8008
Epoch: [22]  [ 400/5005]  eta: 0:28:49  lr: 3.8060233744356633e-06  img/s: 181.8058686280685  loss: 1.1982 (1.2813)  acc1: 68.7500 (69.3111)  acc5: 87.5000 (87.5546)  time: 0.4003  data: 0.0003  max mem: 8008
Epoch: [22]  [ 500/5005]  eta: 0:28:14  lr: 3.8060233744356633e-06  img/s: 184.78356607205058  loss: 1.2388 (1.2784)  acc1: 70.3125 (69.4081)  acc5: 87.5000 (87.6060)  time: 0.3910  data: 0.0002  max mem: 8008
Epoch: [22]  [ 600/5005]  eta: 0:27:39  lr: 3.8060233744356633e-06  img/s: 183.60474108242724  loss: 1.3233 (1.2767)  acc1: 68.7500 (69.3844)  acc5: 87.5000 (87.7158)  time: 0.3503  data: 0.0002  max mem: 8008
Epoch: [22]  [ 700/5005]  eta: 0:27:01  lr: 3.8060233744356633e-06  img/s: 180.10193872512184  loss: 1.2558 (1.2766)  acc1: 68.7500 (69.3875)  acc5: 89.0625 (87.6828)  time: 0.3743  data: 0.0002  max mem: 8008
Epoch: [22]  [ 800/5005]  eta: 0:26:16  lr: 3.8060233744356633e-06  img/s: 182.29775940553245  loss: 1.2456 (1.2753)  acc1: 71.8750 (69.5127)  acc5: 87.5000 (87.7575)  time: 0.3547  data: 0.0002  max mem: 8008
Epoch: [22]  [ 900/5005]  eta: 0:25:29  lr: 3.8060233744356633e-06  img/s: 180.88398808641392  loss: 1.2350 (1.2738)  acc1: 68.7500 (69.4853)  acc5: 85.9375 (87.7549)  time: 0.3533  data: 0.0002  max mem: 8008
Epoch: [22]  [1000/5005]  eta: 0:24:49  lr: 3.8060233744356633e-06  img/s: 179.72066367350328  loss: 1.2519 (1.2725)  acc1: 65.6250 (69.5180)  acc5: 85.9375 (87.7513)  time: 0.3501  data: 0.0002  max mem: 8008
Test:   [  0/196]  eta: 0:17:32  loss: 0.5303 (0.5303)  acc1: 89.0625 (89.0625)  acc5: 96.8750 (96.8750)  time: 5.3723  data: 5.1190  max mem: 8008
Test:   [100/196]  eta: 0:00:24  loss: 1.4731 (0.9505)  acc1: 64.0625 (75.0619)  acc5: 89.0625 (93.2240)  time: 0.1706  data: 0.0015  max mem: 8008
Test:  Total time: 0:00:40
Test:  Acc@1 72.024 Acc@5 90.862
============= Diagnostic Run torch.onnx.export version 2.0.1+cu118 =============
verbose: False, log level: Level.ERROR
======================= 0 NONE 0 NOTE 0 WARNING 0 ERROR ========================

Epoch: [23]  [   0/5005]  eta: 2:33:15  lr: 1.70370868554659e-06  img/s: 161.3599185372287  loss: 1.1796 (1.1796)  acc1: 70.3125 (70.3125)  acc5: 89.0625 (89.0625)  time: 1.8373  data: 1.4406  max mem: 8008
Epoch: [23]  [ 100/5005]  eta: 0:31:02  lr: 1.70370868554659e-06  img/s: 184.50237402021835  loss: 1.3024 (1.2623)  acc1: 68.7500 (69.2605)  acc5: 87.5000 (87.9332)  time: 0.3498  data: 0.0003  max mem: 8008
Epoch: [23]  [ 200/5005]  eta: 0:29:28  lr: 1.70370868554659e-06  img/s: 182.7878381792269  loss: 1.2623 (1.2582)  acc1: 71.8750 (70.1104)  acc5: 89.0625 (87.9042)  time: 0.3613  data: 0.0002  max mem: 8008
Epoch: [23]  [ 300/5005]  eta: 0:28:54  lr: 1.70370868554659e-06  img/s: 183.845294483452  loss: 1.2263 (1.2637)  acc1: 70.3125 (69.9595)  acc5: 89.0625 (87.8582)  time: 0.3621  data: 0.0003  max mem: 8008
Epoch: [23]  [ 400/5005]  eta: 0:28:27  lr: 1.70370868554659e-06  img/s: 153.72373240485163  loss: 1.3283 (1.2555)  acc1: 67.1875 (69.8878)  acc5: 87.5000 (88.0572)  time: 0.3809  data: 0.0002  max mem: 8008
Epoch: [23]  [ 500/5005]  eta: 0:27:49  lr: 1.70370868554659e-06  img/s: 186.1643869627242  loss: 1.3166 (1.2653)  acc1: 70.3125 (69.6669)  acc5: 85.9375 (87.8119)  time: 0.3499  data: 0.0002  max mem: 8008
Epoch: [23]  [ 600/5005]  eta: 0:27:24  lr: 1.70370868554659e-06  img/s: 175.90478805420875  loss: 1.2293 (1.2618)  acc1: 68.7500 (69.6755)  acc5: 87.5000 (87.8796)  time: 0.3809  data: 0.0003  max mem: 8008
Epoch: [23]  [ 700/5005]  eta: 0:26:40  lr: 1.70370868554659e-06  img/s: 184.62076654266247  loss: 1.2198 (1.2636)  acc1: 70.3125 (69.6728)  acc5: 87.5000 (87.8544)  time: 0.4029  data: 0.0002  max mem: 8008
Epoch: [23]  [ 800/5005]  eta: 0:26:01  lr: 1.70370868554659e-06  img/s: 185.30732930368438  loss: 1.2239 (1.2663)  acc1: 70.3125 (69.5907)  acc5: 87.5000 (87.8024)  time: 0.3483  data: 0.0002  max mem: 8008
Epoch: [23]  [ 900/5005]  eta: 0:25:19  lr: 1.70370868554659e-06  img/s: 178.72843657243604  loss: 1.3932 (1.2677)  acc1: 67.1875 (69.5495)  acc5: 87.5000 (87.8226)  time: 0.3521  data: 0.0002  max mem: 8008
Epoch: [23]  [1000/5005]  eta: 0:24:41  lr: 1.70370868554659e-06  img/s: 179.13467226155012  loss: 1.2796 (1.2718)  acc1: 71.8750 (69.5476)  acc5: 85.9375 (87.7669)  time: 0.3507  data: 0.0002  max mem: 8008
Test:   [  0/196]  eta: 0:16:27  loss: 0.5351 (0.5351)  acc1: 85.9375 (85.9375)  acc5: 96.8750 (96.8750)  time: 5.0382  data: 4.3480  max mem: 8008
Test:   [100/196]  eta: 0:00:23  loss: 1.4495 (0.9615)  acc1: 64.0625 (74.9381)  acc5: 89.0625 (93.0229)  time: 0.1939  data: 0.0032  max mem: 8008
Test:  Total time: 0:00:40
Test:  Acc@1 72.002 Acc@5 90.858
============= Diagnostic Run torch.onnx.export version 2.0.1+cu118 =============
verbose: False, log level: Level.ERROR
======================= 0 NONE 0 NOTE 0 WARNING 0 ERROR ========================

Epoch: [24]  [   0/5005]  eta: 2:51:52  lr: 4.277569313094809e-07  img/s: 179.02559714557248  loss: 1.1849 (1.1849)  acc1: 76.5625 (76.5625)  acc5: 90.6250 (90.6250)  time: 2.0605  data: 1.7030  max mem: 8008
Epoch: [24]  [ 100/5005]  eta: 0:31:00  lr: 4.277569313094809e-07  img/s: 182.93682221284791  loss: 1.2222 (1.2381)  acc1: 70.3125 (70.0495)  acc5: 85.9375 (87.8558)  time: 0.3515  data: 0.0003  max mem: 8008
Epoch: [24]  [ 200/5005]  eta: 0:29:47  lr: 4.277569313094809e-07  img/s: 182.50436892015742  loss: 1.2441 (1.2472)  acc1: 70.3125 (70.2192)  acc5: 87.5000 (87.9042)  time: 0.3511  data: 0.0002  max mem: 8008
Epoch: [24]  [ 300/5005]  eta: 0:29:14  lr: 4.277569313094809e-07  img/s: 177.46742739275018  loss: 1.1951 (1.2534)  acc1: 68.7500 (69.8453)  acc5: 87.5000 (87.8011)  time: 0.3845  data: 0.0002  max mem: 8008
Epoch: [24]  [ 400/5005]  eta: 0:28:51  lr: 4.277569313094809e-07  img/s: 182.30196872345036  loss: 1.1070 (1.2551)  acc1: 71.8750 (69.8215)  acc5: 89.0625 (87.6675)  time: 0.3957  data: 0.0003  max mem: 8008
Epoch: [24]  [ 500/5005]  eta: 0:28:13  lr: 4.277569313094809e-07  img/s: 190.81267073310298  loss: 1.3023 (1.2533)  acc1: 68.7500 (69.8260)  acc5: 87.5000 (87.7214)  time: 0.3772  data: 0.0003  max mem: 8008
Epoch: [24]  [ 600/5005]  eta: 0:27:35  lr: 4.277569313094809e-07  img/s: 183.76223048571444  loss: 1.2794 (1.2586)  acc1: 70.3125 (69.7769)  acc5: 85.9375 (87.6768)  time: 0.3503  data: 0.0002  max mem: 8008
Epoch: [24]  [ 700/5005]  eta: 0:26:54  lr: 4.277569313094809e-07  img/s: 184.94665296974483  loss: 1.2408 (1.2581)  acc1: 70.3125 (69.7553)  acc5: 89.0625 (87.7184)  time: 0.3748  data: 0.0002  max mem: 8008
Epoch: [24]  [ 800/5005]  eta: 0:26:16  lr: 4.277569313094809e-07  img/s: 183.56443806202344  loss: 1.2582 (1.2614)  acc1: 68.7500 (69.6863)  acc5: 87.5000 (87.6444)  time: 0.3607  data: 0.0002  max mem: 8008
Epoch: [24]  [ 900/5005]  eta: 0:25:36  lr: 4.277569313094809e-07  img/s: 183.53431652069276  loss: 1.3003 (1.2660)  acc1: 65.6250 (69.5633)  acc5: 87.5000 (87.6075)  time: 0.4003  data: 0.0002  max mem: 8008
Epoch: [24]  [1000/5005]  eta: 0:24:53  lr: 4.277569313094809e-07  img/s: 186.20609820727466  loss: 1.3164 (1.2681)  acc1: 70.3125 (69.4961)  acc5: 87.5000 (87.5749)  time: 0.3499  data: 0.0003  max mem: 8008
Test:   [  0/196]  eta: 0:17:01  loss: 0.5022 (0.5022)  acc1: 85.9375 (85.9375)  acc5: 96.8750 (96.8750)  time: 5.2139  data: 5.0179  max mem: 8008
Test:   [100/196]  eta: 0:00:23  loss: 1.4445 (0.9510)  acc1: 64.0625 (75.3868)  acc5: 89.0625 (93.1931)  time: 0.1825  data: 0.0023  max mem: 8008
Test:  Total time: 0:00:39
Test:  Acc@1 72.184 Acc@5 90.924
============= Diagnostic Run torch.onnx.export version 2.0.1+cu118 =============
verbose: False, log level: Level.ERROR
======================= 0 NONE 0 NOTE 0 WARNING 0 ERROR ========================

============= Diagnostic Run torch.onnx.export version 2.0.1+cu118 =============
verbose: False, log level: Level.ERROR
======================= 0 NONE 0 NOTE 0 WARNING 0 ERROR ========================

