| distributed init (rank 3): env://
Namespace(aux_loss=True, batch_size=8, crop_size=[480, 480], data_path='./data/datasets/coco', dataset='coco', date='20210527-102144', device='cuda', dist_backend='nccl', dist_url='env://', distributed=True, epochs=30, export_only=False, gpu=0, gpus=1, input_size=[512, 512], lr=0.01, model='deeplabv3_mobilenet_v3_lite_large', momentum=0.9, opset_version=11, output_dir='./data/checkpoints/segmentation/coco_deeplabv3_mobilenet_v3_lite_large', pretrained=None, pretrained_backbone='../jacinto-ai-modelforest/models/vision/classification/imagenet1k/jai-pytorch/mobilenet_v3_lite_large_20210507.pth', print_freq=100, rank=0, resize_with_scale_factor=True, resume='./data/checkpoints/segmentation/coco_deeplabv3_mobilenet_v3_lite_large/checkpoint.pth', start_epoch=0, test_only=False, weight_decay=0.0001, workers=16, world_size=4)
loading annotations into memory...
Done (t=12.79s)
creating index...
index created!
loading annotations into memory...
Done (t=2.35s)
creating index...
index created!
Epoch: [26]  [   0/2891]  eta: 5:18:19  lr: 0.0016308388973865198  loss: 0.9208 (0.9208)  time: 6.6067  data: 3.0591  max mem: 2667
Epoch: [26]  [ 100/2891]  eta: 0:27:34  lr: 0.0016181398425837747  loss: 0.5729 (0.6940)  time: 0.5534  data: 0.0070  max mem: 2701
Epoch: [26]  [ 200/2891]  eta: 0:26:33  lr: 0.0016054297045001759  loss: 0.5223 (0.6599)  time: 0.5958  data: 0.0074  max mem: 2701
Epoch: [26]  [ 300/2891]  eta: 0:25:38  lr: 0.0015927083757935692  loss: 0.7604 (0.6744)  time: 0.5994  data: 0.0071  max mem: 2701
Epoch: [26]  [ 400/2891]  eta: 0:24:41  lr: 0.001579975747119431  loss: 0.6759 (0.6736)  time: 0.5920  data: 0.0063  max mem: 2701
Epoch: [26]  [ 500/2891]  eta: 0:23:44  lr: 0.001567231707075226  loss: 0.5955 (0.6818)  time: 0.5977  data: 0.0059  max mem: 2701
Epoch: [26]  [ 600/2891]  eta: 0:22:45  lr: 0.0015544761421427183  loss: 0.7698 (0.6828)  time: 0.6006  data: 0.0067  max mem: 2701
Epoch: [26]  [ 700/2891]  eta: 0:21:47  lr: 0.0015417089366281088  loss: 0.6297 (0.6816)  time: 0.6026  data: 0.0066  max mem: 2701
Epoch: [26]  [ 800/2891]  eta: 0:20:49  lr: 0.0015289299725999201  loss: 0.6057 (0.6783)  time: 0.5986  data: 0.0072  max mem: 2701
Epoch: [26]  [ 900/2891]  eta: 0:19:50  lr: 0.0015161391298245176  loss: 0.6463 (0.6830)  time: 0.6003  data: 0.0059  max mem: 2701
Epoch: [26]  [1000/2891]  eta: 0:18:50  lr: 0.0015033362856991359  loss: 0.7087 (0.6835)  time: 0.5989  data: 0.0061  max mem: 2701
Epoch: [26]  [1100/2891]  eta: 0:17:50  lr: 0.0014905213151823232  loss: 0.5984 (0.6809)  time: 0.5966  data: 0.0058  max mem: 2701
Epoch: [26]  [1200/2891]  eta: 0:16:51  lr: 0.0014776940907216389  loss: 0.6525 (0.6811)  time: 0.5902  data: 0.0068  max mem: 2701
Epoch: [26]  [1300/2891]  eta: 0:15:51  lr: 0.0014648544821785077  loss: 0.5121 (0.6784)  time: 0.6014  data: 0.0063  max mem: 2701
Epoch: [26]  [1400/2891]  eta: 0:14:51  lr: 0.0014520023567500527  loss: 0.6441 (0.6784)  time: 0.6009  data: 0.0064  max mem: 2701
Epoch: [26]  [1500/2891]  eta: 0:13:52  lr: 0.0014391375788877906  loss: 0.7513 (0.6792)  time: 0.6031  data: 0.0066  max mem: 2701
Epoch: [26]  [1600/2891]  eta: 0:12:52  lr: 0.0014262600102129938  loss: 0.7506 (0.6782)  time: 0.5956  data: 0.0071  max mem: 2701
Epoch: [26]  [1700/2891]  eta: 0:11:52  lr: 0.0014133695094285868  loss: 0.6200 (0.6766)  time: 0.6023  data: 0.0068  max mem: 2701
Epoch: [26]  [1800/2891]  eta: 0:10:53  lr: 0.0014004659322273585  loss: 0.6678 (0.6771)  time: 0.6017  data: 0.0065  max mem: 2701
Epoch: [26]  [1900/2891]  eta: 0:09:53  lr: 0.0013875491311963375  loss: 0.7349 (0.6775)  time: 0.5993  data: 0.0067  max mem: 2701
Epoch: [26]  [2000/2891]  eta: 0:08:53  lr: 0.0013746189557170875  loss: 0.6839 (0.6784)  time: 0.5993  data: 0.0065  max mem: 2701
Epoch: [26]  [2100/2891]  eta: 0:07:53  lr: 0.001361675251861741  loss: 0.6101 (0.6772)  time: 0.6005  data: 0.0064  max mem: 2701
Epoch: [26]  [2200/2891]  eta: 0:06:53  lr: 0.0013487178622845217  loss: 0.6211 (0.6762)  time: 0.5990  data: 0.0066  max mem: 2701
Epoch: [26]  [2300/2891]  eta: 0:05:54  lr: 0.0013357466261085058  loss: 0.5324 (0.6765)  time: 0.5967  data: 0.0062  max mem: 2701
Epoch: [26]  [2400/2891]  eta: 0:04:54  lr: 0.0013227613788073817  loss: 0.5905 (0.6750)  time: 0.5955  data: 0.0068  max mem: 2701
Epoch: [26]  [2500/2891]  eta: 0:03:54  lr: 0.0013097619520818996  loss: 0.6784 (0.6753)  time: 0.6030  data: 0.0059  max mem: 2701
Epoch: [26]  [2600/2891]  eta: 0:02:54  lr: 0.0012967481737307471  loss: 0.6628 (0.6764)  time: 0.6011  data: 0.0073  max mem: 2701
Epoch: [26]  [2700/2891]  eta: 0:01:54  lr: 0.0012837198675154926  loss: 0.5451 (0.6759)  time: 0.5986  data: 0.0070  max mem: 2701
Epoch: [26]  [2800/2891]  eta: 0:00:54  lr: 0.0012706768530193  loss: 0.5672 (0.6756)  time: 0.6024  data: 0.0068  max mem: 2701
Epoch: [26] Total time: 0:28:53
Test:  [   0/1250]  eta: 0:50:56    time: 2.4455  data: 2.3205  max mem: 2701
Test:  [ 100/1250]  eta: 0:00:49    time: 0.0166  data: 0.0026  max mem: 2701
Test:  [ 200/1250]  eta: 0:00:31    time: 0.0169  data: 0.0027  max mem: 2701
Test:  [ 300/1250]  eta: 0:00:24    time: 0.0178  data: 0.0032  max mem: 2701
Test:  [ 400/1250]  eta: 0:00:20    time: 0.0173  data: 0.0028  max mem: 2701
Test:  [ 500/1250]  eta: 0:00:16    time: 0.0171  data: 0.0028  max mem: 2701
Test:  [ 600/1250]  eta: 0:00:13    time: 0.0167  data: 0.0028  max mem: 2701
Test:  [ 700/1250]  eta: 0:00:11    time: 0.0166  data: 0.0025  max mem: 2701
Test:  [ 800/1250]  eta: 0:00:09    time: 0.0163  data: 0.0022  max mem: 2701
Test:  [ 900/1250]  eta: 0:00:07    time: 0.0174  data: 0.0028  max mem: 2701
Test:  [1000/1250]  eta: 0:00:04    time: 0.0184  data: 0.0033  max mem: 2701
Test:  [1100/1250]  eta: 0:00:02    time: 0.0162  data: 0.0022  max mem: 2701
Test:  [1200/1250]  eta: 0:00:00    time: 0.0175  data: 0.0026  max mem: 2701
Test: Total time: 0:00:24
global correct: 90.7
average row correct: ['92.7', '86.2', '74.3', '71.9', '66.6', '46.3', '83.1', '69.0', '92.1', '40.5', '83.9', '74.7', '84.2', '83.6', '83.9', '89.8', '49.1', '90.8', '69.0', '86.4', '64.5']
IoU: ['89.4', '71.4', '62.4', '58.1', '49.4', '36.7', '72.7', '52.5', '81.7', '30.8', '69.5', '34.6', '65.4', '66.6', '71.0', '78.6', '30.4', '68.2', '50.9', '73.1', '53.4']
mean IoU: 60.3
Epoch: [27]  [   0/2891]  eta: 4:52:24  lr: 0.001258794771946036  loss: 0.6621 (0.6621)  time: 6.0686  data: 4.4744  max mem: 2701
Epoch: [27]  [ 100/2891]  eta: 0:30:00  lr: 0.0012457231474482225  loss: 0.6963 (0.6930)  time: 0.5985  data: 0.0074  max mem: 2701
Epoch: [27]  [ 200/2891]  eta: 0:27:58  lr: 0.0012326362644765794  loss: 0.6545 (0.6795)  time: 0.5972  data: 0.0069  max mem: 2701
Epoch: [27]  [ 300/2891]  eta: 0:26:36  lr: 0.001219533924789758  loss: 0.6426 (0.6783)  time: 0.5995  data: 0.0063  max mem: 2701
Epoch: [27]  [ 400/2891]  eta: 0:25:25  lr: 0.0012064159251704903  loss: 0.7092 (0.6802)  time: 0.6028  data: 0.0071  max mem: 2701
Epoch: [27]  [ 500/2891]  eta: 0:24:19  lr: 0.0011932820572389704  loss: 0.7252 (0.6841)  time: 0.6027  data: 0.0067  max mem: 2701
Epoch: [27]  [ 600/2891]  eta: 0:23:14  lr: 0.0011801321072568893  loss: 0.7115 (0.6851)  time: 0.6020  data: 0.0062  max mem: 2701
Epoch: [27]  [ 700/2891]  eta: 0:22:11  lr: 0.0011669658559214865  loss: 0.7458 (0.6886)  time: 0.6014  data: 0.0065  max mem: 2701
Epoch: [27]  [ 800/2891]  eta: 0:21:09  lr: 0.001153783078149023  loss: 0.6571 (0.6865)  time: 0.6001  data: 0.0062  max mem: 2701
Epoch: [27]  [ 900/2891]  eta: 0:20:07  lr: 0.0011405835428469494  loss: 0.7092 (0.6873)  time: 0.5991  data: 0.0062  max mem: 2701
Epoch: [27]  [1000/2891]  eta: 0:19:05  lr: 0.0011273670126740571  loss: 0.6336 (0.6856)  time: 0.6043  data: 0.0070  max mem: 2701
Epoch: [27]  [1100/2891]  eta: 0:18:04  lr: 0.0011141332437878029  loss: 0.7205 (0.6821)  time: 0.6006  data: 0.0064  max mem: 2701
Epoch: [27]  [1200/2891]  eta: 0:17:03  lr: 0.001100881985577929  loss: 0.6341 (0.6809)  time: 0.5966  data: 0.0058  max mem: 2701
Epoch: [27]  [1300/2891]  eta: 0:16:02  lr: 0.001087612980385471  loss: 0.5915 (0.6792)  time: 0.5941  data: 0.0073  max mem: 2701
Epoch: [27]  [1400/2891]  eta: 0:15:01  lr: 0.0010743259632061074  loss: 0.7098 (0.6798)  time: 0.6021  data: 0.0065  max mem: 2701
Epoch: [27]  [1500/2891]  eta: 0:14:00  lr: 0.00106102066137679  loss: 0.6466 (0.6803)  time: 0.6040  data: 0.0066  max mem: 2701
Epoch: [27]  [1600/2891]  eta: 0:13:00  lr: 0.0010476967942444225  loss: 0.6198 (0.6803)  time: 0.5986  data: 0.0072  max mem: 2701
Epoch: [27]  [1700/2891]  eta: 0:11:59  lr: 0.001034354072815337  loss: 0.6312 (0.6818)  time: 0.6009  data: 0.0066  max mem: 2701
Epoch: [27]  [1800/2891]  eta: 0:10:58  lr: 0.0010209921993841163  loss: 0.6747 (0.6806)  time: 0.6035  data: 0.0068  max mem: 2701
Epoch: [27]  [1900/2891]  eta: 0:09:58  lr: 0.0010076108671402738  loss: 0.5858 (0.6808)  time: 0.6067  data: 0.0069  max mem: 2701
Epoch: [27]  [2000/2891]  eta: 0:08:57  lr: 0.0009942097597510767  loss: 0.6126 (0.6801)  time: 0.5974  data: 0.0068  max mem: 2701
Epoch: [27]  [2100/2891]  eta: 0:07:57  lr: 0.000980788550918731  loss: 0.5794 (0.6787)  time: 0.6051  data: 0.0062  max mem: 2701
Epoch: [27]  [2200/2891]  eta: 0:06:57  lr: 0.000967346903909895  loss: 0.7780 (0.6794)  time: 0.6049  data: 0.0073  max mem: 2701
Epoch: [27]  [2300/2891]  eta: 0:05:56  lr: 0.0009538844710553721  loss: 0.6387 (0.6791)  time: 0.6034  data: 0.0077  max mem: 2701
Epoch: [27]  [2400/2891]  eta: 0:04:56  lr: 0.0009404008932175816  loss: 0.6503 (0.6797)  time: 0.6000  data: 0.0065  max mem: 2701
Epoch: [27]  [2500/2891]  eta: 0:03:55  lr: 0.0009268957992231681  loss: 0.6906 (0.6777)  time: 0.6011  data: 0.0066  max mem: 2701
Epoch: [27]  [2600/2891]  eta: 0:02:55  lr: 0.0009133688052579023  loss: 0.6524 (0.6783)  time: 0.6015  data: 0.0062  max mem: 2701
Epoch: [27]  [2700/2891]  eta: 0:01:55  lr: 0.0008998195142206607  loss: 0.6597 (0.6788)  time: 0.6061  data: 0.0068  max mem: 2701
Epoch: [27]  [2800/2891]  eta: 0:00:54  lr: 0.0008862475150330271  loss: 0.7182 (0.6790)  time: 0.6049  data: 0.0069  max mem: 2701
Epoch: [27] Total time: 0:29:04
Test:  [   0/1250]  eta: 0:46:53    time: 2.2509  data: 2.2282  max mem: 2701
Test:  [ 100/1250]  eta: 0:00:47    time: 0.0178  data: 0.0034  max mem: 2701
Test:  [ 200/1250]  eta: 0:00:30    time: 0.0178  data: 0.0026  max mem: 2701
Test:  [ 300/1250]  eta: 0:00:23    time: 0.0171  data: 0.0029  max mem: 2701
Test:  [ 400/1250]  eta: 0:00:19    time: 0.0174  data: 0.0027  max mem: 2701
Test:  [ 500/1250]  eta: 0:00:16    time: 0.0171  data: 0.0026  max mem: 2701
Test:  [ 600/1250]  eta: 0:00:13    time: 0.0169  data: 0.0026  max mem: 2701
Test:  [ 700/1250]  eta: 0:00:11    time: 0.0164  data: 0.0027  max mem: 2701
Test:  [ 800/1250]  eta: 0:00:09    time: 0.0164  data: 0.0021  max mem: 2701
Test:  [ 900/1250]  eta: 0:00:06    time: 0.0177  data: 0.0032  max mem: 2701
Test:  [1000/1250]  eta: 0:00:04    time: 0.0170  data: 0.0030  max mem: 2701
Test:  [1100/1250]  eta: 0:00:02    time: 0.0173  data: 0.0029  max mem: 2701
Test:  [1200/1250]  eta: 0:00:00    time: 0.0173  data: 0.0028  max mem: 2701
Test: Total time: 0:00:24
global correct: 90.9
average row correct: ['92.9', '85.5', '73.6', '74.8', '63.5', '46.6', '82.6', '70.8', '92.6', '37.9', '85.6', '71.4', '85.1', '82.5', '83.9', '90.8', '53.1', '89.3', '67.9', '85.6', '66.4']
IoU: ['89.6', '69.8', '63.0', '57.9', '48.1', '37.0', '73.5', '53.6', '81.7', '29.4', '72.1', '34.5', '64.7', '68.3', '71.5', '78.4', '33.0', '71.7', '50.2', '75.1', '54.2']
mean IoU: 60.8
Epoch: [28]  [   0/2891]  eta: 4:45:25  lr: 0.0008738769026093723  loss: 0.4618 (0.4618)  time: 5.9238  data: 5.1993  max mem: 2701
Epoch: [28]  [ 100/2891]  eta: 0:30:14  lr: 0.0008602603344942437  loss: 0.6327 (0.6842)  time: 0.6098  data: 0.0071  max mem: 2701
Epoch: [28]  [ 200/2891]  eta: 0:28:07  lr: 0.0008466197753578321  loss: 0.5943 (0.6766)  time: 0.6100  data: 0.0070  max mem: 2701
Epoch: [28]  [ 300/2891]  eta: 0:26:43  lr: 0.0008329547518694529  loss: 0.7139 (0.6679)  time: 0.6017  data: 0.0067  max mem: 2701
Epoch: [28]  [ 400/2891]  eta: 0:25:30  lr: 0.0008192647725436758  loss: 0.6224 (0.6668)  time: 0.6023  data: 0.0065  max mem: 2701
Epoch: [28]  [ 500/2891]  eta: 0:24:23  lr: 0.0008055493266932159  loss: 0.6608 (0.6659)  time: 0.6014  data: 0.0059  max mem: 2701
Epoch: [28]  [ 600/2891]  eta: 0:23:18  lr: 0.0007918078833004523  loss: 0.6106 (0.6662)  time: 0.5992  data: 0.0062  max mem: 2701
Epoch: [28]  [ 700/2891]  eta: 0:22:14  lr: 0.00077803988979951  loss: 0.6172 (0.6689)  time: 0.6035  data: 0.0067  max mem: 2701
Epoch: [28]  [ 800/2891]  eta: 0:21:12  lr: 0.00076424477075996  loss: 0.5586 (0.6661)  time: 0.6056  data: 0.0062  max mem: 2701
Epoch: [28]  [ 900/2891]  eta: 0:20:10  lr: 0.0007504219264620062  loss: 0.6107 (0.6648)  time: 0.6035  data: 0.0067  max mem: 2701
Epoch: [28]  [1000/2891]  eta: 0:19:08  lr: 0.0007365707313518498  loss: 0.5922 (0.6661)  time: 0.5991  data: 0.0060  max mem: 2701
Epoch: [28]  [1100/2891]  eta: 0:18:07  lr: 0.0007226905323643867  loss: 0.6004 (0.6653)  time: 0.6042  data: 0.0065  max mem: 2701
Epoch: [28]  [1200/2891]  eta: 0:17:06  lr: 0.0007087806470987978  loss: 0.6689 (0.6667)  time: 0.6011  data: 0.0075  max mem: 2701
Epoch: [28]  [1300/2891]  eta: 0:16:05  lr: 0.000694840361830616  loss: 0.7193 (0.6681)  time: 0.6009  data: 0.0067  max mem: 2701
Epoch: [28]  [1400/2891]  eta: 0:15:04  lr: 0.0006808689293416148  loss: 0.7037 (0.6686)  time: 0.6022  data: 0.0061  max mem: 2701
Epoch: [28]  [1500/2891]  eta: 0:14:03  lr: 0.0006668655665463119  loss: 0.6774 (0.6693)  time: 0.6008  data: 0.0064  max mem: 2701
Epoch: [28]  [1600/2891]  eta: 0:13:02  lr: 0.0006528294518907742  loss: 0.7067 (0.6714)  time: 0.6025  data: 0.0069  max mem: 2701
Epoch: [28]  [1700/2891]  eta: 0:12:01  lr: 0.0006387597224959462  loss: 0.5980 (0.6716)  time: 0.6033  data: 0.0066  max mem: 2701
Epoch: [28]  [1800/2891]  eta: 0:11:00  lr: 0.0006246554710134743  loss: 0.6437 (0.6714)  time: 0.6030  data: 0.0071  max mem: 2701
Epoch: [28]  [1900/2891]  eta: 0:10:00  lr: 0.0006105157421571717  loss: 0.6432 (0.6711)  time: 0.6066  data: 0.0061  max mem: 2701
Epoch: [28]  [2000/2891]  eta: 0:08:59  lr: 0.0005963395288673752  loss: 0.6198 (0.6696)  time: 0.5993  data: 0.0069  max mem: 2701
Epoch: [28]  [2100/2891]  eta: 0:07:58  lr: 0.0005821257680586238  loss: 0.6268 (0.6691)  time: 0.6059  data: 0.0067  max mem: 2701
Epoch: [28]  [2200/2891]  eta: 0:06:58  lr: 0.0005678733358927658  loss: 0.6322 (0.6705)  time: 0.6053  data: 0.0066  max mem: 2701
Epoch: [28]  [2300/2891]  eta: 0:05:57  lr: 0.0005535810425098119  loss: 0.7499 (0.6703)  time: 0.6042  data: 0.0063  max mem: 2701
Epoch: [28]  [2400/2891]  eta: 0:04:57  lr: 0.0005392476261368667  loss: 0.6161 (0.6715)  time: 0.6022  data: 0.0063  max mem: 2701
Epoch: [28]  [2500/2891]  eta: 0:03:56  lr: 0.0005248717464811548  loss: 0.7326 (0.6719)  time: 0.6013  data: 0.0078  max mem: 2701
Epoch: [28]  [2600/2891]  eta: 0:02:56  lr: 0.000510451977295577  loss: 0.6490 (0.6716)  time: 0.6047  data: 0.0067  max mem: 2701
Epoch: [28]  [2700/2891]  eta: 0:01:55  lr: 0.0004959867979837939  loss: 0.7011 (0.6726)  time: 0.6070  data: 0.0063  max mem: 2701
Epoch: [28]  [2800/2891]  eta: 0:00:55  lr: 0.00048147458408547374  loss: 0.6640 (0.6721)  time: 0.6038  data: 0.0071  max mem: 2701
Epoch: [28] Total time: 0:29:08
Test:  [   0/1250]  eta: 0:49:57    time: 2.3983  data: 2.3509  max mem: 2701
Test:  [ 100/1250]  eta: 0:00:48    time: 0.0174  data: 0.0026  max mem: 2701
Test:  [ 200/1250]  eta: 0:00:31    time: 0.0169  data: 0.0026  max mem: 2701
Test:  [ 300/1250]  eta: 0:00:24    time: 0.0161  data: 0.0022  max mem: 2701
Test:  [ 400/1250]  eta: 0:00:19    time: 0.0166  data: 0.0027  max mem: 2701
Test:  [ 500/1250]  eta: 0:00:16    time: 0.0173  data: 0.0025  max mem: 2701
Test:  [ 600/1250]  eta: 0:00:13    time: 0.0169  data: 0.0025  max mem: 2701
Test:  [ 700/1250]  eta: 0:00:11    time: 0.0162  data: 0.0025  max mem: 2701
Test:  [ 800/1250]  eta: 0:00:09    time: 0.0168  data: 0.0021  max mem: 2701
Test:  [ 900/1250]  eta: 0:00:07    time: 0.0179  data: 0.0031  max mem: 2701
Test:  [1000/1250]  eta: 0:00:04    time: 0.0164  data: 0.0025  max mem: 2701
Test:  [1100/1250]  eta: 0:00:02    time: 0.0173  data: 0.0026  max mem: 2701
Test:  [1200/1250]  eta: 0:00:00    time: 0.0177  data: 0.0029  max mem: 2701
Test: Total time: 0:00:24
global correct: 91.0
average row correct: ['93.4', '85.1', '76.3', '73.2', '67.6', '45.0', '83.7', '69.8', '92.9', '39.0', '83.4', '67.5', '85.1', '82.1', '83.2', '89.9', '50.7', '90.4', '68.8', '85.8', '64.0']
IoU: ['89.8', '69.0', '62.0', '58.2', '49.2', '36.4', '74.0', '54.1', '81.2', '30.0', '70.3', '33.8', '65.3', '68.2', '72.2', '78.9', '33.0', '68.3', '49.0', '75.0', '55.0']
mean IoU: 60.6
Epoch: [29]  [   0/2891]  eta: 4:36:57  lr: 0.0004682261303177929  loss: 0.6760 (0.6760)  time: 5.7480  data: 4.5941  max mem: 2701
Epoch: [29]  [ 100/2891]  eta: 0:30:02  lr: 0.0004536191403215613  loss: 0.6076 (0.6511)  time: 0.6042  data: 0.0064  max mem: 2701
Epoch: [29]  [ 200/2891]  eta: 0:28:02  lr: 0.00043895968976561637  loss: 0.6507 (0.6561)  time: 0.6032  data: 0.0062  max mem: 2701
Epoch: [29]  [ 300/2891]  eta: 0:26:40  lr: 0.0004242456284552447  loss: 0.5703 (0.6459)  time: 0.6045  data: 0.0071  max mem: 2701
Epoch: [29]  [ 400/2891]  eta: 0:25:29  lr: 0.0004094746313948522  loss: 0.6946 (0.6584)  time: 0.6039  data: 0.0064  max mem: 2701
Epoch: [29]  [ 500/2891]  eta: 0:24:23  lr: 0.0003946441769601566  loss: 0.5318 (0.6582)  time: 0.6016  data: 0.0068  max mem: 2701
Epoch: [29]  [ 600/2891]  eta: 0:23:17  lr: 0.00037975152131310705  loss: 0.5901 (0.6545)  time: 0.5976  data: 0.0062  max mem: 2701
Epoch: [29]  [ 700/2891]  eta: 0:22:13  lr: 0.0003647936682194702  loss: 0.5887 (0.6576)  time: 0.6030  data: 0.0067  max mem: 2701
Epoch: [29]  [ 800/2891]  eta: 0:21:11  lr: 0.00034976733319411565  loss: 0.7923 (0.6550)  time: 0.6025  data: 0.0073  max mem: 2701
Epoch: [29]  [ 900/2891]  eta: 0:20:09  lr: 0.00033466890058371024  loss: 0.5792 (0.6578)  time: 0.6029  data: 0.0058  max mem: 2701
Epoch: [29]  [1000/2891]  eta: 0:19:07  lr: 0.0003194943717683289  loss: 0.6998 (0.6623)  time: 0.6014  data: 0.0072  max mem: 2701
Epoch: [29]  [1100/2891]  eta: 0:18:06  lr: 0.00030423930207328076  loss: 0.6120 (0.6680)  time: 0.6057  data: 0.0075  max mem: 2701
Epoch: [29]  [1200/2891]  eta: 0:17:04  lr: 0.00028889872315690816  loss: 0.6097 (0.6703)  time: 0.5987  data: 0.0070  max mem: 2701
Epoch: [29]  [1300/2891]  eta: 0:16:03  lr: 0.0002734670464651673  loss: 0.6815 (0.6687)  time: 0.5942  data: 0.0063  max mem: 2701
Epoch: [29]  [1400/2891]  eta: 0:15:02  lr: 0.0002579379416405231  loss: 0.6614 (0.6680)  time: 0.6067  data: 0.0073  max mem: 2701
Epoch: [29]  [1500/2891]  eta: 0:14:01  lr: 0.00024230418125096984  loss: 0.6468 (0.6674)  time: 0.6057  data: 0.0067  max mem: 2701
Epoch: [29]  [1600/2891]  eta: 0:13:00  lr: 0.00022655743938357995  loss: 0.5434 (0.6686)  time: 0.6015  data: 0.0067  max mem: 2701
Epoch: [29]  [1700/2891]  eta: 0:12:00  lr: 0.00021068802570099968  loss: 0.6594 (0.6686)  time: 0.6034  data: 0.0063  max mem: 2701
Epoch: [29]  [1800/2891]  eta: 0:10:59  lr: 0.00019468452702476932  loss: 0.5616 (0.6669)  time: 0.6023  data: 0.0067  max mem: 2701
Epoch: [29]  [1900/2891]  eta: 0:09:59  lr: 0.0001785333126828119  loss: 0.6600 (0.6667)  time: 0.6026  data: 0.0065  max mem: 2701
Epoch: [29]  [2000/2891]  eta: 0:08:58  lr: 0.00016221783250820268  loss: 0.5949 (0.6665)  time: 0.6022  data: 0.0063  max mem: 2701
Epoch: [29]  [2100/2891]  eta: 0:07:58  lr: 0.00014571758681519769  loss: 0.6913 (0.6658)  time: 0.6083  data: 0.0074  max mem: 2701
Epoch: [29]  [2200/2891]  eta: 0:06:57  lr: 0.0001290065526099634  loss: 0.6502 (0.6656)  time: 0.6007  data: 0.0071  max mem: 2701
Epoch: [29]  [2300/2891]  eta: 0:05:57  lr: 0.00011205065478047368  loss: 0.5363 (0.6646)  time: 0.6089  data: 0.0080  max mem: 2701
Epoch: [29]  [2400/2891]  eta: 0:04:56  lr: 9.480343214432895e-05  loss: 0.6497 (0.6647)  time: 0.6048  data: 0.0073  max mem: 2701
Epoch: [29]  [2500/2891]  eta: 0:03:56  lr: 7.719794410229633e-05  loss: 0.7110 (0.6644)  time: 0.6004  data: 0.0067  max mem: 2701
Epoch: [29]  [2600/2891]  eta: 0:02:55  lr: 5.91297150836846e-05  loss: 0.6473 (0.6638)  time: 0.6010  data: 0.0070  max mem: 2701
Epoch: [29]  [2700/2891]  eta: 0:01:55  lr: 4.041344091734534e-05  loss: 0.6801 (0.6638)  time: 0.6043  data: 0.0076  max mem: 2701
Epoch: [29]  [2800/2891]  eta: 0:00:54  lr: 2.062841437476594e-05  loss: 0.6306 (0.6631)  time: 0.5976  data: 0.0072  max mem: 2701
Epoch: [29] Total time: 0:29:07
Test:  [   0/1250]  eta: 0:49:08    time: 2.3590  data: 2.3322  max mem: 2701
Test:  [ 100/1250]  eta: 0:00:49    time: 0.0189  data: 0.0029  max mem: 2701
Test:  [ 200/1250]  eta: 0:00:31    time: 0.0174  data: 0.0026  max mem: 2701
Test:  [ 300/1250]  eta: 0:00:24    time: 0.0172  data: 0.0026  max mem: 2701
Test:  [ 400/1250]  eta: 0:00:20    time: 0.0169  data: 0.0028  max mem: 2701
Test:  [ 500/1250]  eta: 0:00:16    time: 0.0176  data: 0.0028  max mem: 2701
Test:  [ 600/1250]  eta: 0:00:14    time: 0.0171  data: 0.0029  max mem: 2701
Test:  [ 700/1250]  eta: 0:00:11    time: 0.0158  data: 0.0024  max mem: 2701
Test:  [ 800/1250]  eta: 0:00:09    time: 0.0168  data: 0.0023  max mem: 2701
Test:  [ 900/1250]  eta: 0:00:07    time: 0.0176  data: 0.0030  max mem: 2701
Test:  [1000/1250]  eta: 0:00:05    time: 0.0190  data: 0.0036  max mem: 2701
Test:  [1100/1250]  eta: 0:00:02    time: 0.0177  data: 0.0031  max mem: 2701
Test:  [1200/1250]  eta: 0:00:00    time: 0.0185  data: 0.0034  max mem: 2701
Test: Total time: 0:00:24
global correct: 90.9
average row correct: ['93.1', '85.0', '75.3', '73.4', '66.6', '45.3', '84.2', '69.2', '92.7', '40.6', '82.7', '71.3', '85.0', '81.8', '84.0', '90.1', '52.9', '88.9', '67.8', '86.3', '67.5']
IoU: ['89.7', '70.2', '63.1', '58.3', '47.9', '37.1', '74.6', '54.2', '81.5', '30.5', '69.7', '34.5', '65.6', '67.2', '72.0', '78.9', '31.8', '70.8', '49.7', '75.0', '54.8']
mean IoU: 60.8
Training time 1:57:55
