loading annotations into memory...loading annotations into memory...
loading annotations into memory...

loading annotations into memory...
Done (t=0.72s)
creating index...
Done (t=0.72s)
creating index...
Done (t=0.73s)
creating index...
Done (t=0.77s)
creating index...
index created!
index created!
index created!
index created!

writing results to ./work_dirs/retinanet-lite_regnet_fpn_bgr/result.pkl
loading annotations into memory...
Done (t=0.55s)
creating index...
index created!
loading annotations into memory...
loading annotations into memory...
loading annotations into memory...
Done (t=0.66s)
creating index...
Done (t=0.67s)
creating index...
index created!
index created!
Done (t=0.75s)
creating index...
index created!

writing results to ./work_dirs/retinanet-lite_regnet_fpn_bgr/result.pkl

Evaluating bbox...
Loading and preparing results...
DONE (t=4.42s)
creating index...
index created!
Running per image evaluation...
Evaluate annotation type *bbox*
DONE (t=57.67s).
Accumulating evaluation results...
DONE (t=15.65s).
Average Precision  (AP) @[ IoU=0.50:0.95 | area=   all | maxDets=100 ] = 0.330
Average Precision  (AP) @[ IoU=0.50      | area=   all | maxDets=1000 ] = 0.508
Average Precision  (AP) @[ IoU=0.75      | area=   all | maxDets=1000 ] = 0.350
Average Precision  (AP) @[ IoU=0.50:0.95 | area= small | maxDets=1000 ] = 0.162
Average Precision  (AP) @[ IoU=0.50:0.95 | area=medium | maxDets=1000 ] = 0.373
Average Precision  (AP) @[ IoU=0.50:0.95 | area= large | maxDets=1000 ] = 0.484
Average Recall     (AR) @[ IoU=0.50:0.95 | area=   all | maxDets=100 ] = 0.503
Average Recall     (AR) @[ IoU=0.50:0.95 | area=   all | maxDets=300 ] = 0.503
Average Recall     (AR) @[ IoU=0.50:0.95 | area=   all | maxDets=1000 ] = 0.503
Average Recall     (AR) @[ IoU=0.50:0.95 | area= small | maxDets=1000 ] = 0.274
Average Recall     (AR) @[ IoU=0.50:0.95 | area=medium | maxDets=1000 ] = 0.566
Average Recall     (AR) @[ IoU=0.50:0.95 | area= large | maxDets=1000 ] = 0.694
{'bbox_mAP': 0.33, 'bbox_mAP_50': 0.508, 'bbox_mAP_75': 0.35, 'bbox_mAP_s': 0.162, 'bbox_mAP_m': 0.373, 'bbox_mAP_l': 0.484, 'bbox_mAP_copypaste': '0.330 0.508 0.350 0.162 0.373 0.484'}
