loading annotations into memory...
loading annotations into memory...
loading annotations into memory...
loading annotations into memory...
Done (t=0.50s)
creating index...
Done (t=0.50s)
creating index...
Done (t=0.51s)
creating index...
Done (t=0.52s)
creating index...
index created!
index created!
index created!
index created!

writing results to ./work_dirs/ssd-lite_mobilenet_fpn/result.pkl

Evaluating bbox...
Loading and preparing results...
DONE (t=6.63s)
creating index...
index created!
Running per image evaluation...
Evaluate annotation type *bbox*
DONE (t=68.47s).
Accumulating evaluation results...
DONE (t=18.33s).
Average Precision  (AP) @[ IoU=0.50:0.95 | area=   all | maxDets=100 ] = 0.272
Average Precision  (AP) @[ IoU=0.50      | area=   all | maxDets=1000 ] = 0.457
Average Precision  (AP) @[ IoU=0.75      | area=   all | maxDets=1000 ] = 0.275
Average Precision  (AP) @[ IoU=0.50:0.95 | area= small | maxDets=1000 ] = 0.111
Average Precision  (AP) @[ IoU=0.50:0.95 | area=medium | maxDets=1000 ] = 0.274
Average Precision  (AP) @[ IoU=0.50:0.95 | area= large | maxDets=1000 ] = 0.445
Average Recall     (AR) @[ IoU=0.50:0.95 | area=   all | maxDets=100 ] = 0.404
Average Recall     (AR) @[ IoU=0.50:0.95 | area=   all | maxDets=300 ] = 0.406
Average Recall     (AR) @[ IoU=0.50:0.95 | area=   all | maxDets=1000 ] = 0.406
Average Recall     (AR) @[ IoU=0.50:0.95 | area= small | maxDets=1000 ] = 0.192
Average Recall     (AR) @[ IoU=0.50:0.95 | area=medium | maxDets=1000 ] = 0.422
Average Recall     (AR) @[ IoU=0.50:0.95 | area= large | maxDets=1000 ] = 0.605
{'bbox_mAP': 0.272, 'bbox_mAP_50': 0.457, 'bbox_mAP_75': 0.275, 'bbox_mAP_s': 0.111, 'bbox_mAP_m': 0.274, 'bbox_mAP_l': 0.445, 'bbox_mAP_copypaste': '0.272 0.457 0.275 0.111 0.274 0.445'}
