loading annotations into memory...
loading annotations into memory...
loading annotations into memory...
loading annotations into memory...
Done (t=0.60s)
creating index...
index created!
Done (t=0.61s)
creating index...
Done (t=0.62s)
creating index...
index created!
index created!
Done (t=0.67s)
creating index...
index created!

writing results to ./work_dirs/ssd-lite_regnet_fpn_bgr/result.pkl

Evaluating bbox...
Loading and preparing results...
DONE (t=6.57s)
creating index...
index created!
Running per image evaluation...
Evaluate annotation type *bbox*
DONE (t=88.59s).
Accumulating evaluation results...
DONE (t=21.69s).
Average Precision  (AP) @[ IoU=0.50:0.95 | area=   all | maxDets=100 ] = 0.328
Average Precision  (AP) @[ IoU=0.50      | area=   all | maxDets=1000 ] = 0.528
Average Precision  (AP) @[ IoU=0.75      | area=   all | maxDets=1000 ] = 0.339
Average Precision  (AP) @[ IoU=0.50:0.95 | area= small | maxDets=1000 ] = 0.150
Average Precision  (AP) @[ IoU=0.50:0.95 | area=medium | maxDets=1000 ] = 0.346
Average Precision  (AP) @[ IoU=0.50:0.95 | area= large | maxDets=1000 ] = 0.520
Average Recall     (AR) @[ IoU=0.50:0.95 | area=   all | maxDets=100 ] = 0.461
Average Recall     (AR) @[ IoU=0.50:0.95 | area=   all | maxDets=300 ] = 0.462
Average Recall     (AR) @[ IoU=0.50:0.95 | area=   all | maxDets=1000 ] = 0.462
Average Recall     (AR) @[ IoU=0.50:0.95 | area= small | maxDets=1000 ] = 0.247
Average Recall     (AR) @[ IoU=0.50:0.95 | area=medium | maxDets=1000 ] = 0.490
Average Recall     (AR) @[ IoU=0.50:0.95 | area= large | maxDets=1000 ] = 0.653
{'bbox_mAP': 0.328, 'bbox_mAP_50': 0.528, 'bbox_mAP_75': 0.339, 'bbox_mAP_s': 0.15, 'bbox_mAP_m': 0.346, 'bbox_mAP_l': 0.52, 'bbox_mAP_copypaste': '0.328 0.528 0.339 0.150 0.346 0.520'}
